{"/Users/mrjames/Desktop/athletenarrative/web/web-app/components/Button.tsx": {"path":"/Users/mrjames/Desktop/athletenarrative/web/web-app/components/Button.tsx","statementMap":{"0":{"start":{"line":9,"column":0},"end":{"line":9,"column":16}},"1":{"start":{"line":3,"column":0},"end":{"line":3,"column":80}},"2":{"start":{"line":10,"column":2},"end":{"line":10,"column":50}}},"fnMap":{"0":{"name":"Button","decl":{"start":{"line":9,"column":16},"end":{"line":9,"column":22}},"loc":{"start":{"line":9,"column":48},"end":{"line":11,"column":1}}}},"branchMap":{},"s":{"0":0,"1":0,"2":0},"f":{"0":0},"b":{}}
,"/Users/mrjames/Desktop/athletenarrative/web/web-app/config/index.ts": {"path":"/Users/mrjames/Desktop/athletenarrative/web/web-app/config/index.ts","statementMap":{"0":{"start":{"line":26,"column":0},"end":{"line":26,"column":16}},"1":{"start":{"line":34,"column":0},"end":{"line":34,"column":16}},"2":{"start":{"line":23,"column":48},"end":{"line":23,"column":52}},"3":{"start":{"line":24,"column":50},"end":{"line":24,"column":54}},"4":{"start":{"line":27,"column":2},"end":{"line":27,"column":54}},"5":{"start":{"line":27,"column":27},"end":{"line":27,"column":54}},"6":{"start":{"line":29,"column":21},"end":{"line":29,"column":86}},"7":{"start":{"line":30,"column":2},"end":{"line":30,"column":39}},"8":{"start":{"line":31,"column":2},"end":{"line":31,"column":29}},"9":{"start":{"line":35,"column":2},"end":{"line":35,"column":56}},"10":{"start":{"line":35,"column":28},"end":{"line":35,"column":56}},"11":{"start":{"line":36,"column":2},"end":{"line":67,"column":4}},"12":{"start":{"line":68,"column":2},"end":{"line":68,"column":30}}},"fnMap":{"0":{"name":"getServiceConfig","decl":{"start":{"line":26,"column":16},"end":{"line":26,"column":32}},"loc":{"start":{"line":26,"column":32},"end":{"line":32,"column":1}}},"1":{"name":"getTenantRegistry","decl":{"start":{"line":34,"column":16},"end":{"line":34,"column":33}},"loc":{"start":{"line":34,"column":33},"end":{"line":69,"column":1}}}},"branchMap":{"0":{"loc":{"start":{"line":27,"column":2},"end":{"line":27,"column":54}},"type":"if","locations":[{"start":{"line":27,"column":2},"end":{"line":27,"column":54}}]},"1":{"loc":{"start":{"line":29,"column":21},"end":{"line":29,"column":86}},"type":"binary-expr","locations":[{"start":{"line":29,"column":21},"end":{"line":29,"column":57}},{"start":{"line":29,"column":61},"end":{"line":29,"column":86}}]},"2":{"loc":{"start":{"line":35,"column":2},"end":{"line":35,"column":56}},"type":"if","locations":[{"start":{"line":35,"column":2},"end":{"line":35,"column":56}}]}},"s":{"0":0,"1":0,"2":0,"3":0,"4":0,"5":0,"6":0,"7":0,"8":0,"9":0,"10":0,"11":0,"12":0},"f":{"0":0,"1":0},"b":{"0":[0],"1":[0,0],"2":[0]}}
,"/Users/mrjames/Desktop/athletenarrative/web/web-app/features/agencies/AgencyWizard.tsx": {"path":"/Users/mrjames/Desktop/athletenarrative/web/web-app/features/agencies/AgencyWizard.tsx","statementMap":{"0":{"start":{"line":118,"column":0},"end":{"line":118,"column":16}},"1":{"start":{"line":2,"column":0},"end":{"line":2,"column":26}},"2":{"start":{"line":3,"column":0},"end":{"line":3,"column":136}},"3":{"start":{"line":4,"column":0},"end":{"line":4,"column":66}},"4":{"start":{"line":5,"column":0},"end":{"line":5,"column":51}},"5":{"start":{"line":6,"column":0},"end":{"line":6,"column":44}},"6":{"start":{"line":8,"column":14},"end":{"line":8,"column":71}},"7":{"start":{"line":11,"column":14},"end":{"line":11,"column":67}},"8":{"start":{"line":11,"column":37},"end":{"line":11,"column":67}},"9":{"start":{"line":12,"column":2},"end":{"line":18,"column":4}},"10":{"start":{"line":14,"column":126},"end":{"line":14,"column":154}},"11":{"start":{"line":15,"column":151},"end":{"line":15,"column":182}},"12":{"start":{"line":16,"column":123},"end":{"line":16,"column":150}},"13":{"start":{"line":22,"column":14},"end":{"line":22,"column":67}},"14":{"start":{"line":22,"column":37},"end":{"line":22,"column":67}},"15":{"start":{"line":23,"column":20},"end":{"line":23,"column":89}},"16":{"start":{"line":24,"column":2},"end":{"line":34,"column":4}},"17":{"start":{"line":26,"column":138},"end":{"line":26,"column":175}},"18":{"start":{"line":27,"column":135},"end":{"line":27,"column":171}},"19":{"start":{"line":28,"column":129},"end":{"line":28,"column":162}},"20":{"start":{"line":29,"column":136},"end":{"line":29,"column":169}},"21":{"start":{"line":38,"column":14},"end":{"line":38,"column":67}},"22":{"start":{"line":38,"column":37},"end":{"line":38,"column":67}},"23":{"start":{"line":39,"column":25},"end":{"line":45,"column":null}},"24":{"start":{"line":40,"column":4},"end":{"line":45,"column":6}},"25":{"start":{"line":47,"column":16},"end":{"line":55,"column":null}},"26":{"start":{"line":49,"column":6},"end":{"line":54,"column":8}},"27":{"start":{"line":57,"column":21},"end":{"line":65,"column":3}},"28":{"start":{"line":58,"column":4},"end":{"line":61,"column":5}},"29":{"start":{"line":59,"column":6},"end":{"line":59,"column":70}},"30":{"start":{"line":60,"column":6},"end":{"line":60,"column":13}},"31":{"start":{"line":62,"column":19},"end":{"line":62,"column":35}},"32":{"start":{"line":63,"column":4},"end":{"line":63,"column":109}},"33":{"start":{"line":63,"column":26},"end":{"line":63,"column":108}},"34":{"start":{"line":64,"column":4},"end":{"line":64,"column":31}},"35":{"start":{"line":66,"column":2},"end":{"line":115,"column":4}},"36":{"start":{"line":89,"column":24},"end":{"line":89,"column":100}},"37":{"start":{"line":96,"column":24},"end":{"line":96,"column":102}},"38":{"start":{"line":102,"column":68},"end":{"line":102,"column":107}},"39":{"start":{"line":111,"column":80},"end":{"line":111,"column":128}},"40":{"start":{"line":119,"column":17},"end":{"line":119,"column":28}},"41":{"start":{"line":120,"column":38},"end":{"line":120,"column":55}},"42":{"start":{"line":121,"column":26},"end":{"line":121,"column":104}},"43":{"start":{"line":122,"column":17},"end":{"line":122,"column":48}},"44":{"start":{"line":124,"column":21},"end":{"line":131,"column":3}},"45":{"start":{"line":125,"column":4},"end":{"line":129,"column":5}},"46":{"start":{"line":126,"column":21},"end":{"line":126,"column":52}},"47":{"start":{"line":127,"column":6},"end":{"line":127,"column":31}},"48":{"start":{"line":128,"column":6},"end":{"line":128,"column":13}},"49":{"start":{"line":130,"column":4},"end":{"line":130,"column":32}},"50":{"start":{"line":130,"column":25},"end":{"line":130,"column":30}},"51":{"start":{"line":132,"column":21},"end":{"line":132,"column":66}},"52":{"start":{"line":132,"column":27},"end":{"line":132,"column":66}},"53":{"start":{"line":132,"column":47},"end":{"line":132,"column":65}},"54":{"start":{"line":134,"column":2},"end":{"line":192,"column":4}},"55":{"start":{"line":138,"column":10},"end":{"line":138,"column":null}}},"fnMap":{"0":{"name":"BasicInfoStep","decl":{"start":{"line":10,"column":9},"end":{"line":10,"column":22}},"loc":{"start":{"line":10,"column":118},"end":{"line":19,"column":1}}},"1":{"name":"(anonymous_2)","decl":{"start":{"line":11,"column":14},"end":{"line":11,"column":15}},"loc":{"start":{"line":11,"column":37},"end":{"line":11,"column":67}}},"2":{"name":"(anonymous_3)","decl":{"start":{"line":14,"column":121},"end":{"line":14,"column":122}},"loc":{"start":{"line":14,"column":126},"end":{"line":14,"column":154}}},"3":{"name":"(anonymous_4)","decl":{"start":{"line":15,"column":146},"end":{"line":15,"column":147}},"loc":{"start":{"line":15,"column":151},"end":{"line":15,"column":182}}},"4":{"name":"(anonymous_5)","decl":{"start":{"line":16,"column":118},"end":{"line":16,"column":119}},"loc":{"start":{"line":16,"column":123},"end":{"line":16,"column":150}}},"5":{"name":"OwnerInfoStep","decl":{"start":{"line":21,"column":9},"end":{"line":21,"column":22}},"loc":{"start":{"line":21,"column":118},"end":{"line":35,"column":1}}},"6":{"name":"(anonymous_7)","decl":{"start":{"line":22,"column":14},"end":{"line":22,"column":15}},"loc":{"start":{"line":22,"column":37},"end":{"line":22,"column":67}}},"7":{"name":"(anonymous_8)","decl":{"start":{"line":26,"column":133},"end":{"line":26,"column":134}},"loc":{"start":{"line":26,"column":138},"end":{"line":26,"column":175}}},"8":{"name":"(anonymous_9)","decl":{"start":{"line":27,"column":130},"end":{"line":27,"column":131}},"loc":{"start":{"line":27,"column":135},"end":{"line":27,"column":171}}},"9":{"name":"(anonymous_10)","decl":{"start":{"line":28,"column":124},"end":{"line":28,"column":125}},"loc":{"start":{"line":28,"column":129},"end":{"line":28,"column":162}}},"10":{"name":"(anonymous_11)","decl":{"start":{"line":29,"column":131},"end":{"line":29,"column":132}},"loc":{"start":{"line":29,"column":136},"end":{"line":29,"column":169}}},"11":{"name":"SystemSettingsStep","decl":{"start":{"line":37,"column":9},"end":{"line":37,"column":27}},"loc":{"start":{"line":37,"column":123},"end":{"line":116,"column":1}}},"12":{"name":"(anonymous_13)","decl":{"start":{"line":38,"column":14},"end":{"line":38,"column":15}},"loc":{"start":{"line":38,"column":37},"end":{"line":38,"column":67}}},"13":{"name":"(anonymous_14)","decl":{"start":{"line":39,"column":40},"end":{"line":39,"column":43}},"loc":{"start":{"line":40,"column":4},"end":{"line":45,"column":6}}},"14":{"name":"(anonymous_15)","decl":{"start":{"line":48,"column":4},"end":{"line":48,"column":7}},"loc":{"start":{"line":49,"column":6},"end":{"line":54,"column":8}}},"15":{"name":"(anonymous_16)","decl":{"start":{"line":57,"column":21},"end":{"line":57,"column":22}},"loc":{"start":{"line":57,"column":44},"end":{"line":65,"column":3}}},"16":{"name":"(anonymous_17)","decl":{"start":{"line":63,"column":20},"end":{"line":63,"column":23}},"loc":{"start":{"line":63,"column":26},"end":{"line":63,"column":108}}},"17":{"name":"(anonymous_18)","decl":{"start":{"line":89,"column":18},"end":{"line":89,"column":19}},"loc":{"start":{"line":89,"column":24},"end":{"line":89,"column":100}}},"18":{"name":"(anonymous_19)","decl":{"start":{"line":96,"column":18},"end":{"line":96,"column":19}},"loc":{"start":{"line":96,"column":24},"end":{"line":96,"column":102}}},"19":{"name":"(anonymous_20)","decl":{"start":{"line":102,"column":63},"end":{"line":102,"column":64}},"loc":{"start":{"line":102,"column":68},"end":{"line":102,"column":107}}},"20":{"name":"(anonymous_21)","decl":{"start":{"line":111,"column":75},"end":{"line":111,"column":76}},"loc":{"start":{"line":111,"column":80},"end":{"line":111,"column":128}}},"21":{"name":"AgencyWizard","decl":{"start":{"line":118,"column":16},"end":{"line":118,"column":28}},"loc":{"start":{"line":118,"column":28},"end":{"line":193,"column":1}}},"22":{"name":"(anonymous_23)","decl":{"start":{"line":124,"column":21},"end":{"line":124,"column":26}},"loc":{"start":{"line":124,"column":32},"end":{"line":131,"column":3}}},"23":{"name":"(anonymous_24)","decl":{"start":{"line":130,"column":18},"end":{"line":130,"column":19}},"loc":{"start":{"line":130,"column":25},"end":{"line":130,"column":30}}},"24":{"name":"(anonymous_25)","decl":{"start":{"line":132,"column":21},"end":{"line":132,"column":24}},"loc":{"start":{"line":132,"column":27},"end":{"line":132,"column":66}}},"25":{"name":"(anonymous_26)","decl":{"start":{"line":132,"column":41},"end":{"line":132,"column":42}},"loc":{"start":{"line":132,"column":47},"end":{"line":132,"column":65}}},"26":{"name":"(anonymous_27)","decl":{"start":{"line":137,"column":19},"end":{"line":137,"column":20}},"loc":{"start":{"line":138,"column":10},"end":{"line":138,"column":null}}}},"branchMap":{"0":{"loc":{"start":{"line":14,"column":92},"end":{"line":14,"column":109}},"type":"binary-expr","locations":[{"start":{"line":14,"column":92},"end":{"line":14,"column":103}},{"start":{"line":14,"column":107},"end":{"line":14,"column":109}}]},"1":{"loc":{"start":{"line":15,"column":114},"end":{"line":15,"column":134}},"type":"binary-expr","locations":[{"start":{"line":15,"column":114},"end":{"line":15,"column":128}},{"start":{"line":15,"column":132},"end":{"line":15,"column":134}}]},"2":{"loc":{"start":{"line":16,"column":90},"end":{"line":16,"column":106}},"type":"binary-expr","locations":[{"start":{"line":16,"column":90},"end":{"line":16,"column":100}},{"start":{"line":16,"column":104},"end":{"line":16,"column":106}}]},"3":{"loc":{"start":{"line":26,"column":95},"end":{"line":26,"column":121}},"type":"binary-expr","locations":[{"start":{"line":26,"column":95},"end":{"line":26,"column":115}},{"start":{"line":26,"column":119},"end":{"line":26,"column":121}}]},"4":{"loc":{"start":{"line":27,"column":93},"end":{"line":27,"column":118}},"type":"binary-expr","locations":[{"start":{"line":27,"column":93},"end":{"line":27,"column":112}},{"start":{"line":27,"column":116},"end":{"line":27,"column":118}}]},"5":{"loc":{"start":{"line":28,"column":90},"end":{"line":28,"column":112}},"type":"binary-expr","locations":[{"start":{"line":28,"column":90},"end":{"line":28,"column":106}},{"start":{"line":28,"column":110},"end":{"line":28,"column":112}}]},"6":{"loc":{"start":{"line":29,"column":97},"end":{"line":29,"column":119}},"type":"binary-expr","locations":[{"start":{"line":29,"column":97},"end":{"line":29,"column":113}},{"start":{"line":29,"column":117},"end":{"line":29,"column":119}}]},"7":{"loc":{"start":{"line":31,"column":72},"end":{"line":31,"column":88}},"type":"binary-expr","locations":[{"start":{"line":31,"column":72},"end":{"line":31,"column":81}},{"start":{"line":31,"column":85},"end":{"line":31,"column":88}}]},"8":{"loc":{"start":{"line":42,"column":25},"end":{"line":42,"column":66}},"type":"binary-expr","locations":[{"start":{"line":42,"column":25},"end":{"line":42,"column":53}},{"start":{"line":42,"column":57},"end":{"line":42,"column":66}}]},"9":{"loc":{"start":{"line":43,"column":27},"end":{"line":43,"column":70}},"type":"binary-expr","locations":[{"start":{"line":43,"column":27},"end":{"line":43,"column":57}},{"start":{"line":43,"column":61},"end":{"line":43,"column":70}}]},"10":{"loc":{"start":{"line":51,"column":27},"end":{"line":51,"column":68}},"type":"binary-expr","locations":[{"start":{"line":51,"column":27},"end":{"line":51,"column":55}},{"start":{"line":51,"column":59},"end":{"line":51,"column":68}}]},"11":{"loc":{"start":{"line":52,"column":29},"end":{"line":52,"column":72}},"type":"binary-expr","locations":[{"start":{"line":52,"column":29},"end":{"line":52,"column":59}},{"start":{"line":52,"column":63},"end":{"line":52,"column":72}}]},"12":{"loc":{"start":{"line":58,"column":4},"end":{"line":61,"column":5}},"type":"if","locations":[{"start":{"line":58,"column":4},"end":{"line":61,"column":5}}]},"13":{"loc":{"start":{"line":59,"column":28},"end":{"line":59,"column":48}},"type":"binary-expr","locations":[{"start":{"line":59,"column":28},"end":{"line":59,"column":42}},{"start":{"line":59,"column":46},"end":{"line":59,"column":48}}]},"14":{"loc":{"start":{"line":63,"column":48},"end":{"line":63,"column":68}},"type":"binary-expr","locations":[{"start":{"line":63,"column":48},"end":{"line":63,"column":62}},{"start":{"line":63,"column":66},"end":{"line":63,"column":68}}]},"15":{"loc":{"start":{"line":79,"column":26},"end":{"line":79,"column":67}},"type":"binary-expr","locations":[{"start":{"line":79,"column":26},"end":{"line":79,"column":54}},{"start":{"line":79,"column":58},"end":{"line":79,"column":67}}]},"16":{"loc":{"start":{"line":82,"column":36},"end":{"line":82,"column":79}},"type":"binary-expr","locations":[{"start":{"line":82,"column":36},"end":{"line":82,"column":66}},{"start":{"line":82,"column":70},"end":{"line":82,"column":79}}]},"17":{"loc":{"start":{"line":88,"column":15},"end":{"line":88,"column":56}},"type":"binary-expr","locations":[{"start":{"line":88,"column":15},"end":{"line":88,"column":43}},{"start":{"line":88,"column":47},"end":{"line":88,"column":56}}]},"18":{"loc":{"start":{"line":89,"column":46},"end":{"line":89,"column":66}},"type":"binary-expr","locations":[{"start":{"line":89,"column":46},"end":{"line":89,"column":60}},{"start":{"line":89,"column":64},"end":{"line":89,"column":66}}]},"19":{"loc":{"start":{"line":95,"column":15},"end":{"line":95,"column":58}},"type":"binary-expr","locations":[{"start":{"line":95,"column":15},"end":{"line":95,"column":45}},{"start":{"line":95,"column":49},"end":{"line":95,"column":58}}]},"20":{"loc":{"start":{"line":96,"column":46},"end":{"line":96,"column":66}},"type":"binary-expr","locations":[{"start":{"line":96,"column":46},"end":{"line":96,"column":60}},{"start":{"line":96,"column":64},"end":{"line":96,"column":66}}]},"21":{"loc":{"start":{"line":102,"column":79},"end":{"line":102,"column":106}},"type":"binary-expr","locations":[{"start":{"line":102,"column":79},"end":{"line":102,"column":98}},{"start":{"line":102,"column":102},"end":{"line":102,"column":106}}]},"22":{"loc":{"start":{"line":104,"column":9},"end":{"line":107,"column":null}},"type":"binary-expr","locations":[{"start":{"line":104,"column":9},"end":{"line":104,"column":36}},{"start":{"line":105,"column":10},"end":{"line":106,"column":null}}]},"23":{"loc":{"start":{"line":111,"column":42},"end":{"line":111,"column":62}},"type":"binary-expr","locations":[{"start":{"line":111,"column":42},"end":{"line":111,"column":54}},{"start":{"line":111,"column":58},"end":{"line":111,"column":62}}]},"24":{"loc":{"start":{"line":125,"column":4},"end":{"line":129,"column":5}},"type":"if","locations":[{"start":{"line":125,"column":4},"end":{"line":129,"column":5}}]},"25":{"loc":{"start":{"line":144,"column":9},"end":{"line":144,"column":78}},"type":"binary-expr","locations":[{"start":{"line":144,"column":9},"end":{"line":144,"column":25}},{"start":{"line":144,"column":29},"end":{"line":144,"column":78}}]},"26":{"loc":{"start":{"line":145,"column":9},"end":{"line":145,"column":78}},"type":"binary-expr","locations":[{"start":{"line":145,"column":9},"end":{"line":145,"column":25}},{"start":{"line":145,"column":29},"end":{"line":145,"column":78}}]},"27":{"loc":{"start":{"line":146,"column":9},"end":{"line":146,"column":83}},"type":"binary-expr","locations":[{"start":{"line":146,"column":9},"end":{"line":146,"column":25}},{"start":{"line":146,"column":29},"end":{"line":146,"column":83}}]},"28":{"loc":{"start":{"line":147,"column":9},"end":{"line":184,"column":null}},"type":"binary-expr","locations":[{"start":{"line":147,"column":9},"end":{"line":147,"column":25}},{"start":{"line":148,"column":10},"end":{"line":183,"column":null}}]},"29":{"loc":{"start":{"line":153,"column":35},"end":{"line":153,"column":51}},"type":"binary-expr","locations":[{"start":{"line":153,"column":35},"end":{"line":153,"column":44}},{"start":{"line":153,"column":48},"end":{"line":153,"column":51}}]},"30":{"loc":{"start":{"line":154,"column":36},"end":{"line":154,"column":53}},"type":"binary-expr","locations":[{"start":{"line":154,"column":36},"end":{"line":154,"column":46}},{"start":{"line":154,"column":50},"end":{"line":154,"column":53}}]},"31":{"loc":{"start":{"line":155,"column":44},"end":{"line":155,"column":63}},"type":"binary-expr","locations":[{"start":{"line":155,"column":44},"end":{"line":155,"column":55}},{"start":{"line":155,"column":59},"end":{"line":155,"column":63}}]},"32":{"loc":{"start":{"line":159,"column":36},"end":{"line":159,"column":62}},"type":"binary-expr","locations":[{"start":{"line":159,"column":36},"end":{"line":159,"column":55}},{"start":{"line":159,"column":59},"end":{"line":159,"column":62}}]},"33":{"loc":{"start":{"line":160,"column":35},"end":{"line":160,"column":60}},"type":"binary-expr","locations":[{"start":{"line":160,"column":35},"end":{"line":160,"column":53}},{"start":{"line":160,"column":57},"end":{"line":160,"column":60}}]},"34":{"loc":{"start":{"line":161,"column":36},"end":{"line":161,"column":58}},"type":"binary-expr","locations":[{"start":{"line":161,"column":36},"end":{"line":161,"column":51}},{"start":{"line":161,"column":55},"end":{"line":161,"column":58}}]},"35":{"loc":{"start":{"line":162,"column":36},"end":{"line":162,"column":58}},"type":"binary-expr","locations":[{"start":{"line":162,"column":36},"end":{"line":162,"column":51}},{"start":{"line":162,"column":55},"end":{"line":162,"column":58}}]},"36":{"loc":{"start":{"line":168,"column":84},"end":{"line":168,"column":124}},"type":"binary-expr","locations":[{"start":{"line":168,"column":84},"end":{"line":168,"column":111}},{"start":{"line":168,"column":115},"end":{"line":168,"column":124}}]},"37":{"loc":{"start":{"line":169,"column":42},"end":{"line":169,"column":82}},"type":"binary-expr","locations":[{"start":{"line":169,"column":42},"end":{"line":169,"column":69}},{"start":{"line":169,"column":73},"end":{"line":169,"column":82}}]},"38":{"loc":{"start":{"line":172,"column":84},"end":{"line":172,"column":126}},"type":"binary-expr","locations":[{"start":{"line":172,"column":84},"end":{"line":172,"column":113}},{"start":{"line":172,"column":117},"end":{"line":172,"column":126}}]},"39":{"loc":{"start":{"line":173,"column":44},"end":{"line":173,"column":86}},"type":"binary-expr","locations":[{"start":{"line":173,"column":44},"end":{"line":173,"column":73}},{"start":{"line":173,"column":77},"end":{"line":173,"column":86}}]},"40":{"loc":{"start":{"line":176,"column":17},"end":{"line":180,"column":null}},"type":"binary-expr","locations":[{"start":{"line":176,"column":17},"end":{"line":176,"column":43}},{"start":{"line":177,"column":18},"end":{"line":179,"column":null}}]},"41":{"loc":{"start":{"line":189,"column":84},"end":{"line":189,"column":117}},"type":"cond-expr","locations":[{"start":{"line":189,"column":93},"end":{"line":189,"column":108}},{"start":{"line":189,"column":111},"end":{"line":189,"column":117}}]}},"s":{"0":0,"1":0,"2":0,"3":0,"4":0,"5":0,"6":0,"7":0,"8":0,"9":0,"10":0,"11":0,"12":0,"13":0,"14":0,"15":0,"16":0,"17":0,"18":0,"19":0,"20":0,"21":0,"22":0,"23":0,"24":0,"25":0,"26":0,"27":0,"28":0,"29":0,"30":0,"31":0,"32":0,"33":0,"34":0,"35":0,"36":0,"37":0,"38":0,"39":0,"40":0,"41":0,"42":0,"43":0,"44":0,"45":0,"46":0,"47":0,"48":0,"49":0,"50":0,"51":0,"52":0,"53":0,"54":0,"55":0},"f":{"0":0,"1":0,"2":0,"3":0,"4":0,"5":0,"6":0,"7":0,"8":0,"9":0,"10":0,"11":0,"12":0,"13":0,"14":0,"15":0,"16":0,"17":0,"18":0,"19":0,"20":0,"21":0,"22":0,"23":0,"24":0,"25":0,"26":0},"b":{"0":[0,0],"1":[0,0],"2":[0,0],"3":[0,0],"4":[0,0],"5":[0,0],"6":[0,0],"7":[0,0],"8":[0,0],"9":[0,0],"10":[0,0],"11":[0,0],"12":[0],"13":[0,0],"14":[0,0],"15":[0,0],"16":[0,0],"17":[0,0],"18":[0,0],"19":[0,0],"20":[0,0],"21":[0,0],"22":[0,0],"23":[0,0],"24":[0],"25":[0,0],"26":[0,0],"27":[0,0],"28":[0,0],"29":[0,0],"30":[0,0],"31":[0,0],"32":[0,0],"33":[0,0],"34":[0,0],"35":[0,0],"36":[0,0],"37":[0,0],"38":[0,0],"39":[0,0],"40":[0,0],"41":[0,0]}}
,"/Users/mrjames/Desktop/athletenarrative/web/web-app/features/ai/AICounselor.tsx": {"path":"/Users/mrjames/Desktop/athletenarrative/web/web-app/features/ai/AICounselor.tsx","statementMap":{"0":{"start":{"line":9,"column":0},"end":{"line":9,"column":16}},"1":{"start":{"line":2,"column":0},"end":{"line":2,"column":26}},"2":{"start":{"line":3,"column":0},"end":{"line":3,"column":40}},"3":{"start":{"line":4,"column":0},"end":{"line":4,"column":48}},"4":{"start":{"line":5,"column":0},"end":{"line":5,"column":42}},"5":{"start":{"line":6,"column":0},"end":{"line":6,"column":40}},"6":{"start":{"line":7,"column":0},"end":{"line":7,"column":53}},"7":{"start":{"line":10,"column":34},"end":{"line":10,"column":52}},"8":{"start":{"line":11,"column":30},"end":{"line":11,"column":65}},"9":{"start":{"line":12,"column":28},"end":{"line":12,"column":63}},"10":{"start":{"line":13,"column":32},"end":{"line":13,"column":53}},"11":{"start":{"line":15,"column":16},"end":{"line":27,"column":3}},"12":{"start":{"line":16,"column":4},"end":{"line":16,"column":19}},"13":{"start":{"line":17,"column":4},"end":{"line":17,"column":20}},"14":{"start":{"line":18,"column":4},"end":{"line":26,"column":5}},"15":{"start":{"line":19,"column":6},"end":{"line":19,"column":23}},"16":{"start":{"line":20,"column":18},"end":{"line":20,"column":50}},"17":{"start":{"line":21,"column":6},"end":{"line":21,"column":28}},"18":{"start":{"line":23,"column":6},"end":{"line":23,"column":39}},"19":{"start":{"line":25,"column":6},"end":{"line":25,"column":24}},"20":{"start":{"line":29,"column":2},"end":{"line":38,"column":4}},"21":{"start":{"line":31,"column":68},"end":{"line":31,"column":95}}},"fnMap":{"0":{"name":"AICounselor","decl":{"start":{"line":9,"column":16},"end":{"line":9,"column":27}},"loc":{"start":{"line":9,"column":27},"end":{"line":39,"column":1}}},"1":{"name":"(anonymous_2)","decl":{"start":{"line":15,"column":16},"end":{"line":15,"column":21}},"loc":{"start":{"line":15,"column":27},"end":{"line":27,"column":3}}},"2":{"name":"(anonymous_3)","decl":{"start":{"line":31,"column":61},"end":{"line":31,"column":62}},"loc":{"start":{"line":31,"column":68},"end":{"line":31,"column":95}}}},"branchMap":{"0":{"loc":{"start":{"line":32,"column":7},"end":{"line":32,"column":55}},"type":"binary-expr","locations":[{"start":{"line":32,"column":7},"end":{"line":32,"column":12}},{"start":{"line":32,"column":16},"end":{"line":32,"column":55}}]},"1":{"loc":{"start":{"line":33,"column":60},"end":{"line":33,"column":80}},"type":"binary-expr","locations":[{"start":{"line":33,"column":60},"end":{"line":33,"column":67}},{"start":{"line":33,"column":71},"end":{"line":33,"column":80}}]},"2":{"loc":{"start":{"line":36,"column":7},"end":{"line":36,"column":59}},"type":"binary-expr","locations":[{"start":{"line":36,"column":7},"end":{"line":36,"column":13}},{"start":{"line":36,"column":17},"end":{"line":36,"column":59}}]}},"s":{"0":0,"1":0,"2":0,"3":0,"4":0,"5":0,"6":0,"7":0,"8":0,"9":0,"10":0,"11":0,"12":0,"13":0,"14":0,"15":0,"16":0,"17":0,"18":0,"19":0,"20":0,"21":0},"f":{"0":0,"1":0,"2":0},"b":{"0":[0,0],"1":[0,0],"2":[0,0]}}
,"/Users/mrjames/Desktop/athletenarrative/web/web-app/features/ai/AICounselorGate.tsx": {"path":"/Users/mrjames/Desktop/athletenarrative/web/web-app/features/ai/AICounselorGate.tsx","statementMap":{"0":{"start":{"line":6,"column":0},"end":{"line":6,"column":16}},"1":{"start":{"line":3,"column":0},"end":{"line":3,"column":40}},"2":{"start":{"line":4,"column":0},"end":{"line":4,"column":52}},"3":{"start":{"line":7,"column":17},"end":{"line":7,"column":28}},"4":{"start":{"line":8,"column":2},"end":{"line":10,"column":3}},"5":{"start":{"line":9,"column":4},"end":{"line":9,"column":83}},"6":{"start":{"line":11,"column":2},"end":{"line":11,"column":25}}},"fnMap":{"0":{"name":"AICounselorGate","decl":{"start":{"line":6,"column":16},"end":{"line":6,"column":31}},"loc":{"start":{"line":6,"column":75},"end":{"line":12,"column":1}}}},"branchMap":{"0":{"loc":{"start":{"line":8,"column":2},"end":{"line":10,"column":3}},"type":"if","locations":[{"start":{"line":8,"column":2},"end":{"line":10,"column":3}}]}},"s":{"0":0,"1":0,"2":0,"3":0,"4":0,"5":0,"6":0},"f":{"0":0},"b":{"0":[0]}}
,"/Users/mrjames/Desktop/athletenarrative/web/web-app/features/ai/AIScreen.tsx": {"path":"/Users/mrjames/Desktop/athletenarrative/web/web-app/features/ai/AIScreen.tsx","statementMap":{"0":{"start":{"line":6,"column":0},"end":{"line":6,"column":24}},"1":{"start":{"line":3,"column":0},"end":{"line":3,"column":64}},"2":{"start":{"line":4,"column":0},"end":{"line":4,"column":56}},"3":{"start":{"line":7,"column":2},"end":{"line":14,"column":4}}},"fnMap":{"0":{"name":"AIScreen","decl":{"start":{"line":6,"column":24},"end":{"line":6,"column":32}},"loc":{"start":{"line":6,"column":32},"end":{"line":15,"column":1}}}},"branchMap":{},"s":{"0":0,"1":0,"2":0,"3":0},"f":{"0":0},"b":{}}
,"/Users/mrjames/Desktop/athletenarrative/web/web-app/features/ai/service.ts": {"path":"/Users/mrjames/Desktop/athletenarrative/web/web-app/features/ai/service.ts","statementMap":{"0":{"start":{"line":10,"column":0},"end":{"line":10,"column":7}},"1":{"start":{"line":1,"column":0},"end":{"line":1,"column":39}},"2":{"start":{"line":2,"column":0},"end":{"line":2,"column":24}},"3":{"start":{"line":4,"column":18},"end":{"line":6,"column":2}},"4":{"start":{"line":11,"column":15},"end":{"line":11,"column":37}},"5":{"start":{"line":12,"column":2},"end":{"line":12,"column":77}}},"fnMap":{"0":{"name":"askCounselor","decl":{"start":{"line":10,"column":22},"end":{"line":10,"column":34}},"loc":{"start":{"line":10,"column":50},"end":{"line":13,"column":1}}}},"branchMap":{},"s":{"0":0,"1":0,"2":0,"3":0,"4":0,"5":0},"f":{"0":0},"b":{}}
,"/Users/mrjames/Desktop/athletenarrative/web/web-app/features/auth/LoginForm.tsx": {"path":"/Users/mrjames/Desktop/athletenarrative/web/web-app/features/auth/LoginForm.tsx","statementMap":{"0":{"start":{"line":15,"column":0},"end":{"line":15,"column":16}},"1":{"start":{"line":2,"column":0},"end":{"line":2,"column":26}},"2":{"start":{"line":3,"column":0},"end":{"line":3,"column":48}},"3":{"start":{"line":4,"column":0},"end":{"line":4,"column":40}},"4":{"start":{"line":5,"column":0},"end":{"line":5,"column":45}},"5":{"start":{"line":6,"column":0},"end":{"line":6,"column":40}},"6":{"start":{"line":7,"column":0},"end":{"line":7,"column":50}},"7":{"start":{"line":8,"column":0},"end":{"line":8,"column":59}},"8":{"start":{"line":16,"column":28},"end":{"line":16,"column":46}},"9":{"start":{"line":17,"column":28},"end":{"line":17,"column":46}},"10":{"start":{"line":18,"column":38},"end":{"line":18,"column":56}},"11":{"start":{"line":19,"column":30},"end":{"line":19,"column":105}},"12":{"start":{"line":20,"column":38},"end":{"line":20,"column":59}},"13":{"start":{"line":22,"column":23},"end":{"line":41,"column":3}},"14":{"start":{"line":23,"column":4},"end":{"line":23,"column":23}},"15":{"start":{"line":24,"column":80},"end":{"line":24,"column":82}},"16":{"start":{"line":25,"column":4},"end":{"line":26,"column":71}},"17":{"start":{"line":25,"column":16},"end":{"line":25,"column":46}},"18":{"start":{"line":26,"column":9},"end":{"line":26,"column":71}},"19":{"start":{"line":26,"column":36},"end":{"line":26,"column":71}},"20":{"start":{"line":27,"column":22},"end":{"line":27,"column":34}},"21":{"start":{"line":28,"column":23},"end":{"line":28,"column":40}},"22":{"start":{"line":29,"column":4},"end":{"line":30,"column":89}},"23":{"start":{"line":29,"column":20},"end":{"line":29,"column":50}},"24":{"start":{"line":30,"column":9},"end":{"line":30,"column":89}},"25":{"start":{"line":30,"column":42},"end":{"line":30,"column":89}},"26":{"start":{"line":31,"column":4},"end":{"line":32,"column":98}},"27":{"start":{"line":31,"column":21},"end":{"line":31,"column":56}},"28":{"start":{"line":32,"column":9},"end":{"line":32,"column":98}},"29":{"start":{"line":32,"column":40},"end":{"line":32,"column":98}},"30":{"start":{"line":33,"column":4},"end":{"line":33,"column":26}},"31":{"start":{"line":34,"column":4},"end":{"line":34,"column":51}},"32":{"start":{"line":34,"column":44},"end":{"line":34,"column":51}},"33":{"start":{"line":35,"column":4},"end":{"line":40,"column":5}},"34":{"start":{"line":36,"column":6},"end":{"line":36,"column":26}},"35":{"start":{"line":37,"column":6},"end":{"line":37,"column":88}},"36":{"start":{"line":39,"column":6},"end":{"line":39,"column":27}},"37":{"start":{"line":43,"column":2},"end":{"line":85,"column":4}},"38":{"start":{"line":60,"column":27},"end":{"line":60,"column":51}},"39":{"start":{"line":68,"column":27},"end":{"line":68,"column":51}},"40":{"start":{"line":76,"column":27},"end":{"line":76,"column":56}}},"fnMap":{"0":{"name":"LoginForm","decl":{"start":{"line":15,"column":16},"end":{"line":15,"column":25}},"loc":{"start":{"line":15,"column":45},"end":{"line":86,"column":1}}},"1":{"name":"(anonymous_2)","decl":{"start":{"line":22,"column":23},"end":{"line":22,"column":28}},"loc":{"start":{"line":22,"column":52},"end":{"line":41,"column":3}}},"2":{"name":"(anonymous_3)","decl":{"start":{"line":60,"column":20},"end":{"line":60,"column":21}},"loc":{"start":{"line":60,"column":27},"end":{"line":60,"column":51}}},"3":{"name":"(anonymous_4)","decl":{"start":{"line":68,"column":20},"end":{"line":68,"column":21}},"loc":{"start":{"line":68,"column":27},"end":{"line":68,"column":51}}},"4":{"name":"(anonymous_5)","decl":{"start":{"line":76,"column":20},"end":{"line":76,"column":21}},"loc":{"start":{"line":76,"column":27},"end":{"line":76,"column":56}}}},"branchMap":{"0":{"loc":{"start":{"line":25,"column":4},"end":{"line":26,"column":71}},"type":"if","locations":[{"start":{"line":25,"column":4},"end":{"line":26,"column":71}},{"start":{"line":26,"column":9},"end":{"line":26,"column":71}}]},"1":{"loc":{"start":{"line":26,"column":9},"end":{"line":26,"column":71}},"type":"if","locations":[{"start":{"line":26,"column":9},"end":{"line":26,"column":71}}]},"2":{"loc":{"start":{"line":29,"column":4},"end":{"line":30,"column":89}},"type":"if","locations":[{"start":{"line":29,"column":4},"end":{"line":30,"column":89}},{"start":{"line":30,"column":9},"end":{"line":30,"column":89}}]},"3":{"loc":{"start":{"line":30,"column":9},"end":{"line":30,"column":89}},"type":"if","locations":[{"start":{"line":30,"column":9},"end":{"line":30,"column":89}}]},"4":{"loc":{"start":{"line":31,"column":4},"end":{"line":32,"column":98}},"type":"if","locations":[{"start":{"line":31,"column":4},"end":{"line":32,"column":98}},{"start":{"line":32,"column":9},"end":{"line":32,"column":98}}]},"5":{"loc":{"start":{"line":32,"column":9},"end":{"line":32,"column":98}},"type":"if","locations":[{"start":{"line":32,"column":9},"end":{"line":32,"column":98}}]},"6":{"loc":{"start":{"line":34,"column":4},"end":{"line":34,"column":51}},"type":"if","locations":[{"start":{"line":34,"column":4},"end":{"line":34,"column":51}}]},"7":{"loc":{"start":{"line":46,"column":9},"end":{"line":54,"column":null}},"type":"binary-expr","locations":[{"start":{"line":46,"column":10},"end":{"line":46,"column":22}},{"start":{"line":46,"column":26},"end":{"line":46,"column":38}},{"start":{"line":46,"column":42},"end":{"line":46,"column":59}},{"start":{"line":47,"column":10},"end":{"line":53,"column":null}}]},"8":{"loc":{"start":{"line":50,"column":15},"end":{"line":50,"column":61}},"type":"binary-expr","locations":[{"start":{"line":50,"column":15},"end":{"line":50,"column":27}},{"start":{"line":50,"column":31},"end":{"line":50,"column":61}}]},"9":{"loc":{"start":{"line":51,"column":15},"end":{"line":51,"column":61}},"type":"binary-expr","locations":[{"start":{"line":51,"column":15},"end":{"line":51,"column":27}},{"start":{"line":51,"column":31},"end":{"line":51,"column":61}}]},"10":{"loc":{"start":{"line":52,"column":15},"end":{"line":52,"column":77}},"type":"binary-expr","locations":[{"start":{"line":52,"column":15},"end":{"line":52,"column":32}},{"start":{"line":52,"column":36},"end":{"line":52,"column":77}}]}},"s":{"0":0,"1":0,"2":0,"3":0,"4":0,"5":0,"6":0,"7":0,"8":0,"9":0,"10":0,"11":0,"12":0,"13":0,"14":0,"15":0,"16":0,"17":0,"18":0,"19":0,"20":0,"21":0,"22":0,"23":0,"24":0,"25":0,"26":0,"27":0,"28":0,"29":0,"30":0,"31":0,"32":0,"33":0,"34":0,"35":0,"36":0,"37":0,"38":0,"39":0,"40":0},"f":{"0":0,"1":0,"2":0,"3":0,"4":0},"b":{"0":[0,0],"1":[0],"2":[0,0],"3":[0],"4":[0,0],"5":[0],"6":[0],"7":[0,0,0,0],"8":[0,0],"9":[0,0],"10":[0,0]}}
,"/Users/mrjames/Desktop/athletenarrative/web/web-app/features/auth/service.ts": {"path":"/Users/mrjames/Desktop/athletenarrative/web/web-app/features/auth/service.ts","statementMap":{"0":{"start":{"line":12,"column":0},"end":{"line":12,"column":7}},"1":{"start":{"line":1,"column":0},"end":{"line":1,"column":55}},"2":{"start":{"line":2,"column":0},"end":{"line":2,"column":50}},"3":{"start":{"line":13,"column":17},"end":{"line":13,"column":100}},"4":{"start":{"line":14,"column":2},"end":{"line":16,"column":3}},"5":{"start":{"line":15,"column":4},"end":{"line":15,"column":34}},"6":{"start":{"line":17,"column":17},"end":{"line":17,"column":61}},"7":{"start":{"line":18,"column":2},"end":{"line":23,"column":4}}},"fnMap":{"0":{"name":"login","decl":{"start":{"line":12,"column":22},"end":{"line":12,"column":27}},"loc":{"start":{"line":12,"column":87},"end":{"line":24,"column":1}}}},"branchMap":{"0":{"loc":{"start":{"line":14,"column":2},"end":{"line":16,"column":3}},"type":"if","locations":[{"start":{"line":14,"column":2},"end":{"line":16,"column":3}}]}},"s":{"0":0,"1":0,"2":0,"3":0,"4":0,"5":0,"6":0,"7":0},"f":{"0":0},"b":{"0":[0]}}
,"/Users/mrjames/Desktop/athletenarrative/web/web-app/features/auth/session.tsx": {"path":"/Users/mrjames/Desktop/athletenarrative/web/web-app/features/auth/session.tsx","statementMap":{"0":{"start":{"line":8,"column":0},"end":{"line":8,"column":16}},"1":{"start":{"line":29,"column":0},"end":{"line":29,"column":16}},"2":{"start":{"line":2,"column":0},"end":{"line":2,"column":26}},"3":{"start":{"line":6,"column":19},"end":{"line":6,"column":56}},"4":{"start":{"line":9,"column":32},"end":{"line":9,"column":68}},"5":{"start":{"line":10,"column":32},"end":{"line":10,"column":52}},"6":{"start":{"line":12,"column":2},"end":{"line":16,"column":9}},"7":{"start":{"line":13,"column":16},"end":{"line":13,"column":93}},"8":{"start":{"line":14,"column":4},"end":{"line":14,"column":41}},"9":{"start":{"line":14,"column":13},"end":{"line":14,"column":41}},"10":{"start":{"line":15,"column":4},"end":{"line":15,"column":22}},"11":{"start":{"line":18,"column":14},"end":{"line":24,"column":8}},"12":{"start":{"line":19,"column":4},"end":{"line":19,"column":18}},"13":{"start":{"line":20,"column":4},"end":{"line":23,"column":5}},"14":{"start":{"line":21,"column":6},"end":{"line":22,"column":53}},"15":{"start":{"line":21,"column":13},"end":{"line":21,"column":71}},"16":{"start":{"line":22,"column":11},"end":{"line":22,"column":53}},"17":{"start":{"line":26,"column":2},"end":{"line":26,"column":109}},"18":{"start":{"line":30,"column":14},"end":{"line":30,"column":42}},"19":{"start":{"line":31,"column":2},"end":{"line":31,"column":78}},"20":{"start":{"line":31,"column":12},"end":{"line":31,"column":78}},"21":{"start":{"line":32,"column":2},"end":{"line":32,"column":13}}},"fnMap":{"0":{"name":"SessionProvider","decl":{"start":{"line":8,"column":16},"end":{"line":8,"column":31}},"loc":{"start":{"line":8,"column":75},"end":{"line":27,"column":1}}},"1":{"name":"(anonymous_2)","decl":{"start":{"line":12,"column":18},"end":{"line":12,"column":21}},"loc":{"start":{"line":12,"column":23},"end":{"line":16,"column":3}}},"2":{"name":"(anonymous_3)","decl":{"start":{"line":18,"column":32},"end":{"line":18,"column":33}},"loc":{"start":{"line":18,"column":54},"end":{"line":24,"column":3}}},"3":{"name":"useSession","decl":{"start":{"line":29,"column":16},"end":{"line":29,"column":26}},"loc":{"start":{"line":29,"column":26},"end":{"line":33,"column":1}}}},"branchMap":{"0":{"loc":{"start":{"line":13,"column":16},"end":{"line":13,"column":93}},"type":"cond-expr","locations":[{"start":{"line":13,"column":48},"end":{"line":13,"column":86}},{"start":{"line":13,"column":89},"end":{"line":13,"column":93}}]},"1":{"loc":{"start":{"line":14,"column":4},"end":{"line":14,"column":41}},"type":"if","locations":[{"start":{"line":14,"column":4},"end":{"line":14,"column":41}}]},"2":{"loc":{"start":{"line":20,"column":4},"end":{"line":23,"column":5}},"type":"if","locations":[{"start":{"line":20,"column":4},"end":{"line":23,"column":5}}]},"3":{"loc":{"start":{"line":21,"column":6},"end":{"line":22,"column":53}},"type":"if","locations":[{"start":{"line":21,"column":6},"end":{"line":22,"column":53}},{"start":{"line":22,"column":11},"end":{"line":22,"column":53}}]},"4":{"loc":{"start":{"line":31,"column":2},"end":{"line":31,"column":78}},"type":"if","locations":[{"start":{"line":31,"column":2},"end":{"line":31,"column":78}}]}},"s":{"0":0,"1":0,"2":0,"3":0,"4":0,"5":0,"6":0,"7":0,"8":0,"9":0,"10":0,"11":0,"12":0,"13":0,"14":0,"15":0,"16":0,"17":0,"18":0,"19":0,"20":0,"21":0},"f":{"0":0,"1":0,"2":0,"3":0},"b":{"0":[0,0],"1":[0],"2":[0],"3":[0,0],"4":[0]}}
,"/Users/mrjames/Desktop/athletenarrative/web/web-app/features/auth/validators.ts": {"path":"/Users/mrjames/Desktop/athletenarrative/web/web-app/features/auth/validators.ts","statementMap":{"0":{"start":{"line":1,"column":0},"end":{"line":1,"column":16}},"1":{"start":{"line":6,"column":0},"end":{"line":6,"column":16}},"2":{"start":{"line":2,"column":13},"end":{"line":2,"column":41}},"3":{"start":{"line":3,"column":2},"end":{"line":3,"column":24}},"4":{"start":{"line":7,"column":2},"end":{"line":7,"column":62}}},"fnMap":{"0":{"name":"validateEmail","decl":{"start":{"line":1,"column":16},"end":{"line":1,"column":29}},"loc":{"start":{"line":1,"column":43},"end":{"line":4,"column":1}}},"1":{"name":"validatePassword","decl":{"start":{"line":6,"column":16},"end":{"line":6,"column":32}},"loc":{"start":{"line":6,"column":49},"end":{"line":8,"column":1}}}},"branchMap":{"0":{"loc":{"start":{"line":7,"column":9},"end":{"line":7,"column":61}},"type":"binary-expr","locations":[{"start":{"line":7,"column":9},"end":{"line":7,"column":37}},{"start":{"line":7,"column":41},"end":{"line":7,"column":61}}]}},"s":{"0":0,"1":0,"2":0,"3":0,"4":0},"f":{"0":0,"1":0},"b":{"0":[0,0]}}
,"/Users/mrjames/Desktop/athletenarrative/web/web-app/features/clients/ClientForm.tsx": {"path":"/Users/mrjames/Desktop/athletenarrative/web/web-app/features/clients/ClientForm.tsx","statementMap":{"0":{"start":{"line":15,"column":0},"end":{"line":15,"column":16}},"1":{"start":{"line":2,"column":0},"end":{"line":2,"column":26}},"2":{"start":{"line":3,"column":0},"end":{"line":3,"column":67}},"3":{"start":{"line":4,"column":0},"end":{"line":4,"column":24}},"4":{"start":{"line":5,"column":0},"end":{"line":5,"column":50}},"5":{"start":{"line":7,"column":15},"end":{"line":13,"column":2}},"6":{"start":{"line":16,"column":28},"end":{"line":16,"column":57}},"7":{"start":{"line":17,"column":17},"end":{"line":17,"column":80}},"8":{"start":{"line":17,"column":31},"end":{"line":17,"column":51}},"9":{"start":{"line":17,"column":52},"end":{"line":17,"column":78}},"10":{"start":{"line":18,"column":2},"end":{"line":29,"column":4}},"11":{"start":{"line":20,"column":70},"end":{"line":20,"column":113}},"12":{"start":{"line":21,"column":92},"end":{"line":21,"column":138}},"13":{"start":{"line":22,"column":79},"end":{"line":22,"column":126}},"14":{"start":{"line":23,"column":77},"end":{"line":23,"column":123}},"15":{"start":{"line":24,"column":77},"end":{"line":24,"column":120}},"16":{"start":{"line":25,"column":64},"end":{"line":25,"column":82}}},"fnMap":{"0":{"name":"ClientForm","decl":{"start":{"line":15,"column":16},"end":{"line":15,"column":26}},"loc":{"start":{"line":15,"column":57},"end":{"line":30,"column":1}}},"1":{"name":"(anonymous_2)","decl":{"start":{"line":17,"column":17},"end":{"line":17,"column":22}},"loc":{"start":{"line":17,"column":28},"end":{"line":17,"column":80}}},"2":{"name":"(anonymous_3)","decl":{"start":{"line":20,"column":67},"end":{"line":20,"column":68}},"loc":{"start":{"line":20,"column":70},"end":{"line":20,"column":113}}},"3":{"name":"(anonymous_4)","decl":{"start":{"line":21,"column":89},"end":{"line":21,"column":90}},"loc":{"start":{"line":21,"column":92},"end":{"line":21,"column":138}}},"4":{"name":"(anonymous_5)","decl":{"start":{"line":22,"column":76},"end":{"line":22,"column":77}},"loc":{"start":{"line":22,"column":79},"end":{"line":22,"column":126}}},"5":{"name":"(anonymous_6)","decl":{"start":{"line":23,"column":74},"end":{"line":23,"column":75}},"loc":{"start":{"line":23,"column":77},"end":{"line":23,"column":123}}},"6":{"name":"(anonymous_7)","decl":{"start":{"line":24,"column":74},"end":{"line":24,"column":75}},"loc":{"start":{"line":24,"column":77},"end":{"line":24,"column":120}}},"7":{"name":"(anonymous_8)","decl":{"start":{"line":25,"column":59},"end":{"line":25,"column":60}},"loc":{"start":{"line":25,"column":64},"end":{"line":25,"column":82}}}},"branchMap":{"0":{"loc":{"start":{"line":16,"column":43},"end":{"line":16,"column":56}},"type":"binary-expr","locations":[{"start":{"line":16,"column":43},"end":{"line":16,"column":50}},{"start":{"line":16,"column":54},"end":{"line":16,"column":56}}]},"1":{"loc":{"start":{"line":20,"column":38},"end":{"line":20,"column":55}},"type":"binary-expr","locations":[{"start":{"line":20,"column":38},"end":{"line":20,"column":49}},{"start":{"line":20,"column":53},"end":{"line":20,"column":55}}]},"2":{"loc":{"start":{"line":21,"column":57},"end":{"line":21,"column":77}},"type":"binary-expr","locations":[{"start":{"line":21,"column":57},"end":{"line":21,"column":71}},{"start":{"line":21,"column":75},"end":{"line":21,"column":77}}]},"3":{"loc":{"start":{"line":22,"column":43},"end":{"line":22,"column":64}},"type":"binary-expr","locations":[{"start":{"line":22,"column":43},"end":{"line":22,"column":58}},{"start":{"line":22,"column":62},"end":{"line":22,"column":64}}]},"4":{"loc":{"start":{"line":23,"column":42},"end":{"line":23,"column":62}},"type":"binary-expr","locations":[{"start":{"line":23,"column":42},"end":{"line":23,"column":56}},{"start":{"line":23,"column":60},"end":{"line":23,"column":62}}]},"5":{"loc":{"start":{"line":24,"column":45},"end":{"line":24,"column":62}},"type":"binary-expr","locations":[{"start":{"line":24,"column":45},"end":{"line":24,"column":56}},{"start":{"line":24,"column":60},"end":{"line":24,"column":62}}]}},"s":{"0":0,"1":0,"2":0,"3":0,"4":0,"5":0,"6":0,"7":0,"8":0,"9":0,"10":0,"11":0,"12":0,"13":0,"14":0,"15":0,"16":0},"f":{"0":0,"1":0,"2":0,"3":0,"4":0,"5":0,"6":0,"7":0},"b":{"0":[0,0],"1":[0,0],"2":[0,0],"3":[0,0],"4":[0,0],"5":[0,0]}}
,"/Users/mrjames/Desktop/athletenarrative/web/web-app/features/clients/ClientWizard.tsx": {"path":"/Users/mrjames/Desktop/athletenarrative/web/web-app/features/clients/ClientWizard.tsx","statementMap":{"0":{"start":{"line":267,"column":0},"end":{"line":267,"column":16}},"1":{"start":{"line":2,"column":0},"end":{"line":2,"column":26}},"2":{"start":{"line":3,"column":0},"end":{"line":3,"column":119}},"3":{"start":{"line":4,"column":0},"end":{"line":4,"column":53}},"4":{"start":{"line":5,"column":0},"end":{"line":5,"column":50}},"5":{"start":{"line":6,"column":0},"end":{"line":6,"column":52}},"6":{"start":{"line":7,"column":0},"end":{"line":7,"column":83}},"7":{"start":{"line":8,"column":0},"end":{"line":8,"column":44}},"8":{"start":{"line":19,"column":14},"end":{"line":27,"column":2}},"9":{"start":{"line":30,"column":2},"end":{"line":42,"column":4}},"10":{"start":{"line":32,"column":97},"end":{"line":32,"column":142}},"11":{"start":{"line":33,"column":81},"end":{"line":33,"column":122}},"12":{"start":{"line":34,"column":86},"end":{"line":34,"column":127}},"13":{"start":{"line":35,"column":88},"end":{"line":35,"column":122}},"14":{"start":{"line":36,"column":68},"end":{"line":36,"column":99}},"15":{"start":{"line":37,"column":68},"end":{"line":37,"column":99}},"16":{"start":{"line":38,"column":91},"end":{"line":38,"column":133}},"17":{"start":{"line":39,"column":68},"end":{"line":39,"column":99}},"18":{"start":{"line":40,"column":90},"end":{"line":40,"column":129}},"19":{"start":{"line":46,"column":2},"end":{"line":53,"column":4}},"20":{"start":{"line":48,"column":97},"end":{"line":48,"column":144}},"21":{"start":{"line":49,"column":91},"end":{"line":49,"column":135}},"22":{"start":{"line":50,"column":86},"end":{"line":50,"column":124}},"23":{"start":{"line":51,"column":88},"end":{"line":51,"column":127}},"24":{"start":{"line":57,"column":2},"end":{"line":65,"column":4}},"25":{"start":{"line":59,"column":102},"end":{"line":59,"column":149}},"26":{"start":{"line":60,"column":89},"end":{"line":60,"column":128}},"27":{"start":{"line":61,"column":79},"end":{"line":61,"column":115}},"28":{"start":{"line":62,"column":81},"end":{"line":62,"column":118}},"29":{"start":{"line":63,"column":102},"end":{"line":63,"column":149}},"30":{"start":{"line":69,"column":17},"end":{"line":69,"column":35}},"31":{"start":{"line":70,"column":18},"end":{"line":70,"column":37}},"32":{"start":{"line":72,"column":23},"end":{"line":72,"column":72}},"33":{"start":{"line":72,"column":47},"end":{"line":72,"column":72}},"34":{"start":{"line":73,"column":24},"end":{"line":73,"column":75}},"35":{"start":{"line":73,"column":49},"end":{"line":73,"column":75}},"36":{"start":{"line":75,"column":2},"end":{"line":117,"column":4}},"37":{"start":{"line":80,"column":70},"end":{"line":80,"column":124}},"38":{"start":{"line":85,"column":12},"end":{"line":85,"column":27}},"39":{"start":{"line":86,"column":75},"end":{"line":86,"column":144}},"40":{"start":{"line":86,"column":106},"end":{"line":86,"column":142}},"41":{"start":{"line":92,"column":31},"end":{"line":92,"column":105}},"42":{"start":{"line":92,"column":62},"end":{"line":92,"column":103}},"43":{"start":{"line":94,"column":49},"end":{"line":94,"column":92}},"44":{"start":{"line":94,"column":83},"end":{"line":94,"column":90}},"45":{"start":{"line":103,"column":71},"end":{"line":103,"column":124}},"46":{"start":{"line":108,"column":12},"end":{"line":108,"column":27}},"47":{"start":{"line":109,"column":77},"end":{"line":109,"column":149}},"48":{"start":{"line":109,"column":110},"end":{"line":109,"column":147}},"49":{"start":{"line":110,"column":77},"end":{"line":110,"column":149}},"50":{"start":{"line":110,"column":110},"end":{"line":110,"column":147}},"51":{"start":{"line":111,"column":49},"end":{"line":111,"column":94}},"52":{"start":{"line":111,"column":85},"end":{"line":111,"column":92}},"53":{"start":{"line":121,"column":21},"end":{"line":121,"column":43}},"54":{"start":{"line":122,"column":27},"end":{"line":122,"column":84}},"55":{"start":{"line":122,"column":55},"end":{"line":122,"column":84}},"56":{"start":{"line":124,"column":2},"end":{"line":149,"column":4}},"57":{"start":{"line":127,"column":100},"end":{"line":127,"column":139}},"58":{"start":{"line":128,"column":81},"end":{"line":128,"column":122}},"59":{"start":{"line":134,"column":74},"end":{"line":134,"column":143}},"60":{"start":{"line":139,"column":12},"end":{"line":139,"column":27}},"61":{"start":{"line":140,"column":70},"end":{"line":140,"column":147}},"62":{"start":{"line":140,"column":109},"end":{"line":140,"column":145}},"63":{"start":{"line":141,"column":72},"end":{"line":141,"column":150}},"64":{"start":{"line":141,"column":111},"end":{"line":141,"column":148}},"65":{"start":{"line":142,"column":72},"end":{"line":142,"column":150}},"66":{"start":{"line":142,"column":111},"end":{"line":142,"column":148}},"67":{"start":{"line":143,"column":49},"end":{"line":143,"column":100}},"68":{"start":{"line":143,"column":91},"end":{"line":143,"column":98}},"69":{"start":{"line":161,"column":17},"end":{"line":161,"column":28}},"70":{"start":{"line":162,"column":42},"end":{"line":162,"column":63}},"71":{"start":{"line":163,"column":23},"end":{"line":163,"column":66}},"72":{"start":{"line":164,"column":26},"end":{"line":177,"column":3}},"73":{"start":{"line":165,"column":17},"end":{"line":165,"column":36}},"74":{"start":{"line":166,"column":4},"end":{"line":166,"column":22}},"75":{"start":{"line":166,"column":15},"end":{"line":166,"column":22}},"76":{"start":{"line":167,"column":19},"end":{"line":167,"column":35}},"77":{"start":{"line":168,"column":4},"end":{"line":175,"column":6}},"78":{"start":{"line":169,"column":6},"end":{"line":174,"column":9}},"79":{"start":{"line":176,"column":4},"end":{"line":176,"column":31}},"80":{"start":{"line":178,"column":22},"end":{"line":178,"column":57}},"81":{"start":{"line":178,"column":28},"end":{"line":178,"column":57}},"82":{"start":{"line":179,"column":28},"end":{"line":185,"column":3}},"83":{"start":{"line":180,"column":18},"end":{"line":180,"column":32}},"84":{"start":{"line":181,"column":4},"end":{"line":184,"column":7}},"85":{"start":{"line":186,"column":2},"end":{"line":258,"column":4}},"86":{"start":{"line":191,"column":23},"end":{"line":191,"column":68}},"87":{"start":{"line":196,"column":102},"end":{"line":196,"column":150}},"88":{"start":{"line":197,"column":81},"end":{"line":197,"column":130}},"89":{"start":{"line":198,"column":79},"end":{"line":198,"column":127}},"90":{"start":{"line":229,"column":59},"end":{"line":229,"column":83}},"91":{"start":{"line":229,"column":80},"end":{"line":229,"column":82}},"92":{"start":{"line":239,"column":25},"end":{"line":239,"column":106}},"93":{"start":{"line":252,"column":10},"end":{"line":252,"column":28}},"94":{"start":{"line":268,"column":22},"end":{"line":268,"column":34}},"95":{"start":{"line":269,"column":17},"end":{"line":269,"column":28}},"96":{"start":{"line":270,"column":38},"end":{"line":270,"column":55}},"97":{"start":{"line":271,"column":28},"end":{"line":271,"column":120}},"98":{"start":{"line":272,"column":28},"end":{"line":277,"column":4}},"99":{"start":{"line":278,"column":17},"end":{"line":278,"column":48}},"100":{"start":{"line":279,"column":30},"end":{"line":279,"column":123}},"101":{"start":{"line":280,"column":38},"end":{"line":280,"column":59}},"102":{"start":{"line":281,"column":40},"end":{"line":281,"column":58}},"103":{"start":{"line":283,"column":2},"end":{"line":300,"column":26}},"104":{"start":{"line":284,"column":4},"end":{"line":284,"column":31}},"105":{"start":{"line":284,"column":24},"end":{"line":284,"column":31}},"106":{"start":{"line":285,"column":4},"end":{"line":290,"column":7}},"107":{"start":{"line":286,"column":6},"end":{"line":288,"column":7}},"108":{"start":{"line":287,"column":8},"end":{"line":287,"column":50}},"109":{"start":{"line":289,"column":6},"end":{"line":289,"column":18}},"110":{"start":{"line":291,"column":4},"end":{"line":299,"column":7}},"111":{"start":{"line":292,"column":19},"end":{"line":292,"column":99}},"112":{"start":{"line":293,"column":6},"end":{"line":298,"column":8}},"113":{"start":{"line":302,"column":24},"end":{"line":309,"column":8}},"114":{"start":{"line":303,"column":92},"end":{"line":303,"column":94}},"115":{"start":{"line":304,"column":4},"end":{"line":304,"column":63}},"116":{"start":{"line":304,"column":30},"end":{"line":304,"column":63}},"117":{"start":{"line":305,"column":4},"end":{"line":305,"column":76}},"118":{"start":{"line":305,"column":34},"end":{"line":305,"column":76}},"119":{"start":{"line":306,"column":4},"end":{"line":306,"column":73}},"120":{"start":{"line":306,"column":33},"end":{"line":306,"column":73}},"121":{"start":{"line":307,"column":4},"end":{"line":307,"column":63}},"122":{"start":{"line":307,"column":30},"end":{"line":307,"column":63}},"123":{"start":{"line":308,"column":4},"end":{"line":308,"column":16}},"124":{"start":{"line":311,"column":21},"end":{"line":359,"column":3}},"125":{"start":{"line":313,"column":4},"end":{"line":323,"column":5}},"126":{"start":{"line":314,"column":25},"end":{"line":314,"column":45}},"127":{"start":{"line":315,"column":6},"end":{"line":322,"column":7}},"128":{"start":{"line":316,"column":8},"end":{"line":316,"column":30}},"129":{"start":{"line":317,"column":8},"end":{"line":317,"column":59}},"130":{"start":{"line":318,"column":8},"end":{"line":318,"column":15}},"131":{"start":{"line":320,"column":8},"end":{"line":320,"column":22}},"132":{"start":{"line":321,"column":8},"end":{"line":321,"column":27}},"133":{"start":{"line":325,"column":4},"end":{"line":357,"column":5}},"134":{"start":{"line":326,"column":25},"end":{"line":326,"column":45}},"135":{"start":{"line":327,"column":6},"end":{"line":335,"column":7}},"136":{"start":{"line":328,"column":8},"end":{"line":328,"column":30}},"137":{"start":{"line":329,"column":8},"end":{"line":329,"column":59}},"138":{"start":{"line":330,"column":8},"end":{"line":330,"column":25}},"139":{"start":{"line":331,"column":8},"end":{"line":331,"column":15}},"140":{"start":{"line":333,"column":8},"end":{"line":333,"column":22}},"141":{"start":{"line":334,"column":8},"end":{"line":334,"column":27}},"142":{"start":{"line":336,"column":43},"end":{"line":341,"column":8}},"143":{"start":{"line":342,"column":6},"end":{"line":344,"column":7}},"144":{"start":{"line":343,"column":8},"end":{"line":343,"column":32}},"145":{"start":{"line":345,"column":6},"end":{"line":345,"column":26}},"146":{"start":{"line":346,"column":6},"end":{"line":346,"column":25}},"147":{"start":{"line":347,"column":6},"end":{"line":356,"column":7}},"148":{"start":{"line":348,"column":8},"end":{"line":348,"column":36}},"149":{"start":{"line":349,"column":8},"end":{"line":349,"column":20}},"150":{"start":{"line":350,"column":8},"end":{"line":350,"column":32}},"151":{"start":{"line":351,"column":8},"end":{"line":351,"column":15}},"152":{"start":{"line":353,"column":8},"end":{"line":353,"column":62}},"153":{"start":{"line":355,"column":8},"end":{"line":355,"column":29}},"154":{"start":{"line":358,"column":4},"end":{"line":358,"column":32}},"155":{"start":{"line":358,"column":25},"end":{"line":358,"column":30}},"156":{"start":{"line":360,"column":21},"end":{"line":360,"column":66}},"157":{"start":{"line":360,"column":27},"end":{"line":360,"column":66}},"158":{"start":{"line":360,"column":47},"end":{"line":360,"column":65}},"159":{"start":{"line":362,"column":2},"end":{"line":524,"column":4}},"160":{"start":{"line":366,"column":10},"end":{"line":366,"column":null}},"161":{"start":{"line":368,"column":41},"end":{"line":368,"column":59}},"162":{"start":{"line":385,"column":14},"end":{"line":385,"column":26}},"163":{"start":{"line":386,"column":14},"end":{"line":393,"column":15}},"164":{"start":{"line":387,"column":16},"end":{"line":392,"column":20}},"165":{"start":{"line":387,"column":37},"end":{"line":392,"column":18}},"166":{"start":{"line":399,"column":59},"end":{"line":399,"column":92}},"167":{"start":{"line":399,"column":74},"end":{"line":399,"column":90}},"168":{"start":{"line":402,"column":53},"end":{"line":402,"column":86}},"169":{"start":{"line":402,"column":68},"end":{"line":402,"column":84}},"170":{"start":{"line":405,"column":59},"end":{"line":405,"column":92}},"171":{"start":{"line":405,"column":74},"end":{"line":405,"column":90}},"172":{"start":{"line":408,"column":60},"end":{"line":408,"column":93}},"173":{"start":{"line":408,"column":75},"end":{"line":408,"column":91}},"174":{"start":{"line":411,"column":57},"end":{"line":411,"column":90}},"175":{"start":{"line":411,"column":72},"end":{"line":411,"column":88}},"176":{"start":{"line":475,"column":24},"end":{"line":475,"column":45}},"177":{"start":{"line":483,"column":24},"end":{"line":483,"column":45}},"178":{"start":{"line":493,"column":24},"end":{"line":493,"column":null}}},"fnMap":{"0":{"name":"PersonalInfoStep","decl":{"start":{"line":29,"column":9},"end":{"line":29,"column":25}},"loc":{"start":{"line":29,"column":107},"end":{"line":43,"column":1}}},"1":{"name":"(anonymous_2)","decl":{"start":{"line":32,"column":92},"end":{"line":32,"column":93}},"loc":{"start":{"line":32,"column":97},"end":{"line":32,"column":142}}},"2":{"name":"(anonymous_3)","decl":{"start":{"line":33,"column":76},"end":{"line":33,"column":77}},"loc":{"start":{"line":33,"column":81},"end":{"line":33,"column":122}}},"3":{"name":"(anonymous_4)","decl":{"start":{"line":34,"column":81},"end":{"line":34,"column":82}},"loc":{"start":{"line":34,"column":86},"end":{"line":34,"column":127}}},"4":{"name":"(anonymous_5)","decl":{"start":{"line":35,"column":83},"end":{"line":35,"column":84}},"loc":{"start":{"line":35,"column":88},"end":{"line":35,"column":122}}},"5":{"name":"(anonymous_6)","decl":{"start":{"line":36,"column":63},"end":{"line":36,"column":64}},"loc":{"start":{"line":36,"column":68},"end":{"line":36,"column":99}}},"6":{"name":"(anonymous_7)","decl":{"start":{"line":37,"column":63},"end":{"line":37,"column":64}},"loc":{"start":{"line":37,"column":68},"end":{"line":37,"column":99}}},"7":{"name":"(anonymous_8)","decl":{"start":{"line":38,"column":86},"end":{"line":38,"column":87}},"loc":{"start":{"line":38,"column":91},"end":{"line":38,"column":133}}},"8":{"name":"(anonymous_9)","decl":{"start":{"line":39,"column":63},"end":{"line":39,"column":64}},"loc":{"start":{"line":39,"column":68},"end":{"line":39,"column":99}}},"9":{"name":"(anonymous_10)","decl":{"start":{"line":40,"column":85},"end":{"line":40,"column":86}},"loc":{"start":{"line":40,"column":90},"end":{"line":40,"column":129}}},"10":{"name":"SocialStep","decl":{"start":{"line":45,"column":9},"end":{"line":45,"column":19}},"loc":{"start":{"line":45,"column":101},"end":{"line":54,"column":1}}},"11":{"name":"(anonymous_12)","decl":{"start":{"line":48,"column":92},"end":{"line":48,"column":93}},"loc":{"start":{"line":48,"column":97},"end":{"line":48,"column":144}}},"12":{"name":"(anonymous_13)","decl":{"start":{"line":49,"column":86},"end":{"line":49,"column":87}},"loc":{"start":{"line":49,"column":91},"end":{"line":49,"column":135}}},"13":{"name":"(anonymous_14)","decl":{"start":{"line":50,"column":81},"end":{"line":50,"column":82}},"loc":{"start":{"line":50,"column":86},"end":{"line":50,"column":124}}},"14":{"name":"(anonymous_15)","decl":{"start":{"line":51,"column":83},"end":{"line":51,"column":84}},"loc":{"start":{"line":51,"column":88},"end":{"line":51,"column":127}}},"15":{"name":"ContentLinksStep","decl":{"start":{"line":56,"column":9},"end":{"line":56,"column":25}},"loc":{"start":{"line":56,"column":107},"end":{"line":66,"column":1}}},"16":{"name":"(anonymous_17)","decl":{"start":{"line":59,"column":97},"end":{"line":59,"column":98}},"loc":{"start":{"line":59,"column":102},"end":{"line":59,"column":149}}},"17":{"name":"(anonymous_18)","decl":{"start":{"line":60,"column":84},"end":{"line":60,"column":85}},"loc":{"start":{"line":60,"column":89},"end":{"line":60,"column":128}}},"18":{"name":"(anonymous_19)","decl":{"start":{"line":61,"column":74},"end":{"line":61,"column":75}},"loc":{"start":{"line":61,"column":79},"end":{"line":61,"column":115}}},"19":{"name":"(anonymous_20)","decl":{"start":{"line":62,"column":76},"end":{"line":62,"column":77}},"loc":{"start":{"line":62,"column":81},"end":{"line":62,"column":118}}},"20":{"name":"(anonymous_21)","decl":{"start":{"line":63,"column":97},"end":{"line":63,"column":98}},"loc":{"start":{"line":63,"column":102},"end":{"line":63,"column":149}}},"21":{"name":"EventsMetricsStep","decl":{"start":{"line":68,"column":9},"end":{"line":68,"column":26}},"loc":{"start":{"line":68,"column":108},"end":{"line":118,"column":1}}},"22":{"name":"(anonymous_23)","decl":{"start":{"line":72,"column":23},"end":{"line":72,"column":24}},"loc":{"start":{"line":72,"column":47},"end":{"line":72,"column":72}}},"23":{"name":"(anonymous_24)","decl":{"start":{"line":73,"column":24},"end":{"line":73,"column":25}},"loc":{"start":{"line":73,"column":49},"end":{"line":73,"column":75}}},"24":{"name":"(anonymous_25)","decl":{"start":{"line":80,"column":64},"end":{"line":80,"column":67}},"loc":{"start":{"line":80,"column":70},"end":{"line":80,"column":124}}},"25":{"name":"(anonymous_26)","decl":{"start":{"line":84,"column":22},"end":{"line":84,"column":23}},"loc":{"start":{"line":85,"column":12},"end":{"line":85,"column":27}}},"26":{"name":"(anonymous_27)","decl":{"start":{"line":86,"column":70},"end":{"line":86,"column":71}},"loc":{"start":{"line":86,"column":75},"end":{"line":86,"column":144}}},"27":{"name":"(anonymous_28)","decl":{"start":{"line":86,"column":99},"end":{"line":86,"column":100}},"loc":{"start":{"line":86,"column":106},"end":{"line":86,"column":142}}},"28":{"name":"(anonymous_29)","decl":{"start":{"line":92,"column":26},"end":{"line":92,"column":27}},"loc":{"start":{"line":92,"column":31},"end":{"line":92,"column":105}}},"29":{"name":"(anonymous_30)","decl":{"start":{"line":92,"column":55},"end":{"line":92,"column":56}},"loc":{"start":{"line":92,"column":62},"end":{"line":92,"column":103}}},"30":{"name":"(anonymous_31)","decl":{"start":{"line":94,"column":45},"end":{"line":94,"column":47}},"loc":{"start":{"line":94,"column":49},"end":{"line":94,"column":92}}},"31":{"name":"(anonymous_32)","decl":{"start":{"line":94,"column":76},"end":{"line":94,"column":77}},"loc":{"start":{"line":94,"column":83},"end":{"line":94,"column":90}}},"32":{"name":"(anonymous_33)","decl":{"start":{"line":103,"column":65},"end":{"line":103,"column":68}},"loc":{"start":{"line":103,"column":71},"end":{"line":103,"column":124}}},"33":{"name":"(anonymous_34)","decl":{"start":{"line":107,"column":23},"end":{"line":107,"column":24}},"loc":{"start":{"line":108,"column":12},"end":{"line":108,"column":27}}},"34":{"name":"(anonymous_35)","decl":{"start":{"line":109,"column":72},"end":{"line":109,"column":73}},"loc":{"start":{"line":109,"column":77},"end":{"line":109,"column":149}}},"35":{"name":"(anonymous_36)","decl":{"start":{"line":109,"column":103},"end":{"line":109,"column":104}},"loc":{"start":{"line":109,"column":110},"end":{"line":109,"column":147}}},"36":{"name":"(anonymous_37)","decl":{"start":{"line":110,"column":72},"end":{"line":110,"column":73}},"loc":{"start":{"line":110,"column":77},"end":{"line":110,"column":149}}},"37":{"name":"(anonymous_38)","decl":{"start":{"line":110,"column":103},"end":{"line":110,"column":104}},"loc":{"start":{"line":110,"column":110},"end":{"line":110,"column":147}}},"38":{"name":"(anonymous_39)","decl":{"start":{"line":111,"column":45},"end":{"line":111,"column":47}},"loc":{"start":{"line":111,"column":49},"end":{"line":111,"column":94}}},"39":{"name":"(anonymous_40)","decl":{"start":{"line":111,"column":78},"end":{"line":111,"column":79}},"loc":{"start":{"line":111,"column":85},"end":{"line":111,"column":92}}},"40":{"name":"MotivationStep","decl":{"start":{"line":120,"column":9},"end":{"line":120,"column":23}},"loc":{"start":{"line":120,"column":105},"end":{"line":150,"column":1}}},"41":{"name":"(anonymous_42)","decl":{"start":{"line":122,"column":27},"end":{"line":122,"column":28}},"loc":{"start":{"line":122,"column":55},"end":{"line":122,"column":84}}},"42":{"name":"(anonymous_43)","decl":{"start":{"line":127,"column":95},"end":{"line":127,"column":96}},"loc":{"start":{"line":127,"column":100},"end":{"line":127,"column":139}}},"43":{"name":"(anonymous_44)","decl":{"start":{"line":128,"column":76},"end":{"line":128,"column":77}},"loc":{"start":{"line":128,"column":81},"end":{"line":128,"column":122}}},"44":{"name":"(anonymous_45)","decl":{"start":{"line":134,"column":68},"end":{"line":134,"column":71}},"loc":{"start":{"line":134,"column":74},"end":{"line":134,"column":143}}},"45":{"name":"(anonymous_46)","decl":{"start":{"line":138,"column":26},"end":{"line":138,"column":27}},"loc":{"start":{"line":139,"column":12},"end":{"line":139,"column":27}}},"46":{"name":"(anonymous_47)","decl":{"start":{"line":140,"column":65},"end":{"line":140,"column":66}},"loc":{"start":{"line":140,"column":70},"end":{"line":140,"column":147}}},"47":{"name":"(anonymous_48)","decl":{"start":{"line":140,"column":102},"end":{"line":140,"column":103}},"loc":{"start":{"line":140,"column":109},"end":{"line":140,"column":145}}},"48":{"name":"(anonymous_49)","decl":{"start":{"line":141,"column":67},"end":{"line":141,"column":68}},"loc":{"start":{"line":141,"column":72},"end":{"line":141,"column":150}}},"49":{"name":"(anonymous_50)","decl":{"start":{"line":141,"column":104},"end":{"line":141,"column":105}},"loc":{"start":{"line":141,"column":111},"end":{"line":141,"column":148}}},"50":{"name":"(anonymous_51)","decl":{"start":{"line":142,"column":67},"end":{"line":142,"column":68}},"loc":{"start":{"line":142,"column":72},"end":{"line":142,"column":150}}},"51":{"name":"(anonymous_52)","decl":{"start":{"line":142,"column":104},"end":{"line":142,"column":105}},"loc":{"start":{"line":142,"column":111},"end":{"line":142,"column":148}}},"52":{"name":"(anonymous_53)","decl":{"start":{"line":143,"column":45},"end":{"line":143,"column":47}},"loc":{"start":{"line":143,"column":49},"end":{"line":143,"column":100}}},"53":{"name":"(anonymous_54)","decl":{"start":{"line":143,"column":84},"end":{"line":143,"column":85}},"loc":{"start":{"line":143,"column":91},"end":{"line":143,"column":98}}},"54":{"name":"BasicInfoStep","decl":{"start":{"line":152,"column":9},"end":{"line":152,"column":22}},"loc":{"start":{"line":160,"column":1},"end":{"line":259,"column":1}}},"55":{"name":"(anonymous_56)","decl":{"start":{"line":164,"column":26},"end":{"line":164,"column":27}},"loc":{"start":{"line":164,"column":69},"end":{"line":177,"column":3}}},"56":{"name":"(anonymous_57)","decl":{"start":{"line":168,"column":20},"end":{"line":168,"column":23}},"loc":{"start":{"line":168,"column":25},"end":{"line":175,"column":5}}},"57":{"name":"(anonymous_58)","decl":{"start":{"line":178,"column":22},"end":{"line":178,"column":25}},"loc":{"start":{"line":178,"column":28},"end":{"line":178,"column":57}}},"58":{"name":"(anonymous_59)","decl":{"start":{"line":179,"column":28},"end":{"line":179,"column":29}},"loc":{"start":{"line":179,"column":71},"end":{"line":185,"column":3}}},"59":{"name":"(anonymous_60)","decl":{"start":{"line":191,"column":18},"end":{"line":191,"column":19}},"loc":{"start":{"line":191,"column":23},"end":{"line":191,"column":68}}},"60":{"name":"(anonymous_61)","decl":{"start":{"line":196,"column":97},"end":{"line":196,"column":98}},"loc":{"start":{"line":196,"column":102},"end":{"line":196,"column":150}}},"61":{"name":"(anonymous_62)","decl":{"start":{"line":197,"column":76},"end":{"line":197,"column":77}},"loc":{"start":{"line":197,"column":81},"end":{"line":197,"column":130}}},"62":{"name":"(anonymous_63)","decl":{"start":{"line":198,"column":74},"end":{"line":198,"column":75}},"loc":{"start":{"line":198,"column":79},"end":{"line":198,"column":127}}},"63":{"name":"(anonymous_64)","decl":{"start":{"line":229,"column":55},"end":{"line":229,"column":57}},"loc":{"start":{"line":229,"column":59},"end":{"line":229,"column":83}}},"64":{"name":"(anonymous_65)","decl":{"start":{"line":229,"column":75},"end":{"line":229,"column":76}},"loc":{"start":{"line":229,"column":80},"end":{"line":229,"column":82}}},"65":{"name":"(anonymous_66)","decl":{"start":{"line":239,"column":20},"end":{"line":239,"column":21}},"loc":{"start":{"line":239,"column":25},"end":{"line":239,"column":106}}},"66":{"name":"(anonymous_67)","decl":{"start":{"line":251,"column":20},"end":{"line":251,"column":21}},"loc":{"start":{"line":252,"column":10},"end":{"line":252,"column":28}}},"67":{"name":"ClientWizard","decl":{"start":{"line":267,"column":16},"end":{"line":267,"column":28}},"loc":{"start":{"line":267,"column":91},"end":{"line":525,"column":1}}},"68":{"name":"(anonymous_69)","decl":{"start":{"line":283,"column":18},"end":{"line":283,"column":21}},"loc":{"start":{"line":283,"column":23},"end":{"line":300,"column":3}}},"69":{"name":"(anonymous_70)","decl":{"start":{"line":285,"column":13},"end":{"line":285,"column":14}},"loc":{"start":{"line":285,"column":22},"end":{"line":290,"column":5}}},"70":{"name":"(anonymous_71)","decl":{"start":{"line":291,"column":13},"end":{"line":291,"column":14}},"loc":{"start":{"line":291,"column":22},"end":{"line":299,"column":5}}},"71":{"name":"(anonymous_72)","decl":{"start":{"line":302,"column":42},"end":{"line":302,"column":43}},"loc":{"start":{"line":302,"column":73},"end":{"line":309,"column":3}}},"72":{"name":"(anonymous_73)","decl":{"start":{"line":311,"column":21},"end":{"line":311,"column":26}},"loc":{"start":{"line":311,"column":32},"end":{"line":359,"column":3}}},"73":{"name":"(anonymous_74)","decl":{"start":{"line":358,"column":18},"end":{"line":358,"column":19}},"loc":{"start":{"line":358,"column":25},"end":{"line":358,"column":30}}},"74":{"name":"(anonymous_75)","decl":{"start":{"line":360,"column":21},"end":{"line":360,"column":24}},"loc":{"start":{"line":360,"column":27},"end":{"line":360,"column":66}}},"75":{"name":"(anonymous_76)","decl":{"start":{"line":360,"column":41},"end":{"line":360,"column":42}},"loc":{"start":{"line":360,"column":47},"end":{"line":360,"column":65}}},"76":{"name":"(anonymous_77)","decl":{"start":{"line":365,"column":19},"end":{"line":365,"column":20}},"loc":{"start":{"line":366,"column":10},"end":{"line":366,"column":null}}},"77":{"name":"(anonymous_78)","decl":{"start":{"line":368,"column":35},"end":{"line":368,"column":38}},"loc":{"start":{"line":368,"column":41},"end":{"line":368,"column":59}}},"78":{"name":"(anonymous_79)","decl":{"start":{"line":384,"column":22},"end":{"line":384,"column":23}},"loc":{"start":{"line":384,"column":28},"end":{"line":394,"column":13}}},"79":{"name":"(anonymous_80)","decl":{"start":{"line":387,"column":26},"end":{"line":387,"column":27}},"loc":{"start":{"line":387,"column":37},"end":{"line":392,"column":18}}},"80":{"name":"(anonymous_81)","decl":{"start":{"line":399,"column":52},"end":{"line":399,"column":53}},"loc":{"start":{"line":399,"column":59},"end":{"line":399,"column":92}}},"81":{"name":"(anonymous_82)","decl":{"start":{"line":399,"column":68},"end":{"line":399,"column":69}},"loc":{"start":{"line":399,"column":74},"end":{"line":399,"column":90}}},"82":{"name":"(anonymous_83)","decl":{"start":{"line":402,"column":46},"end":{"line":402,"column":47}},"loc":{"start":{"line":402,"column":53},"end":{"line":402,"column":86}}},"83":{"name":"(anonymous_84)","decl":{"start":{"line":402,"column":62},"end":{"line":402,"column":63}},"loc":{"start":{"line":402,"column":68},"end":{"line":402,"column":84}}},"84":{"name":"(anonymous_85)","decl":{"start":{"line":405,"column":52},"end":{"line":405,"column":53}},"loc":{"start":{"line":405,"column":59},"end":{"line":405,"column":92}}},"85":{"name":"(anonymous_86)","decl":{"start":{"line":405,"column":68},"end":{"line":405,"column":69}},"loc":{"start":{"line":405,"column":74},"end":{"line":405,"column":90}}},"86":{"name":"(anonymous_87)","decl":{"start":{"line":408,"column":53},"end":{"line":408,"column":54}},"loc":{"start":{"line":408,"column":60},"end":{"line":408,"column":93}}},"87":{"name":"(anonymous_88)","decl":{"start":{"line":408,"column":69},"end":{"line":408,"column":70}},"loc":{"start":{"line":408,"column":75},"end":{"line":408,"column":91}}},"88":{"name":"(anonymous_89)","decl":{"start":{"line":411,"column":50},"end":{"line":411,"column":51}},"loc":{"start":{"line":411,"column":57},"end":{"line":411,"column":90}}},"89":{"name":"(anonymous_90)","decl":{"start":{"line":411,"column":66},"end":{"line":411,"column":67}},"loc":{"start":{"line":411,"column":72},"end":{"line":411,"column":88}}},"90":{"name":"(anonymous_91)","decl":{"start":{"line":474,"column":47},"end":{"line":474,"column":48}},"loc":{"start":{"line":475,"column":24},"end":{"line":475,"column":45}}},"91":{"name":"(anonymous_92)","decl":{"start":{"line":482,"column":48},"end":{"line":482,"column":49}},"loc":{"start":{"line":483,"column":24},"end":{"line":483,"column":45}}},"92":{"name":"(anonymous_93)","decl":{"start":{"line":492,"column":51},"end":{"line":492,"column":52}},"loc":{"start":{"line":493,"column":24},"end":{"line":493,"column":null}}}},"branchMap":{"0":{"loc":{"start":{"line":32,"column":51},"end":{"line":32,"column":80}},"type":"binary-expr","locations":[{"start":{"line":32,"column":51},"end":{"line":32,"column":74}},{"start":{"line":32,"column":78},"end":{"line":32,"column":80}}]},"1":{"loc":{"start":{"line":33,"column":39},"end":{"line":33,"column":64}},"type":"binary-expr","locations":[{"start":{"line":33,"column":39},"end":{"line":33,"column":58}},{"start":{"line":33,"column":62},"end":{"line":33,"column":64}}]},"2":{"loc":{"start":{"line":34,"column":44},"end":{"line":34,"column":69}},"type":"binary-expr","locations":[{"start":{"line":34,"column":44},"end":{"line":34,"column":63}},{"start":{"line":34,"column":67},"end":{"line":34,"column":69}}]},"3":{"loc":{"start":{"line":35,"column":53},"end":{"line":35,"column":71}},"type":"binary-expr","locations":[{"start":{"line":35,"column":53},"end":{"line":35,"column":65}},{"start":{"line":35,"column":69},"end":{"line":35,"column":71}}]},"4":{"loc":{"start":{"line":36,"column":36},"end":{"line":36,"column":51}},"type":"binary-expr","locations":[{"start":{"line":36,"column":36},"end":{"line":36,"column":45}},{"start":{"line":36,"column":49},"end":{"line":36,"column":51}}]},"5":{"loc":{"start":{"line":37,"column":36},"end":{"line":37,"column":51}},"type":"binary-expr","locations":[{"start":{"line":37,"column":36},"end":{"line":37,"column":45}},{"start":{"line":37,"column":49},"end":{"line":37,"column":51}}]},"6":{"loc":{"start":{"line":38,"column":48},"end":{"line":38,"column":74}},"type":"binary-expr","locations":[{"start":{"line":38,"column":48},"end":{"line":38,"column":68}},{"start":{"line":38,"column":72},"end":{"line":38,"column":74}}]},"7":{"loc":{"start":{"line":39,"column":36},"end":{"line":39,"column":51}},"type":"binary-expr","locations":[{"start":{"line":39,"column":36},"end":{"line":39,"column":45}},{"start":{"line":39,"column":49},"end":{"line":39,"column":51}}]},"8":{"loc":{"start":{"line":40,"column":50},"end":{"line":40,"column":73}},"type":"binary-expr","locations":[{"start":{"line":40,"column":50},"end":{"line":40,"column":67}},{"start":{"line":40,"column":71},"end":{"line":40,"column":73}}]},"9":{"loc":{"start":{"line":48,"column":49},"end":{"line":48,"column":80}},"type":"binary-expr","locations":[{"start":{"line":48,"column":49},"end":{"line":48,"column":74}},{"start":{"line":48,"column":78},"end":{"line":48,"column":80}}]},"10":{"loc":{"start":{"line":49,"column":46},"end":{"line":49,"column":74}},"type":"binary-expr","locations":[{"start":{"line":49,"column":46},"end":{"line":49,"column":68}},{"start":{"line":49,"column":72},"end":{"line":49,"column":74}}]},"11":{"loc":{"start":{"line":50,"column":47},"end":{"line":50,"column":69}},"type":"binary-expr","locations":[{"start":{"line":50,"column":47},"end":{"line":50,"column":63}},{"start":{"line":50,"column":67},"end":{"line":50,"column":69}}]},"12":{"loc":{"start":{"line":51,"column":48},"end":{"line":51,"column":71}},"type":"binary-expr","locations":[{"start":{"line":51,"column":48},"end":{"line":51,"column":65}},{"start":{"line":51,"column":69},"end":{"line":51,"column":71}}]},"13":{"loc":{"start":{"line":59,"column":54},"end":{"line":59,"column":85}},"type":"binary-expr","locations":[{"start":{"line":59,"column":54},"end":{"line":59,"column":79}},{"start":{"line":59,"column":83},"end":{"line":59,"column":85}}]},"14":{"loc":{"start":{"line":60,"column":49},"end":{"line":60,"column":72}},"type":"binary-expr","locations":[{"start":{"line":60,"column":49},"end":{"line":60,"column":66}},{"start":{"line":60,"column":70},"end":{"line":60,"column":72}}]},"15":{"loc":{"start":{"line":61,"column":42},"end":{"line":61,"column":62}},"type":"binary-expr","locations":[{"start":{"line":61,"column":42},"end":{"line":61,"column":56}},{"start":{"line":61,"column":60},"end":{"line":61,"column":62}}]},"16":{"loc":{"start":{"line":62,"column":43},"end":{"line":62,"column":64}},"type":"binary-expr","locations":[{"start":{"line":62,"column":43},"end":{"line":62,"column":58}},{"start":{"line":62,"column":62},"end":{"line":62,"column":64}}]},"17":{"loc":{"start":{"line":63,"column":54},"end":{"line":63,"column":85}},"type":"binary-expr","locations":[{"start":{"line":63,"column":54},"end":{"line":63,"column":79}},{"start":{"line":63,"column":83},"end":{"line":63,"column":85}}]},"18":{"loc":{"start":{"line":69,"column":17},"end":{"line":69,"column":35}},"type":"binary-expr","locations":[{"start":{"line":69,"column":17},"end":{"line":69,"column":29}},{"start":{"line":69,"column":33},"end":{"line":69,"column":35}}]},"19":{"loc":{"start":{"line":70,"column":18},"end":{"line":70,"column":37}},"type":"binary-expr","locations":[{"start":{"line":70,"column":18},"end":{"line":70,"column":31}},{"start":{"line":70,"column":35},"end":{"line":70,"column":37}}]},"20":{"loc":{"start":{"line":83,"column":11},"end":{"line":83,"column":113}},"type":"binary-expr","locations":[{"start":{"line":83,"column":11},"end":{"line":83,"column":30}},{"start":{"line":83,"column":34},"end":{"line":83,"column":113}}]},"21":{"loc":{"start":{"line":86,"column":106},"end":{"line":86,"column":142}},"type":"cond-expr","locations":[{"start":{"line":86,"column":114},"end":{"line":86,"column":140}},{"start":{"line":86,"column":141},"end":{"line":86,"column":142}}]},"22":{"loc":{"start":{"line":91,"column":23},"end":{"line":91,"column":41}},"type":"binary-expr","locations":[{"start":{"line":91,"column":23},"end":{"line":91,"column":35}},{"start":{"line":91,"column":39},"end":{"line":91,"column":41}}]},"23":{"loc":{"start":{
[...]
rt":{"line":23,"column":11},"end":{"line":23,"column":46}},"type":"cond-expr","locations":[{"start":{"line":23,"column":35},"end":{"line":23,"column":41}},{"start":{"line":23,"column":44},"end":{"line":23,"column":46}}]},"3":{"loc":{"start":{"line":30,"column":2},"end":{"line":30,"column":44}},"type":"if","locations":[{"start":{"line":30,"column":2},"end":{"line":30,"column":44}}]},"4":{"loc":{"start":{"line":38,"column":2},"end":{"line":38,"column":57}},"type":"if","locations":[{"start":{"line":38,"column":2},"end":{"line":38,"column":57}}]},"5":{"loc":{"start":{"line":40,"column":4},"end":{"line":40,"column":52}},"type":"if","locations":[{"start":{"line":40,"column":4},"end":{"line":40,"column":52}}]},"6":{"loc":{"start":{"line":41,"column":4},"end":{"line":41,"column":61}},"type":"if","locations":[{"start":{"line":41,"column":4},"end":{"line":41,"column":61}}]},"7":{"loc":{"start":{"line":41,"column":8},"end":{"line":41,"column":46}},"type":"binary-expr","locations":[{"start":{"line":41,"column":8},"end":{"line":41,"column":17}},{"start":{"line":41,"column":21},"end":{"line":41,"column":46}}]},"8":{"loc":{"start":{"line":42,"column":4},"end":{"line":42,"column":52}},"type":"if","locations":[{"start":{"line":42,"column":4},"end":{"line":42,"column":52}}]},"9":{"loc":{"start":{"line":42,"column":8},"end":{"line":42,"column":37}},"type":"binary-expr","locations":[{"start":{"line":42,"column":8},"end":{"line":42,"column":14}},{"start":{"line":42,"column":18},"end":{"line":42,"column":37}}]},"10":{"loc":{"start":{"line":59,"column":15},"end":{"line":59,"column":38}},"type":"binary-expr","locations":[{"start":{"line":59,"column":15},"end":{"line":59,"column":30}},{"start":{"line":59,"column":34},"end":{"line":59,"column":38}}]},"11":{"loc":{"start":{"line":62,"column":12},"end":{"line":62,"column":34}},"type":"binary-expr","locations":[{"start":{"line":62,"column":12},"end":{"line":62,"column":24}},{"start":{"line":62,"column":28},"end":{"line":62,"column":34}}]},"12":{"loc":{"start":{"line":74,"column":2},"end":{"line":74,"column":27}},"type":"if","locations":[{"start":{"line":74,"column":2},"end":{"line":74,"column":27}}]},"13":{"loc":{"start":{"line":83,"column":2},"end":{"line":86,"column":3}},"type":"if","locations":[{"start":{"line":83,"column":2},"end":{"line":86,"column":3}}]},"14":{"loc":{"start":{"line":89,"column":44},"end":{"line":89,"column":74}},"type":"default-arg","locations":[{"start":{"line":89,"column":55},"end":{"line":89,"column":74}}]},"15":{"loc":{"start":{"line":91,"column":29},"end":{"line":91,"column":106}},"type":"binary-expr","locations":[{"start":{"line":91,"column":29},"end":{"line":91,"column":36}},{"start":{"line":91,"column":40},"end":{"line":91,"column":59}},{"start":{"line":91,"column":63},"end":{"line":91,"column":88}},{"start":{"line":91,"column":92},"end":{"line":91,"column":106}}]}},"s":{"0":0,"1":0,"2":0,"3":0,"4":0,"5":0,"6":0,"7":0,"8":0,"9":0,"10":0,"11":0,"12":0,"13":0,"14":0,"15":0,"16":0,"17":0,"18":0,"19":0,"20":0,"21":0,"22":0,"23":0,"24":0,"25":0,"26":0,"27":0,"28":0,"29":0,"30":0,"31":0,"32":0,"33":0,"34":0,"35":0,"36":0,"37":0,"38":0,"39":0,"40":0,"41":0,"42":0,"43":0,"44":0,"45":0,"46":0,"47":0,"48":0,"49":0,"50":0},"f":{"0":0,"1":0,"2":0,"3":0,"4":0,"5":0,"6":0,"7":0,"8":0,"9":0,"10":0},"b":{"0":[0],"1":[0],"2":[0,0],"3":[0],"4":[0],"5":[0],"6":[0],"7":[0,0],"8":[0],"9":[0,0],"10":[0,0],"11":[0,0],"12":[0],"13":[0],"14":[0],"15":[0,0,0,0]}}
,"/Users/mrjames/Desktop/athletenarrative/web/web-app/services/templates.ts": {"path":"/Users/mrjames/Desktop/athletenarrative/web/web-app/services/templates.ts","statementMap":{"0":{"start":{"line":32,"column":0},"end":{"line":32,"column":16}},"1":{"start":{"line":39,"column":0},"end":{"line":39,"column":16}},"2":{"start":{"line":46,"column":0},"end":{"line":46,"column":16}},"3":{"start":{"line":55,"column":0},"end":{"line":55,"column":16}},"4":{"start":{"line":90,"column":0},"end":{"line":90,"column":16}},"5":{"start":{"line":13,"column":12},"end":{"line":13,"column":32}},"6":{"start":{"line":16,"column":2},"end":{"line":21,"column":3}},"7":{"start":{"line":17,"column":16},"end":{"line":17,"column":41}},"8":{"start":{"line":18,"column":4},"end":{"line":18,"column":59}},"9":{"start":{"line":20,"column":4},"end":{"line":20,"column":14}},"10":{"start":{"line":25,"column":2},"end":{"line":25,"column":50}},"11":{"start":{"line":29,"column":2},"end":{"line":29,"column":71}},"12":{"start":{"line":33,"column":14},"end":{"line":33,"column":23}},"13":{"start":{"line":34,"column":2},"end":{"line":36,"column":47}},"14":{"start":{"line":35,"column":17},"end":{"line":35,"column":111}},"15":{"start":{"line":36,"column":20},"end":{"line":36,"column":45}},"16":{"start":{"line":40,"column":14},"end":{"line":40,"column":23}},"17":{"start":{"line":41,"column":29},"end":{"line":41,"column":75}},"18":{"start":{"line":42,"column":2},"end":{"line":42,"column":25}},"19":{"start":{"line":43,"column":2},"end":{"line":43,"column":13}},"20":{"start":{"line":47,"column":2},"end":{"line":47,"column":42}},"21":{"start":{"line":47,"column":29},"end":{"line":47,"column":40}},"22":{"start":{"line":51,"column":2},"end":{"line":51,"column":50}},"23":{"start":{"line":66,"column":12},"end":{"line":66,"column":24}},"24":{"start":{"line":68,"column":47},"end":{"line":73,"column":4}},"25":{"start":{"line":74,"column":2},"end":{"line":76,"column":3}},"26":{"start":{"line":75,"column":4},"end":{"line":75,"column":72}},"27":{"start":{"line":77,"column":2},"end":{"line":79,"column":3}},"28":{"start":{"line":78,"column":4},"end":{"line":78,"column":50}},"29":{"start":{"line":80,"column":2},"end":{"line":85,"column":3}},"30":{"start":{"line":81,"column":4},"end":{"line":84,"column":5}},"31":{"start":{"line":82,"column":17},"end":{"line":82,"column":52}},"32":{"start":{"line":83,"column":6},"end":{"line":83,"column":32}},"33":{"start":{"line":86,"column":2},"end":{"line":86,"column":13}},"34":{"start":{"line":101,"column":12},"end":{"line":101,"column":24}},"35":{"start":{"line":102,"column":38},"end":{"line":109,"column":4}},"36":{"start":{"line":110,"column":2},"end":{"line":113,"column":3}},"37":{"start":{"line":111,"column":15},"end":{"line":111,"column":47}},"38":{"start":{"line":112,"column":4},"end":{"line":112,"column":29}},"39":{"start":{"line":114,"column":2},"end":{"line":114,"column":13}}},"fnMap":{"0":{"name":"loadAll","decl":{"start":{"line":15,"column":9},"end":{"line":15,"column":16}},"loc":{"start":{"line":15,"column":16},"end":{"line":22,"column":1}}},"1":{"name":"saveAll","decl":{"start":{"line":24,"column":9},"end":{"line":24,"column":16}},"loc":{"start":{"line":24,"column":38},"end":{"line":26,"column":1}}},"2":{"name":"uid","decl":{"start":{"line":28,"column":9},"end":{"line":28,"column":12}},"loc":{"start":{"line":28,"column":12},"end":{"line":30,"column":1}}},"3":{"name":"listTemplates","decl":{"start":{"line":32,"column":16},"end":{"line":32,"column":29}},"loc":{"start":{"line":32,"column":86},"end":{"line":37,"column":1}}},"4":{"name":"(anonymous_4)","decl":{"start":{"line":35,"column":12},"end":{"line":35,"column":13}},"loc":{"start":{"line":35,"column":17},"end":{"line":35,"column":111}}},"5":{"name":"(anonymous_5)","decl":{"start":{"line":36,"column":10},"end":{"line":36,"column":11}},"loc":{"start":{"line":36,"column":20},"end":{"line":36,"column":45}}},"6":{"name":"saveTemplate","decl":{"start":{"line":39,"column":16},"end":{"line":39,"column":28}},"loc":{"start":{"line":39,"column":75},"end":{"line":44,"column":1}}},"7":{"name":"getTemplate","decl":{"start":{"line":46,"column":16},"end":{"line":46,"column":27}},"loc":{"start":{"line":46,"column":38},"end":{"line":48,"column":1}}},"8":{"name":"(anonymous_8)","decl":{"start":{"line":47,"column":24},"end":{"line":47,"column":25}},"loc":{"start":{"line":47,"column":29},"end":{"line":47,"column":40}}},"9":{"name":"escapeRegExp","decl":{"start":{"line":50,"column":9},"end":{"line":50,"column":21}},"loc":{"start":{"line":50,"column":31},"end":{"line":52,"column":1}}},"10":{"name":"toTemplateHtml","decl":{"start":{"line":55,"column":16},"end":{"line":55,"column":30}},"loc":{"start":{"line":64,"column":3},"end":{"line":87,"column":1}}},"11":{"name":"applyTemplate","decl":{"start":{"line":90,"column":16},"end":{"line":90,"column":29}},"loc":{"start":{"line":99,"column":3},"end":{"line":115,"column":1}}}},"branchMap":{"0":{"loc":{"start":{"line":18,"column":11},"end":{"line":18,"column":58}},"type":"cond-expr","locations":[{"start":{"line":18,"column":18},"end":{"line":18,"column":53}},{"start":{"line":18,"column":56},"end":{"line":18,"column":58}}]},"1":{"loc":{"start":{"line":35,"column":17},"end":{"line":35,"column":111}},"type":"binary-expr","locations":[{"start":{"line":35,"column":17},"end":{"line":35,"column":52}},{"start":{"line":35,"column":57},"end":{"line":35,"column":110}}]},"2":{"loc":{"start":{"line":35,"column":57},"end":{"line":35,"column":110}},"type":"cond-expr","locations":[{"start":{"line":35,"column":74},"end":{"line":35,"column":103}},{"start":{"line":35,"column":106},"end":{"line":35,"column":110}}]},"3":{"loc":{"start":{"line":74,"column":2},"end":{"line":76,"column":3}},"type":"if","locations":[{"start":{"line":74,"column":2},"end":{"line":76,"column":3}}]},"4":{"loc":{"start":{"line":77,"column":2},"end":{"line":79,"column":3}},"type":"if","locations":[{"start":{"line":77,"column":2},"end":{"line":79,"column":3}}]},"5":{"loc":{"start":{"line":81,"column":4},"end":{"line":84,"column":5}},"type":"if","locations":[{"start":{"line":81,"column":4},"end":{"line":84,"column":5}}]},"6":{"loc":{"start":{"line":81,"column":8},"end":{"line":81,"column":34}},"type":"binary-expr","locations":[{"start":{"line":81,"column":8},"end":{"line":81,"column":12}},{"start":{"line":81,"column":16},"end":{"line":81,"column":34}}]},"7":{"loc":{"start":{"line":103,"column":28},"end":{"line":103,"column":54}},"type":"binary-expr","locations":[{"start":{"line":103,"column":28},"end":{"line":103,"column":48}},{"start":{"line":103,"column":52},"end":{"line":103,"column":54}}]},"8":{"loc":{"start":{"line":104,"column":27},"end":{"line":104,"column":52}},"type":"binary-expr","locations":[{"start":{"line":104,"column":27},"end":{"line":104,"column":46}},{"start":{"line":104,"column":50},"end":{"line":104,"column":52}}]},"9":{"loc":{"start":{"line":105,"column":27},"end":{"line":105,"column":52}},"type":"binary-expr","locations":[{"start":{"line":105,"column":27},"end":{"line":105,"column":46}},{"start":{"line":105,"column":50},"end":{"line":105,"column":52}}]},"10":{"loc":{"start":{"line":106,"column":26},"end":{"line":106,"column":50}},"type":"binary-expr","locations":[{"start":{"line":106,"column":26},"end":{"line":106,"column":44}},{"start":{"line":106,"column":48},"end":{"line":106,"column":50}}]},"11":{"loc":{"start":{"line":107,"column":32},"end":{"line":107,"column":62}},"type":"binary-expr","locations":[{"start":{"line":107,"column":32},"end":{"line":107,"column":56}},{"start":{"line":107,"column":60},"end":{"line":107,"column":62}}]},"12":{"loc":{"start":{"line":108,"column":21},"end":{"line":108,"column":40}},"type":"binary-expr","locations":[{"start":{"line":108,"column":21},"end":{"line":108,"column":34}},{"start":{"line":108,"column":38},"end":{"line":108,"column":40}}]}},"s":{"0":0,"1":0,"2":0,"3":0,"4":0,"5":0,"6":0,"7":0,"8":0,"9":0,"10":0,"11":0,"12":0,"13":0,"14":0,"15":0,"16":0,"17":0,"18":0,"19":0,"20":0,"21":0,"22":0,"23":0,"24":0,"25":0,"26":0,"27":0,"28":0,"29":0,"30":0,"31":0,"32":0,"33":0,"34":0,"35":0,"36":0,"37":0,"38":0,"39":0},"f":{"0":0,"1":0,"2":0,"3":0,"4":0,"5":0,"6":0,"7":0,"8":0,"9":0,"10":0,"11":0},"b":{"0":[0,0],"1":[0,0],"2":[0,0],"3":[0],"4":[0],"5":[0],"6":[0,0],"7":[0,0],"8":[0,0],"9":[0,0],"10":[0,0],"11":[0,0],"12":[0,0]}}
,"/Users/mrjames/Desktop/athletenarrative/web/web-app/tenancy/TenantContext.tsx": {"path":"/Users/mrjames/Desktop/athletenarrative/web/web-app/tenancy/TenantContext.tsx","statementMap":{"0":{"start":{"line":7,"column":0},"end":{"line":7,"column":16}},"1":{"start":{"line":11,"column":0},"end":{"line":11,"column":16}},"2":{"start":{"line":2,"column":0},"end":{"line":2,"column":26}},"3":{"start":{"line":5,"column":18},"end":{"line":5,"column":64}},"4":{"start":{"line":8,"column":2},"end":{"line":8,"column":76}},"5":{"start":{"line":12,"column":14},"end":{"line":12,"column":41}},"6":{"start":{"line":13,"column":2},"end":{"line":13,"column":76}},"7":{"start":{"line":13,"column":12},"end":{"line":13,"column":76}},"8":{"start":{"line":14,"column":2},"end":{"line":14,"column":13}}},"fnMap":{"0":{"name":"TenantProvider","decl":{"start":{"line":7,"column":16},"end":{"line":7,"column":30}},"loc":{"start":{"line":7,"column":104},"end":{"line":9,"column":1}}},"1":{"name":"useTenant","decl":{"start":{"line":11,"column":16},"end":{"line":11,"column":25}},"loc":{"start":{"line":11,"column":25},"end":{"line":15,"column":1}}}},"branchMap":{"0":{"loc":{"start":{"line":13,"column":2},"end":{"line":13,"column":76}},"type":"if","locations":[{"start":{"line":13,"column":2},"end":{"line":13,"column":76}}]}},"s":{"0":0,"1":0,"2":0,"3":0,"4":0,"5":0,"6":0,"7":0,"8":0},"f":{"0":0,"1":0},"b":{"0":[0]}}
,"/Users/mrjames/Desktop/athletenarrative/web/web-app/tenancy/TenantThemeProvider.tsx": {"path":"/Users/mrjames/Desktop/athletenarrative/web/web-app/tenancy/TenantThemeProvider.tsx","statementMap":{"0":{"start":{"line":13,"column":0},"end":{"line":13,"column":16}},"1":{"start":{"line":2,"column":0},"end":{"line":2,"column":26}},"2":{"start":{"line":3,"column":0},"end":{"line":3,"column":59}},"3":{"start":{"line":4,"column":0},"end":{"line":4,"column":59}},"4":{"start":{"line":6,"column":0},"end":{"line":6,"column":57}},"5":{"start":{"line":14,"column":16},"end":{"line":14,"column":72}},"6":{"start":{"line":14,"column":36},"end":{"line":14,"column":61}},"7":{"start":{"line":15,"column":2},"end":{"line":22,"column":4}}},"fnMap":{"0":{"name":"TenantThemeProvider","decl":{"start":{"line":13,"column":16},"end":{"line":13,"column":35}},"loc":{"start":{"line":13,"column":63},"end":{"line":23,"column":1}}},"1":{"name":"(anonymous_2)","decl":{"start":{"line":14,"column":30},"end":{"line":14,"column":33}},"loc":{"start":{"line":14,"column":36},"end":{"line":14,"column":61}}}},"branchMap":{},"s":{"0":0,"1":0,"2":0,"3":0,"4":0,"5":0,"6":0,"7":0},"f":{"0":0,"1":0},"b":{}}
,"/Users/mrjames/Desktop/athletenarrative/web/web-app/tenancy/serverTenant.ts": {"path":"/Users/mrjames/Desktop/athletenarrative/web/web-app/tenancy/serverTenant.ts","statementMap":{"0":{"start":{"line":5,"column":0},"end":{"line":5,"column":7}},"1":{"start":{"line":1,"column":0},"end":{"line":1,"column":39}},"2":{"start":{"line":2,"column":0},"end":{"line":2,"column":45}},"3":{"start":{"line":3,"column":0},"end":{"line":3,"column":107}},"4":{"start":{"line":6,"column":15},"end":{"line":6,"column":30}},"5":{"start":{"line":7,"column":15},"end":{"line":7,"column":37}},"6":{"start":{"line":8,"column":15},"end":{"line":8,"column":46}},"7":{"start":{"line":10,"column":19},"end":{"line":10,"column":65}},"8":{"start":{"line":11,"column":2},"end":{"line":13,"column":3}},"9":{"start":{"line":12,"column":4},"end":{"line":12,"column":41}},"10":{"start":{"line":14,"column":19},"end":{"line":14,"column":65}},"11":{"start":{"line":15,"column":2},"end":{"line":15,"column":39}}},"fnMap":{"0":{"name":"getServerTenant","decl":{"start":{"line":5,"column":22},"end":{"line":5,"column":37}},"loc":{"start":{"line":5,"column":37},"end":{"line":16,"column":1}}}},"branchMap":{"0":{"loc":{"start":{"line":7,"column":15},"end":{"line":7,"column":37}},"type":"binary-expr","locations":[{"start":{"line":7,"column":15},"end":{"line":7,"column":31}},{"start":{"line":7,"column":35},"end":{"line":7,"column":37}}]},"1":{"loc":{"start":{"line":8,"column":15},"end":{"line":8,"column":46}},"type":"binary-expr","locations":[{"start":{"line":8,"column":15},"end":{"line":8,"column":40}},{"start":{"line":8,"column":44},"end":{"line":8,"column":46}}]},"2":{"loc":{"start":{"line":11,"column":2},"end":{"line":13,"column":3}},"type":"if","locations":[{"start":{"line":11,"column":2},"end":{"line":13,"column":3}}]}},"s":{"0":0,"1":0,"2":0,"3":0,"4":0,"5":0,"6":0,"7":0,"8":0,"9":0,"10":0,"11":0},"f":{"0":0},"b":{"0":[0,0],"1":[0,0],"2":[0]}}
,"/Users/mrjames/Desktop/athletenarrative/web/web-app/tenancy/tenantResolver.ts": {"path":"/Users/mrjames/Desktop/athletenarrative/web/web-app/tenancy/tenantResolver.ts","statementMap":{"0":{"start":{"line":3,"column":0},"end":{"line":3,"column":16}},"1":{"start":{"line":13,"column":0},"end":{"line":13,"column":16}},"2":{"start":{"line":22,"column":0},"end":{"line":22,"column":16}},"3":{"start":{"line":1,"column":0},"end":{"line":1,"column":45}},"4":{"start":{"line":5,"column":16},"end":{"line":5,"column":51}},"5":{"start":{"line":6,"column":2},"end":{"line":8,"column":3}},"6":{"start":{"line":7,"column":4},"end":{"line":7,"column":20}},"7":{"start":{"line":10,"column":2},"end":{"line":10,"column":19}},"8":{"start":{"line":15,"column":16},"end":{"line":15,"column":51}},"9":{"start":{"line":16,"column":2},"end":{"line":18,"column":3}},"10":{"start":{"line":17,"column":4},"end":{"line":17,"column":20}},"11":{"start":{"line":19,"column":2},"end":{"line":19,"column":19}},"12":{"start":{"line":23,"column":14},"end":{"line":23,"column":33}},"13":{"start":{"line":24,"column":2},"end":{"line":24,"column":46}}},"fnMap":{"0":{"name":"resolveTenantFromHost","decl":{"start":{"line":3,"column":16},"end":{"line":3,"column":37}},"loc":{"start":{"line":3,"column":54},"end":{"line":11,"column":1}}},"1":{"name":"resolveTenantFromPath","decl":{"start":{"line":13,"column":16},"end":{"line":13,"column":37}},"loc":{"start":{"line":13,"column":54},"end":{"line":20,"column":1}}},"2":{"name":"ensureKnownTenant","decl":{"start":{"line":22,"column":16},"end":{"line":22,"column":33}},"loc":{"start":{"line":22,"column":50},"end":{"line":25,"column":1}}}},"branchMap":{"0":{"loc":{"start":{"line":6,"column":2},"end":{"line":8,"column":3}},"type":"if","locations":[{"start":{"line":6,"column":2},"end":{"line":8,"column":3}}]},"1":{"loc":{"start":{"line":16,"column":2},"end":{"line":18,"column":3}},"type":"if","locations":[{"start":{"line":16,"column":2},"end":{"line":18,"column":3}}]},"2":{"loc":{"start":{"line":16,"column":6},"end":{"line":16,"column":34}},"type":"binary-expr","locations":[{"start":{"line":16,"column":6},"end":{"line":16,"column":22}},{"start":{"line":16,"column":26},"end":{"line":16,"column":34}}]},"3":{"loc":{"start":{"line":24,"column":9},"end":{"line":24,"column":45}},"type":"cond-expr","locations":[{"start":{"line":24,"column":25},"end":{"line":24,"column":33}},{"start":{"line":24,"column":36},"end":{"line":24,"column":45}}]}},"s":{"0":0,"1":0,"2":0,"3":0,"4":0,"5":0,"6":0,"7":0,"8":0,"9":0,"10":0,"11":0,"12":0,"13":0},"f":{"0":0,"1":0,"2":0},"b":{"0":[0],"1":[0],"2":[0,0],"3":[0,0]}}
,"/Users/mrjames/Desktop/athletenarrative/web/web-app/tenancy/themeBuilder.ts": {"path":"/Users/mrjames/Desktop/athletenarrative/web/web-app/tenancy/themeBuilder.ts","statementMap":{"0":{"start":{"line":6,"column":0},"end":{"line":6,"column":16}},"1":{"start":{"line":1,"column":0},"end":{"line":1,"column":51}},"2":{"start":{"line":3,"column":0},"end":{"line":3,"column":48}},"3":{"start":{"line":4,"column":0},"end":{"line":4,"column":40}},"4":{"start":{"line":7,"column":16},"end":{"line":93,"column":4}},"5":{"start":{"line":94,"column":2},"end":{"line":94,"column":15}}},"fnMap":{"0":{"name":"createTenantTheme","decl":{"start":{"line":6,"column":16},"end":{"line":6,"column":33}},"loc":{"start":{"line":6,"column":54},"end":{"line":95,"column":1}}}},"branchMap":{"0":{"loc":{"start":{"line":10,"column":25},"end":{"line":10,"column":60}},"type":"binary-expr","locations":[{"start":{"line":10,"column":25},"end":{"line":10,"column":47}},{"start":{"line":10,"column":51},"end":{"line":10,"column":60}}]}},"s":{"0":0,"1":0,"2":0,"3":0,"4":0,"5":0},"f":{"0":0},"b":{"0":[0,0]}}
}
