{"/Users/mrjames/Desktop/athletenarrative/web/web-app/components/Button.tsx": {"path":"/Users/mrjames/Desktop/athletenarrative/web/web-app/components/Button.tsx","statementMap":{"0":{"start":{"line":9,"column":0},"end":{"line":9,"column":16}},"1":{"start":{"line":3,"column":0},"end":{"line":3,"column":80}},"2":{"start":{"line":10,"column":2},"end":{"line":10,"column":50}}},"fnMap":{"0":{"name":"Button","decl":{"start":{"line":9,"column":16},"end":{"line":9,"column":22}},"loc":{"start":{"line":9,"column":48},"end":{"line":11,"column":1}}}},"branchMap":{},"s":{"0":1,"1":1,"2":1},"f":{"0":1},"b":{}}
,"/Users/mrjames/Desktop/athletenarrative/web/web-app/config/index.ts": {"path":"/Users/mrjames/Desktop/athletenarrative/web/web-app/config/index.ts","statementMap":{"0":{"start":{"line":26,"column":0},"end":{"line":26,"column":16}},"1":{"start":{"line":34,"column":0},"end":{"line":34,"column":16}},"2":{"start":{"line":23,"column":48},"end":{"line":23,"column":52}},"3":{"start":{"line":24,"column":50},"end":{"line":24,"column":54}},"4":{"start":{"line":27,"column":2},"end":{"line":27,"column":54}},"5":{"start":{"line":27,"column":27},"end":{"line":27,"column":54}},"6":{"start":{"line":29,"column":21},"end":{"line":29,"column":86}},"7":{"start":{"line":30,"column":2},"end":{"line":30,"column":39}},"8":{"start":{"line":31,"column":2},"end":{"line":31,"column":29}},"9":{"start":{"line":35,"column":2},"end":{"line":35,"column":56}},"10":{"start":{"line":35,"column":28},"end":{"line":35,"column":56}},"11":{"start":{"line":36,"column":2},"end":{"line":67,"column":4}},"12":{"start":{"line":68,"column":2},"end":{"line":68,"column":30}}},"fnMap":{"0":{"name":"getServiceConfig","decl":{"start":{"line":26,"column":16},"end":{"line":26,"column":32}},"loc":{"start":{"line":26,"column":32},"end":{"line":32,"column":1}}},"1":{"name":"getTenantRegistry","decl":{"start":{"line":34,"column":16},"end":{"line":34,"column":33}},"loc":{"start":{"line":34,"column":33},"end":{"line":69,"column":1}}}},"branchMap":{"0":{"loc":{"start":{"line":27,"column":2},"end":{"line":27,"column":54}},"type":"if","locations":[{"start":{"line":27,"column":2},"end":{"line":27,"column":54}}]},"1":{"loc":{"start":{"line":29,"column":21},"end":{"line":29,"column":86}},"type":"binary-expr","locations":[{"start":{"line":29,"column":21},"end":{"line":29,"column":57}},{"start":{"line":29,"column":61},"end":{"line":29,"column":86}}]},"2":{"loc":{"start":{"line":35,"column":2},"end":{"line":35,"column":56}},"type":"if","locations":[{"start":{"line":35,"column":2},"end":{"line":35,"column":56}}]}},"s":{"0":14,"1":14,"2":14,"3":14,"4":4,"5":1,"6":3,"7":3,"8":3,"9":22,"10":10,"11":12,"12":12},"f":{"0":4,"1":22},"b":{"0":[1],"1":[3,3],"2":[10]}}
,"/Users/mrjames/Desktop/athletenarrative/web/web-app/features/agencies/AgencyWizard.tsx": {"path":"/Users/mrjames/Desktop/athletenarrative/web/web-app/features/agencies/AgencyWizard.tsx","statementMap":{"0":{"start":{"line":118,"column":0},"end":{"line":118,"column":16}},"1":{"start":{"line":2,"column":0},"end":{"line":2,"column":26}},"2":{"start":{"line":3,"column":0},"end":{"line":3,"column":136}},"3":{"start":{"line":4,"column":0},"end":{"line":4,"column":66}},"4":{"start":{"line":5,"column":0},"end":{"line":5,"column":51}},"5":{"start":{"line":6,"column":0},"end":{"line":6,"column":44}},"6":{"start":{"line":8,"column":14},"end":{"line":8,"column":71}},"7":{"start":{"line":11,"column":14},"end":{"line":11,"column":67}},"8":{"start":{"line":11,"column":37},"end":{"line":11,"column":67}},"9":{"start":{"line":12,"column":2},"end":{"line":18,"column":4}},"10":{"start":{"line":14,"column":126},"end":{"line":14,"column":154}},"11":{"start":{"line":15,"column":151},"end":{"line":15,"column":182}},"12":{"start":{"line":16,"column":123},"end":{"line":16,"column":150}},"13":{"start":{"line":22,"column":14},"end":{"line":22,"column":67}},"14":{"start":{"line":22,"column":37},"end":{"line":22,"column":67}},"15":{"start":{"line":23,"column":20},"end":{"line":23,"column":89}},"16":{"start":{"line":24,"column":2},"end":{"line":34,"column":4}},"17":{"start":{"line":26,"column":138},"end":{"line":26,"column":175}},"18":{"start":{"line":27,"column":135},"end":{"line":27,"column":171}},"19":{"start":{"line":28,"column":129},"end":{"line":28,"column":162}},"20":{"start":{"line":29,"column":136},"end":{"line":29,"column":169}},"21":{"start":{"line":38,"column":14},"end":{"line":38,"column":67}},"22":{"start":{"line":38,"column":37},"end":{"line":38,"column":67}},"23":{"start":{"line":39,"column":25},"end":{"line":45,"column":null}},"24":{"start":{"line":40,"column":4},"end":{"line":45,"column":6}},"25":{"start":{"line":47,"column":16},"end":{"line":55,"column":null}},"26":{"start":{"line":49,"column":6},"end":{"line":54,"column":8}},"27":{"start":{"line":57,"column":21},"end":{"line":65,"column":3}},"28":{"start":{"line":58,"column":4},"end":{"line":61,"column":5}},"29":{"start":{"line":59,"column":6},"end":{"line":59,"column":70}},"30":{"start":{"line":60,"column":6},"end":{"line":60,"column":13}},"31":{"start":{"line":62,"column":19},"end":{"line":62,"column":35}},"32":{"start":{"line":63,"column":4},"end":{"line":63,"column":109}},"33":{"start":{"line":63,"column":26},"end":{"line":63,"column":108}},"34":{"start":{"line":64,"column":4},"end":{"line":64,"column":31}},"35":{"start":{"line":66,"column":2},"end":{"line":115,"column":4}},"36":{"start":{"line":89,"column":24},"end":{"line":89,"column":100}},"37":{"start":{"line":96,"column":24},"end":{"line":96,"column":102}},"38":{"start":{"line":102,"column":68},"end":{"line":102,"column":107}},"39":{"start":{"line":111,"column":80},"end":{"line":111,"column":128}},"40":{"start":{"line":119,"column":17},"end":{"line":119,"column":28}},"41":{"start":{"line":120,"column":38},"end":{"line":120,"column":55}},"42":{"start":{"line":121,"column":26},"end":{"line":121,"column":104}},"43":{"start":{"line":122,"column":17},"end":{"line":122,"column":48}},"44":{"start":{"line":124,"column":21},"end":{"line":131,"column":3}},"45":{"start":{"line":125,"column":4},"end":{"line":129,"column":5}},"46":{"start":{"line":126,"column":21},"end":{"line":126,"column":52}},"47":{"start":{"line":127,"column":6},"end":{"line":127,"column":31}},"48":{"start":{"line":128,"column":6},"end":{"line":128,"column":13}},"49":{"start":{"line":130,"column":4},"end":{"line":130,"column":32}},"50":{"start":{"line":130,"column":25},"end":{"line":130,"column":30}},"51":{"start":{"line":132,"column":21},"end":{"line":132,"column":66}},"52":{"start":{"line":132,"column":27},"end":{"line":132,"column":66}},"53":{"start":{"line":132,"column":47},"end":{"line":132,"column":65}},"54":{"start":{"line":134,"column":2},"end":{"line":192,"column":4}},"55":{"start":{"line":138,"column":10},"end":{"line":138,"column":null}}},"fnMap":{"0":{"name":"BasicInfoStep","decl":{"start":{"line":10,"column":9},"end":{"line":10,"column":22}},"loc":{"start":{"line":10,"column":118},"end":{"line":19,"column":1}}},"1":{"name":"(anonymous_2)","decl":{"start":{"line":11,"column":14},"end":{"line":11,"column":15}},"loc":{"start":{"line":11,"column":37},"end":{"line":11,"column":67}}},"2":{"name":"(anonymous_3)","decl":{"start":{"line":14,"column":121},"end":{"line":14,"column":122}},"loc":{"start":{"line":14,"column":126},"end":{"line":14,"column":154}}},"3":{"name":"(anonymous_4)","decl":{"start":{"line":15,"column":146},"end":{"line":15,"column":147}},"loc":{"start":{"line":15,"column":151},"end":{"line":15,"column":182}}},"4":{"name":"(anonymous_5)","decl":{"start":{"line":16,"column":118},"end":{"line":16,"column":119}},"loc":{"start":{"line":16,"column":123},"end":{"line":16,"column":150}}},"5":{"name":"OwnerInfoStep","decl":{"start":{"line":21,"column":9},"end":{"line":21,"column":22}},"loc":{"start":{"line":21,"column":118},"end":{"line":35,"column":1}}},"6":{"name":"(anonymous_7)","decl":{"start":{"line":22,"column":14},"end":{"line":22,"column":15}},"loc":{"start":{"line":22,"column":37},"end":{"line":22,"column":67}}},"7":{"name":"(anonymous_8)","decl":{"start":{"line":26,"column":133},"end":{"line":26,"column":134}},"loc":{"start":{"line":26,"column":138},"end":{"line":26,"column":175}}},"8":{"name":"(anonymous_9)","decl":{"start":{"line":27,"column":130},"end":{"line":27,"column":131}},"loc":{"start":{"line":27,"column":135},"end":{"line":27,"column":171}}},"9":{"name":"(anonymous_10)","decl":{"start":{"line":28,"column":124},"end":{"line":28,"column":125}},"loc":{"start":{"line":28,"column":129},"end":{"line":28,"column":162}}},"10":{"name":"(anonymous_11)","decl":{"start":{"line":29,"column":131},"end":{"line":29,"column":132}},"loc":{"start":{"line":29,"column":136},"end":{"line":29,"column":169}}},"11":{"name":"SystemSettingsStep","decl":{"start":{"line":37,"column":9},"end":{"line":37,"column":27}},"loc":{"start":{"line":37,"column":123},"end":{"line":116,"column":1}}},"12":{"name":"(anonymous_13)","decl":{"start":{"line":38,"column":14},"end":{"line":38,"column":15}},"loc":{"start":{"line":38,"column":37},"end":{"line":38,"column":67}}},"13":{"name":"(anonymous_14)","decl":{"start":{"line":39,"column":40},"end":{"line":39,"column":43}},"loc":{"start":{"line":40,"column":4},"end":{"line":45,"column":6}}},"14":{"name":"(anonymous_15)","decl":{"start":{"line":48,"column":4},"end":{"line":48,"column":7}},"loc":{"start":{"line":49,"column":6},"end":{"line":54,"column":8}}},"15":{"name":"(anonymous_16)","decl":{"start":{"line":57,"column":21},"end":{"line":57,"column":22}},"loc":{"start":{"line":57,"column":44},"end":{"line":65,"column":3}}},"16":{"name":"(anonymous_17)","decl":{"start":{"line":63,"column":20},"end":{"line":63,"column":23}},"loc":{"start":{"line":63,"column":26},"end":{"line":63,"column":108}}},"17":{"name":"(anonymous_18)","decl":{"start":{"line":89,"column":18},"end":{"line":89,"column":19}},"loc":{"start":{"line":89,"column":24},"end":{"line":89,"column":100}}},"18":{"name":"(anonymous_19)","decl":{"start":{"line":96,"column":18},"end":{"line":96,"column":19}},"loc":{"start":{"line":96,"column":24},"end":{"line":96,"column":102}}},"19":{"name":"(anonymous_20)","decl":{"start":{"line":102,"column":63},"end":{"line":102,"column":64}},"loc":{"start":{"line":102,"column":68},"end":{"line":102,"column":107}}},"20":{"name":"(anonymous_21)","decl":{"start":{"line":111,"column":75},"end":{"line":111,"column":76}},"loc":{"start":{"line":111,"column":80},"end":{"line":111,"column":128}}},"21":{"name":"AgencyWizard","decl":{"start":{"line":118,"column":16},"end":{"line":118,"column":28}},"loc":{"start":{"line":118,"column":28},"end":{"line":193,"column":1}}},"22":{"name":"(anonymous_23)","decl":{"start":{"line":124,"column":21},"end":{"line":124,"column":26}},"loc":{"start":{"line":124,"column":32},"end":{"line":131,"column":3}}},"23":{"name":"(anonymous_24)","decl":{"start":{"line":130,"column":18},"end":{"line":130,"column":19}},"loc":{"start":{"line":130,"column":25},"end":{"line":130,"column":30}}},"24":{"name":"(anonymous_25)","decl":{"start":{"line":132,"column":21},"end":{"line":132,"column":24}},"loc":{"start":{"line":132,"column":27},"end":{"line":132,"column":66}}},"25":{"name":"(anonymous_26)","decl":{"start":{"line":132,"column":41},"end":{"line":132,"column":42}},"loc":{"start":{"line":132,"column":47},"end":{"line":132,"column":65}}},"26":{"name":"(anonymous_27)","decl":{"start":{"line":137,"column":19},"end":{"line":137,"column":20}},"loc":{"start":{"line":138,"column":10},"end":{"line":138,"column":null}}}},"branchMap":{"0":{"loc":{"start":{"line":14,"column":92},"end":{"line":14,"column":109}},"type":"binary-expr","locations":[{"start":{"line":14,"column":92},"end":{"line":14,"column":103}},{"start":{"line":14,"column":107},"end":{"line":14,"column":109}}]},"1":{"loc":{"start":{"line":15,"column":114},"end":{"line":15,"column":134}},"type":"binary-expr","locations":[{"start":{"line":15,"column":114},"end":{"line":15,"column":128}},{"start":{"line":15,"column":132},"end":{"line":15,"column":134}}]},"2":{"loc":{"start":{"line":16,"column":90},"end":{"line":16,"column":106}},"type":"binary-expr","locations":[{"start":{"line":16,"column":90},"end":{"line":16,"column":100}},{"start":{"line":16,"column":104},"end":{"line":16,"column":106}}]},"3":{"loc":{"start":{"line":26,"column":95},"end":{"line":26,"column":121}},"type":"binary-expr","locations":[{"start":{"line":26,"column":95},"end":{"line":26,"column":115}},{"start":{"line":26,"column":119},"end":{"line":26,"column":121}}]},"4":{"loc":{"start":{"line":27,"column":93},"end":{"line":27,"column":118}},"type":"binary-expr","locations":[{"start":{"line":27,"column":93},"end":{"line":27,"column":112}},{"start":{"line":27,"column":116},"end":{"line":27,"column":118}}]},"5":{"loc":{"start":{"line":28,"column":90},"end":{"line":28,"column":112}},"type":"binary-expr","locations":[{"start":{"line":28,"column":90},"end":{"line":28,"column":106}},{"start":{"line":28,"column":110},"end":{"line":28,"column":112}}]},"6":{"loc":{"start":{"line":29,"column":97},"end":{"line":29,"column":119}},"type":"binary-expr","locations":[{"start":{"line":29,"column":97},"end":{"line":29,"column":113}},{"start":{"line":29,"column":117},"end":{"line":29,"column":119}}]},"7":{"loc":{"start":{"line":31,"column":72},"end":{"line":31,"column":88}},"type":"binary-expr","locations":[{"start":{"line":31,"column":72},"end":{"line":31,"column":81}},{"start":{"line":31,"column":85},"end":{"line":31,"column":88}}]},"8":{"loc":{"start":{"line":42,"column":25},"end":{"line":42,"column":66}},"type":"binary-expr","locations":[{"start":{"line":42,"column":25},"end":{"line":42,"column":53}},{"start":{"line":42,"column":57},"end":{"line":42,"column":66}}]},"9":{"loc":{"start":{"line":43,"column":27},"end":{"line":43,"column":70}},"type":"binary-expr","locations":[{"start":{"line":43,"column":27},"end":{"line":43,"column":57}},{"start":{"line":43,"column":61},"end":{"line":43,"column":70}}]},"10":{"loc":{"start":{"line":51,"column":27},"end":{"line":51,"column":68}},"type":"binary-expr","locations":[{"start":{"line":51,"column":27},"end":{"line":51,"column":55}},{"start":{"line":51,"column":59},"end":{"line":51,"column":68}}]},"11":{"loc":{"start":{"line":52,"column":29},"end":{"line":52,"column":72}},"type":"binary-expr","locations":[{"start":{"line":52,"column":29},"end":{"line":52,"column":59}},{"start":{"line":52,"column":63},"end":{"line":52,"column":72}}]},"12":{"loc":{"start":{"line":58,"column":4},"end":{"line":61,"column":5}},"type":"if","locations":[{"start":{"line":58,"column":4},"end":{"line":61,"column":5}}]},"13":{"loc":{"start":{"line":59,"column":28},"end":{"line":59,"column":48}},"type":"binary-expr","locations":[{"start":{"line":59,"column":28},"end":{"line":59,"column":42}},{"start":{"line":59,"column":46},"end":{"line":59,"column":48}}]},"14":{"loc":{"start":{"line":63,"column":48},"end":{"line":63,"column":68}},"type":"binary-expr","locations":[{"start":{"line":63,"column":48},"end":{"line":63,"column":62}},{"start":{"line":63,"column":66},"end":{"line":63,"column":68}}]},"15":{"loc":{"start":{"line":79,"column":26},"end":{"line":79,"column":67}},"type":"binary-expr","locations":[{"start":{"line":79,"column":26},"end":{"line":79,"column":54}},{"start":{"line":79,"column":58},"end":{"line":79,"column":67}}]},"16":{"loc":{"start":{"line":82,"column":36},"end":{"line":82,"column":79}},"type":"binary-expr","locations":[{"start":{"line":82,"column":36},"end":{"line":82,"column":66}},{"start":{"line":82,"column":70},"end":{"line":82,"column":79}}]},"17":{"loc":{"start":{"line":88,"column":15},"end":{"line":88,"column":56}},"type":"binary-expr","locations":[{"start":{"line":88,"column":15},"end":{"line":88,"column":43}},{"start":{"line":88,"column":47},"end":{"line":88,"column":56}}]},"18":{"loc":{"start":{"line":89,"column":46},"end":{"line":89,"column":66}},"type":"binary-expr","locations":[{"start":{"line":89,"column":46},"end":{"line":89,"column":60}},{"start":{"line":89,"column":64},"end":{"line":89,"column":66}}]},"19":{"loc":{"start":{"line":95,"column":15},"end":{"line":95,"column":58}},"type":"binary-expr","locations":[{"start":{"line":95,"column":15},"end":{"line":95,"column":45}},{"start":{"line":95,"column":49},"end":{"line":95,"column":58}}]},"20":{"loc":{"start":{"line":96,"column":46},"end":{"line":96,"column":66}},"type":"binary-expr","locations":[{"start":{"line":96,"column":46},"end":{"line":96,"column":60}},{"start":{"line":96,"column":64},"end":{"line":96,"column":66}}]},"21":{"loc":{"start":{"line":102,"column":79},"end":{"line":102,"column":106}},"type":"binary-expr","locations":[{"start":{"line":102,"column":79},"end":{"line":102,"column":98}},{"start":{"line":102,"column":102},"end":{"line":102,"column":106}}]},"22":{"loc":{"start":{"line":104,"column":9},"end":{"line":107,"column":null}},"type":"binary-expr","locations":[{"start":{"line":104,"column":9},"end":{"line":104,"column":36}},{"start":{"line":105,"column":10},"end":{"line":106,"column":null}}]},"23":{"loc":{"start":{"line":111,"column":42},"end":{"line":111,"column":62}},"type":"binary-expr","locations":[{"start":{"line":111,"column":42},"end":{"line":111,"column":54}},{"start":{"line":111,"column":58},"end":{"line":111,"column":62}}]},"24":{"loc":{"start":{"line":125,"column":4},"end":{"line":129,"column":5}},"type":"if","locations":[{"start":{"line":125,"column":4},"end":{"line":129,"column":5}}]},"25":{"loc":{"start":{"line":144,"column":9},"end":{"line":144,"column":78}},"type":"binary-expr","locations":[{"start":{"line":144,"column":9},"end":{"line":144,"column":25}},{"start":{"line":144,"column":29},"end":{"line":144,"column":78}}]},"26":{"loc":{"start":{"line":145,"column":9},"end":{"line":145,"column":78}},"type":"binary-expr","locations":[{"start":{"line":145,"column":9},"end":{"line":145,"column":25}},{"start":{"line":145,"column":29},"end":{"line":145,"column":78}}]},"27":{"loc":{"start":{"line":146,"column":9},"end":{"line":146,"column":83}},"type":"binary-expr","locations":[{"start":{"line":146,"column":9},"end":{"line":146,"column":25}},{"start":{"line":146,"column":29},"end":{"line":146,"column":83}}]},"28":{"loc":{"start":{"line":147,"column":9},"end":{"line":184,"column":null}},"type":"binary-expr","locations":[{"start":{"line":147,"column":9},"end":{"line":147,"column":25}},{"start":{"line":148,"column":10},"end":{"line":183,"column":null}}]},"29":{"loc":{"start":{"line":153,"column":35},"end":{"line":153,"column":51}},"type":"binary-expr","locations":[{"start":{"line":153,"column":35},"end":{"line":153,"column":44}},{"start":{"line":153,"column":48},"end":{"line":153,"column":51}}]},"30":{"loc":{"start":{"line":154,"column":36},"end":{"line":154,"column":53}},"type":"binary-expr","locations":[{"start":{"line":154,"column":36},"end":{"line":154,"column":46}},{"start":{"line":154,"column":50},"end":{"line":154,"column":53}}]},"31":{"loc":{"start":{"line":155,"column":44},"end":{"line":155,"column":63}},"type":"binary-expr","locations":[{"start":{"line":155,"column":44},"end":{"line":155,"column":55}},{"start":{"line":155,"column":59},"end":{"line":155,"column":63}}]},"32":{"loc":{"start":{"line":159,"column":36},"end":{"line":159,"column":62}},"type":"binary-expr","locations":[{"start":{"line":159,"column":36},"end":{"line":159,"column":55}},{"start":{"line":159,"column":59},"end":{"line":159,"column":62}}]},"33":{"loc":{"start":{"line":160,"column":35},"end":{"line":160,"column":60}},"type":"binary-expr","locations":[{"start":{"line":160,"column":35},"end":{"line":160,"column":53}},{"start":{"line":160,"column":57},"end":{"line":160,"column":60}}]},"34":{"loc":{"start":{"line":161,"column":36},"end":{"line":161,"column":58}},"type":"binary-expr","locations":[{"start":{"line":161,"column":36},"end":{"line":161,"column":51}},{"start":{"line":161,"column":55},"end":{"line":161,"column":58}}]},"35":{"loc":{"start":{"line":162,"column":36},"end":{"line":162,"column":58}},"type":"binary-expr","locations":[{"start":{"line":162,"column":36},"end":{"line":162,"column":51}},{"start":{"line":162,"column":55},"end":{"line":162,"column":58}}]},"36":{"loc":{"start":{"line":168,"column":84},"end":{"line":168,"column":124}},"type":"binary-expr","locations":[{"start":{"line":168,"column":84},"end":{"line":168,"column":111}},{"start":{"line":168,"column":115},"end":{"line":168,"column":124}}]},"37":{"loc":{"start":{"line":169,"column":42},"end":{"line":169,"column":82}},"type":"binary-expr","locations":[{"start":{"line":169,"column":42},"end":{"line":169,"column":69}},{"start":{"line":169,"column":73},"end":{"line":169,"column":82}}]},"38":{"loc":{"start":{"line":172,"column":84},"end":{"line":172,"column":126}},"type":"binary-expr","locations":[{"start":{"line":172,"column":84},"end":{"line":172,"column":113}},{"start":{"line":172,"column":117},"end":{"line":172,"column":126}}]},"39":{"loc":{"start":{"line":173,"column":44},"end":{"line":173,"column":86}},"type":"binary-expr","locations":[{"start":{"line":173,"column":44},"end":{"line":173,"column":73}},{"start":{"line":173,"column":77},"end":{"line":173,"column":86}}]},"40":{"loc":{"start":{"line":176,"column":17},"end":{"line":180,"column":null}},"type":"binary-expr","locations":[{"start":{"line":176,"column":17},"end":{"line":176,"column":43}},{"start":{"line":177,"column":18},"end":{"line":179,"column":null}}]},"41":{"loc":{"start":{"line":189,"column":84},"end":{"line":189,"column":117}},"type":"cond-expr","locations":[{"start":{"line":189,"column":93},"end":{"line":189,"column":108}},{"start":{"line":189,"column":111},"end":{"line":189,"column":117}}]}},"s":{"0":1,"1":1,"2":1,"3":1,"4":1,"5":1,"6":1,"7":29,"8":28,"9":29,"10":7,"11":11,"12":10,"13":32,"14":31,"15":32,"16":32,"17":3,"18":5,"19":11,"20":12,"21":3,"22":2,"23":3,"24":1,"25":3,"26":3,"27":3,"28":0,"29":0,"30":0,"31":0,"32":0,"33":0,"34":0,"35":3,"36":1,"37":1,"38":0,"39":0,"40":65,"41":65,"42":65,"43":65,"44":65,"45":4,"46":1,"47":1,"48":1,"49":3,"50":3,"51":65,"52":0,"53":0,"54":65,"55":260},"f":{"0":29,"1":28,"2":7,"3":11,"4":10,"5":32,"6":31,"7":3,"8":5,"9":11,"10":12,"11":3,"12":2,"13":1,"14":3,"15":0,"16":0,"17":1,"18":1,"19":0,"20":0,"21":65,"22":4,"23":3,"24":0,"25":0,"26":260},"b":{"0":[29,1],"1":[29,8],"2":[29,19],"3":[32,1],"4":[32,4],"5":[32,9],"6":[32,20],"7":[32,1],"8":[1,0],"9":[1,1],"10":[3,0],"11":[3,2],"12":[0],"13":[0,0],"14":[0,0],"15":[3,0],"16":[3,2],"17":[3,0],"18":[1,0],"19":[3,2],"20":[1,0],"21":[0,0],"22":[3,0],"23":[3,3],"24":[1],"25":[65,29],"26":[65,32],"27":[65,3],"28":[65,1],"29":[1,0],"30":[1,0],"31":[1,1],"32":[1,0],"33":[1,0],"34":[1,0],"35":[1,0],"36":[1,0],"37":[1,0],"38":[1,0],"39":[1,0],"40":[1,0],"41":[1,64]}}
,"/Users/mrjames/Desktop/athletenarrative/web/web-app/features/ai/AICounselor.tsx": {"path":"/Users/mrjames/Desktop/athletenarrative/web/web-app/features/ai/AICounselor.tsx","statementMap":{"0":{"start":{"line":9,"column":0},"end":{"line":9,"column":16}},"1":{"start":{"line":2,"column":0},"end":{"line":2,"column":26}},"2":{"start":{"line":3,"column":0},"end":{"line":3,"column":40}},"3":{"start":{"line":4,"column":0},"end":{"line":4,"column":48}},"4":{"start":{"line":5,"column":0},"end":{"line":5,"column":42}},"5":{"start":{"line":6,"column":0},"end":{"line":6,"column":40}},"6":{"start":{"line":7,"column":0},"end":{"line":7,"column":53}},"7":{"start":{"line":10,"column":34},"end":{"line":10,"column":52}},"8":{"start":{"line":11,"column":30},"end":{"line":11,"column":65}},"9":{"start":{"line":12,"column":28},"end":{"line":12,"column":63}},"10":{"start":{"line":13,"column":32},"end":{"line":13,"column":53}},"11":{"start":{"line":15,"column":16},"end":{"line":27,"column":3}},"12":{"start":{"line":16,"column":4},"end":{"line":16,"column":19}},"13":{"start":{"line":17,"column":4},"end":{"line":17,"column":20}},"14":{"start":{"line":18,"column":4},"end":{"line":26,"column":5}},"15":{"start":{"line":19,"column":6},"end":{"line":19,"column":23}},"16":{"start":{"line":20,"column":18},"end":{"line":20,"column":50}},"17":{"start":{"line":21,"column":6},"end":{"line":21,"column":28}},"18":{"start":{"line":23,"column":6},"end":{"line":23,"column":39}},"19":{"start":{"line":25,"column":6},"end":{"line":25,"column":24}},"20":{"start":{"line":29,"column":2},"end":{"line":38,"column":4}},"21":{"start":{"line":31,"column":68},"end":{"line":31,"column":95}}},"fnMap":{"0":{"name":"AICounselor","decl":{"start":{"line":9,"column":16},"end":{"line":9,"column":27}},"loc":{"start":{"line":9,"column":27},"end":{"line":39,"column":1}}},"1":{"name":"(anonymous_2)","decl":{"start":{"line":15,"column":16},"end":{"line":15,"column":21}},"loc":{"start":{"line":15,"column":27},"end":{"line":27,"column":3}}},"2":{"name":"(anonymous_3)","decl":{"start":{"line":31,"column":61},"end":{"line":31,"column":62}},"loc":{"start":{"line":31,"column":68},"end":{"line":31,"column":95}}}},"branchMap":{"0":{"loc":{"start":{"line":32,"column":7},"end":{"line":32,"column":55}},"type":"binary-expr","locations":[{"start":{"line":32,"column":7},"end":{"line":32,"column":12}},{"start":{"line":32,"column":16},"end":{"line":32,"column":55}}]},"1":{"loc":{"start":{"line":33,"column":60},"end":{"line":33,"column":80}},"type":"binary-expr","locations":[{"start":{"line":33,"column":60},"end":{"line":33,"column":67}},{"start":{"line":33,"column":71},"end":{"line":33,"column":80}}]},"2":{"loc":{"start":{"line":36,"column":7},"end":{"line":36,"column":59}},"type":"binary-expr","locations":[{"start":{"line":36,"column":7},"end":{"line":36,"column":13}},{"start":{"line":36,"column":17},"end":{"line":36,"column":59}}]}},"s":{"0":1,"1":1,"2":1,"3":1,"4":1,"5":1,"6":1,"7":24,"8":24,"9":24,"10":24,"11":24,"12":1,"13":1,"14":1,"15":1,"16":1,"17":1,"18":0,"19":1,"20":24,"21":21},"f":{"0":24,"1":1,"2":21},"b":{"0":[24,0],"1":[24,23],"2":[24,1]}}
,"/Users/mrjames/Desktop/athletenarrative/web/web-app/features/ai/AICounselorGate.tsx": {"path":"/Users/mrjames/Desktop/athletenarrative/web/web-app/features/ai/AICounselorGate.tsx","statementMap":{"0":{"start":{"line":6,"column":0},"end":{"line":6,"column":16}},"1":{"start":{"line":3,"column":0},"end":{"line":3,"column":40}},"2":{"start":{"line":4,"column":0},"end":{"line":4,"column":52}},"3":{"start":{"line":7,"column":17},"end":{"line":7,"column":28}},"4":{"start":{"line":8,"column":2},"end":{"line":10,"column":3}},"5":{"start":{"line":9,"column":4},"end":{"line":9,"column":83}},"6":{"start":{"line":11,"column":2},"end":{"line":11,"column":25}}},"fnMap":{"0":{"name":"AICounselorGate","decl":{"start":{"line":6,"column":16},"end":{"line":6,"column":31}},"loc":{"start":{"line":6,"column":75},"end":{"line":12,"column":1}}}},"branchMap":{"0":{"loc":{"start":{"line":8,"column":2},"end":{"line":10,"column":3}},"type":"if","locations":[{"start":{"line":8,"column":2},"end":{"line":10,"column":3}}]}},"s":{"0":1,"1":1,"2":1,"3":2,"4":2,"5":1,"6":1},"f":{"0":2},"b":{"0":[1]}}
,"/Users/mrjames/Desktop/athletenarrative/web/web-app/features/ai/AIScreen.tsx": {"path":"/Users/mrjames/Desktop/athletenarrative/web/web-app/features/ai/AIScreen.tsx","statementMap":{"0":{"start":{"line":6,"column":0},"end":{"line":6,"column":24}},"1":{"start":{"line":3,"column":0},"end":{"line":3,"column":64}},"2":{"start":{"line":4,"column":0},"end":{"line":4,"column":56}},"3":{"start":{"line":7,"column":2},"end":{"line":14,"column":4}}},"fnMap":{"0":{"name":"AIScreen","decl":{"start":{"line":6,"column":24},"end":{"line":6,"column":32}},"loc":{"start":{"line":6,"column":32},"end":{"line":15,"column":1}}}},"branchMap":{},"s":{"0":0,"1":0,"2":0,"3":0},"f":{"0":0},"b":{}}
,"/Users/mrjames/Desktop/athletenarrative/web/web-app/features/ai/service.ts": {"path":"/Users/mrjames/Desktop/athletenarrative/web/web-app/features/ai/service.ts","statementMap":{"0":{"start":{"line":10,"column":0},"end":{"line":10,"column":7}},"1":{"start":{"line":1,"column":0},"end":{"line":1,"column":39}},"2":{"start":{"line":2,"column":0},"end":{"line":2,"column":24}},"3":{"start":{"line":4,"column":18},"end":{"line":6,"column":2}},"4":{"start":{"line":11,"column":15},"end":{"line":11,"column":37}},"5":{"start":{"line":12,"column":2},"end":{"line":12,"column":77}}},"fnMap":{"0":{"name":"askCounselor","decl":{"start":{"line":10,"column":22},"end":{"line":10,"column":34}},"loc":{"start":{"line":10,"column":50},"end":{"line":13,"column":1}}}},"branchMap":{},"s":{"0":2,"1":2,"2":2,"3":2,"4":1,"5":1},"f":{"0":1},"b":{}}
,"/Users/mrjames/Desktop/athletenarrative/web/web-app/features/auth/LoginForm.tsx": {"path":"/Users/mrjames/Desktop/athletenarrative/web/web-app/features/auth/LoginForm.tsx","statementMap":{"0":{"start":{"line":15,"column":0},"end":{"line":15,"column":16}},"1":{"start":{"line":2,"column":0},"end":{"line":2,"column":26}},"2":{"start":{"line":3,"column":0},"end":{"line":3,"column":48}},"3":{"start":{"line":4,"column":0},"end":{"line":4,"column":40}},"4":{"start":{"line":5,"column":0},"end":{"line":5,"column":45}},"5":{"start":{"line":6,"column":0},"end":{"line":6,"column":40}},"6":{"start":{"line":7,"column":0},"end":{"line":7,"column":50}},"7":{"start":{"line":8,"column":0},"end":{"line":8,"column":59}},"8":{"start":{"line":16,"column":28},"end":{"line":16,"column":46}},"9":{"start":{"line":17,"column":28},"end":{"line":17,"column":46}},"10":{"start":{"line":18,"column":38},"end":{"line":18,"column":56}},"11":{"start":{"line":19,"column":30},"end":{"line":19,"column":105}},"12":{"start":{"line":20,"column":38},"end":{"line":20,"column":59}},"13":{"start":{"line":22,"column":23},"end":{"line":41,"column":3}},"14":{"start":{"line":23,"column":4},"end":{"line":23,"column":23}},"15":{"start":{"line":24,"column":80},"end":{"line":24,"column":82}},"16":{"start":{"line":25,"column":4},"end":{"line":26,"column":71}},"17":{"start":{"line":25,"column":16},"end":{"line":25,"column":46}},"18":{"start":{"line":26,"column":9},"end":{"line":26,"column":71}},"19":{"start":{"line":26,"column":36},"end":{"line":26,"column":71}},"20":{"start":{"line":27,"column":22},"end":{"line":27,"column":34}},"21":{"start":{"line":28,"column":23},"end":{"line":28,"column":40}},"22":{"start":{"line":29,"column":4},"end":{"line":30,"column":89}},"23":{"start":{"line":29,"column":20},"end":{"line":29,"column":50}},"24":{"start":{"line":30,"column":9},"end":{"line":30,"column":89}},"25":{"start":{"line":30,"column":42},"end":{"line":30,"column":89}},"26":{"start":{"line":31,"column":4},"end":{"line":32,"column":98}},"27":{"start":{"line":31,"column":21},"end":{"line":31,"column":56}},"28":{"start":{"line":32,"column":9},"end":{"line":32,"column":98}},"29":{"start":{"line":32,"column":40},"end":{"line":32,"column":98}},"30":{"start":{"line":33,"column":4},"end":{"line":33,"column":26}},"31":{"start":{"line":34,"column":4},"end":{"line":34,"column":51}},"32":{"start":{"line":34,"column":44},"end":{"line":34,"column":51}},"33":{"start":{"line":35,"column":4},"end":{"line":40,"column":5}},"34":{"start":{"line":36,"column":6},"end":{"line":36,"column":26}},"35":{"start":{"line":37,"column":6},"end":{"line":37,"column":88}},"36":{"start":{"line":39,"column":6},"end":{"line":39,"column":27}},"37":{"start":{"line":43,"column":2},"end":{"line":85,"column":4}},"38":{"start":{"line":60,"column":27},"end":{"line":60,"column":51}},"39":{"start":{"line":68,"column":27},"end":{"line":68,"column":51}},"40":{"start":{"line":76,"column":27},"end":{"line":76,"column":56}}},"fnMap":{"0":{"name":"LoginForm","decl":{"start":{"line":15,"column":16},"end":{"line":15,"column":25}},"loc":{"start":{"line":15,"column":45},"end":{"line":86,"column":1}}},"1":{"name":"(anonymous_2)","decl":{"start":{"line":22,"column":23},"end":{"line":22,"column":28}},"loc":{"start":{"line":22,"column":52},"end":{"line":41,"column":3}}},"2":{"name":"(anonymous_3)","decl":{"start":{"line":60,"column":20},"end":{"line":60,"column":21}},"loc":{"start":{"line":60,"column":27},"end":{"line":60,"column":51}}},"3":{"name":"(anonymous_4)","decl":{"start":{"line":68,"column":20},"end":{"line":68,"column":21}},"loc":{"start":{"line":68,"column":27},"end":{"line":68,"column":51}}},"4":{"name":"(anonymous_5)","decl":{"start":{"line":76,"column":20},"end":{"line":76,"column":21}},"loc":{"start":{"line":76,"column":27},"end":{"line":76,"column":56}}}},"branchMap":{"0":{"loc":{"start":{"line":25,"column":4},"end":{"line":26,"column":71}},"type":"if","locations":[{"start":{"line":25,"column":4},"end":{"line":26,"column":71}},{"start":{"line":26,"column":9},"end":{"line":26,"column":71}}]},"1":{"loc":{"start":{"line":26,"column":9},"end":{"line":26,"column":71}},"type":"if","locations":[{"start":{"line":26,"column":9},"end":{"line":26,"column":71}}]},"2":{"loc":{"start":{"line":29,"column":4},"end":{"line":30,"column":89}},"type":"if","locations":[{"start":{"line":29,"column":4},"end":{"line":30,"column":89}},{"start":{"line":30,"column":9},"end":{"line":30,"column":89}}]},"3":{"loc":{"start":{"line":30,"column":9},"end":{"line":30,"column":89}},"type":"if","locations":[{"start":{"line":30,"column":9},"end":{"line":30,"column":89}}]},"4":{"loc":{"start":{"line":31,"column":4},"end":{"line":32,"column":98}},"type":"if","locations":[{"start":{"line":31,"column":4},"end":{"line":32,"column":98}},{"start":{"line":32,"column":9},"end":{"line":32,"column":98}}]},"5":{"loc":{"start":{"line":32,"column":9},"end":{"line":32,"column":98}},"type":"if","locations":[{"start":{"line":32,"column":9},"end":{"line":32,"column":98}}]},"6":{"loc":{"start":{"line":34,"column":4},"end":{"line":34,"column":51}},"type":"if","locations":[{"start":{"line":34,"column":4},"end":{"line":34,"column":51}}]},"7":{"loc":{"start":{"line":46,"column":9},"end":{"line":54,"column":null}},"type":"binary-expr","locations":[{"start":{"line":46,"column":10},"end":{"line":46,"column":22}},{"start":{"line":46,"column":26},"end":{"line":46,"column":38}},{"start":{"line":46,"column":42},"end":{"line":46,"column":59}},{"start":{"line":47,"column":10},"end":{"line":53,"column":null}}]},"8":{"loc":{"start":{"line":50,"column":15},"end":{"line":50,"column":61}},"type":"binary-expr","locations":[{"start":{"line":50,"column":15},"end":{"line":50,"column":27}},{"start":{"line":50,"column":31},"end":{"line":50,"column":61}}]},"9":{"loc":{"start":{"line":51,"column":15},"end":{"line":51,"column":61}},"type":"binary-expr","locations":[{"start":{"line":51,"column":15},"end":{"line":51,"column":27}},{"start":{"line":51,"column":31},"end":{"line":51,"column":61}}]},"10":{"loc":{"start":{"line":52,"column":15},"end":{"line":52,"column":77}},"type":"binary-expr","locations":[{"start":{"line":52,"column":15},"end":{"line":52,"column":32}},{"start":{"line":52,"column":36},"end":{"line":52,"column":77}}]}},"s":{"0":3,"1":3,"2":3,"3":3,"4":3,"5":3,"6":3,"7":3,"8":78,"9":78,"10":78,"11":78,"12":78,"13":78,"14":4,"15":4,"16":4,"17":2,"18":2,"19":0,"20":4,"21":4,"22":4,"23":2,"24":2,"25":0,"26":4,"27":2,"28":2,"29":0,"30":4,"31":4,"32":2,"33":2,"34":2,"35":2,"36":2,"37":78,"38":33,"39":20,"40":12},"f":{"0":78,"1":4,"2":33,"3":20,"4":12},"b":{"0":[2,2],"1":[0],"2":[2,2],"3":[0],"4":[2,2],"5":[0],"6":[2],"7":[78,44,44,34],"8":[34,34],"9":[34,34],"10":[34,34]}}
,"/Users/mrjames/Desktop/athletenarrative/web/web-app/features/auth/service.ts": {"path":"/Users/mrjames/Desktop/athletenarrative/web/web-app/features/auth/service.ts","statementMap":{"0":{"start":{"line":12,"column":0},"end":{"line":12,"column":7}},"1":{"start":{"line":1,"column":0},"end":{"line":1,"column":55}},"2":{"start":{"line":2,"column":0},"end":{"line":2,"column":50}},"3":{"start":{"line":13,"column":17},"end":{"line":13,"column":100}},"4":{"start":{"line":14,"column":2},"end":{"line":16,"column":3}},"5":{"start":{"line":15,"column":4},"end":{"line":15,"column":34}},"6":{"start":{"line":17,"column":17},"end":{"line":17,"column":61}},"7":{"start":{"line":18,"column":2},"end":{"line":23,"column":4}}},"fnMap":{"0":{"name":"login","decl":{"start":{"line":12,"column":22},"end":{"line":12,"column":27}},"loc":{"start":{"line":12,"column":87},"end":{"line":24,"column":1}}}},"branchMap":{"0":{"loc":{"start":{"line":14,"column":2},"end":{"line":16,"column":3}},"type":"if","locations":[{"start":{"line":14,"column":2},"end":{"line":16,"column":3}}]}},"s":{"0":2,"1":2,"2":2,"3":1,"4":1,"5":0,"6":1,"7":1},"f":{"0":1},"b":{"0":[0]}}
,"/Users/mrjames/Desktop/athletenarrative/web/web-app/features/auth/session.tsx": {"path":"/Users/mrjames/Desktop/athletenarrative/web/web-app/features/auth/session.tsx","statementMap":{"0":{"start":{"line":8,"column":0},"end":{"line":8,"column":16}},"1":{"start":{"line":29,"column":0},"end":{"line":29,"column":16}},"2":{"start":{"line":2,"column":0},"end":{"line":2,"column":26}},"3":{"start":{"line":6,"column":19},"end":{"line":6,"column":56}},"4":{"start":{"line":9,"column":32},"end":{"line":9,"column":68}},"5":{"start":{"line":10,"column":32},"end":{"line":10,"column":52}},"6":{"start":{"line":12,"column":2},"end":{"line":16,"column":9}},"7":{"start":{"line":13,"column":16},"end":{"line":13,"column":93}},"8":{"start":{"line":14,"column":4},"end":{"line":14,"column":41}},"9":{"start":{"line":14,"column":13},"end":{"line":14,"column":41}},"10":{"start":{"line":15,"column":4},"end":{"line":15,"column":22}},"11":{"start":{"line":18,"column":14},"end":{"line":24,"column":8}},"12":{"start":{"line":19,"column":4},"end":{"line":19,"column":18}},"13":{"start":{"line":20,"column":4},"end":{"line":23,"column":5}},"14":{"start":{"line":21,"column":6},"end":{"line":22,"column":53}},"15":{"start":{"line":21,"column":13},"end":{"line":21,"column":71}},"16":{"start":{"line":22,"column":11},"end":{"line":22,"column":53}},"17":{"start":{"line":26,"column":2},"end":{"line":26,"column":109}},"18":{"start":{"line":30,"column":14},"end":{"line":30,"column":42}},"19":{"start":{"line":31,"column":2},"end":{"line":31,"column":78}},"20":{"start":{"line":31,"column":12},"end":{"line":31,"column":78}},"21":{"start":{"line":32,"column":2},"end":{"line":32,"column":13}}},"fnMap":{"0":{"name":"SessionProvider","decl":{"start":{"line":8,"column":16},"end":{"line":8,"column":31}},"loc":{"start":{"line":8,"column":75},"end":{"line":27,"column":1}}},"1":{"name":"(anonymous_2)","decl":{"start":{"line":12,"column":18},"end":{"line":12,"column":21}},"loc":{"start":{"line":12,"column":23},"end":{"line":16,"column":3}}},"2":{"name":"(anonymous_3)","decl":{"start":{"line":18,"column":32},"end":{"line":18,"column":33}},"loc":{"start":{"line":18,"column":54},"end":{"line":24,"column":3}}},"3":{"name":"useSession","decl":{"start":{"line":29,"column":16},"end":{"line":29,"column":26}},"loc":{"start":{"line":29,"column":26},"end":{"line":33,"column":1}}}},"branchMap":{"0":{"loc":{"start":{"line":13,"column":16},"end":{"line":13,"column":93}},"type":"cond-expr","locations":[{"start":{"line":13,"column":48},"end":{"line":13,"column":86}},{"start":{"line":13,"column":89},"end":{"line":13,"column":93}}]},"1":{"loc":{"start":{"line":14,"column":4},"end":{"line":14,"column":41}},"type":"if","locations":[{"start":{"line":14,"column":4},"end":{"line":14,"column":41}}]},"2":{"loc":{"start":{"line":20,"column":4},"end":{"line":23,"column":5}},"type":"if","locations":[{"start":{"line":20,"column":4},"end":{"line":23,"column":5}}]},"3":{"loc":{"start":{"line":21,"column":6},"end":{"line":22,"column":53}},"type":"if","locations":[{"start":{"line":21,"column":6},"end":{"line":22,"column":53}},{"start":{"line":22,"column":11},"end":{"line":22,"column":53}}]},"4":{"loc":{"start":{"line":31,"column":2},"end":{"line":31,"column":78}},"type":"if","locations":[{"start":{"line":31,"column":2},"end":{"line":31,"column":78}}]}},"s":{"0":11,"1":11,"2":11,"3":11,"4":7,"5":7,"6":7,"7":3,"8":3,"9":0,"10":3,"11":7,"12":1,"13":1,"14":1,"15":1,"16":0,"17":7,"18":8,"19":8,"20":0,"21":8},"f":{"0":7,"1":3,"2":1,"3":8},"b":{"0":[3,0],"1":[0],"2":[1],"3":[1,0],"4":[0]}}
,"/Users/mrjames/Desktop/athletenarrative/web/web-app/features/auth/validators.ts": {"path":"/Users/mrjames/Desktop/athletenarrative/web/web-app/features/auth/validators.ts","statementMap":{"0":{"start":{"line":1,"column":0},"end":{"line":1,"column":16}},"1":{"start":{"line":6,"column":0},"end":{"line":6,"column":16}},"2":{"start":{"line":2,"column":13},"end":{"line":2,"column":41}},"3":{"start":{"line":3,"column":2},"end":{"line":3,"column":24}},"4":{"start":{"line":7,"column":2},"end":{"line":7,"column":62}}},"fnMap":{"0":{"name":"validateEmail","decl":{"start":{"line":1,"column":16},"end":{"line":1,"column":29}},"loc":{"start":{"line":1,"column":43},"end":{"line":4,"column":1}}},"1":{"name":"validatePassword","decl":{"start":{"line":6,"column":16},"end":{"line":6,"column":32}},"loc":{"start":{"line":6,"column":49},"end":{"line":8,"column":1}}}},"branchMap":{"0":{"loc":{"start":{"line":7,"column":9},"end":{"line":7,"column":61}},"type":"binary-expr","locations":[{"start":{"line":7,"column":9},"end":{"line":7,"column":37}},{"start":{"line":7,"column":41},"end":{"line":7,"column":61}}]}},"s":{"0":4,"1":4,"2":4,"3":4,"4":2},"f":{"0":4,"1":2},"b":{"0":[2,2]}}
,"/Users/mrjames/Desktop/athletenarrative/web/web-app/features/clients/ClientForm.tsx": {"path":"/Users/mrjames/Desktop/athletenarrative/web/web-app/features/clients/ClientForm.tsx","statementMap":{"0":{"start":{"line":15,"column":0},"end":{"line":15,"column":16}},"1":{"start":{"line":2,"column":0},"end":{"line":2,"column":26}},"2":{"start":{"line":3,"column":0},"end":{"line":3,"column":67}},"3":{"start":{"line":4,"column":0},"end":{"line":4,"column":24}},"4":{"start":{"line":5,"column":0},"end":{"line":5,"column":50}},"5":{"start":{"line":7,"column":15},"end":{"line":13,"column":2}},"6":{"start":{"line":16,"column":28},"end":{"line":16,"column":57}},"7":{"start":{"line":17,"column":17},"end":{"line":17,"column":80}},"8":{"start":{"line":17,"column":31},"end":{"line":17,"column":51}},"9":{"start":{"line":17,"column":52},"end":{"line":17,"column":78}},"10":{"start":{"line":18,"column":2},"end":{"line":29,"column":4}},"11":{"start":{"line":20,"column":70},"end":{"line":20,"column":113}},"12":{"start":{"line":21,"column":92},"end":{"line":21,"column":138}},"13":{"start":{"line":22,"column":79},"end":{"line":22,"column":126}},"14":{"start":{"line":23,"column":77},"end":{"line":23,"column":123}},"15":{"start":{"line":24,"column":77},"end":{"line":24,"column":120}},"16":{"start":{"line":25,"column":64},"end":{"line":25,"column":82}}},"fnMap":{"0":{"name":"ClientForm","decl":{"start":{"line":15,"column":16},"end":{"line":15,"column":26}},"loc":{"start":{"line":15,"column":57},"end":{"line":30,"column":1}}},"1":{"name":"(anonymous_2)","decl":{"start":{"line":17,"column":17},"end":{"line":17,"column":22}},"loc":{"start":{"line":17,"column":28},"end":{"line":17,"column":80}}},"2":{"name":"(anonymous_3)","decl":{"start":{"line":20,"column":67},"end":{"line":20,"column":68}},"loc":{"start":{"line":20,"column":70},"end":{"line":20,"column":113}}},"3":{"name":"(anonymous_4)","decl":{"start":{"line":21,"column":89},"end":{"line":21,"column":90}},"loc":{"start":{"line":21,"column":92},"end":{"line":21,"column":138}}},"4":{"name":"(anonymous_5)","decl":{"start":{"line":22,"column":76},"end":{"line":22,"column":77}},"loc":{"start":{"line":22,"column":79},"end":{"line":22,"column":126}}},"5":{"name":"(anonymous_6)","decl":{"start":{"line":23,"column":74},"end":{"line":23,"column":75}},"loc":{"start":{"line":23,"column":77},"end":{"line":23,"column":123}}},"6":{"name":"(anonymous_7)","decl":{"start":{"line":24,"column":74},"end":{"line":24,"column":75}},"loc":{"start":{"line":24,"column":77},"end":{"line":24,"column":120}}},"7":{"name":"(anonymous_8)","decl":{"start":{"line":25,"column":59},"end":{"line":25,"column":60}},"loc":{"start":{"line":25,"column":64},"end":{"line":25,"column":82}}}},"branchMap":{"0":{"loc":{"start":{"line":16,"column":43},"end":{"line":16,"column":56}},"type":"binary-expr","locations":[{"start":{"line":16,"column":43},"end":{"line":16,"column":50}},{"start":{"line":16,"column":54},"end":{"line":16,"column":56}}]},"1":{"loc":{"start":{"line":20,"column":38},"end":{"line":20,"column":55}},"type":"binary-expr","locations":[{"start":{"line":20,"column":38},"end":{"line":20,"column":49}},{"start":{"line":20,"column":53},"end":{"line":20,"column":55}}]},"2":{"loc":{"start":{"line":21,"column":57},"end":{"line":21,"column":77}},"type":"binary-expr","locations":[{"start":{"line":21,"column":57},"end":{"line":21,"column":71}},{"start":{"line":21,"column":75},"end":{"line":21,"column":77}}]},"3":{"loc":{"start":{"line":22,"column":43},"end":{"line":22,"column":64}},"type":"binary-expr","locations":[{"start":{"line":22,"column":43},"end":{"line":22,"column":58}},{"start":{"line":22,"column":62},"end":{"line":22,"column":64}}]},"4":{"loc":{"start":{"line":23,"column":42},"end":{"line":23,"column":62}},"type":"binary-expr","locations":[{"start":{"line":23,"column":42},"end":{"line":23,"column":56}},{"start":{"line":23,"column":60},"end":{"line":23,"column":62}}]},"5":{"loc":{"start":{"line":24,"column":45},"end":{"line":24,"column":62}},"type":"binary-expr","locations":[{"start":{"line":24,"column":45},"end":{"line":24,"column":56}},{"start":{"line":24,"column":60},"end":{"line":24,"column":62}}]}},"s":{"0":0,"1":0,"2":0,"3":0,"4":0,"5":0,"6":0,"7":0,"8":0,"9":0,"10":0,"11":0,"12":0,"13":0,"14":0,"15":0,"16":0},"f":{"0":0,"1":0,"2":0,"3":0,"4":0,"5":0,"6":0,"7":0},"b":{"0":[0,0],"1":[0,0],"2":[0,0],"3":[0,0],"4":[0,0],"5":[0,0]}}
,"/Users/mrjames/Desktop/athletenarrative/web/web-app/features/clients/ClientWizard.tsx": {"path":"/Users/mrjames/Desktop/athletenarrative/web/web-app/features/clients/ClientWizard.tsx","statementMap":{"0":{"start":{"line":152,"column":0},"end":{"line":152,"column":16}},"1":{"start":{"line":2,"column":0},"end":{"line":2,"column":26}},"2":{"start":{"line":3,"column":0},"end":{"line":3,"column":100}},"3":{"start":{"line":4,"column":0},"end":{"line":4,"column":53}},"4":{"start":{"line":5,"column":0},"end":{"line":5,"column":50}},"5":{"start":{"line":6,"column":0},"end":{"line":6,"column":52}},"6":{"start":{"line":7,"column":0},"end":{"line":7,"column":83}},"7":{"start":{"line":8,"column":0},"end":{"line":8,"column":44}},"8":{"start":{"line":12,"column":14},"end":{"line":20,"column":2}},"9":{"start":{"line":23,"column":2},"end":{"line":35,"column":4}},"10":{"start":{"line":25,"column":97},"end":{"line":25,"column":142}},"11":{"start":{"line":26,"column":81},"end":{"line":26,"column":122}},"12":{"start":{"line":27,"column":86},"end":{"line":27,"column":127}},"13":{"start":{"line":28,"column":88},"end":{"line":28,"column":122}},"14":{"start":{"line":29,"column":68},"end":{"line":29,"column":99}},"15":{"start":{"line":30,"column":68},"end":{"line":30,"column":99}},"16":{"start":{"line":31,"column":91},"end":{"line":31,"column":133}},"17":{"start":{"line":32,"column":68},"end":{"line":32,"column":99}},"18":{"start":{"line":33,"column":90},"end":{"line":33,"column":129}},"19":{"start":{"line":39,"column":2},"end":{"line":46,"column":4}},"20":{"start":{"line":41,"column":97},"end":{"line":41,"column":144}},"21":{"start":{"line":42,"column":91},"end":{"line":42,"column":135}},"22":{"start":{"line":43,"column":86},"end":{"line":43,"column":124}},"23":{"start":{"line":44,"column":88},"end":{"line":44,"column":127}},"24":{"start":{"line":50,"column":2},"end":{"line":58,"column":4}},"25":{"start":{"line":52,"column":102},"end":{"line":52,"column":149}},"26":{"start":{"line":53,"column":89},"end":{"line":53,"column":128}},"27":{"start":{"line":54,"column":79},"end":{"line":54,"column":115}},"28":{"start":{"line":55,"column":81},"end":{"line":55,"column":118}},"29":{"start":{"line":56,"column":102},"end":{"line":56,"column":149}},"30":{"start":{"line":62,"column":2},"end":{"line":70,"column":4}},"31":{"start":{"line":64,"column":81},"end":{"line":64,"column":118}},"32":{"start":{"line":65,"column":100},"end":{"line":65,"column":150}},"33":{"start":{"line":66,"column":100},"end":{"line":66,"column":150}},"34":{"start":{"line":67,"column":100},"end":{"line":67,"column":150}},"35":{"start":{"line":68,"column":100},"end":{"line":68,"column":150}},"36":{"start":{"line":74,"column":2},"end":{"line":82,"column":4}},"37":{"start":{"line":76,"column":100},"end":{"line":76,"column":139}},"38":{"start":{"line":77,"column":81},"end":{"line":77,"column":122}},"39":{"start":{"line":78,"column":94},"end":{"line":78,"column":138}},"40":{"start":{"line":79,"column":96},"end":{"line":79,"column":141}},"41":{"start":{"line":80,"column":96},"end":{"line":80,"column":141}},"42":{"start":{"line":94,"column":17},"end":{"line":94,"column":28}},"43":{"start":{"line":95,"column":26},"end":{"line":108,"column":3}},"44":{"start":{"line":96,"column":17},"end":{"line":96,"column":36}},"45":{"start":{"line":97,"column":4},"end":{"line":97,"column":22}},"46":{"start":{"line":97,"column":15},"end":{"line":97,"column":22}},"47":{"start":{"line":98,"column":19},"end":{"line":98,"column":35}},"48":{"start":{"line":99,"column":4},"end":{"line":106,"column":6}},"49":{"start":{"line":100,"column":6},"end":{"line":105,"column":9}},"50":{"start":{"line":107,"column":4},"end":{"line":107,"column":31}},"51":{"start":{"line":109,"column":28},"end":{"line":115,"column":3}},"52":{"start":{"line":110,"column":18},"end":{"line":110,"column":32}},"53":{"start":{"line":111,"column":4},"end":{"line":114,"column":7}},"54":{"start":{"line":116,"column":2},"end":{"line":143,"column":4}},"55":{"start":{"line":118,"column":80},"end":{"line":118,"column":125}},"56":{"start":{"line":119,"column":102},"end":{"line":119,"column":150}},"57":{"start":{"line":120,"column":81},"end":{"line":120,"column":130}},"58":{"start":{"line":121,"column":79},"end":{"line":121,"column":127}},"59":{"start":{"line":122,"column":112},"end":{"line":122,"column":193}},"60":{"start":{"line":137,"column":10},"end":{"line":137,"column":28}},"61":{"start":{"line":153,"column":22},"end":{"line":153,"column":34}},"62":{"start":{"line":154,"column":17},"end":{"line":154,"column":28}},"63":{"start":{"line":155,"column":38},"end":{"line":155,"column":55}},"64":{"start":{"line":156,"column":28},"end":{"line":156,"column":120}},"65":{"start":{"line":157,"column":28},"end":{"line":157,"column":82}},"66":{"start":{"line":158,"column":17},"end":{"line":158,"column":48}},"67":{"start":{"line":159,"column":30},"end":{"line":159,"column":123}},"68":{"start":{"line":160,"column":38},"end":{"line":160,"column":59}},"69":{"start":{"line":161,"column":40},"end":{"line":161,"column":58}},"70":{"start":{"line":163,"column":2},"end":{"line":172,"column":26}},"71":{"start":{"line":164,"column":4},"end":{"line":164,"column":31}},"72":{"start":{"line":164,"column":24},"end":{"line":164,"column":31}},"73":{"start":{"line":165,"column":4},"end":{"line":170,"column":7}},"74":{"start":{"line":166,"column":6},"end":{"line":168,"column":7}},"75":{"start":{"line":167,"column":8},"end":{"line":167,"column":50}},"76":{"start":{"line":169,"column":6},"end":{"line":169,"column":18}},"77":{"start":{"line":171,"column":4},"end":{"line":171,"column":107}},"78":{"start":{"line":171,"column":24},"end":{"line":171,"column":104}},"79":{"start":{"line":174,"column":24},"end":{"line":181,"column":8}},"80":{"start":{"line":175,"column":92},"end":{"line":175,"column":94}},"81":{"start":{"line":176,"column":4},"end":{"line":176,"column":63}},"82":{"start":{"line":176,"column":30},"end":{"line":176,"column":63}},"83":{"start":{"line":177,"column":4},"end":{"line":177,"column":76}},"84":{"start":{"line":177,"column":34},"end":{"line":177,"column":76}},"85":{"start":{"line":178,"column":4},"end":{"line":178,"column":73}},"86":{"start":{"line":178,"column":33},"end":{"line":178,"column":73}},"87":{"start":{"line":179,"column":4},"end":{"line":179,"column":63}},"88":{"start":{"line":179,"column":30},"end":{"line":179,"column":63}},"89":{"start":{"line":180,"column":4},"end":{"line":180,"column":16}},"90":{"start":{"line":183,"column":21},"end":{"line":231,"column":3}},"91":{"start":{"line":185,"column":4},"end":{"line":195,"column":5}},"92":{"start":{"line":186,"column":25},"end":{"line":186,"column":45}},"93":{"start":{"line":187,"column":6},"end":{"line":194,"column":7}},"94":{"start":{"line":188,"column":8},"end":{"line":188,"column":30}},"95":{"start":{"line":189,"column":8},"end":{"line":189,"column":59}},"96":{"start":{"line":190,"column":8},"end":{"line":190,"column":15}},"97":{"start":{"line":192,"column":8},"end":{"line":192,"column":22}},"98":{"start":{"line":193,"column":8},"end":{"line":193,"column":27}},"99":{"start":{"line":197,"column":4},"end":{"line":229,"column":5}},"100":{"start":{"line":198,"column":25},"end":{"line":198,"column":45}},"101":{"start":{"line":199,"column":6},"end":{"line":207,"column":7}},"102":{"start":{"line":200,"column":8},"end":{"line":200,"column":30}},"103":{"start":{"line":201,"column":8},"end":{"line":201,"column":59}},"104":{"start":{"line":202,"column":8},"end":{"line":202,"column":25}},"105":{"start":{"line":203,"column":8},"end":{"line":203,"column":15}},"106":{"start":{"line":205,"column":8},"end":{"line":205,"column":22}},"107":{"start":{"line":206,"column":8},"end":{"line":206,"column":27}},"108":{"start":{"line":208,"column":43},"end":{"line":213,"column":8}},"109":{"start":{"line":214,"column":6},"end":{"line":216,"column":7}},"110":{"start":{"line":215,"column":8},"end":{"line":215,"column":32}},"111":{"start":{"line":217,"column":6},"end":{"line":217,"column":26}},"112":{"start":{"line":218,"column":6},"end":{"line":218,"column":25}},"113":{"start":{"line":219,"column":6},"end":{"line":228,"column":7}},"114":{"start":{"line":220,"column":8},"end":{"line":220,"column":36}},"115":{"start":{"line":221,"column":8},"end":{"line":221,"column":20}},"116":{"start":{"line":222,"column":8},"end":{"line":222,"column":32}},"117":{"start":{"line":223,"column":8},"end":{"line":223,"column":15}},"118":{"start":{"line":225,"column":8},"end":{"line":225,"column":62}},"119":{"start":{"line":227,"column":8},"end":{"line":227,"column":29}},"120":{"start":{"line":230,"column":4},"end":{"line":230,"column":32}},"121":{"start":{"line":230,"column":25},"end":{"line":230,"column":30}},"122":{"start":{"line":232,"column":21},"end":{"line":232,"column":66}},"123":{"start":{"line":232,"column":27},"end":{"line":232,"column":66}},"124":{"start":{"line":232,"column":47},"end":{"line":232,"column":65}},"125":{"start":{"line":234,"column":2},"end":{"line":357,"column":4}},"126":{"start":{"line":238,"column":10},"end":{"line":238,"column":null}},"127":{"start":{"line":253,"column":14},"end":{"line":253,"column":26}},"128":{"start":{"line":254,"column":14},"end":{"line":261,"column":15}},"129":{"start":{"line":255,"column":16},"end":{"line":260,"column":20}},"130":{"start":{"line":255,"column":37},"end":{"line":260,"column":18}},"131":{"start":{"line":267,"column":59},"end":{"line":267,"column":92}},"132":{"start":{"line":267,"column":74},"end":{"line":267,"column":90}},"133":{"start":{"line":270,"column":53},"end":{"line":270,"column":86}},"134":{"start":{"line":270,"column":68},"end":{"line":270,"column":84}},"135":{"start":{"line":273,"column":59},"end":{"line":273,"column":92}},"136":{"start":{"line":273,"column":74},"end":{"line":273,"column":90}},"137":{"start":{"line":276,"column":60},"end":{"line":276,"column":93}},"138":{"start":{"line":276,"column":75},"end":{"line":276,"column":91}},"139":{"start":{"line":279,"column":57},"end":{"line":279,"column":90}},"140":{"start":{"line":279,"column":72},"end":{"line":279,"column":88}}},"fnMap":{"0":{"name":"PersonalInfoStep","decl":{"start":{"line":22,"column":9},"end":{"line":22,"column":25}},"loc":{"start":{"line":22,"column":107},"end":{"line":36,"column":1}}},"1":{"name":"(anonymous_2)","decl":{"start":{"line":25,"column":92},"end":{"line":25,"column":93}},"loc":{"start":{"line":25,"column":97},"end":{"line":25,"column":142}}},"2":{"name":"(anonymous_3)","decl":{"start":{"line":26,"column":76},"end":{"line":26,"column":77}},"loc":{"start":{"line":26,"column":81},"end":{"line":26,"column":122}}},"3":{"name":"(anonymous_4)","decl":{"start":{"line":27,"column":81},"end":{"line":27,"column":82}},"loc":{"start":{"line":27,"column":86},"end":{"line":27,"column":127}}},"4":{"name":"(anonymous_5)","decl":{"start":{"line":28,"column":83},"end":{"line":28,"column":84}},"loc":{"start":{"line":28,"column":88},"end":{"line":28,"column":122}}},"5":{"name":"(anonymous_6)","decl":{"start":{"line":29,"column":63},"end":{"line":29,"column":64}},"loc":{"start":{"line":29,"column":68},"end":{"line":29,"column":99}}},"6":{"name":"(anonymous_7)","decl":{"start":{"line":30,"column":63},"end":{"line":30,"column":64}},"loc":{"start":{"line":30,"column":68},"end":{"line":30,"column":99}}},"7":{"name":"(anonymous_8)","decl":{"start":{"line":31,"column":86},"end":{"line":31,"column":87}},"loc":{"start":{"line":31,"column":91},"end":{"line":31,"column":133}}},"8":{"name":"(anonymous_9)","decl":{"start":{"line":32,"column":63},"end":{"line":32,"column":64}},"loc":{"start":{"line":32,"column":68},"end":{"line":32,"column":99}}},"9":{"name":"(anonymous_10)","decl":{"start":{"line":33,"column":85},"end":{"line":33,"column":86}},"loc":{"start":{"line":33,"column":90},"end":{"line":33,"column":129}}},"10":{"name":"SocialStep","decl":{"start":{"line":38,"column":9},"end":{"line":38,"column":19}},"loc":{"start":{"line":38,"column":101},"end":{"line":47,"column":1}}},"11":{"name":"(anonymous_12)","decl":{"start":{"line":41,"column":92},"end":{"line":41,"column":93}},"loc":{"start":{"line":41,"column":97},"end":{"line":41,"column":144}}},"12":{"name":"(anonymous_13)","decl":{"start":{"line":42,"column":86},"end":{"line":42,"column":87}},"loc":{"start":{"line":42,"column":91},"end":{"line":42,"column":135}}},"13":{"name":"(anonymous_14)","decl":{"start":{"line":43,"column":81},"end":{"line":43,"column":82}},"loc":{"start":{"line":43,"column":86},"end":{"line":43,"column":124}}},"14":{"name":"(anonymous_15)","decl":{"start":{"line":44,"column":83},"end":{"line":44,"column":84}},"loc":{"start":{"line":44,"column":88},"end":{"line":44,"column":127}}},"15":{"name":"ContentLinksStep","decl":{"start":{"line":49,"column":9},"end":{"line":49,"column":25}},"loc":{"start":{"line":49,"column":107},"end":{"line":59,"column":1}}},"16":{"name":"(anonymous_17)","decl":{"start":{"line":52,"column":97},"end":{"line":52,"column":98}},"loc":{"start":{"line":52,"column":102},"end":{"line":52,"column":149}}},"17":{"name":"(anonymous_18)","decl":{"start":{"line":53,"column":84},"end":{"line":53,"column":85}},"loc":{"start":{"line":53,"column":89},"end":{"line":53,"column":128}}},"18":{"name":"(anonymous_19)","decl":{"start":{"line":54,"column":74},"end":{"line":54,"column":75}},"loc":{"start":{"line":54,"column":79},"end":{"line":54,"column":115}}},"19":{"name":"(anonymous_20)","decl":{"start":{"line":55,"column":76},"end":{"line":55,"column":77}},"loc":{"start":{"line":55,"column":81},"end":{"line":55,"column":118}}},"20":{"name":"(anonymous_21)","decl":{"start":{"line":56,"column":97},"end":{"line":56,"column":98}},"loc":{"start":{"line":56,"column":102},"end":{"line":56,"column":149}}},"21":{"name":"EventsMetricsStep","decl":{"start":{"line":61,"column":9},"end":{"line":61,"column":26}},"loc":{"start":{"line":61,"column":108},"end":{"line":71,"column":1}}},"22":{"name":"(anonymous_23)","decl":{"start":{"line":64,"column":76},"end":{"line":64,"column":77}},"loc":{"start":{"line":64,"column":81},"end":{"line":64,"column":118}}},"23":{"name":"(anonymous_24)","decl":{"start":{"line":65,"column":95},"end":{"line":65,"column":96}},"loc":{"start":{"line":65,"column":100},"end":{"line":65,"column":150}}},"24":{"name":"(anonymous_25)","decl":{"start":{"line":66,"column":95},"end":{"line":66,"column":96}},"loc":{"start":{"line":66,"column":100},"end":{"line":66,"column":150}}},"25":{"name":"(anonymous_26)","decl":{"start":{"line":67,"column":95},"end":{"line":67,"column":96}},"loc":{"start":{"line":67,"column":100},"end":{"line":67,"column":150}}},"26":{"name":"(anonymous_27)","decl":{"start":{"line":68,"column":95},"end":{"line":68,"column":96}},"loc":{"start":{"line":68,"column":100},"end":{"line":68,"column":150}}},"27":{"name":"MotivationStep","decl":{"start":{"line":73,"column":9},"end":{"line":73,"column":23}},"loc":{"start":{"line":73,"column":105},"end":{"line":83,"column":1}}},"28":{"name":"(anonymous_29)","decl":{"start":{"line":76,"column":95},"end":{"line":76,"column":96}},"loc":{"start":{"line":76,"column":100},"end":{"line":76,"column":139}}},"29":{"name":"(anonymous_30)","decl":{"start":{"line":77,"column":76},"end":{"line":77,"column":77}},"loc":{"start":{"line":77,"column":81},"end":{"line":77,"column":122}}},"30":{"name":"(anonymous_31)","decl":{"start":{"line":78,"column":89},"end":{"line":78,"column":90}},"loc":{"start":{"line":78,"column":94},"end":{"line":78,"column":138}}},"31":{"name":"(anonymous_32)","decl":{"start":{"line":79,"column":91},"end":{"line":79,"column":92}},"loc":{"start":{"line":79,"column":96},"end":{"line":79,"column":141}}},"32":{"name":"(anonymous_33)","decl":{"start":{"line":80,"column":91},"end":{"line":80,"column":92}},"loc":{"start":{"line":80,"column":96},"end":{"line":80,"column":141}}},"33":{"name":"BasicInfoStep","decl":{"start":{"line":85,"column":9},"end":{"line":85,"column":22}},"loc":{"start":{"line":93,"column":1},"end":{"line":144,"column":1}}},"34":{"name":"(anonymous_35)","decl":{"start":{"line":95,"column":26},"end":{"line":95,"column":27}},"loc":{"start":{"line":95,"column":69},"end":{"line":108,"column":3}}},"35":{"name":"(anonymous_36)","decl":{"start":{"line":99,"column":20},"end":{"line":99,"column":23}},"loc":{"start":{"line":99,"column":25},"end":{"line":106,"column":5}}},"36":{"name":"(anonymous_37)","decl":{"start":{"line":109,"column":28},"end":{"line":109,"column":29}},"loc":{"start":{"line":109,"column":71},"end":{"line":115,"column":3}}},"37":{"name":"(anonymous_38)","decl":{"start":{"line":118,"column":75},"end":{"line":118,"column":76}},"loc":{"start":{"line":118,"column":80},"end":{"line":118,"column":125}}},"38":{"name":"(anonymous_39)","decl":{"start":{"line":119,"column":97},"end":{"line":119,"column":98}},"loc":{"start":{"line":119,"column":102},"end":{"line":119,"column":150}}},"39":{"name":"(anonymous_40)","decl":{"start":{"line":120,"column":76},"end":{"line":120,"column":77}},"loc":{"start":{"line":120,"column":81},"end":{"line":120,"column":130}}},"40":{"name":"(anonymous_41)","decl":{"start":{"line":121,"column":74},"end":{"line":121,"column":75}},"loc":{"start":{"line":121,"column":79},"end":{"line":121,"column":127}}},"41":{"name":"(anonymous_42)","decl":{"start":{"line":122,"column":107},"end":{"line":122,"column":108}},"loc":{"start":{"line":122,"column":112},"end":{"line":122,"column":193}}},"42":{"name":"(anonymous_43)","decl":{"start":{"line":136,"column":20},"end":{"line":136,"column":21}},"loc":{"start":{"line":137,"column":10},"end":{"line":137,"column":28}}},"43":{"name":"ClientWizard","decl":{"start":{"line":152,"column":16},"end":{"line":152,"column":28}},"loc":{"start":{"line":152,"column":91},"end":{"line":358,"column":1}}},"44":{"name":"(anonymous_45)","decl":{"start":{"line":163,"column":18},"end":{"line":163,"column":21}},"loc":{"start":{"line":163,"column":23},"end":{"line":172,"column":3}}},"45":{"name":"(anonymous_46)","decl":{"start":{"line":165,"column":13},"end":{"line":165,"column":14}},"loc":{"start":{"line":165,"column":22},"end":{"line":170,"column":5}}},"46":{"name":"(anonymous_47)","decl":{"start":{"line":171,"column":13},"end":{"line":171,"column":14}},"loc":{"start":{"line":171,"column":24},"end":{"line":171,"column":104}}},"47":{"name":"(anonymous_48)","decl":{"start":{"line":174,"column":42},"end":{"line":174,"column":43}},"loc":{"start":{"line":174,"column":73},"end":{"line":181,"column":3}}},"48":{"name":"(anonymous_49)","decl":{"start":{"line":183,"column":21},"end":{"line":183,"column":26}},"loc":{"start":{"line":183,"column":32},"end":{"line":231,"column":3}}},"49":{"name":"(anonymous_50)","decl":{"start":{"line":230,"column":18},"end":{"line":230,"column":19}},"loc":{"start":{"line":230,"column":25},"end":{"line":230,"column":30}}},"50":{"name":"(anonymous_51)","decl":{"start":{"line":232,"column":21},"end":{"line":232,"column":24}},"loc":{"start":{"line":232,"column":27},"end":{"line":232,"column":66}}},"51":{"name":"(anonymous_52)","decl":{"start":{"line":232,"column":41},"end":{"line":232,"column":42}},"loc":{"start":{"line":232,"column":47},"end":{"line":232,"column":65}}},"52":{"name":"(anonymous_53)","decl":{"start":{"line":237,"column":19},"end":{"line":237,"column":20}},"loc":{"start":{"line":238,"column":10},"end":{"line":238,"column":null}}},"53":{"name":"(anonymous_54)","decl":{"start":{"line":252,"column":22},"end":{"line":252,"column":23}},"loc":{"start":{"line":252,"column":28},"end":{"line":262,"column":13}}},"54":{"name":"(anonymous_55)","decl":{"start":{"line":255,"column":26},"end":{"line":255,"column":27}},"loc":{"start":{"line":255,"column":37},"end":{"line":260,"column":18}}},"55":{"name":"(anonymous_56)","decl":{"start":{"line":267,"column":52},"end":{"line":267,"column":53}},"loc":{"start":{"line":267,"column":59},"end":{"line":267,"column":92}}},"56":{"name":"(anonymous_57)","decl":{"start":{"line":267,"column":68},"end":{"line":267,"column":69}},"loc":{"start":{"line":267,"column":74},"end":{"line":267,"column":90}}},"57":{"name":"(anonymous_58)","decl":{"start":{"line":270,"column":46},"end":{"line":270,"column":47}},"loc":{"start":{"line":270,"column":53},"end":{"line":270,"column":86}}},"58":{"name":"(anonymous_59)","decl":{"start":{"line":270,"column":62},"end":{"line":270,"column":63}},"loc":{"start":{"line":270,"column":68},"end":{"line":270,"column":84}}},"59":{"name":"(anonymous_60)","decl":{"start":{"line":273,"column":52},"end":{"line":273,"column":53}},"loc":{"start":{"line":273,"column":59},"end":{"line":273,"column":92}}},"60":{"name":"(anonymous_61)","decl":{"start":{"line":273,"column":68},"end":{"line":273,"column":69}},"loc":{"start":{"line":273,"column":74},"end":{"line":273,"column":90}}},"61":{"name":"(anonymous_62)","decl":{"start":{"line":276,"column":53},"end":{"line":276,"column":54}},"loc":{"start":{"line":276,"column":60},"end":{"line":276,"column":93}}},"62":{"name":"(anonymous_63)","decl":{"start":{"line":276,"column":69},"end":{"line":276,"column":70}},"loc":{"start":{"line":276,"column":75},"end":{"line":276,"column":91}}},"63":{"name":"(anonymous_64)","decl":{"start":{"line":279,"column":50},"end":{"line":279,"column":51}},"loc":{"start":{"line":279,"column":57},"end":{"line":279,"column":90}}},"64":{"name":"(anonymous_65)","decl":{"start":{"line":279,"column":66},"end":{"line":279,"column":67}},"loc":{"start":{"line":279,"column":72},"end":{"line":279,"column":88}}}},"branchMap":{"0":{"loc":{"start":{"line":25,"column":51},"end":{"line":25,"column":80}},"type":"binary-expr","locations":[{"start":{"line":25,"column":51},"end":{"line":25,"column":74}},{"start":{"line":25,"column":78},"end":{"line":25,"column":80}}]},"1":{"loc":{"start":{"line":26,"column":39},"end":{"line":26,"column":64}},"type":"binary-expr","locations":[{"start":{"line":26,"column":39},"end":{"line":26,"column":58}},{"start":{"line":26,"column":62},"end":{"line":26,"column":64}}]},"2":{"loc":{"start":{"line":27,"column":44},"end":{"line":27,"column":69}},"type":"binary-expr","locations":[{"start":{"line":27,"column":44},"end":{"line":27,"column":63}},{"start":{"line":27,"column":67},"end":{"line":27,"column":69}}]},"3":{"loc":{"start":{"line":28,"column":53},"end":{"line":28,"column":71}},"type":"binary-expr","locations":[{"start":{"line":28,"column":53},"end":{"line":28,"column":65}},{"start":{"line":28,"column":69},"end":{"line":28,"column":71}}]},"4":{"loc":{"start":{"line":29,"column":36},"end":{"line":29,"column":51}},"type":"binary-expr","locations":[{"start":{"line":29,"column":36},"end":{"line":29,"column":45}},{"start":{"line":29,"column":49},"end":{"line":29,"column":51}}]},"5":{"loc":{"start":{"line":30,"column":36},"end":{"line":30,"column":51}},"type":"binary-expr","locations":[{"start":{"line":30,"column":36},"end":{"line":30,"column":45}},{"start":{"line":30,"column":49},"end":{"line":30,"column":51}}]},"6":{"loc":{"start":{"line":31,"column":48},"end":{"line":31,"column":74}},"type":"binary-expr","locations":[{"start":{"line":31,"column":48},"end":{"line":31,"column":68}},{"start":{"line":31,"column":72},"end":{"line":31,"column":74}}]},"7":{"loc":{"start":{"line":32,"column":36},"end":{"line":32,"column":51}},"type":"binary-expr","locations":[{"start":{"line":32,"column":36},"end":{"line":32,"column":45}},{"start":{"line":32,"column":49},"end":{"line":32,"column":51}}]},"8":{"loc":{"start":{"line":33,"column":50},"end":{"line":33,"column":73}},"type":"binary-expr","locations":[{"start":{"line":33,"column":50},"end":{"line":33,"column":67}},{"start":{"line":33,"column":71},"end":{"line":33,"column":73}}]},"9":{"loc":{"start":{"line":41,"column":49},"end":{"line":41,"column":80}},"type":"binary-expr","locations":[{"start":{"line":41,"column":49},"end":{"line":41,"column":74}},{"start":{"line":41,"column":78},"end":{"line":41,"column":80}}]},"10":{"loc":{"start":{"line":42,"column":46},"end":{"line":42,"column":74}},"type":"binary-expr","locations":[{"start":{"line":42,"column":46},"end":{"line":42,"column":68}},{"start":{"line":42,"column":72},"end":{"line":42,"column":74}}]},"11":{"loc":{"start":{"line":43,"column":47},"end":{"line":43,"column":69}},"type":"binary-expr","locations":[{"start":{"line":43,"column":47},"end":{"line":43,"column":63}},{"start":{"line":43,"column":67},"end":{"line":43,"column":69}}]},"12":{"loc":{"start":{"line":44,"column":48},"end":{"line":44,"column":71}},"type":"binary-expr","locations":[{"start":{"line":44,"column":48},"end":{"line":44,"column":65}},{"start":{"line":44,"column":69},"end":{"line":44,"column":71}}]},"13":{"loc":{"start":{"line":52,"column":54},"end":{"line":52,"column":85}},"type":"binary-expr","locations":[{"start":{"line":52,"column":54},"end":{"line":52,"column":79}},{"start":{"line":52,"column":83},"end":{"line":52,"column":85}}]},"14":{"loc":{"start":{"line":53,"column":49},"end":{"line":53,"column":72}},"type":"binary-expr","locations":[{"start":{"line":53,"column":49},"end":{"line":53,"column":66}},{"start":{"line":53,"column":70},"end":{"line":53,"column":72}}]},"15":{"loc":{"start":{"line":54,"column":42},"end":{"line":54,"column":62}},"type":"binary-expr","locations":[{"start":{"line":54,"column":42},"end":{"line":54,"column":56}},{"start":{"line":54,"column":60},"end":{"line":54,"column":62}}]},"16":{"loc":{"start":{"line":55,"column":43},"end":{"line":55,"column":64}},"type":"binary-expr","locations":[{"start":{"line":55,"column":43},"end":{"line":55,"column":58}},{"start":{"line":55,"column":62},"end":{"line":55,"column":64}}]},"17":{"loc":{"start":{"line":56,"column":54},"end":{"line":56,"column":85}},"type":"binary-expr","locations":[{"start":{"line":56,"column":54},"end":{"line":56,"column":79}},{"start":{"line":56,"column":83},"end":{"line":56,"column":85}}]},"18":{"loc":{"start":{"line":64,"column":43},"end":{"line":64,"column":64}},"type":"binary-expr","locations":[{"start":{"line":64,"column":43},"end":{"line":64,"column":58}},{"start":{"line":64,"column":62},"end":{"line":64,"column":64}}]},"19":{"loc":{"start":{"line":65,"column":49},"end":{"line":65,"column":83}},"type":"binary-expr","locations":[{"start":{"line":65,"column":49},"end":{"line":65,"column":77}},{"start":{"line":65,"column":81},"end":{"line":65,"column":83}}]},"20":{"loc":{"start":{"line":66,"column":49},"end":{"line":66,"column":83}},"type":"binary-expr","locations":[{"start":{"line":66,"column":49},"end":{"line":66,"column":77}},{"start":{"line":66,"column":81},"end":{"line":66,"column":83}}]},"21":{"loc":{"start":{"line":67,"column":49},"end":{"line":67,"column":83}},"type":"binary-expr","locations":[{"start":{"line":67,"column":49},"end":{"line":67,"column":77}},{"start":{"line":67,"column":81},"end":{"line":67,"column":83}}]},"22":{"loc":{"start":{"line":68,"column":49},"end":{"line":68,"column":83}},"type":"binary-expr","locations":[{"start":{"line":68,"column":49},"end":{"line":68,"column":77}},{"start":{"line":68,"column":81},"end":{"line":68,"column":83}}]},"23":{"loc":{"start":{"line":76,"column":60},"end":{"line":76,"column":83}},"type":"binary-expr","locations":[{"start":{"line":76,"column":60},"end":{"line":76,"column":77}},{"start":{"line":76,"column":81},"end":{"line":76,"column":83}}]},"24":{"loc":{"start":{"line":77,"column":39},"end":{"line":77,"column":64}},"type":"binary-expr","locations":[{"start":{"line":77,"column":39},"end":{"line":77,"column":58}},{"start":{"line":77,"column":62},"end":{"line":77,"column":64}}]},"25":{"loc":{"start":{"line":78,"column":49},"end":{"line":78,"column":77}},"type":"binary-expr","locations":[{"start":{"line":78,"column":49},"end":{"line":78,"column":71}},{"start":{"line":78,"column":75},"end":{"line":78,"column":77}}]},"26":{"loc":{"start":{"line":79,"column":50},"end":{"line":79,"column":79}},"type":"binary-expr","locations":[{"start":{"line":79,"column":50},"end":{"line":79,"column":73}},{"start":{"line":79,"column":77},"end":{"line":79,"column":79}}]},"27":{"loc":{"start":{"line":80,"column":50},"end":{"line":80,"column":79}},"type":"binary-expr","locations":[{"start":{"line":80,"column":50},"end":{"line":80,"column":73}},{"start":{"line":80,"column":77},"end":{"line":80,"column":79}}]},"28":{"loc":{"start":{"line":97,"column":4},"end":{"line":97,"column":22}},"type":"if","locations":[{"start":{"line":97,"column":4},"end":{"line":97,"column":22}}]},"29":{"loc":{"start":{"line":118,"column":46},"end":{"line":118,"column":63}},"type":"binary-expr","locations":[{"start":{"line":118,"column":46},"end":{"line":118,"column":57}},{"start":{"line":118,"column":61},"end":{"line":118,"column":63}}]},"30":{"loc":{"start":{"line":118,"column":170},"end":{"line":118,"column":189}},"type":"binary-expr","locations":[{"start":{"line":118,"column":170},"end":{"line":118,"column":183}},{"start":{"line":118,"column":187},"end":{"line":118,"column":189}}]},"31":{"loc":{"start":{"line":119,"column":65},"end":{"line":119,"column":85}},"type":"binary-expr","locations":[{"start":{"line":119,"column":65},"end":{"line":119,"column":79}},{"start":{"line":119,"column":83},"end":{"line":119,"column":85}}]},"32":{"loc":{"start":{"line":120,"column":43},"end":{"line":120,"column":64}},"type":"binary-expr","locations":[{"start":{"line":120,"column":43},"end":{"line":120,"column":58}},{"start":{"line":120,"column":62},"end":{"line":120,"column":64}}]},"33":{"loc":{"start":{"line":120,"column":179},"end":{"line":120,"column":202}},"type":"binary-expr","locations":[{"start":{"line":120,"column":179},"end":{"line":120,"column":196}},{"start":{"line":120,"column":200},"end":{"line":120,"column":202}}]},"34":{"loc":{"start":{"line":121,"column":42},"end":{"line":121,"column":62}},"type":"binary-expr","locations":[{"start":{"line":121,"column":42},"end":{"line":121,"column":56}},{"start":{"line":121,"column":60},"end":{"line":121,"column":62}}]},"35":{"loc":{"start":{"line":121,"column":175},"end":{"line":121,"column":197}},"type":"binary-expr","locations":[{"start":{"line":121,"column":175},"end":{"line":121,"column":191}},{"start":{"line":121,"column":195},"end":{"line":121,"column":197}}]},"36":{"loc":{"start":{"line":122,"column":50},"end":{"line":122,"column":95}},"type":"binary-expr","locations":[{"start":{"line":122,"column":50},"end":{"line":122,"column":64}},{"start":{"line":122,"column":68},"end":{"line":122,"column":89}},{"start":{"line":122,"column":93},"end":{"line":122,"column":95}}]},"37":{"loc":{"start":{"line":124,"column":9},"end":{"line":124,"column":90}},"type":"cond-expr","locations":[{"start":{"line":124,"column":31},"end":{"line":124,"column":65}},{"start":{"line":124,"column":68},"end":{"line":124,"column":90}}]},"38":{"loc":{"start":{"line":130,"column":15},"end":{"line":130,"column":32}},"type":"binary-expr","locations":[{"start":{"line":130,"column":15},"end":{"line":130,"column":26}},{"start":{"line":130,"column":30},"end":{"line":130,"column":32}}]},"39":{"loc":{"start":{"line":134,"column":20},"end":{"line":134,"column":39}},"type":"binary-expr","locations":[{"start":{"line":134,"column":20},"end":{"line":134,"column":33}},{"start":{"line":134,"column":37},"end":{"line":134,"column":39}}]},"40":{"loc":{"start":{"line":152,"column":46},"end":{"line":152,"column":61}},"type":"default-arg","locations":[{"start":{"line":152,"column":53},"end":{"line":152,"column":61}}]},"41":{"loc":{"start":{"line":156,"column":64},"end":{"line":156,"column":119}},"type":"cond-expr","locations":[{"start":{"line":156,"column":80},"end":{"line":156,"column":114}},{"start":{"line":156,"column":117},"end":{"line":156,"column":119}}]},"42":{"loc":{"start":{"line":157,"column":55},"end":{"line":157,"column":81}},"type":"binary-expr","locations":[{"start":{"line":157,"column":55},"end":{"line":157,"column":75}},{"start":{"line":157,"column":79},"end":{"line":157,"column":81}}]},"43":{"loc":{"start":{"line":164,"column":4},"end":{"line":164,"column":31}},"type":"if","locations":[{"start":{"line":164,"column":4},"end":{"line":164,"column":31}}]},"44":{"loc":{"start":{"line":166,"column":6},"end":{"line":168,"column":7}},"type":"if","locations":[{"start":{"line":166,"column":6},"end":{"line":168,"column":7}}]},"45":{"loc":{"start":{"line":166,"column":10},"end":{"line":166,"column":84}},"type":"binary-expr","locations":[{"start":{"line":166,"column":10},"end":{"line":166,"column":18}},{"start":{"line":166,"column":22},"end":{"line":166,"column":50}},{"start":{"line":166,"column":54},"end":{"line":166,"column":84}}]},"46":{"loc":{"start":{"line":171,"column":24},"end":{"line":171,"column":104}},"type":"cond-expr","locations":[{"start":{"line":171,"column":72},"end":{"line":171,"column":97}},{"start":{"line":171,"column":100},"end":{"line":171,"column":104}}]},"47":{"loc":{"start":{"line":171,"column":24},"end":{"line":171,"column":69}},"type":"binary-expr","locations":[{"start":{"line":171,"column":24},"end":{"line":171,"column":29}},{"start":{"line":171,"column":33},"end":{"line":171,"column":69}}]},"48":{"loc":{"start":{"line":171,"column":45},"end":{"line":171,"column":55}},"type":"binary-expr","locations":[{"start":{"line":171,"column":45},"end":{"line":171,"column":49}},{"start":{"line":171,"column":53},"end":{"line":171,"column":55}}]},"49":{"loc":{"start":{"line":171,"column":72},"end":{"line":171,"column":97}},"type":"binary-expr","locations":[{"start":{"line":171,"column":72},"end":{"line":171,"column":91}},{"start":{"line":171,"column":95},"end":{"line":171,"column":97}}]},"50":{"loc":{"start":{"line":176,"column":4},"end":{"line":176,"column":63}},"type":"if","locations":[{"start":{"line":176,"column":4},"end":{"line":176,"column":63}}]},"51":{"loc":{"start":{"line":177,"column":4},"end":{"line":177,"column":76}},"type":"if","locations":[{"start":{"line":177,"column":4},"end":{"line":177,"column":76}}]},"52":{"loc":{"start":{"line":178,"column":4},"end":{"line":178,"column":73}},"type":"if","locations":[{"start":{"line":178,"column":4},"end":{"line":178,"column":73}}]},"53":{"loc":{"start":{"line":179,"column":4},"end":{"line":179,"column":63}},"type":"if","locations":[{"start":{"line":179,"column":4},"end":{"line":179,"column":63}}]},"54":{"loc":{"start":{"line":185,"column":4},"end":{"line":195,"column":5}},"type":"if","locations":[{"start":{"line":185,"column":4},"end":{"line":195,"column":5}}]},"55":{"loc":{"start":{"line":187,"column":6},"end":{"line":194,"column":7}},"type":"if","locations":[{"start":{"line":187,"column":6},"end":{"line":194,"column":7}},{"start":{"line":191,"column":13},"end":{"line":194,"column":7}}]},"56":{"loc":{"start":{"line":197,"column":4},"end":{"line":229,"column":5}},"type":"if","locations":[{"st
[...]
11},"end":{"line":23,"column":46}},"type":"cond-expr","locations":[{"start":{"line":23,"column":35},"end":{"line":23,"column":41}},{"start":{"line":23,"column":44},"end":{"line":23,"column":46}}]},"3":{"loc":{"start":{"line":30,"column":2},"end":{"line":30,"column":44}},"type":"if","locations":[{"start":{"line":30,"column":2},"end":{"line":30,"column":44}}]},"4":{"loc":{"start":{"line":38,"column":2},"end":{"line":38,"column":57}},"type":"if","locations":[{"start":{"line":38,"column":2},"end":{"line":38,"column":57}}]},"5":{"loc":{"start":{"line":40,"column":4},"end":{"line":40,"column":52}},"type":"if","locations":[{"start":{"line":40,"column":4},"end":{"line":40,"column":52}}]},"6":{"loc":{"start":{"line":41,"column":4},"end":{"line":41,"column":61}},"type":"if","locations":[{"start":{"line":41,"column":4},"end":{"line":41,"column":61}}]},"7":{"loc":{"start":{"line":41,"column":8},"end":{"line":41,"column":46}},"type":"binary-expr","locations":[{"start":{"line":41,"column":8},"end":{"line":41,"column":17}},{"start":{"line":41,"column":21},"end":{"line":41,"column":46}}]},"8":{"loc":{"start":{"line":42,"column":4},"end":{"line":42,"column":52}},"type":"if","locations":[{"start":{"line":42,"column":4},"end":{"line":42,"column":52}}]},"9":{"loc":{"start":{"line":42,"column":8},"end":{"line":42,"column":37}},"type":"binary-expr","locations":[{"start":{"line":42,"column":8},"end":{"line":42,"column":14}},{"start":{"line":42,"column":18},"end":{"line":42,"column":37}}]},"10":{"loc":{"start":{"line":59,"column":15},"end":{"line":59,"column":38}},"type":"binary-expr","locations":[{"start":{"line":59,"column":15},"end":{"line":59,"column":30}},{"start":{"line":59,"column":34},"end":{"line":59,"column":38}}]},"11":{"loc":{"start":{"line":62,"column":12},"end":{"line":62,"column":34}},"type":"binary-expr","locations":[{"start":{"line":62,"column":12},"end":{"line":62,"column":24}},{"start":{"line":62,"column":28},"end":{"line":62,"column":34}}]},"12":{"loc":{"start":{"line":74,"column":2},"end":{"line":74,"column":27}},"type":"if","locations":[{"start":{"line":74,"column":2},"end":{"line":74,"column":27}}]},"13":{"loc":{"start":{"line":83,"column":2},"end":{"line":86,"column":3}},"type":"if","locations":[{"start":{"line":83,"column":2},"end":{"line":86,"column":3}}]},"14":{"loc":{"start":{"line":89,"column":44},"end":{"line":89,"column":74}},"type":"default-arg","locations":[{"start":{"line":89,"column":55},"end":{"line":89,"column":74}}]},"15":{"loc":{"start":{"line":91,"column":29},"end":{"line":91,"column":106}},"type":"binary-expr","locations":[{"start":{"line":91,"column":29},"end":{"line":91,"column":36}},{"start":{"line":91,"column":40},"end":{"line":91,"column":59}},{"start":{"line":91,"column":63},"end":{"line":91,"column":88}},{"start":{"line":91,"column":92},"end":{"line":91,"column":106}}]}},"s":{"0":3,"1":3,"2":3,"3":3,"4":3,"5":3,"6":5,"7":0,"8":5,"9":5,"10":3,"11":2,"12":2,"13":2,"14":0,"15":5,"16":0,"17":5,"18":3,"19":2,"20":2,"21":2,"22":2,"23":1,"24":0,"25":1,"26":0,"27":1,"28":0,"29":1,"30":3,"31":3,"32":3,"33":3,"34":3,"35":1,"36":1,"37":1,"38":0,"39":1,"40":1,"41":1,"42":1,"43":1,"44":1,"45":1,"46":1,"47":1,"48":1,"49":1,"50":2},"f":{"0":5,"1":5,"2":2,"3":1,"4":3,"5":1,"6":1,"7":1,"8":1,"9":1,"10":2},"b":{"0":[0],"1":[3],"2":[2,0],"3":[0],"4":[2],"5":[0],"6":[0],"7":[1,0],"8":[0],"9":[1,0],"10":[3,3],"11":[3,0],"12":[0],"13":[1],"14":[1],"15":[2,2,2,1]}}
,"/Users/mrjames/Desktop/athletenarrative/web/web-app/services/templates.ts": {"path":"/Users/mrjames/Desktop/athletenarrative/web/web-app/services/templates.ts","statementMap":{"0":{"start":{"line":32,"column":0},"end":{"line":32,"column":16}},"1":{"start":{"line":39,"column":0},"end":{"line":39,"column":16}},"2":{"start":{"line":46,"column":0},"end":{"line":46,"column":16}},"3":{"start":{"line":55,"column":0},"end":{"line":55,"column":16}},"4":{"start":{"line":90,"column":0},"end":{"line":90,"column":16}},"5":{"start":{"line":13,"column":12},"end":{"line":13,"column":32}},"6":{"start":{"line":16,"column":2},"end":{"line":21,"column":3}},"7":{"start":{"line":17,"column":16},"end":{"line":17,"column":41}},"8":{"start":{"line":18,"column":4},"end":{"line":18,"column":59}},"9":{"start":{"line":20,"column":4},"end":{"line":20,"column":14}},"10":{"start":{"line":25,"column":2},"end":{"line":25,"column":50}},"11":{"start":{"line":29,"column":2},"end":{"line":29,"column":71}},"12":{"start":{"line":33,"column":14},"end":{"line":33,"column":23}},"13":{"start":{"line":34,"column":2},"end":{"line":36,"column":47}},"14":{"start":{"line":35,"column":17},"end":{"line":35,"column":111}},"15":{"start":{"line":36,"column":20},"end":{"line":36,"column":45}},"16":{"start":{"line":40,"column":14},"end":{"line":40,"column":23}},"17":{"start":{"line":41,"column":29},"end":{"line":41,"column":75}},"18":{"start":{"line":42,"column":2},"end":{"line":42,"column":25}},"19":{"start":{"line":43,"column":2},"end":{"line":43,"column":13}},"20":{"start":{"line":47,"column":2},"end":{"line":47,"column":42}},"21":{"start":{"line":47,"column":29},"end":{"line":47,"column":40}},"22":{"start":{"line":51,"column":2},"end":{"line":51,"column":50}},"23":{"start":{"line":66,"column":12},"end":{"line":66,"column":24}},"24":{"start":{"line":68,"column":47},"end":{"line":73,"column":4}},"25":{"start":{"line":74,"column":2},"end":{"line":76,"column":3}},"26":{"start":{"line":75,"column":4},"end":{"line":75,"column":72}},"27":{"start":{"line":77,"column":2},"end":{"line":79,"column":3}},"28":{"start":{"line":78,"column":4},"end":{"line":78,"column":50}},"29":{"start":{"line":80,"column":2},"end":{"line":85,"column":3}},"30":{"start":{"line":81,"column":4},"end":{"line":84,"column":5}},"31":{"start":{"line":82,"column":17},"end":{"line":82,"column":52}},"32":{"start":{"line":83,"column":6},"end":{"line":83,"column":32}},"33":{"start":{"line":86,"column":2},"end":{"line":86,"column":13}},"34":{"start":{"line":101,"column":12},"end":{"line":101,"column":24}},"35":{"start":{"line":102,"column":38},"end":{"line":109,"column":4}},"36":{"start":{"line":110,"column":2},"end":{"line":113,"column":3}},"37":{"start":{"line":111,"column":15},"end":{"line":111,"column":47}},"38":{"start":{"line":112,"column":4},"end":{"line":112,"column":29}},"39":{"start":{"line":114,"column":2},"end":{"line":114,"column":13}}},"fnMap":{"0":{"name":"loadAll","decl":{"start":{"line":15,"column":9},"end":{"line":15,"column":16}},"loc":{"start":{"line":15,"column":16},"end":{"line":22,"column":1}}},"1":{"name":"saveAll","decl":{"start":{"line":24,"column":9},"end":{"line":24,"column":16}},"loc":{"start":{"line":24,"column":38},"end":{"line":26,"column":1}}},"2":{"name":"uid","decl":{"start":{"line":28,"column":9},"end":{"line":28,"column":12}},"loc":{"start":{"line":28,"column":12},"end":{"line":30,"column":1}}},"3":{"name":"listTemplates","decl":{"start":{"line":32,"column":16},"end":{"line":32,"column":29}},"loc":{"start":{"line":32,"column":86},"end":{"line":37,"column":1}}},"4":{"name":"(anonymous_4)","decl":{"start":{"line":35,"column":12},"end":{"line":35,"column":13}},"loc":{"start":{"line":35,"column":17},"end":{"line":35,"column":111}}},"5":{"name":"(anonymous_5)","decl":{"start":{"line":36,"column":10},"end":{"line":36,"column":11}},"loc":{"start":{"line":36,"column":20},"end":{"line":36,"column":45}}},"6":{"name":"saveTemplate","decl":{"start":{"line":39,"column":16},"end":{"line":39,"column":28}},"loc":{"start":{"line":39,"column":75},"end":{"line":44,"column":1}}},"7":{"name":"getTemplate","decl":{"start":{"line":46,"column":16},"end":{"line":46,"column":27}},"loc":{"start":{"line":46,"column":38},"end":{"line":48,"column":1}}},"8":{"name":"(anonymous_8)","decl":{"start":{"line":47,"column":24},"end":{"line":47,"column":25}},"loc":{"start":{"line":47,"column":29},"end":{"line":47,"column":40}}},"9":{"name":"escapeRegExp","decl":{"start":{"line":50,"column":9},"end":{"line":50,"column":21}},"loc":{"start":{"line":50,"column":31},"end":{"line":52,"column":1}}},"10":{"name":"toTemplateHtml","decl":{"start":{"line":55,"column":16},"end":{"line":55,"column":30}},"loc":{"start":{"line":64,"column":3},"end":{"line":87,"column":1}}},"11":{"name":"applyTemplate","decl":{"start":{"line":90,"column":16},"end":{"line":90,"column":29}},"loc":{"start":{"line":99,"column":3},"end":{"line":115,"column":1}}}},"branchMap":{"0":{"loc":{"start":{"line":18,"column":11},"end":{"line":18,"column":58}},"type":"cond-expr","locations":[{"start":{"line":18,"column":18},"end":{"line":18,"column":53}},{"start":{"line":18,"column":56},"end":{"line":18,"column":58}}]},"1":{"loc":{"start":{"line":35,"column":17},"end":{"line":35,"column":111}},"type":"binary-expr","locations":[{"start":{"line":35,"column":17},"end":{"line":35,"column":52}},{"start":{"line":35,"column":57},"end":{"line":35,"column":110}}]},"2":{"loc":{"start":{"line":35,"column":57},"end":{"line":35,"column":110}},"type":"cond-expr","locations":[{"start":{"line":35,"column":74},"end":{"line":35,"column":103}},{"start":{"line":35,"column":106},"end":{"line":35,"column":110}}]},"3":{"loc":{"start":{"line":74,"column":2},"end":{"line":76,"column":3}},"type":"if","locations":[{"start":{"line":74,"column":2},"end":{"line":76,"column":3}}]},"4":{"loc":{"start":{"line":77,"column":2},"end":{"line":79,"column":3}},"type":"if","locations":[{"start":{"line":77,"column":2},"end":{"line":79,"column":3}}]},"5":{"loc":{"start":{"line":81,"column":4},"end":{"line":84,"column":5}},"type":"if","locations":[{"start":{"line":81,"column":4},"end":{"line":84,"column":5}}]},"6":{"loc":{"start":{"line":81,"column":8},"end":{"line":81,"column":34}},"type":"binary-expr","locations":[{"start":{"line":81,"column":8},"end":{"line":81,"column":12}},{"start":{"line":81,"column":16},"end":{"line":81,"column":34}}]},"7":{"loc":{"start":{"line":103,"column":28},"end":{"line":103,"column":54}},"type":"binary-expr","locations":[{"start":{"line":103,"column":28},"end":{"line":103,"column":48}},{"start":{"line":103,"column":52},"end":{"line":103,"column":54}}]},"8":{"loc":{"start":{"line":104,"column":27},"end":{"line":104,"column":52}},"type":"binary-expr","locations":[{"start":{"line":104,"column":27},"end":{"line":104,"column":46}},{"start":{"line":104,"column":50},"end":{"line":104,"column":52}}]},"9":{"loc":{"start":{"line":105,"column":27},"end":{"line":105,"column":52}},"type":"binary-expr","locations":[{"start":{"line":105,"column":27},"end":{"line":105,"column":46}},{"start":{"line":105,"column":50},"end":{"line":105,"column":52}}]},"10":{"loc":{"start":{"line":106,"column":26},"end":{"line":106,"column":50}},"type":"binary-expr","locations":[{"start":{"line":106,"column":26},"end":{"line":106,"column":44}},{"start":{"line":106,"column":48},"end":{"line":106,"column":50}}]},"11":{"loc":{"start":{"line":107,"column":32},"end":{"line":107,"column":62}},"type":"binary-expr","locations":[{"start":{"line":107,"column":32},"end":{"line":107,"column":56}},{"start":{"line":107,"column":60},"end":{"line":107,"column":62}}]},"12":{"loc":{"start":{"line":108,"column":21},"end":{"line":108,"column":40}},"type":"binary-expr","locations":[{"start":{"line":108,"column":21},"end":{"line":108,"column":34}},{"start":{"line":108,"column":38},"end":{"line":108,"column":40}}]}},"s":{"0":1,"1":1,"2":1,"3":1,"4":1,"5":1,"6":2,"7":2,"8":2,"9":0,"10":0,"11":0,"12":2,"13":2,"14":0,"15":0,"16":0,"17":0,"18":0,"19":0,"20":0,"21":0,"22":0,"23":0,"24":0,"25":0,"26":0,"27":0,"28":0,"29":0,"30":0,"31":0,"32":0,"33":0,"34":0,"35":0,"36":0,"37":0,"38":0,"39":0},"f":{"0":2,"1":0,"2":0,"3":2,"4":0,"5":0,"6":0,"7":0,"8":0,"9":0,"10":0,"11":0},"b":{"0":[0,2],"1":[0,0],"2":[0,0],"3":[0],"4":[0],"5":[0],"6":[0,0],"7":[0,0],"8":[0,0],"9":[0,0],"10":[0,0],"11":[0,0],"12":[0,0]}}
,"/Users/mrjames/Desktop/athletenarrative/web/web-app/tenancy/TenantContext.tsx": {"path":"/Users/mrjames/Desktop/athletenarrative/web/web-app/tenancy/TenantContext.tsx","statementMap":{"0":{"start":{"line":7,"column":0},"end":{"line":7,"column":16}},"1":{"start":{"line":11,"column":0},"end":{"line":11,"column":16}},"2":{"start":{"line":2,"column":0},"end":{"line":2,"column":26}},"3":{"start":{"line":5,"column":18},"end":{"line":5,"column":64}},"4":{"start":{"line":8,"column":2},"end":{"line":8,"column":76}},"5":{"start":{"line":12,"column":14},"end":{"line":12,"column":41}},"6":{"start":{"line":13,"column":2},"end":{"line":13,"column":76}},"7":{"start":{"line":13,"column":12},"end":{"line":13,"column":76}},"8":{"start":{"line":14,"column":2},"end":{"line":14,"column":13}}},"fnMap":{"0":{"name":"TenantProvider","decl":{"start":{"line":7,"column":16},"end":{"line":7,"column":30}},"loc":{"start":{"line":7,"column":104},"end":{"line":9,"column":1}}},"1":{"name":"useTenant","decl":{"start":{"line":11,"column":16},"end":{"line":11,"column":25}},"loc":{"start":{"line":11,"column":25},"end":{"line":15,"column":1}}}},"branchMap":{"0":{"loc":{"start":{"line":13,"column":2},"end":{"line":13,"column":76}},"type":"if","locations":[{"start":{"line":13,"column":2},"end":{"line":13,"column":76}}]}},"s":{"0":10,"1":10,"2":10,"3":10,"4":12,"5":2,"6":2,"7":0,"8":2},"f":{"0":12,"1":2},"b":{"0":[0]}}
,"/Users/mrjames/Desktop/athletenarrative/web/web-app/tenancy/TenantThemeProvider.tsx": {"path":"/Users/mrjames/Desktop/athletenarrative/web/web-app/tenancy/TenantThemeProvider.tsx","statementMap":{"0":{"start":{"line":13,"column":0},"end":{"line":13,"column":16}},"1":{"start":{"line":2,"column":0},"end":{"line":2,"column":26}},"2":{"start":{"line":3,"column":0},"end":{"line":3,"column":59}},"3":{"start":{"line":4,"column":0},"end":{"line":4,"column":59}},"4":{"start":{"line":6,"column":0},"end":{"line":6,"column":57}},"5":{"start":{"line":14,"column":16},"end":{"line":14,"column":72}},"6":{"start":{"line":14,"column":36},"end":{"line":14,"column":61}},"7":{"start":{"line":15,"column":2},"end":{"line":22,"column":4}}},"fnMap":{"0":{"name":"TenantThemeProvider","decl":{"start":{"line":13,"column":16},"end":{"line":13,"column":35}},"loc":{"start":{"line":13,"column":63},"end":{"line":23,"column":1}}},"1":{"name":"(anonymous_2)","decl":{"start":{"line":14,"column":30},"end":{"line":14,"column":33}},"loc":{"start":{"line":14,"column":36},"end":{"line":14,"column":61}}}},"branchMap":{},"s":{"0":10,"1":10,"2":10,"3":10,"4":10,"5":12,"6":12,"7":12},"f":{"0":12,"1":12},"b":{}}
,"/Users/mrjames/Desktop/athletenarrative/web/web-app/tenancy/serverTenant.ts": {"path":"/Users/mrjames/Desktop/athletenarrative/web/web-app/tenancy/serverTenant.ts","statementMap":{"0":{"start":{"line":5,"column":0},"end":{"line":5,"column":7}},"1":{"start":{"line":1,"column":0},"end":{"line":1,"column":39}},"2":{"start":{"line":2,"column":0},"end":{"line":2,"column":45}},"3":{"start":{"line":3,"column":0},"end":{"line":3,"column":107}},"4":{"start":{"line":6,"column":15},"end":{"line":6,"column":30}},"5":{"start":{"line":7,"column":15},"end":{"line":7,"column":37}},"6":{"start":{"line":8,"column":15},"end":{"line":8,"column":46}},"7":{"start":{"line":10,"column":19},"end":{"line":10,"column":65}},"8":{"start":{"line":11,"column":2},"end":{"line":13,"column":3}},"9":{"start":{"line":12,"column":4},"end":{"line":12,"column":41}},"10":{"start":{"line":14,"column":19},"end":{"line":14,"column":65}},"11":{"start":{"line":15,"column":2},"end":{"line":15,"column":39}}},"fnMap":{"0":{"name":"getServerTenant","decl":{"start":{"line":5,"column":22},"end":{"line":5,"column":37}},"loc":{"start":{"line":5,"column":37},"end":{"line":16,"column":1}}}},"branchMap":{"0":{"loc":{"start":{"line":7,"column":15},"end":{"line":7,"column":37}},"type":"binary-expr","locations":[{"start":{"line":7,"column":15},"end":{"line":7,"column":31}},{"start":{"line":7,"column":35},"end":{"line":7,"column":37}}]},"1":{"loc":{"start":{"line":8,"column":15},"end":{"line":8,"column":46}},"type":"binary-expr","locations":[{"start":{"line":8,"column":15},"end":{"line":8,"column":40}},{"start":{"line":8,"column":44},"end":{"line":8,"column":46}}]},"2":{"loc":{"start":{"line":11,"column":2},"end":{"line":13,"column":3}},"type":"if","locations":[{"start":{"line":11,"column":2},"end":{"line":13,"column":3}}]}},"s":{"0":1,"1":1,"2":1,"3":1,"4":2,"5":2,"6":2,"7":2,"8":2,"9":1,"10":1,"11":1},"f":{"0":2},"b":{"0":[2,1],"1":[2,2],"2":[1]}}
,"/Users/mrjames/Desktop/athletenarrative/web/web-app/tenancy/tenantResolver.ts": {"path":"/Users/mrjames/Desktop/athletenarrative/web/web-app/tenancy/tenantResolver.ts","statementMap":{"0":{"start":{"line":3,"column":0},"end":{"line":3,"column":16}},"1":{"start":{"line":13,"column":0},"end":{"line":13,"column":16}},"2":{"start":{"line":22,"column":0},"end":{"line":22,"column":16}},"3":{"start":{"line":1,"column":0},"end":{"line":1,"column":45}},"4":{"start":{"line":5,"column":16},"end":{"line":5,"column":51}},"5":{"start":{"line":6,"column":2},"end":{"line":8,"column":3}},"6":{"start":{"line":7,"column":4},"end":{"line":7,"column":20}},"7":{"start":{"line":10,"column":2},"end":{"line":10,"column":19}},"8":{"start":{"line":15,"column":16},"end":{"line":15,"column":51}},"9":{"start":{"line":16,"column":2},"end":{"line":18,"column":3}},"10":{"start":{"line":17,"column":4},"end":{"line":17,"column":20}},"11":{"start":{"line":19,"column":2},"end":{"line":19,"column":19}},"12":{"start":{"line":23,"column":14},"end":{"line":23,"column":33}},"13":{"start":{"line":24,"column":2},"end":{"line":24,"column":46}}},"fnMap":{"0":{"name":"resolveTenantFromHost","decl":{"start":{"line":3,"column":16},"end":{"line":3,"column":37}},"loc":{"start":{"line":3,"column":54},"end":{"line":11,"column":1}}},"1":{"name":"resolveTenantFromPath","decl":{"start":{"line":13,"column":16},"end":{"line":13,"column":37}},"loc":{"start":{"line":13,"column":54},"end":{"line":20,"column":1}}},"2":{"name":"ensureKnownTenant","decl":{"start":{"line":22,"column":16},"end":{"line":22,"column":33}},"loc":{"start":{"line":22,"column":50},"end":{"line":25,"column":1}}}},"branchMap":{"0":{"loc":{"start":{"line":6,"column":2},"end":{"line":8,"column":3}},"type":"if","locations":[{"start":{"line":6,"column":2},"end":{"line":8,"column":3}}]},"1":{"loc":{"start":{"line":16,"column":2},"end":{"line":18,"column":3}},"type":"if","locations":[{"start":{"line":16,"column":2},"end":{"line":18,"column":3}}]},"2":{"loc":{"start":{"line":16,"column":6},"end":{"line":16,"column":34}},"type":"binary-expr","locations":[{"start":{"line":16,"column":6},"end":{"line":16,"column":22}},{"start":{"line":16,"column":26},"end":{"line":16,"column":34}}]},"3":{"loc":{"start":{"line":24,"column":9},"end":{"line":24,"column":45}},"type":"cond-expr","locations":[{"start":{"line":24,"column":25},"end":{"line":24,"column":33}},{"start":{"line":24,"column":36},"end":{"line":24,"column":45}}]}},"s":{"0":2,"1":2,"2":2,"3":2,"4":4,"5":4,"6":2,"7":2,"8":3,"9":3,"10":1,"11":2,"12":3,"13":3},"f":{"0":4,"1":3,"2":3},"b":{"0":[2],"1":[1],"2":[3,1],"3":[3,0]}}
,"/Users/mrjames/Desktop/athletenarrative/web/web-app/tenancy/themeBuilder.ts": {"path":"/Users/mrjames/Desktop/athletenarrative/web/web-app/tenancy/themeBuilder.ts","statementMap":{"0":{"start":{"line":6,"column":0},"end":{"line":6,"column":16}},"1":{"start":{"line":1,"column":0},"end":{"line":1,"column":51}},"2":{"start":{"line":3,"column":0},"end":{"line":3,"column":48}},"3":{"start":{"line":4,"column":0},"end":{"line":4,"column":40}},"4":{"start":{"line":7,"column":16},"end":{"line":93,"column":4}},"5":{"start":{"line":94,"column":2},"end":{"line":94,"column":15}}},"fnMap":{"0":{"name":"createTenantTheme","decl":{"start":{"line":6,"column":16},"end":{"line":6,"column":33}},"loc":{"start":{"line":6,"column":54},"end":{"line":95,"column":1}}}},"branchMap":{"0":{"loc":{"start":{"line":10,"column":25},"end":{"line":10,"column":60}},"type":"binary-expr","locations":[{"start":{"line":10,"column":25},"end":{"line":10,"column":47}},{"start":{"line":10,"column":51},"end":{"line":10,"column":60}}]}},"s":{"0":11,"1":11,"2":11,"3":11,"4":13,"5":13},"f":{"0":13},"b":{"0":[13,0]}}
}
