TN:
SF:components/Button.tsx
FN:9,Button
FNF:1
FNH:0
FNDA:0,Button
DA:3,0
DA:9,0
DA:10,0
LF:3
LH:0
BRF:0
BRH:0
end_of_record
TN:
SF:config/index.ts
FN:26,getServiceConfig
FN:34,getTenantRegistry
FNF:2
FNH:0
FNDA:0,getServiceConfig
FNDA:0,getTenantRegistry
DA:23,0
DA:24,0
DA:26,0
DA:27,0
DA:29,0
DA:30,0
DA:31,0
DA:34,0
DA:35,0
DA:36,0
DA:68,0
LF:11
LH:0
BRDA:27,0,0,0
BRDA:29,1,0,0
BRDA:29,1,1,0
BRDA:35,2,0,0
BRF:4
BRH:0
end_of_record
TN:
SF:features/agencies/AgencyWizard.tsx
FN:10,BasicInfoStep
FN:11,(anonymous_2)
FN:14,(anonymous_3)
FN:15,(anonymous_4)
FN:16,(anonymous_5)
FN:21,OwnerInfoStep
FN:22,(anonymous_7)
FN:26,(anonymous_8)
FN:27,(anonymous_9)
FN:28,(anonymous_10)
FN:29,(anonymous_11)
FN:37,SystemSettingsStep
FN:38,(anonymous_13)
FN:39,(anonymous_14)
FN:48,(anonymous_15)
FN:57,(anonymous_16)
FN:63,(anonymous_17)
FN:89,(anonymous_18)
FN:96,(anonymous_19)
FN:102,(anonymous_20)
FN:111,(anonymous_21)
FN:118,AgencyWizard
FN:124,(anonymous_23)
FN:130,(anonymous_24)
FN:132,(anonymous_25)
FN:132,(anonymous_26)
FN:137,(anonymous_27)
FNF:27
FNH:0
FNDA:0,BasicInfoStep
FNDA:0,(anonymous_2)
FNDA:0,(anonymous_3)
FNDA:0,(anonymous_4)
FNDA:0,(anonymous_5)
FNDA:0,OwnerInfoStep
FNDA:0,(anonymous_7)
FNDA:0,(anonymous_8)
FNDA:0,(anonymous_9)
FNDA:0,(anonymous_10)
FNDA:0,(anonymous_11)
FNDA:0,SystemSettingsStep
FNDA:0,(anonymous_13)
FNDA:0,(anonymous_14)
FNDA:0,(anonymous_15)
FNDA:0,(anonymous_16)
FNDA:0,(anonymous_17)
FNDA:0,(anonymous_18)
FNDA:0,(anonymous_19)
FNDA:0,(anonymous_20)
FNDA:0,(anonymous_21)
FNDA:0,AgencyWizard
FNDA:0,(anonymous_23)
FNDA:0,(anonymous_24)
FNDA:0,(anonymous_25)
FNDA:0,(anonymous_26)
FNDA:0,(anonymous_27)
DA:2,0
DA:3,0
DA:4,0
DA:5,0
DA:6,0
DA:8,0
DA:11,0
DA:12,0
DA:14,0
DA:15,0
DA:16,0
DA:22,0
DA:23,0
DA:24,0
DA:26,0
DA:27,0
DA:28,0
DA:29,0
DA:38,0
DA:39,0
DA:40,0
DA:47,0
DA:49,0
DA:57,0
DA:58,0
DA:59,0
DA:60,0
DA:62,0
DA:63,0
DA:64,0
DA:66,0
DA:89,0
DA:96,0
DA:102,0
DA:111,0
DA:118,0
DA:119,0
DA:120,0
DA:121,0
DA:122,0
DA:124,0
DA:125,0
DA:126,0
DA:127,0
DA:128,0
DA:130,0
DA:132,0
DA:134,0
DA:138,0
LF:49
LH:0
BRDA:14,0,0,0
BRDA:14,0,1,0
BRDA:15,1,0,0
BRDA:15,1,1,0
BRDA:16,2,0,0
BRDA:16,2,1,0
BRDA:26,3,0,0
BRDA:26,3,1,0
BRDA:27,4,0,0
BRDA:27,4,1,0
BRDA:28,5,0,0
BRDA:28,5,1,0
BRDA:29,6,0,0
BRDA:29,6,1,0
BRDA:31,7,0,0
BRDA:31,7,1,0
BRDA:42,8,0,0
BRDA:42,8,1,0
BRDA:43,9,0,0
BRDA:43,9,1,0
BRDA:51,10,0,0
BRDA:51,10,1,0
BRDA:52,11,0,0
BRDA:52,11,1,0
BRDA:58,12,0,0
BRDA:59,13,0,0
BRDA:59,13,1,0
BRDA:63,14,0,0
BRDA:63,14,1,0
BRDA:79,15,0,0
BRDA:79,15,1,0
BRDA:82,16,0,0
BRDA:82,16,1,0
BRDA:88,17,0,0
BRDA:88,17,1,0
BRDA:89,18,0,0
BRDA:89,18,1,0
BRDA:95,19,0,0
BRDA:95,19,1,0
BRDA:96,20,0,0
BRDA:96,20,1,0
BRDA:102,21,0,0
BRDA:102,21,1,0
BRDA:104,22,0,0
BRDA:104,22,1,0
BRDA:111,23,0,0
BRDA:111,23,1,0
BRDA:125,24,0,0
BRDA:144,25,0,0
BRDA:144,25,1,0
BRDA:145,26,0,0
BRDA:145,26,1,0
BRDA:146,27,0,0
BRDA:146,27,1,0
BRDA:147,28,0,0
BRDA:147,28,1,0
BRDA:153,29,0,0
BRDA:153,29,1,0
BRDA:154,30,0,0
BRDA:154,30,1,0
BRDA:155,31,0,0
BRDA:155,31,1,0
BRDA:159,32,0,0
BRDA:159,32,1,0
BRDA:160,33,0,0
BRDA:160,33,1,0
BRDA:161,34,0,0
BRDA:161,34,1,0
BRDA:162,35,0,0
BRDA:162,35,1,0
BRDA:168,36,0,0
BRDA:168,36,1,0
BRDA:169,37,0,0
BRDA:169,37,1,0
BRDA:172,38,0,0
BRDA:172,38,1,0
BRDA:173,39,0,0
BRDA:173,39,1,0
BRDA:176,40,0,0
BRDA:176,40,1,0
BRDA:189,41,0,0
BRDA:189,41,1,0
BRF:82
BRH:0
end_of_record
TN:
SF:features/ai/AICounselor.tsx
FN:9,AICounselor
FN:15,(anonymous_2)
FN:31,(anonymous_3)
FNF:3
FNH:0
FNDA:0,AICounselor
FNDA:0,(anonymous_2)
FNDA:0,(anonymous_3)
DA:2,0
DA:3,0
DA:4,0
DA:5,0
DA:6,0
DA:7,0
DA:9,0
DA:10,0
DA:11,0
DA:12,0
DA:13,0
DA:15,0
DA:16,0
DA:17,0
DA:18,0
DA:19,0
DA:20,0
DA:21,0
DA:23,0
DA:25,0
DA:29,0
DA:31,0
LF:22
LH:0
BRDA:32,0,0,0
BRDA:32,0,1,0
BRDA:33,1,0,0
BRDA:33,1,1,0
BRDA:36,2,0,0
BRDA:36,2,1,0
BRF:6
BRH:0
end_of_record
TN:
SF:features/ai/AICounselorGate.tsx
FN:6,AICounselorGate
FNF:1
FNH:0
FNDA:0,AICounselorGate
DA:3,0
DA:4,0
DA:6,0
DA:7,0
DA:8,0
DA:9,0
DA:11,0
LF:7
LH:0
BRDA:8,0,0,0
BRF:1
BRH:0
end_of_record
TN:
SF:features/ai/AIScreen.tsx
FN:6,AIScreen
FNF:1
FNH:0
FNDA:0,AIScreen
DA:3,0
DA:4,0
DA:6,0
DA:7,0
LF:4
LH:0
BRF:0
BRH:0
end_of_record
TN:
SF:features/ai/service.ts
FN:10,askCounselor
FNF:1
FNH:0
FNDA:0,askCounselor
DA:1,0
DA:2,0
DA:4,0
DA:10,0
DA:11,0
DA:12,0
LF:6
LH:0
BRF:0
BRH:0
end_of_record
TN:
SF:features/auth/LoginForm.tsx
FN:15,LoginForm
FN:22,(anonymous_2)
FN:60,(anonymous_3)
FN:68,(anonymous_4)
FN:76,(anonymous_5)
FNF:5
FNH:0
FNDA:0,LoginForm
FNDA:0,(anonymous_2)
FNDA:0,(anonymous_3)
FNDA:0,(anonymous_4)
FNDA:0,(anonymous_5)
DA:2,0
DA:3,0
DA:4,0
DA:5,0
DA:6,0
DA:7,0
DA:8,0
DA:15,0
DA:16,0
DA:17,0
DA:18,0
DA:19,0
DA:20,0
DA:22,0
DA:23,0
DA:24,0
DA:25,0
DA:26,0
DA:27,0
DA:28,0
DA:29,0
DA:30,0
DA:31,0
DA:32,0
DA:33,0
DA:34,0
DA:35,0
DA:36,0
DA:37,0
DA:39,0
DA:43,0
DA:60,0
DA:68,0
DA:76,0
LF:34
LH:0
BRDA:25,0,0,0
BRDA:25,0,1,0
BRDA:26,1,0,0
BRDA:29,2,0,0
BRDA:29,2,1,0
BRDA:30,3,0,0
BRDA:31,4,0,0
BRDA:31,4,1,0
BRDA:32,5,0,0
BRDA:34,6,0,0
BRDA:46,7,0,0
BRDA:46,7,1,0
BRDA:46,7,2,0
BRDA:46,7,3,0
BRDA:50,8,0,0
BRDA:50,8,1,0
BRDA:51,9,0,0
BRDA:51,9,1,0
BRDA:52,10,0,0
BRDA:52,10,1,0
BRF:20
BRH:0
end_of_record
TN:
SF:features/auth/service.ts
FN:12,login
FNF:1
FNH:0
FNDA:0,login
DA:1,0
DA:2,0
DA:12,0
DA:13,0
DA:14,0
DA:15,0
DA:17,0
DA:18,0
LF:8
LH:0
BRDA:14,0,0,0
BRF:1
BRH:0
end_of_record
TN:
SF:features/auth/session.tsx
FN:8,SessionProvider
FN:12,(anonymous_2)
FN:18,(anonymous_3)
FN:29,useSession
FNF:4
FNH:0
FNDA:0,SessionProvider
FNDA:0,(anonymous_2)
FNDA:0,(anonymous_3)
FNDA:0,useSession
DA:2,0
DA:6,0
DA:8,0
DA:9,0
DA:10,0
DA:12,0
DA:13,0
DA:14,0
DA:15,0
DA:18,0
DA:19,0
DA:20,0
DA:21,0
DA:22,0
DA:26,0
DA:29,0
DA:30,0
DA:31,0
DA:32,0
LF:19
LH:0
BRDA:13,0,0,0
BRDA:13,0,1,0
BRDA:14,1,0,0
BRDA:20,2,0,0
BRDA:21,3,0,0
BRDA:21,3,1,0
BRDA:31,4,0,0
BRF:7
BRH:0
end_of_record
TN:
SF:features/auth/validators.ts
FN:1,validateEmail
FN:6,validatePassword
FNF:2
FNH:0
FNDA:0,validateEmail
FNDA:0,validatePassword
DA:1,0
DA:2,0
DA:3,0
DA:6,0
DA:7,0
LF:5
LH:0
BRDA:7,0,0,0
BRDA:7,0,1,0
BRF:2
BRH:0
end_of_record
TN:
SF:features/clients/ClientForm.tsx
FN:15,ClientForm
FN:17,(anonymous_2)
FN:20,(anonymous_3)
FN:21,(anonymous_4)
FN:22,(anonymous_5)
FN:23,(anonymous_6)
FN:24,(anonymous_7)
FN:25,(anonymous_8)
FNF:8
FNH:0
FNDA:0,ClientForm
FNDA:0,(anonymous_2)
FNDA:0,(anonymous_3)
FNDA:0,(anonymous_4)
FNDA:0,(anonymous_5)
FNDA:0,(anonymous_6)
FNDA:0,(anonymous_7)
FNDA:0,(anonymous_8)
DA:2,0
DA:3,0
DA:4,0
DA:5,0
DA:7,0
DA:15,0
DA:16,0
DA:17,0
DA:18,0
DA:20,0
DA:21,0
DA:22,0
DA:23,0
DA:24,0
DA:25,0
LF:15
LH:0
BRDA:16,0,0,0
BRDA:16,0,1,0
BRDA:20,1,0,0
BRDA:20,1,1,0
BRDA:21,2,0,0
BRDA:21,2,1,0
BRDA:22,3,0,0
BRDA:22,3,1,0
BRDA:23,4,0,0
BRDA:23,4,1,0
BRDA:24,5,0,0
BRDA:24,5,1,0
BRF:12
BRH:0
end_of_record
TN:
SF:features/clients/ClientWizard.tsx
FN:22,PersonalInfoStep
FN:25,(anonymous_2)
FN:26,(anonymous_3)
FN:27,(anonymous_4)
FN:28,(anonymous_5)
FN:29,(anonymous_6)
FN:30,(anonymous_7)
FN:31,(anonymous_8)
FN:32,(anonymous_9)
FN:33,(anonymous_10)
FN:38,SocialStep
FN:41,(anonymous_12)
FN:42,(anonymous_13)
FN:43,(anonymous_14)
FN:44,(anonymous_15)
FN:49,ContentLinksStep
FN:52,(anonymous_17)
FN:53,(anonymous_18)
FN:54,(anonymous_19)
FN:55,(anonymous_20)
FN:56,(anonymous_21)
FN:61,EventsMetricsStep
FN:64,(anonymous_23)
FN:65,(anonymous_24)
FN:66,(anonymous_25)
FN:67,(anonymous_26)
FN:68,(anonymous_27)
FN:73,MotivationStep
FN:76,(anonymous_29)
FN:77,(anonymous_30)
FN:78,(anonymous_31)
FN:79,(anonymous_32)
FN:80,(anonymous_33)
FN:85,BasicInfoStep
FN:95,(anonymous_35)
FN:99,(anonymous_36)
FN:109,(anonymous_37)
FN:118,(anonymous_38)
FN:119,(anonymous_39)
FN:120,(anonymous_40)
FN:121,(anonymous_41)
FN:122,(anonymous_42)
FN:136,(anonymous_43)
FN:152,ClientWizard
FN:163,(anonymous_45)
FN:165,(anonymous_46)
FN:171,(anonymous_47)
FN:174,(anonymous_48)
FN:183,(anonymous_49)
FN:230,(anonymous_50)
FN:232,(anonymous_51)
FN:232,(anonymous_52)
FN:237,(anonymous_53)
FN:252,(anonymous_54)
FN:255,(anonymous_55)
FN:267,(anonymous_56)
FN:267,(anonymous_57)
FN:270,(anonymous_58)
FN:270,(anonymous_59)
FN:273,(anonymous_60)
FN:273,(anonymous_61)
FN:276,(anonymous_62)
FN:276,(anonymous_63)
FN:279,(anonymous_64)
FN:279,(anonymous_65)
FNF:65
FNH:0
FNDA:0,PersonalInfoStep
FNDA:0,(anonymous_2)
FNDA:0,(anonymous_3)
FNDA:0,(anonymous_4)
FNDA:0,(anonymous_5)
FNDA:0,(anonymous_6)
FNDA:0,(anonymous_7)
FNDA:0,(anonymous_8)
FNDA:0,(anonymous_9)
FNDA:0,(anonymous_10)
FNDA:0,SocialStep
FNDA:0,(anonymous_12)
FNDA:0,(anonymous_13)
FNDA:0,(anonymous_14)
FNDA:0,(anonymous_15)
FNDA:0,ContentLinksStep
FNDA:0,(anonymous_17)
FNDA:0,(anonymous_18)
FNDA:0,(anonymous_19)
FNDA:0,(anonymous_20)
FNDA:0,(anonymous_21)
FNDA:0,EventsMetricsStep
FNDA:0,(anonymous_23)
FNDA:0,(anonymous_24)
FNDA:0,(anonymous_25)
FNDA:0,(anonymous_26)
FNDA:0,(anonymous_27)
FNDA:0,MotivationStep
FNDA:0,(anonymous_29)
FNDA:0,(anonymous_30)
FNDA:0,(anonymous_31)
FNDA:0,(anonymous_32)
FNDA:0,(anonymous_33)
FNDA:0,BasicInfoStep
FNDA:0,(anonymous_35)
FNDA:0,(anonymous_36)
FNDA:0,(anonymous_37)
FNDA:0,(anonymous_38)
FNDA:0,(anonymous_39)
FNDA:0,(anonymous_40)
FNDA:0,(anonymous_41)
FNDA:0,(anonymous_42)
FNDA:0,(anonymous_43)
FNDA:0,ClientWizard
FNDA:0,(anonymous_45)
FNDA:0,(anonymous_46)
FNDA:0,(anonymous_47)
FNDA:0,(anonymous_48)
FNDA:0,(anonymous_49)
FNDA:0,(anonymous_50)
FNDA:0,(anonymous_51)
FNDA:0,(anonymous_52)
FNDA:0,(anonymous_53)
FNDA:0,(anonymous_54)
FNDA:0,(anonymous_55)
FNDA:0,(anonymous_56)
FNDA:0,(anonymous_57)
FNDA:0,(anonymous_58)
FNDA:0,(anonymous_59)
FNDA:0,(anonymous_60)
FNDA:0,(anonymous_61)
FNDA:0,(anonymous_62)
FNDA:0,(anonymous_63)
FNDA:0,(anonymous_64)
FNDA:0,(anonymous_65)
DA:2,0
DA:3,0
DA:4,0
DA:5,0
DA:6,0
DA:7,0
DA:8,0
DA:12,0
DA:23,0
DA:25,0
DA:26,0
DA:27,0
DA:28,0
DA:29,0
DA:30,0
DA:31,0
DA:32,0
DA:33,0
DA:39,0
DA:41,0
DA:42,0
DA:43,0
DA:44,0
DA:50,0
DA:52,0
DA:53,0
DA:54,0
DA:55,0
DA:56,0
DA:62,0
DA:64,0
DA:65,0
DA:66,0
DA:67,0
DA:68,0
DA:74,0
DA:76,0
DA:77,0
DA:78,0
DA:79,0
DA:80,0
DA:94,0
DA:95,0
DA:96,0
DA:97,0
DA:98,0
DA:99,0
DA:100,0
DA:107,0
DA:109,0
DA:110,0
DA:111,0
DA:116,0
DA:118,0
DA:119,0
DA:120,0
DA:121,0
DA:122,0
DA:137,0
DA:152,0
DA:153,0
DA:154,0
DA:155,0
DA:156,0
DA:157,0
DA:158,0
DA:159,0
DA:160,0
DA:161,0
DA:163,0
DA:164,0
DA:165,0
DA:166,0
DA:167,0
DA:169,0
DA:171,0
DA:174,0
DA:175,0
DA:176,0
DA:177,0
DA:178,0
DA:179,0
DA:180,0
DA:183,0
DA:185,0
DA:186,0
DA:187,0
DA:188,0
DA:189,0
DA:190,0
DA:192,0
DA:193,0
DA:197,0
DA:198,0
DA:199,0
DA:200,0
DA:201,0
DA:202,0
DA:203,0
DA:205,0
DA:206,0
DA:208,0
DA:214,0
DA:215,0
DA:217,0
DA:218,0
DA:219,0
DA:220,0
DA:221,0
DA:222,0
DA:223,0
DA:225,0
DA:227,0
DA:230,0
DA:232,0
DA:234,0
DA:238,0
DA:253,0
DA:254,0
DA:255,0
DA:267,0
DA:270,0
DA:273,0
DA:276,0
DA:279,0
LF:125
LH:0
BRDA:25,0,0,0
BRDA:25,0,1,0
BRDA:26,1,0,0
BRDA:26,1,1,0
BRDA:27,2,0,0
BRDA:27,2,1,0
BRDA:28,3,0,0
BRDA:28,3,1,0
BRDA:29,4,0,0
BRDA:29,4,1,0
BRDA:30,5,0,0
BRDA:30,5,1,0
BRDA:31,6,0,0
BRDA:31,6,1,0
BRDA:32,7,0,0
BRDA:32,7,1,0
BRDA:33,8,0,0
BRDA:33,8,1,0
BRDA:41,9,0,0
BRDA:41,9,1,0
BRDA:42,10,0,0
BRDA:42,10,1,0
BRDA:43,11,0,0
BRDA:43,11,1,0
BRDA:44,12,0,0
BRDA:44,12,1,0
BRDA:52,13,0,0
BRDA:52,13,1,0
BRDA:53,14,0,0
BRDA:53,14,1,0
BRDA:54,15,0,0
BRDA:54,15,1,0
BRDA:55,16,0,0
BRDA:55,16,1,0
BRDA:56,17,0,0
BRDA:56,17,1,0
BRDA:64,18,0,0
BRDA:64,18,1,0
BRDA:65,19,0,0
BRDA:65,19,1,0
BRDA:66,20,0,0
BRDA:66,20,1,0
BRDA:67,21,0,0
BRDA:67,21,1,0
BRDA:68,22,0,0
BRDA:68,22,1,0
BRDA:76,23,0,0
BRDA:76,23,1,0
BRDA:77,24,0,0
BRDA:77,24,1,0
BRDA:78,25,0,0
BRDA:78,25,1,0
BRDA:79,26,0,0
BRDA:79,26,1,0
BRDA:80,27,0,0
BRDA:80,27,1,0
BRDA:97,28,0,0
BRDA:118,29,0,0
BRDA:118,29,1,0
BRDA:118,30,0,0
BRDA:118,30,1,0
BRDA:119,31,0,0
BRDA:119,31,1,0
BRDA:120,32,0,0
BRDA:120,32,1,0
BRDA:120,33,0,0
BRDA:120,33,1,0
BRDA:121,34,0,0
BRDA:121,34,1,0
BRDA:121,35,0,0
BRDA:121,35,1,0
BRDA:122,36,0,0
BRDA:122,36,1,0
BRDA:122,36,2,0
BRDA:124,37,0,0
BRDA:124,37,1,0
BRDA:130,38,0,0
BRDA:130,38,1,0
BRDA:134,39,0,0
BRDA:134,39,1,0
BRDA:152,40,0,0
BRDA:156,41,0,0
BRDA:156,41,1,0
BRDA:157,42,0,0
BRDA:157,42,1,0
BRDA:164,43,0,0
BRDA:166,44,0,0
BRDA:166,45,0,0
BRDA:166,45,1,0
BRDA:166,45,2,0
BRDA:171,46,0,0
BRDA:171,46,1,0
BRDA:171,47,0,0
BRDA:171,47,1,0
BRDA:171,48,0,0
BRDA:171,48,1,0
BRDA:171,49,0,0
BRDA:171,49,1,0
BRDA:176,50,0,0
BRDA:177,51,0,0
BRDA:178,52,0,0
BRDA:179,53,0,0
BRDA:185,54,0,0
BRDA:187,55,0,0
BRDA:187,55,1,0
BRDA:197,56,0,0
BRDA:199,57,0,0
BRDA:199,57,1,0
BRDA:211,58,0,0
BRDA:211,58,1,0
BRDA:214,59,0,0
BRDA:225,60,0,0
BRDA:225,60,1,0
BRDA:244,61,0,0
BRDA:244,61,1,0
BRDA:249,62,0,0
BRDA:249,62,1,0
BRDA:254,63,0,0
BRDA:256,64,0,0
BRDA:256,64,1,0
BRDA:257,65,0,0
BRDA:257,65,1,0
BRDA:258,66,0,0
BRDA:258,66,1,0
BRDA:259,67,0,0
BRDA:259,67,1,0
BRDA:266,68,0,0
BRDA:266,68,1,0
BRDA:269,69,0,0
BRDA:269,69,1,0
BRDA:272,70,0,0
BRDA:272,70,1,0
BRDA:275,71,0,0
BRDA:275,71,1,0
BRDA:278,72,0,0
BRDA:278,72,1,0
BRDA:281,73,0,0
BRDA:281,73,1,0
BRDA:287,74,0,0
BRDA:287,74,1,0
BRDA:288,75,0,0
BRDA:288,75,1,0
BRDA:289,76,0,0
BRDA:289,76,1,0
BRDA:293,77,0,0
BRDA:293,77,1,0
BRDA:294,78,0,0
BRDA:294,78,1,0
BRDA:295,79,0,0
BRDA:295,79,1,0
BRDA:296,80,0,0
BRDA:296,80,1,0
BRDA:297,81,0,0
BRDA:297,81,1,0
BRDA:298,82,0,0
BRDA:298,82,1,0
BRDA:299,83,0,0
BRDA:299,83,1,0
BRDA:300,84,0,0
BRDA:300,84,1,0
BRDA:304,85,0,0
BRDA:304,85,1,0
BRDA:308,86,0,0
BRDA:308,86,1,0
BRDA:309,87,0,0
BRDA:309,87,1,0
BRDA:310,88,0,0
BRDA:310,88,1,0
BRDA:311,89,0,0
BRDA:311,89,1,0
BRDA:315,90,0,0
BRDA:315,90,1,0
BRDA:316,91,0,0
BRDA:316,91,1,0
BRDA:317,92,0,0
BRDA:317,92,1,0
BRDA:318,93,0,0
BRDA:318,93,1,0
BRDA:319,94,0,0
BRDA:319,94,1,0
BRDA:323,95,0,0
BRDA:323,95,1,0
BRDA:324,96,0,0
BRDA:324,96,1,0
BRDA:324,97,0,0
BRDA:324,97,1,0
BRDA:325,98,0,0
BRDA:325,98,1,0
BRDA:325,99,0,0
BRDA:325,99,1,0
BRDA:329,100,0,0
BRDA:329,100,1,0
BRDA:330,101,0,0
BRDA:330,101,1,0
BRDA:331,102,0,0
BRDA:331,102,1,0
BRDA:332,103,0,0
BRDA:332,103,1,0
BRDA:333,104,0,0
BRDA:333,104,1,0
BRDA:345,105,0,0
BRDA:345,105,1,0
BRDA:347,106,0,0
BRDA:347,106,1,0
BRDA:349,107,0,0
BRDA:349,107,1,0
BRDA:350,108,0,0
BRDA:350,108,1,0
BRF:208
BRH:0
end_of_record
TN:
SF:features/clients/ClientsList.tsx
FN:9,ClientsList
FN:14,(anonymous_1)
FN:23,(anonymous_2)
FN:54,(anonymous_3)
FN:58,(anonymous_4)
FN:68,(anonymous_5)
FNF:6
FNH:0
FNDA:0,ClientsList
FNDA:0,(anonymous_1)
FNDA:0,(anonymous_2)
FNDA:0,(anonymous_3)
FNDA:0,(anonymous_4)
FNDA:0,(anonymous_5)
DA:3,0
DA:4,0
DA:5,0
DA:6,0
DA:7,0
DA:9,0
DA:10,0
DA:11,0
DA:12,0
DA:14,0
DA:17,0
DA:24,0
DA:25,0
DA:26,0
DA:27,0
DA:28,0
DA:55,0
DA:58,0
DA:63,0
DA:68,0
LF:20
LH:0
BRDA:11,0,0,0
BRDA:11,0,1,0
BRDA:12,1,0,0
BRDA:14,2,0,0
BRDA:14,2,1,0
BRDA:25,3,0,0
BRDA:25,3,1,0
BRDA:25,4,0,0
BRDA:25,4,1,0
BRDA:25,5,0,0
BRDA:25,5,1,0
BRDA:26,6,0,0
BRDA:26,6,1,0
BRDA:26,6,2,0
BRDA:27,7,0,0
BRDA:27,7,1,0
BRDA:27,7,2,0
BRF:17
BRH:0
end_of_record
TN:
SF:features/coach/CoachRosterTable.tsx
FN:21,CoachRosterTable
FN:31,(anonymous_2)
FN:50,(anonymous_3)
FN:58,(anonymous_4)
FN:72,(anonymous_5)
FN:81,(anonymous_6)
FN:85,(anonymous_7)
FNF:7
FNH:0
FNDA:0,CoachRosterTable
FNDA:0,(anonymous_2)
FNDA:0,(anonymous_3)
FNDA:0,(anonymous_4)
FNDA:0,(anonymous_5)
FNDA:0,(anonymous_6)
FNDA:0,(anonymous_7)
DA:2,0
DA:3,0
DA:4,0
DA:5,0
DA:6,0
DA:7,0
DA:8,0
DA:9,0
DA:10,0
DA:11,0
DA:12,0
DA:13,0
DA:14,0
DA:15,0
DA:16,0
DA:17,0
DA:18,0
DA:19,0
DA:21,0
DA:22,0
DA:23,0
DA:24,0
DA:25,0
DA:27,0
DA:28,0
DA:29,0
DA:31,0
DA:32,0
DA:33,0
DA:34,0
DA:35,0
DA:36,0
DA:39,0
DA:51,0
DA:59,0
DA:60,0
DA:72,0
DA:81,0
DA:85,0
LF:39
LH:0
BRDA:27,0,0,0
BRDA:28,1,0,0
BRDA:29,2,0,0
BRDA:29,2,1,0
BRDA:32,3,0,0
BRDA:32,4,0,0
BRDA:32,4,1,0
BRF:7
BRH:0
end_of_record
TN:
SF:features/coach/service.ts
FN:4,getRoster
FN:15,addNote
FNF:2
FNH:0
FNDA:0,getRoster
FNDA:0,addNote
DA:1,0
DA:2,0
DA:4,0
DA:5,0
DA:8,0
DA:15,0
DA:16,0
DA:17,0
LF:8
LH:0
BRF:0
BRH:0
end_of_record
TN:
SF:features/commits/CommitsSection.tsx
FN:8,fetchCommits
FN:15,CommitsSection
FN:18,(anonymous_2)
FN:22,(anonymous_3)
FNF:4
FNH:0
FNDA:0,fetchCommits
FNDA:0,CommitsSection
FNDA:0,(anonymous_2)
FNDA:0,(anonymous_3)
DA:3,0
DA:4,0
DA:6,0
DA:9,0
DA:10,0
DA:11,0
DA:12,0
DA:15,0
DA:16,0
DA:18,0
DA:20,0
DA:22,0
DA:25,0
LF:13
LH:0
BRDA:10,0,0,0
BRDA:12,1,0,0
BRDA:12,1,1,0
BRDA:30,2,0,0
BRDA:30,2,1,0
BRDA:36,3,0,0
BRDA:36,3,1,0
BRF:7
BRH:0
end_of_record
TN:
SF:features/commits/CommitsTable.tsx
FN:6,CommitsTable
FN:31,(anonymous_2)
FN:38,(anonymous_3)
FN:57,(anonymous_4)
FNF:4
FNH:0
FNDA:0,CommitsTable
FNDA:0,(anonymous_2)
FNDA:0,(anonymous_3)
FNDA:0,(anonymous_4)
DA:2,0
DA:3,0
DA:4,0
DA:6,0
DA:17,0
DA:18,0
DA:20,0
DA:22,0
DA:31,0
DA:38,0
DA:58,0
LF:11
LH:0
BRDA:47,0,0,0
BRDA:47,0,1,0
BRDA:52,1,0,0
BRDA:52,1,1,0
BRDA:59,2,0,0
BRDA:59,2,1,0
BRDA:59,3,0,0
BRDA:59,3,1,0
BRDA:61,4,0,0
BRDA:61,4,1,0
BRDA:62,5,0,0
BRDA:62,5,1,0
BRDA:64,6,0,0
BRDA:64,6,1,0
BRDA:65,7,0,0
BRDA:65,7,1,0
BRDA:70,8,0,0
BRDA:70,8,1,0
BRDA:70,9,0,0
BRDA:70,9,1,0
BRDA:71,10,0,0
BRDA:71,10,1,0
BRDA:74,11,0,0
BRDA:74,11,1,0
BRDA:76,12,0,0
BRDA:76,12,1,0
BRF:26
BRH:0
end_of_record
TN:
SF:features/marketing/Hero.tsx
FN:5,Hero
FN:7,(anonymous_1)
FN:12,(anonymous_2)
FNF:3
FNH:0
FNDA:0,Hero
FNDA:0,(anonymous_1)
FNDA:0,(anonymous_2)
DA:3,0
DA:5,0
DA:6,0
DA:7,0
DA:12,0
LF:5
LH:0
BRF:0
BRH:0
end_of_record
TN:
SF:features/marketing/MarketingHeader.tsx
FN:7,MarketingHeader
FNF:1
FNH:0
FNDA:0,MarketingHeader
DA:3,0
DA:4,0
DA:5,0
DA:7,0
DA:8,0
LF:5
LH:0
BRF:0
BRH:0
end_of_record
TN:
SF:features/notes/NotesPanel.tsx
FN:24,NotesPanel
FN:34,(anonymous_2)
FN:40,(anonymous_3)
FN:44,(anonymous_4)
FN:51,(anonymous_5)
FN:69,(anonymous_6)
FN:88,(anonymous_7)
FN:112,(anonymous_8)
FN:115,(anonymous_9)
FN:126,(anonymous_10)
FN:150,(anonymous_11)
FN:158,(anonymous_12)
FN:158,(anonymous_13)
FN:165,(anonymous_14)
FN:165,(anonymous_15)
FN:168,(anonymous_16)
FN:179,(anonymous_17)
FN:179,(anonymous_18)
FN:186,(anonymous_19)
FNF:19
FNH:0
FNDA:0,NotesPanel
FNDA:0,(anonymous_2)
FNDA:0,(anonymous_3)
FNDA:0,(anonymous_4)
FNDA:0,(anonymous_5)
FNDA:0,(anonymous_6)
FNDA:0,(anonymous_7)
FNDA:0,(anonymous_8)
FNDA:0,(anonymous_9)
FNDA:0,(anonymous_10)
FNDA:0,(anonymous_11)
FNDA:0,(anonymous_12)
FNDA:0,(anonymous_13)
FNDA:0,(anonymous_14)
FNDA:0,(anonymous_15)
FNDA:0,(anonymous_16)
FNDA:0,(anonymous_17)
FNDA:0,(anonymous_18)
FNDA:0,(anonymous_19)
DA:2,0
DA:3,0
DA:18,0
DA:19,0
DA:20,0
DA:24,0
DA:25,0
DA:26,0
DA:27,0
DA:29,0
DA:30,0
DA:31,0
DA:32,0
DA:34,0
DA:35,0
DA:36,0
DA:37,0
DA:40,0
DA:41,0
DA:42,0
DA:44,0
DA:45,0
DA:46,0
DA:47,0
DA:48,0
DA:51,0
DA:52,0
DA:53,0
DA:54,0
DA:56,0
DA:57,0
DA:58,0
DA:60,0
DA:62,0
DA:63,0
DA:65,0
DA:69,0
DA:70,0
DA:73,0
DA:89,0
DA:112,0
DA:115,0
DA:126,0
DA:150,0
DA:158,0
DA:165,0
DA:169,0
DA:179,0
DA:186,0
LF:49
LH:0
BRDA:26,0,0,0
BRDA:26,0,1,0
BRDA:46,1,0,0
BRDA:46,1,1,0
BRDA:46,2,0,0
BRDA:46,2,1,0
BRDA:46,3,0,0
BRDA:46,3,1,0
BRDA:52,4,0,0
BRDA:57,5,0,0
BRDA:57,5,1,0
BRDA:65,6,0,0
BRDA:65,6,1,0
BRDA:82,7,0,0
BRDA:82,7,1,0
BRDA:84,8,0,0
BRDA:84,8,1,0
BRDA:97,9,0,0
BRDA:97,9,1,0
BRDA:101,10,0,0
BRDA:101,10,1,0
BRDA:148,11,0,0
BRDA:148,11,1,0
BRDA:157,12,0,0
BRDA:157,12,1,0
BRDA:164,13,0,0
BRDA:164,13,1,0
BRDA:190,14,0,0
BRDA:190,14,1,0
BRDA:193,15,0,0
BRDA:193,15,1,0
BRF:31
BRH:0
end_of_record
TN:
SF:features/notes/useNotes.ts
FN:15,fetchNotes
FN:19,(anonymous_1)
FN:22,createNoteReq
FN:33,updateNoteReq
FN:44,deleteNoteReq
FN:54,useNotes
FN:59,(anonymous_6)
FN:64,(anonymous_7)
FN:66,(anonymous_8)
FN:70,(anonymous_9)
FN:72,(anonymous_10)
FN:76,(anonymous_11)
FN:77,(anonymous_12)
FNF:13
FNH:0
FNDA:0,fetchNotes
FNDA:0,(anonymous_1)
FNDA:0,createNoteReq
FNDA:0,updateNoteReq
FNDA:0,deleteNoteReq
FNDA:0,useNotes
FNDA:0,(anonymous_6)
FNDA:0,(anonymous_7)
FNDA:0,(anonymous_8)
FNDA:0,(anonymous_9)
FNDA:0,(anonymous_10)
FNDA:0,(anonymous_11)
FNDA:0,(anonymous_12)
DA:1,0
DA:16,0
DA:17,0
DA:18,0
DA:19,0
DA:23,0
DA:28,0
DA:29,0
DA:30,0
DA:34,0
DA:39,0
DA:40,0
DA:41,0
DA:45,0
DA:50,0
DA:51,0
DA:54,0
DA:55,0
DA:56,0
DA:57,0
DA:59,0
DA:63,0
DA:65,0
DA:66,0
DA:69,0
DA:71,0
DA:72,0
DA:75,0
DA:76,0
DA:77,0
DA:80,0
LF:31
LH:0
BRDA:17,0,0,0
BRDA:28,1,0,0
BRDA:39,2,0,0
BRDA:50,3,0,0
BRDA:60,4,0,0
BRDA:60,4,1,0
BRDA:82,5,0,0
BRDA:82,5,1,0
BRF:8
BRH:0
end_of_record
TN:
SF:features/paywall/EntitlementGuard.tsx
FN:14,EntitlementGuard
FN:17,(anonymous_2)
FNF:2
FNH:0
FNDA:0,EntitlementGuard
FNDA:0,(anonymous_2)
DA:3,0
DA:4,0
DA:5,0
DA:6,0
DA:14,0
DA:15,0
DA:17,0
DA:19,0
DA:20,0
DA:21,0
DA:22,0
LF:11
LH:0
BRDA:19,0,0,0
BRDA:20,1,0,0
BRDA:21,2,0,0
BRDA:22,3,0,0
BRDA:22,3,1,0
BRF:5
BRH:0
end_of_record
TN:
SF:features/paywall/service.ts
FN:8,getEntitlement
FNF:1
FNH:0
FNDA:0,getEntitlement
DA:1,0
DA:2,0
DA:4,0
DA:8,0
DA:9,0
DA:10,0
LF:6
LH:0
BRF:0
BRH:0
end_of_record
TN:
SF:features/radar/RadarFeedList.tsx
FN:12,RadarFeedList
FN:19,(anonymous_2)
FN:23,(anonymous_3)
FNF:3
FNH:0
FNDA:0,RadarFeedList
FNDA:0,(anonymous_2)
FNDA:0,(anonymous_3)
DA:3,0
DA:4,0
DA:5,0
DA:6,0
DA:8,0
DA:9,0
DA:10,0
DA:12,0
DA:13,0
DA:14,0
DA:15,0
DA:16,0
DA:17,0
DA:20,0
DA:23,0
LF:15
LH:0
BRDA:14,0,0,0
BRDA:15,1,0,0
BRDA:16,2,0,0
BRDA:16,2,1,0
BRF:4
BRH:0
end_of_record
TN:
SF:features/radar/feedService.ts
FN:4,getTrending
FN:15,toggleWatchlist
FNF:2
FNH:0
FNDA:0,getTrending
FNDA:0,toggleWatchlist
DA:1,0
DA:2,0
DA:4,0
DA:5,0
DA:8,0
DA:15,0
DA:16,0
DA:17,0
LF:8
LH:0
BRDA:4,0,0,0
BRF:1
BRH:0
end_of_record
TN:
SF:features/radar/useRadarFeed.ts
FN:4,useRadarFeed
FN:8,(anonymous_1)
FN:11,(anonymous_2)
FN:12,(anonymous_3)
FNF:4
FNH:0
FNDA:0,useRadarFeed
FNDA:0,(anonymous_1)
FNDA:0,(anonymous_2)
FNDA:0,(anonymous_3)
DA:1,0
DA:2,0
DA:4,0
DA:5,0
DA:6,0
DA:8,0
DA:10,0
DA:11,0
DA:13,0
DA:16,0
LF:10
LH:0
BRDA:4,0,0,0
BRF:1
BRH:0
end_of_record
TN:
SF:features/recruiter/DivisionFinder.tsx
FN:6,DivisionFinder
FN:13,(anonymous_2)
FN:14,(anonymous_3)
FN:15,(anonymous_4)
FN:23,(anonymous_5)
FN:26,(anonymous_6)
FN:33,(anonymous_7)
FN:36,(anonymous_8)
FN:39,(anonymous_9)
FNF:9
FNH:0
FNDA:0,DivisionFinder
FNDA:0,(anonymous_2)
FNDA:0,(anonymous_3)
FNDA:0,(anonymous_4)
FNDA:0,(anonymous_5)
FNDA:0,(anonymous_6)
FNDA:0,(anonymous_7)
FNDA:0,(anonymous_8)
FNDA:0,(anonymous_9)
DA:2,0
DA:3,0
DA:4,0
DA:6,0
DA:7,0
DA:8,0
DA:9,0
DA:10,0
DA:11,0
DA:13,0
DA:14,0
DA:15,0
DA:17,0
DA:23,0
DA:26,0
DA:33,0
DA:36,0
DA:40,0
LF:18
LH:0
BRDA:14,0,0,0
BRDA:15,1,0,0
BRDA:15,2,0,0
BRDA:15,2,1,0
BRDA:28,3,0,0
BRDA:28,3,1,0
BRDA:39,4,0,0
BRDA:39,4,1,0
BRDA:39,4,2,0
BRF:9
BRH:0
end_of_record
TN:
SF:features/recruiter/RecruiterSearchList.tsx
FN:17,RecruiterSearchList
FN:33,(anonymous_2)
FN:39,(anonymous_3)
FNF:3
FNH:0
FNDA:0,RecruiterSearchList
FNDA:0,(anonymous_2)
FNDA:0,(anonymous_3)
DA:3,0
DA:4,0
DA:5,0
DA:6,0
DA:7,0
DA:8,0
DA:9,0
DA:10,0
DA:11,0
DA:12,0
DA:17,0
DA:18,0
DA:20,0
DA:21,0
DA:22,0
DA:24,0
DA:34,0
DA:39,0
LF:18
LH:0
BRDA:20,0,0,0
BRDA:21,1,0,0
BRDA:22,2,0,0
BRDA:22,2,1,0
BRDA:38,3,0,0
BRDA:38,3,1,0
BRF:6
BRH:0
end_of_record
TN:
SF:features/recruiter/RecruiterWizard.tsx
FN:16,RecruiterWizard
FN:66,(anonymous_2)
FN:66,(anonymous_3)
FN:67,(anonymous_4)
FN:103,(anonymous_5)
FN:108,(anonymous_6)
FN:115,(anonymous_7)
FN:118,(anonymous_8)
FN:122,toggleSection
FN:123,(anonymous_10)
FN:125,setField
FN:126,(anonymous_12)
FN:128,buildEmailPreview
FN:130,(anonymous_14)
FN:135,(anonymous_15)
FN:137,(anonymous_16)
FN:159,(anonymous_17)
FN:161,(anonymous_18)
FN:174,(anonymous_19)
FN:177,(anonymous_20)
FN:214,(anonymous_21)
FN:215,onMessage
FN:226,(anonymous_23)
FN:252,(anonymous_24)
FN:255,(anonymous_25)
FN:259,(anonymous_26)
FN:260,(anonymous_27)
FN:261,(anonymous_28)
FN:264,handleConnectGmail
FN:289,handleCreateGmailDraft
FN:321,(anonymous_31)
FN:343,(anonymous_32)
FN:358,handleImproveWithAI
FN:396,generateFullEmailHtml
FN:427,(anonymous_35)
FN:436,(anonymous_36)
FN:448,(anonymous_37)
FN:450,(anonymous_38)
FN:456,(anonymous_39)
FN:462,(anonymous_40)
FN:468,(anonymous_41)
FN:473,(anonymous_42)
FN:474,(anonymous_43)
FN:476,(anonymous_44)
FN:477,(anonymous_45)
FN:489,(anonymous_46)
FN:504,(anonymous_47)
FN:506,(anonymous_48)
FN:506,(anonymous_49)
FN:508,(anonymous_50)
FN:509,(anonymous_51)
FN:512,currentEmailContext
FN:519,(anonymous_53)
FN:525,handleSaveTemplate
FN:541,handleApplyTemplate
FN:542,(anonymous_56)
FN:554,(anonymous_57)
FN:572,(anonymous_58)
FN:576,(anonymous_59)
FN:590,(anonymous_60)
FN:594,(anonymous_61)
FN:604,(anonymous_62)
FN:609,(anonymous_63)
FN:619,(anonymous_64)
FN:622,(anonymous_65)
FN:627,(anonymous_66)
FN:645,(anonymous_67)
FN:656,(anonymous_68)
FN:659,(anonymous_69)
FN:681,(anonymous_70)
FN:683,(anonymous_71)
FN:691,(anonymous_72)
FN:694,(anonymous_73)
FN:703,(anonymous_74)
FN:703,(anonymous_75)
FN:767,(anonymous_76)
FN:772,(anonymous_77)
FN:777,(anonymous_78)
FN:782,(anonymous_79)
FN:787,(anonymous_80)
FN:797,(anonymous_81)
FN:806,(anonymous_82)
FN:806,(anonymous_83)
FN:826,(anonymous_84)
FN:835,(anonymous_85)
FN:849,(anonymous_86)
FN:853,(anonymous_87)
FN:859,(anonymous_88)
FN:863,(anonymous_89)
FN:868,(anonymous_90)
FN:877,(anonymous_91)
FN:880,(anonymous_92)
FN:890,(anonymous_93)
FN:891,(anonymous_94)
FN:894,(anonymous_95)
FN:910,(anonymous_96)
FN:912,(anonymous_97)
FN:946,(anonymous_98)
FNF:98
FNH:0
FNDA:0,RecruiterWizard
FNDA:0,(anonymous_2)
FNDA:0,(anonymous_3)
FNDA:0,(anonymous_4)
FNDA:0,(anonymous_5)
FNDA:0,(anonymous_6)
FNDA:0,(anonymous_7)
FNDA:0,(anonymous_8)
FNDA:0,toggleSection
FNDA:0,(anonymous_10)
FNDA:0,setField
FNDA:0,(anonymous_12)
FNDA:0,buildEmailPreview
FNDA:0,(anonymous_14)
FNDA:0,(anonymous_15)
FNDA:0,(anonymous_16)
FNDA:0,(anonymous_17)
FNDA:0,(anonymous_18)
FNDA:0,(anonymous_19)
FNDA:0,(anonymous_20)
FNDA:0,(anonymous_21)
FNDA:0,onMessage
FNDA:0,(anonymous_23)
FNDA:0,(anonymous_24)
FNDA:0,(anonymous_25)
FNDA:0,(anonymous_26)
FNDA:0,(anonymous_27)
FNDA:0,(anonymous_28)
FNDA:0,handleConnectGmail
FNDA:0,handleCreateGmailDraft
FNDA:0,(anonymous_31)
FNDA:0,(anonymous_32)
FNDA:0,handleImproveWithAI
FNDA:0,generateFullEmailHtml
FNDA:0,(anonymous_35)
FNDA:0,(anonymous_36)
FNDA:0,(anonymous_37)
FNDA:0,(anonymous_38)
FNDA:0,(anonymous_39)
FNDA:0,(anonymous_40)
FNDA:0,(anonymous_41)
FNDA:0,(anonymous_42)
FNDA:0,(anonymous_43)
FNDA:0,(anonymous_44)
FNDA:0,(anonymous_45)
FNDA:0,(anonymous_46)
FNDA:0,(anonymous_47)
FNDA:0,(anonymous_48)
FNDA:0,(anonymous_49)
FNDA:0,(anonymous_50)
FNDA:0,(anonymous_51)
FNDA:0,currentEmailContext
FNDA:0,(anonymous_53)
FNDA:0,handleSaveTemplate
FNDA:0,handleApplyTemplate
FNDA:0,(anonymous_56)
FNDA:0,(anonymous_57)
FNDA:0,(anonymous_58)
FNDA:0,(anonymous_59)
FNDA:0,(anonymous_60)
FNDA:0,(anonymous_61)
FNDA:0,(anonymous_62)
FNDA:0,(anonymous_63)
FNDA:0,(anonymous_64)
FNDA:0,(anonymous_65)
FNDA:0,(anonymous_66)
FNDA:0,(anonymous_67)
FNDA:0,(anonymous_68)
FNDA:0,(anonymous_69)
FNDA:0,(anonymous_70)
FNDA:0,(anonymous_71)
FNDA:0,(anonymous_72)
FNDA:0,(anonymous_73)
FNDA:0,(anonymous_74)
FNDA:0,(anonymous_75)
FNDA:0,(anonymous_76)
FNDA:0,(anonymous_77)
FNDA:0,(anonymous_78)
FNDA:0,(anonymous_79)
FNDA:0,(anonymous_80)
FNDA:0,(anonymous_81)
FNDA:0,(anonymous_82)
FNDA:0,(anonymous_83)
FNDA:0,(anonymous_84)
FNDA:0,(anonymous_85)
FNDA:0,(anonymous_86)
FNDA:0,(anonymous_87)
FNDA:0,(anonymous_88)
FNDA:0,(anonymous_89)
FNDA:0,(anonymous_90)
FNDA:0,(anonymous_91)
FNDA:0,(anonymous_92)
FNDA:0,(anonymous_93)
FNDA:0,(anonymous_94)
FNDA:0,(anonymous_95)
FNDA:0,(anonymous_96)
FNDA:0,(anonymous_97)
FNDA:0,(anonymous_98)
DA:2,0
DA:3,0
DA:4,0
DA:5,0
DA:6,0
DA:7,0
DA:8,0
DA:9,0
DA:10,0
DA:11,0
DA:12,0
DA:16,0
DA:17,0
DA:18,0
DA:21,0
DA:22,0
DA:25,0
DA:26,0
DA:27,0
DA:28,0
DA:29,0
DA:30,0
DA:31,0
DA:32,0
DA:33,0
DA:36,0
DA:37,0
DA:38,0
DA:41,0
DA:42,0
DA:45,0
DA:57,0
DA:58,0
DA:59,0
DA:60,0
DA:61,0
DA:62,0
DA:63,0
DA:64,0
DA:66,0
DA:67,0
DA:68,0
DA:69,0
DA:103,0
DA:104,0
DA:105,0
DA:106,0
DA:107,0
DA:109,0
DA:113,0
DA:115,0
DA:117,0
DA:118,0
DA:120,0
DA:123,0
DA:126,0
DA:129,0
DA:130,0
DA:131,0
DA:132,0
DA:133,0
DA:134,0
DA:135,0
DA:136,0
DA:137,0
DA:138,0
DA:139,0
DA:143,0
DA:144,0
DA:145,0
DA:147,0
DA:148,0
DA:153,0
DA:154,0
DA:159,0
DA:160,0
DA:161,0
DA:162,0
DA:163,0
DA:166,0
DA:169,0
DA:170,0
DA:174,0
DA:176,0
DA:177,0
DA:178,0
DA:179,0
DA:182,0
DA:185,0
DA:186,0
DA:191,0
DA:192,0
DA:198,0
DA:199,0
DA:204,0
DA:205,0
DA:207,0
DA:208,0
DA:209,0
DA:211,0
DA:214,0
DA:216,0
DA:217,0
DA:218,0
DA:219,0
DA:220,0
DA:221,0
DA:222,0
DA:223,0
DA:224,0
DA:226,0
DA:227,0
DA:228,0
DA:229,0
DA:230,0
DA:231,0
DA:238,0
DA:239,0
DA:240,0
DA:245,0
DA:246,0
DA:247,0
DA:248,0
DA:251,0
DA:252,0
DA:255,0
DA:256,0
DA:257,0
DA:258,0
DA:259,0
DA:260,0
DA:261,0
DA:265,0
DA:266,0
DA:267,0
DA:268,0
DA:270,0
DA:271,0
DA:272,0
DA:273,0
DA:274,0
DA:275,0
DA:276,0
DA:277,0
DA:282,0
DA:284,0
DA:285,0
DA:290,0
DA:291,0
DA:292,0
DA:293,0
DA:294,0
DA:296,0
DA:298,0
DA:299,0
DA:300,0
DA:301,0
DA:302,0
DA:303,0
DA:304,0
DA:310,0
DA:311,0
DA:316,0
DA:317,0
DA:321,0
DA:322,0
DA:323,0
DA:324,0
DA:326,0
DA:327,0
DA:328,0
DA:329,0
DA:334,0
DA:335,0
DA:336,0
DA:338,0
DA:339,0
DA:341,0
DA:342,0
DA:343,0
DA:344,0
DA:348,0
DA:349,0
DA:354,0
DA:355,0
DA:356,0
DA:359,0
DA:360,0
DA:361,0
DA:362,0
DA:363,0
DA:364,0
DA:365,0
DA:366,0
DA:367,0
DA:368,0
DA:369,0
DA:370,0
DA:371,0
DA:373,0
DA:382,0
DA:384,0
DA:385,0
DA:386,0
DA:387,0
DA:388,0
DA:390,0
DA:392,0
DA:397,0
DA:398,0
DA:399,0
DA:400,0
DA:402,0
DA:403,0
DA:404,0
DA:405,0
DA:406,0
DA:409,0
DA:411,0
DA:419,0
DA:421,0
DA:422,0
DA:423,0
DA:424,0
DA:427,0
DA:428,0
DA:429,0
DA:430,0
DA:431,0
DA:433,0
DA:436,0
DA:437,0
DA:438,0
DA:439,0
DA:440,0
DA:441,0
DA:443,0
DA:444,0
DA:445,0
DA:448,0
DA:449,0
DA:450,0
DA:451,0
DA:452,0
DA:453,0
DA:454,0
DA:456,0
DA:458,0
DA:462,0
DA:463,0
DA:464,0
DA:465,0
DA:466,0
DA:468,0
DA:469,0
DA:470,0
DA:471,0
DA:472,0
DA:473,0
DA:474,0
DA:476,0
DA:477,0
DA:478,0
DA:479,0
DA:482,0
DA:484,0
DA:489,0
DA:490,0
DA:491,0
DA:492,0
DA:493,0
DA:494,0
DA:495,0
DA:496,0
DA:498,0
DA:500,0
DA:502,0
DA:504,0
DA:506,0
DA:508,0
DA:509,0
DA:513,0
DA:514,0
DA:515,0
DA:516,0
DA:517,0
DA:518,0
DA:519,0
DA:522,0
DA:526,0
DA:527,0
DA:528,0
DA:529,0
DA:530,0
DA:537,0
DA:538,0
DA:542,0
DA:543,0
DA:544,0
DA:545,0
DA:546,0
DA:547,0
DA:548,0
DA:551,0
DA:555,0
DA:572,0
DA:577,0
DA:590,0
DA:595,0
DA:604,0
DA:610,0
DA:620,0
DA:621,0
DA:622,0
DA:623,0
DA:624,0
DA:625,0
DA:626,0
DA:627,0
DA:628,0
DA:631,0
DA:633,0
DA:634,0
DA:635,0
DA:636,0
DA:638,0
DA:639,0
DA:646,0
DA:657,0
DA:659,0
DA:682,0
DA:683,0
DA:684,0
DA:687,0
DA:689,0
DA:691,0
DA:695,0
DA:698,0
DA:699,0
DA:700,0
DA:703,0
DA:767,0
DA:772,0
DA:777,0
DA:782,0
DA:787,0
DA:798,0
DA:799,0
DA:800,0
DA:801,0
DA:802,0
DA:803,0
DA:806,0
DA:827,0
DA:828,0
DA:835,0
DA:849,0
DA:854,0
DA:860,0
DA:863,0
DA:868,0
DA:878,0
DA:880,0
DA:890,0
DA:892,0
DA:894,0
DA:910,0
DA:913,0
DA:914,0
DA:917,0
DA:918,0
DA:919,0
DA:920,0
DA:921,0
DA:922,0
DA:924,0
DA:929,0
DA:930,0
DA:931,0
DA:934,0
DA:946,0
LF:381
LH:0
BRDA:66,0,0,0
BRDA:66,0,1,0
BRDA:68,1,0,0
BRDA:68,1,1,0
BRDA:70,2,0,0
BRDA:70,2,1,0
BRDA:71,3,0,0
BRDA:71,3,1,0
BRDA:72,4,0,0
BRDA:72,4,1,0
BRDA:73,5,0,0
BRDA:73,5,1,0
BRDA:74,6,0,0
BRDA:74,6,1,0
BRDA:75,7,0,0
BRDA:75,7,1,0
BRDA:76,8,0,0
BRDA:76,8,1,0
BRDA:76,9,0,0
BRDA:76,9,1,0
BRDA:77,10,0,0
BRDA:77,10,1,0
BRDA:78,11,0,0
BRDA:78,11,1,0
BRDA:79,12,0,0
BRDA:79,12,1,0
BRDA:80,13,0,0
BRDA:80,13,1,0
BRDA:81,14,0,0
BRDA:81,14,1,0
BRDA:82,15,0,0
BRDA:82,15,1,0
BRDA:83,16,0,0
BRDA:83,16,1,0
BRDA:84,17,0,0
BRDA:84,17,1,0
BRDA:85,18,0,0
BRDA:85,18,1,0
BRDA:86,19,0,0
BRDA:86,19,1,0
BRDA:87,20,0,0
BRDA:87,20,1,0
BRDA:88,21,0,0
BRDA:88,21,1,0
BRDA:89,22,0,0
BRDA:89,22,1,0
BRDA:90,23,0,0
BRDA:90,23,1,0
BRDA:91,24,0,0
BRDA:91,24,1,0
BRDA:92,25,0,0
BRDA:92,25,1,0
BRDA:93,26,0,0
BRDA:93,26,1,0
BRDA:94,27,0,0
BRDA:94,27,1,0
BRDA:95,28,0,0
BRDA:95,28,1,0
BRDA:96,29,0,0
BRDA:96,29,1,0
BRDA:97,30,0,0
BRDA:97,30,1,0
BRDA:98,31,0,0
BRDA:98,31,1,0
BRDA:99,32,0,0
BRDA:99,32,1,0
BRDA:100,33,0,0
BRDA:100,33,1,0
BRDA:104,34,0,0
BRDA:104,34,1,0
BRDA:105,35,0,0
BRDA:105,36,0,0
BRDA:105,36,1,0
BRDA:106,37,0,0
BRDA:106,37,1,0
BRDA:110,38,0,0
BRDA:110,38,1,0
BRDA:110,39,0,0
BRDA:110,39,1,0
BRDA:110,40,0,0
BRDA:110,40,1,0
BRDA:110,41,0,0
BRDA:110,41,1,0
BRDA:110,42,0,0
BRDA:110,42,1,0
BRDA:110,43,0,0
BRDA:110,43,1,0
BRDA:113,44,0,0
BRDA:113,44,1,0
BRDA:113,45,0,0
BRDA:113,45,1,0
BRDA:113,46,0,0
BRDA:113,46,1,0
BRDA:113,47,0,0
BRDA:113,47,1,0
BRDA:117,48,0,0
BRDA:117,48,1,0
BRDA:120,49,0,0
BRDA:120,49,1,0
BRDA:120,49,2,0
BRDA:126,50,0,0
BRDA:126,50,1,0
BRDA:129,51,0,0
BRDA:129,51,1,0
BRDA:129,51,2,0
BRDA:132,52,0,0
BRDA:132,52,1,0
BRDA:132,53,0,0
BRDA:132,53,1,0
BRDA:132,54,0,0
BRDA:132,54,1,0
BRDA:133,55,0,0
BRDA:133,55,1,0
BRDA:134,56,0,0
BRDA:135,57,0,0
BRDA:135,57,1,0
BRDA:135,58,0,0
BRDA:135,58,1,0
BRDA:135,58,2,0
BRDA:135,58,3,0
BRDA:136,59,0,0
BRDA:138,60,0,0
BRDA:138,60,1,0
BRDA:143,61,0,0
BRDA:143,62,0,0
BRDA:143,62,1,0
BRDA:147,63,0,0
BRDA:147,64,0,0
BRDA:147,64,1,0
BRDA:147,64,2,0
BRDA:149,65,0,0
BRDA:149,65,1,0
BRDA:150,66,0,0
BRDA:150,66,1,0
BRDA:153,67,0,0
BRDA:159,68,0,0
BRDA:159,68,1,0
BRDA:160,69,0,0
BRDA:160,69,1,0
BRDA:162,70,0,0
BRDA:162,70,1,0
BRDA:169,71,0,0
BRDA:171,72,0,0
BRDA:171,72,1,0
BRDA:172,73,0,0
BRDA:172,73,1,0
BRDA:173,74,0,0
BRDA:173,74,1,0
BRDA:174,75,0,0
BRDA:174,75,1,0
BRDA:174,76,0,0
BRDA:174,76,1,0
BRDA:176,77,0,0
BRDA:176,77,1,0
BRDA:178,78,0,0
BRDA:178,78,1,0
BRDA:185,79,0,0
BRDA:185,80,0,0
BRDA:185,80,1,0
BRDA:185,80,2,0
BRDA:187,81,0,0
BRDA:187,81,1,0
BRDA:188,82,0,0
BRDA:188,82,1,0
BRDA:191,83,0,0
BRDA:191,84,0,0
BRDA:191,84,1,0
BRDA:191,84,2,0
BRDA:191,84,3,0
BRDA:193,85,0,0
BRDA:193,85,1,0
BRDA:194,86,0,0
BRDA:194,86,1,0
BRDA:195,87,0,0
BRDA:195,87,1,0
BRDA:198,88,0,0
BRDA:198,89,0,0
BRDA:198,89,1,0
BRDA:198,89,2,0
BRDA:200,90,0,0
BRDA:200,90,1,0
BRDA:200,91,0,0
BRDA:200,91,1,0
BRDA:200,92,0,0
BRDA:200,92,1,0
BRDA:201,93,0,0
BRDA:201,93,1,0
BRDA:201,94,0,0
BRDA:201,94,1,0
BRDA:201,95,0,0
BRDA:201,95,1,0
BRDA:204,96,0,0
BRDA:204,97,0,0
BRDA:204,97,1,0
BRDA:207,98,0,0
BRDA:207,98,1,0
BRDA:207,99,0,0
BRDA:207,99,1,0
BRDA:207,100,0,0
BRDA:207,100,1,0
BRDA:208,101,0,0
BRDA:208,102,0,0
BRDA:208,102,1,0
BRDA:216,103,0,0
BRDA:217,104,0,0
BRDA:218,105,0,0
BRDA:219,106,0,0
BRDA:219,106,1,0
BRDA:219,106,2,0
BRDA:219,106,3,0
BRDA:224,107,0,0
BRDA:228,108,0,0
BRDA:238,109,0,0
BRDA:238,110,0,0
BRDA:238,110,1,0
BRDA:245,111,0,0
BRDA:256,112,0,0
BRDA:257,113,0,0
BRDA:257,114,0,0
BRDA:257,114,1,0
BRDA:266,115,0,0
BRDA:273,116,0,0
BRDA:275,117,0,0
BRDA:275,117,1,0
BRDA:276,118,0,0
BRDA:276,118,1,0
BRDA:282,119,0,0
BRDA:285,120,0,0
BRDA:285,120,1,0
BRDA:291,121,0,0
BRDA:291,121,1,0
BRDA:291,121,2,0
BRDA:291,121,3,0
BRDA:292,122,0,0
BRDA:302,123,0,0
BRDA:310,124,0,0
BRDA:321,125,0,0
BRDA:321,125,1,0
BRDA:322,126,0,0
BRDA:326,127,0,0
BRDA:326,127,1,0
BRDA:326,128,0,0
BRDA:326,128,1,0
BRDA:326,129,0,0
BRDA:326,129,1,0
BRDA:327,130,0,0
BRDA:327,130,1,0
BRDA:332,131,0,0
BRDA:332,131,1,0
BRDA:332,132,0,0
BRDA:332,132,1,0
BRDA:335,133,0,0
BRDA:335,134,0,0
BRDA:335,134,1,0
BRDA:336,135,0,0
BRDA:336,135,1,0
BRDA:338,136,0,0
BRDA:342,137,0,0
BRDA:349,138,0,0
BRDA:349,138,1,0
BRDA:362,139,0,0
BRDA:362,139,1,0
BRDA:363,140,0,0
BRDA:363,140,1,0
BRDA:364,141,0,0
BRDA:364,141,1,0
BRDA:364,141,2,0
BRDA:365,142,0,0
BRDA:365,142,1,0
BRDA:365,143,0,0
BRDA:365,143,1,0
BRDA:367,144,0,0
BRDA:367,145,0,0
BRDA:367,145,1,0
BRDA:368,146,0,0
BRDA:368,147,0,0
BRDA:368,147,1,0
BRDA:368,147,2,0
BRDA:369,148,0,0
BRDA:370,149,0,0
BRDA:371,150,0,0
BRDA:371,150,1,0
BRDA:386,151,0,0
BRDA:386,151,1,0
BRDA:390,152,0,0
BRDA:390,152,1,0
BRDA:397,153,0,0
BRDA:397,153,1,0
BRDA:397,153,2,0
BRDA:398,154,0,0
BRDA:398,154,1,0
BRDA:398,155,0,0
BRDA:398,155,1,0
BRDA:399,156,0,0
BRDA:399,156,1,0
BRDA:400,157,0,0
BRDA:400,157,1,0
BRDA:403,158,0,0
BRDA:403,159,0,0
BRDA:403,159,1,0
BRDA:404,160,0,0
BRDA:404,161,0,0
BRDA:404,161,1,0
BRDA:404,161,2,0
BRDA:405,162,0,0
BRDA:406,163,0,0
BRDA:409,164,0,0
BRDA:409,164,1,0
BRDA:423,165,0,0
BRDA:423,165,1,0
BRDA:428,166,0,0
BRDA:429,167,0,0
BRDA:437,168,0,0
BRDA:449,169,0,0
BRDA:449,169,1,0
BRDA:449,170,0,0
BRDA:449,170,1,0
BRDA:449,170,2,0
BRDA:450,171,0,0
BRDA:450,171,1,0
BRDA:451,172,0,0
BRDA:451,172,1,0
BRDA:452,173,0,0
BRDA:453,174,0,0
BRDA:453,174,1,0
BRDA:456,175,0,0
BRDA:456,175,1,0
BRDA:463,176,0,0
BRDA:468,177,0,0
BRDA:468,177,1,0
BRDA:469,178,0,0
BRDA:469,178,1,0
BRDA:470,179,0,0
BRDA:470,180,0,0
BRDA:470,180,1,0
BRDA:470,180,2,0
BRDA:471,181,0,0
BRDA:471,181,1,0
BRDA:474,182,0,0
BRDA:474,182,1,0
BRDA:478,183,0,0
BRDA:484,184,0,0
BRDA:484,184,1,0
BRDA:484,184,2,0
BRDA:484,184,3,0
BRDA:484,184,4,0
BRDA:484,184,5,0
BRDA:484,184,6,0
BRDA:484,184,7,0
BRDA:484,184,8,0
BRDA:484,184,9,0
BRDA:486,185,0,0
BRDA:486,185,1,0
BRDA:490,186,0,0
BRDA:498,187,0,0
BRDA:498,187,1,0
BRDA:513,188,0,0
BRDA:513,188,1,0
BRDA:514,189,0,0
BRDA:514,189,1,0
BRDA:516,190,0,0
BRDA:516,190,1,0
BRDA:516,190,2,0
BRDA:516,190,3,0
BRDA:517,191,0,0
BRDA:517,191,1,0
BRDA:517,191,2,0
BRDA:518,192,0,0
BRDA:518,192,1,0
BRDA:519,193,0,0
BRDA:519,193,1,0
BRDA:519,193,2,0
BRDA:519,194,0,0
BRDA:519,194,1,0
BRDA:519,194,2,0
BRDA:526,195,0,0
BRDA:527,196,0,0
BRDA:527,196,1,0
BRDA:533,197,0,0
BRDA:533,197,1,0
BRDA:543,198,0,0
BRDA:547,199,0,0
BRDA:561,200,0,0
BRDA:561,200,1,0
BRDA:566,201,0,0
BRDA:566,201,1,0
BRDA:578,202,0,0
BRDA:578,202,1,0
BRDA:584,203,0,0
BRDA:584,203,1,0
BRDA:622,204,0,0
BRDA:622,204,1,0
BRDA:624,205,0,0
BRDA:624,205,1,0
BRDA:627,206,0,0
BRDA:627,206,1,0
BRDA:629,207,0,0
BRDA:629,207,1,0
BRDA:629,208,0,0
BRDA:629,208,1,0
BRDA:629,209,0,0
BRDA:629,209,1,0
BRDA:629,210,0,0
BRDA:629,210,1,0
BRDA:629,211,0,0
BRDA:629,211,1,0
BRDA:629,212,0,0
BRDA:629,212,1,0
BRDA:663,213,0,0
BRDA:663,213,1,0
BRDA:675,214,0,0
BRDA:675,214,1,0
BRDA:675,214,2,0
BRDA:675,214,3,0
BRDA:683,215,0,0
BRDA:683,215,1,0
BRDA:685,216,0,0
BRDA:685,216,1,0
BRDA:685,217,0,0
BRDA:685,217,1,0
BRDA:685,218,0,0
BRDA:685,218,1,0
BRDA:685,219,0,0
BRDA:685,219,1,0
BRDA:685,220,0,0
BRDA:685,220,1,0
BRDA:685,221,0,0
BRDA:685,221,1,0
BRDA:694,222,0,0
BRDA:694,222,1,0
BRDA:696,223,0,0
BRDA:696,223,1,0
BRDA:696,224,0,0
BRDA:696,224,1,0
BRDA:696,225,0,0
BRDA:696,225,1,0
BRDA:696,226,0,0
BRDA:696,226,1,0
BRDA:696,227,0,0
BRDA:696,227,1,0
BRDA:696,228,0,0
BRDA:696,228,1,0
BRDA:698,229,0,0
BRDA:698,229,1,0
BRDA:698,230,0,0
BRDA:698,230,1,0
BRDA:699,231,0,0
BRDA:699,231,1,0
BRDA:699,231,2,0
BRDA:699,232,0,0
BRDA:699,232,1,0
BRDA:699,233,0,0
BRDA:699,233,1,0
BRDA:704,234,0,0
BRDA:704,234,1,0
BRDA:704,235,0,0
BRDA:704,235,1,0
BRDA:704,236,0,0
BRDA:704,236,1,0
BRDA:711,237,0,0
BRDA:711,237,1,0
BRDA:711,237,2,0
BRDA:711,237,3,0
BRDA:714,238,0,0
BRDA:714,238,1,0
BRDA:714,238,2,0
BRDA:718,239,0,0
BRDA:718,239,1,0
BRDA:718,240,0,0
BRDA:718,240,1,0
BRDA:721,241,0,0
BRDA:721,241,1,0
BRDA:724,242,0,0
BRDA:724,242,1,0
BRDA:724,242,2,0
BRDA:727,243,0,0
BRDA:727,243,1,0
BRDA:727,243,2,0
BRDA:734,244,0,0
BRDA:734,244,1,0
BRDA:738,245,0,0
BRDA:738,245,1,0
BRDA:742,246,0,0
BRDA:742,246,1,0
BRDA:746,247,0,0
BRDA:746,247,1,0
BRDA:753,248,0,0
BRDA:753,248,1,0
BRDA:757,249,0,0
BRDA:757,249,1,0
BRDA:761,250,0,0
BRDA:761,250,1,0
BRDA:766,251,0,0
BRDA:766,251,1,0
BRDA:771,252,0,0
BRDA:771,252,1,0
BRDA:776,253,0,0
BRDA:776,253,1,0
BRDA:781,254,0,0
BRDA:781,254,1,0
BRDA:781,254,2,0
BRDA:786,255,0,0
BRDA:786,255,1,0
BRDA:786,255,2,0
BRDA:797,256,0,0
BRDA:797,256,1,0
BRDA:799,257,0,0
BRDA:799,257,1,0
BRDA:799,257,2,0
BRDA:800,258,0,0
BRDA:800,258,1,0
BRDA:800,258,2,0
BRDA:801,259,0,0
BRDA:801,259,1,0
BRDA:801,259,2,0
BRDA:802,260,0,0
BRDA:802,260,1,0
BRDA:807,261,0,0
BRDA:807,261,1,0
BRDA:814,262,0,0
BRDA:814,262,1,0
BRDA:819,263,0,0
BRDA:819,263,1,0
BRDA:819,264,0,0
BRDA:819,264,1,0
BRDA:822,265,0,0
BRDA:822,265,1,0
BRDA:826,266,0,0
BRDA:826,266,1,0
BRDA:827,267,0,0
BRDA:827,267,1,0
BRDA:827,267,2,0
BRDA:827,268,0,0
BRDA:827,268,1,0
BRDA:827,268,2,0
BRDA:828,269,0,0
BRDA:828,269,1,0
BRDA:828,269,2,0
BRDA:841,270,0,0
BRDA:841,270,1,0
BRDA:841,271,0,0
BRDA:841,271,1,0
BRDA:873,272,0,0
BRDA:873,272,1,0
BRDA:877,273,0,0
BRDA:877,273,1,0
BRDA:877,274,0,0
BRDA:877,274,1,0
BRDA:884,275,0,0
BRDA:884,275,1,0
BRDA:885,276,0,0
BRDA:885,276,1,0
BRDA:885,277,0,0
BRDA:885,277,1,0
BRDA:886,278,0,0
BRDA:886,278,1,0
BRDA:886,279,0,0
BRDA:886,279,1,0
BRDA:887,280,0,0
BRDA:887,280,1,0
BRDA:887,281,0,0
BRDA:887,281,1,0
BRDA:888,282,0,0
BRDA:888,282,1,0
BRDA:888,283,0,0
BRDA:888,283,1,0
BRDA:907,284,0,0
BRDA:907,284,1,0
BRDA:910,285,0,0
BRDA:910,285,1,0
BRDA:913,286,0,0
BRDA:913,286,1,0
BRDA:917,287,0,0
BRDA:917,287,1,0
BRDA:917,288,0,0
BRDA:917,288,1,0
BRDA:917,288,2,0
BRDA:917,288,3,0
BRDA:921,289,0,0
BRDA:921,289,1,0
BRDA:931,290,0,0
BRDA:931,290,1,0
BRDA:941,291,0,0
BRDA:941,291,1,0
BRDA:941,292,0,0
BRDA:941,292,1,0
BRDA:943,293,0,0
BRDA:943,293,1,0
BRDA:946,294,0,0
BRDA:946,294,1,0
BRDA:950,295,0,0
BRDA:950,295,1,0
BRDA:950,296,0,0
BRDA:950,296,1,0
BRDA:950,297,0,0
BRDA:950,297,1,0
BRDA:950,297,2,0
BRDA:952,298,0,0
BRDA:952,298,1,0
BRDA:963,299,0,0
BRDA:963,299,1,0
BRDA:963,299,2,0
BRDA:964,300,0,0
BRDA:964,300,1,0
BRDA:964,301,0,0
BRDA:964,301,1,0
BRF:606
BRH:0
end_of_record
TN:
SF:features/recruiter/RecruitingCalendarCard.tsx
FN:25,useRecruitingPeriods
FN:28,(anonymous_2)
FN:37,formatRange
FN:43,getWeekDays
FN:44,(anonymous_5)
FN:52,findDayPeriods
FN:53,(anonymous_7)
FN:62,shortDate
FN:66,RecruitingCalendarCard
FN:80,(anonymous_10)
FN:83,(anonymous_11)
FN:103,(anonymous_12)
FN:124,(anonymous_13)
FNF:13
FNH:0
FNDA:0,useRecruitingPeriods
FNDA:0,(anonymous_2)
FNDA:0,formatRange
FNDA:0,getWeekDays
FNDA:0,(anonymous_5)
FNDA:0,findDayPeriods
FNDA:0,(anonymous_7)
FNDA:0,shortDate
FNDA:0,RecruitingCalendarCard
FNDA:0,(anonymous_10)
FNDA:0,(anonymous_11)
FNDA:0,(anonymous_12)
FNDA:0,(anonymous_13)
DA:2,0
DA:3,0
DA:4,0
DA:5,0
DA:16,0
DA:26,0
DA:29,0
DA:30,0
DA:31,0
DA:32,0
DA:38,0
DA:39,0
DA:40,0
DA:44,0
DA:45,0
DA:46,0
DA:47,0
DA:48,0
DA:53,0
DA:54,0
DA:55,0
DA:56,0
DA:57,0
DA:58,0
DA:63,0
DA:66,0
DA:67,0
DA:68,0
DA:69,0
DA:70,0
DA:71,0
DA:73,0
DA:80,0
DA:84,0
DA:104,0
DA:105,0
DA:106,0
DA:107,0
DA:125,0
DA:126,0
LF:40
LH:0
BRDA:29,0,0,0
BRDA:29,0,1,0
BRDA:30,1,0,0
BRDA:32,2,0,0
BRDA:32,2,1,0
BRDA:40,3,0,0
BRDA:40,3,1,0
BRDA:58,4,0,0
BRDA:58,4,1,0
BRDA:68,5,0,0
BRDA:68,5,1,0
BRDA:69,6,0,0
BRDA:97,7,0,0
BRDA:97,7,1,0
BRDA:99,8,0,0
BRDA:99,8,1,0
BRDA:105,9,0,0
BRDA:105,9,1,0
BRDA:105,10,0,0
BRDA:105,10,1,0
BRDA:117,11,0,0
BRDA:117,11,1,0
BRDA:117,12,0,0
BRDA:117,12,1,0
BRDA:118,13,0,0
BRDA:118,13,1,0
BRDA:118,14,0,0
BRDA:118,14,1,0
BRDA:125,15,0,0
BRDA:125,15,1,0
BRDA:136,16,0,0
BRDA:136,16,1,0
BRDA:141,17,0,0
BRDA:141,17,1,0
BRF:34
BRH:0
end_of_record
TN:
SF:features/recruiter/divisionMapping.ts
FN:32,getSports
FN:36,getSportsForGender
FN:39,(anonymous_2)
FN:40,(anonymous_3)
FN:44,getDivisionsForSport
FN:48,formatSportLabel
FNF:6
FNH:0
FNDA:0,getSports
FNDA:0,getSportsForGender
FNDA:0,(anonymous_2)
FNDA:0,(anonymous_3)
FNDA:0,getDivisionsForSport
FNDA:0,formatSportLabel
DA:1,0
DA:32,0
DA:33,0
DA:36,0
DA:37,0
DA:38,0
DA:39,0
DA:40,0
DA:41,0
DA:44,0
DA:45,0
DA:48,0
DA:51,0
LF:13
LH:0
BRDA:40,0,0,0
BRDA:40,0,1,0
BRDA:45,1,0,0
BRDA:45,1,1,0
BRF:4
BRH:0
end_of_record
TN:
SF:features/recruiter/searchService.ts
FN:12,searchAthletes
FNF:1
FNH:0
FNDA:0,searchAthletes
DA:1,0
DA:2,0
DA:4,0
DA:12,0
DA:13,0
DA:14,0
DA:15,0
DA:16,0
DA:17,0
DA:18,0
LF:10
LH:0
BRDA:15,0,0,0
BRDA:16,1,0,0
BRF:2
BRH:0
end_of_record
TN:
SF:features/recruiter/useRecruiterSearch.ts
FN:4,useRecruiterSearch
FN:7,(anonymous_1)
FNF:2
FNH:0
FNDA:0,useRecruiterSearch
FNDA:0,(anonymous_1)
DA:1,0
DA:2,0
DA:4,0
DA:5,0
DA:7,0
DA:9,0
LF:6
LH:0
BRF:0
BRH:0
end_of_record
TN:
SF:features/settings/SettingsForm.tsx
FN:8,SettingsForm
FN:15,(anonymous_2)
FN:35,(anonymous_3)
FN:36,(anonymous_4)
FNF:4
FNH:0
FNDA:0,SettingsForm
FNDA:0,(anonymous_2)
FNDA:0,(anonymous_3)
FNDA:0,(anonymous_4)
DA:1,0
DA:2,0
DA:3,0
DA:4,0
DA:5,0
DA:6,0
DA:8,0
DA:9,0
DA:10,0
DA:11,0
DA:12,0
DA:13,0
DA:15,0
DA:16,0
DA:17,0
DA:18,0
DA:19,0
DA:20,0
DA:22,0
DA:23,0
DA:24,0
DA:25,0
DA:27,0
DA:29,0
DA:33,0
DA:35,0
DA:36,0
LF:27
LH:0
BRDA:18,0,0,0
BRDA:18,1,0,0
BRDA:18,1,1,0
BRDA:37,2,0,0
BRDA:37,2,1,0
BRDA:38,3,0,0
BRDA:38,3,1,0
BRF:7
BRH:0
end_of_record
TN:
SF:features/settings/service.ts
FN:4,getProfile
FN:15,updateProfile
FNF:2
FNH:0
FNDA:0,getProfile
FNDA:0,updateProfile
DA:1,0
DA:2,0
DA:4,0
DA:5,0
DA:8,0
DA:15,0
DA:16,0
DA:17,0
LF:8
LH:0
BRF:0
BRH:0
end_of_record
TN:
SF:features/social/SocialComposer.tsx
FN:9,SocialComposer
FN:15,(anonymous_2)
FN:31,(anonymous_3)
FNF:3
FNH:0
FNDA:0,SocialComposer
FNDA:0,(anonymous_2)
FNDA:0,(anonymous_3)
DA:2,0
DA:3,0
DA:4,0
DA:5,0
DA:6,0
DA:7,0
DA:9,0
DA:10,0
DA:11,0
DA:12,0
DA:13,0
DA:15,0
DA:16,0
DA:17,0
DA:18,0
DA:19,0
DA:20,0
DA:21,0
DA:23,0
DA:25,0
DA:29,0
DA:31,0
LF:22
LH:0
BRDA:32,0,0,0
BRDA:32,0,1,0
BRDA:33,1,0,0
BRDA:33,1,1,0
BRDA:36,2,0,0
BRDA:36,2,1,0
BRF:6
BRH:0
end_of_record
TN:
SF:features/social/service.ts
FN:10,generateSharePreview
FNF:1
FNH:0
FNDA:0,generateSharePreview
DA:1,0
DA:2,0
DA:4,0
DA:10,0
DA:11,0
DA:12,0
LF:6
LH:0
BRF:0
BRH:0
end_of_record
TN:
SF:features/weightroom/RegistrantFlow.tsx
FN:12,RegistrantFlow
FN:19,(anonymous_2)
FN:35,(anonymous_3)
FN:36,(anonymous_4)
FN:43,(anonymous_5)
FNF:5
FNH:0
FNDA:0,RegistrantFlow
FNDA:0,(anonymous_2)
FNDA:0,(anonymous_3)
FNDA:0,(anonymous_4)
FNDA:0,(anonymous_5)
DA:2,0
DA:3,0
DA:4,0
DA:5,0
DA:6,0
DA:7,0
DA:8,0
DA:9,0
DA:10,0
DA:12,0
DA:13,0
DA:14,0
DA:15,0
DA:16,0
DA:17,0
DA:19,0
DA:20,0
DA:21,0
DA:22,0
DA:23,0
DA:24,0
DA:25,0
DA:27,0
DA:29,0
DA:33,0
DA:35,0
DA:36,0
DA:44,0
LF:28
LH:0
BRDA:37,0,0,0
BRDA:37,0,1,0
BRDA:38,1,0,0
BRDA:38,1,1,0
BRDA:38,1,2,0
BRDA:41,2,0,0
BRDA:41,2,1,0
BRF:7
BRH:0
end_of_record
TN:
SF:features/weightroom/service.ts
FN:10,register
FN:15,getSessions
FNF:2
FNH:0
FNDA:0,register
FNDA:0,getSessions
DA:1,0
DA:2,0
DA:4,0
DA:10,0
DA:11,0
DA:12,0
DA:15,0
DA:16,0
LF:8
LH:0
BRF:0
BRH:0
end_of_record
TN:
SF:services/agencies.ts
FN:3,readStore
FN:14,writeStore
FN:43,(anonymous_2)
FN:52,listAgencies
FN:53,(anonymous_4)
FN:56,getAgencies
FN:60,getAgencyByEmail
FN:61,(anonymous_7)
FN:64,getAgencyById
FN:65,(anonymous_9)
FN:68,getAgencySettings
FN:69,(anonymous_11)
FN:73,updateAgencySettings
FN:74,(anonymous_13)
FN:82,upsertAgency
FN:84,(anonymous_15)
FN:108,deleteAgency
FN:109,(anonymous_17)
FNF:18
FNH:0
FNDA:0,readStore
FNDA:0,writeStore
FNDA:0,(anonymous_2)
FNDA:0,listAgencies
FNDA:0,(anonymous_4)
FNDA:0,getAgencies
FNDA:0,getAgencyByEmail
FNDA:0,(anonymous_7)
FNDA:0,getAgencyById
FNDA:0,(anonymous_9)
FNDA:0,getAgencySettings
FNDA:0,(anonymous_11)
FNDA:0,updateAgencySettings
FNDA:0,(anonymous_13)
FNDA:0,upsertAgency
FNDA:0,(anonymous_15)
FNDA:0,deleteAgency
FNDA:0,(anonymous_17)
DA:1,0
DA:4,0
DA:5,0
DA:6,0
DA:7,0
DA:8,0
DA:10,0
DA:15,0
DA:16,0
DA:37,0
DA:43,0
DA:44,0
DA:45,0
DA:46,0
DA:47,0
DA:50,0
DA:52,0
DA:53,0
DA:56,0
DA:57,0
DA:60,0
DA:61,0
DA:64,0
DA:65,0
DA:68,0
DA:69,0
DA:70,0
DA:73,0
DA:74,0
DA:75,0
DA:76,0
DA:77,0
DA:78,0
DA:82,0
DA:83,0
DA:84,0
DA:85,0
DA:86,0
DA:87,0
DA:88,0
DA:91,0
DA:92,0
DA:104,0
DA:105,0
DA:108,0
DA:109,0
DA:110,0
DA:111,0
DA:112,0
DA:113,0
DA:115,0
LF:51
LH:0
BRDA:4,0,0,0
BRDA:6,1,0,0
BRDA:15,2,0,0
BRDA:45,3,0,0
BRDA:61,4,0,0
BRDA:61,4,1,0
BRDA:65,5,0,0
BRDA:65,5,1,0
BRDA:70,6,0,0
BRDA:70,6,1,0
BRDA:75,7,0,0
BRDA:76,8,0,0
BRDA:76,8,1,0
BRDA:83,9,0,0
BRDA:85,10,0,0
BRDA:101,11,0,0
BRDA:101,11,1,0
BRDA:102,12,0,0
BRDA:102,12,1,0
BRDA:110,13,0,0
BRF:20
BRH:0
end_of_record
TN:
SF:services/aiRecruiter.ts
FN:14,generateIntro
FN:24,(anonymous_1)
FN:34,generateContentDraft
FNF:3
FNH:0
FNDA:0,generateIntro
FNDA:0,(anonymous_1)
FNDA:0,generateContentDraft
DA:3,0
DA:14,0
DA:15,0
DA:23,0
DA:24,0
DA:25,0
DA:27,0
DA:28,0
DA:29,0
DA:31,0
DA:34,0
DA:36,0
LF:12
LH:0
BRDA:23,0,0,0
BRDA:25,1,0,0
BRDA:25,1,1,0
BRDA:28,2,0,0
BRDA:31,3,0,0
BRDA:31,3,1,0
BRF:6
BRH:0
end_of_record
TN:
SF:services/analytics.ts
FN:6,todayISO
FN:10,getOpensClicksByDate
FN:31,setOpensClicks
FNF:3
FNH:0
FNDA:0,todayISO
FNDA:0,getOpensClicksByDate
FNDA:0,setOpensClicks
DA:1,0
DA:7,0
DA:10,0
DA:11,0
DA:12,0
DA:13,0
DA:14,0
DA:15,0
DA:16,0
DA:17,0
DA:18,0
DA:19,0
DA:20,0
DA:21,0
DA:22,0
DA:23,0
DA:25,0
DA:27,0
DA:31,0
DA:32,0
DA:33,0
DA:34,0
DA:35,0
DA:36,0
DA:37,0
DA:38,0
DA:39,0
DA:40,0
LF:28
LH:0
BRDA:6,0,0,0
BRDA:10,1,0,0
BRDA:11,2,0,0
BRDA:14,3,0,0
BRDA:14,3,1,0
BRDA:15,4,0,0
BRDA:15,4,1,0
BRDA:22,5,0,0
BRDA:22,5,1,0
BRDA:23,6,0,0
BRDA:23,6,1,0
BRDA:23,7,0,0
BRDA:23,7,1,0
BRDA:32,8,0,0
BRDA:35,9,0,0
BRDA:35,9,1,0
BRDA:36,10,0,0
BRDA:36,10,1,0
BRDA:37,11,0,0
BRDA:37,11,1,0
BRDA:38,12,0,0
BRDA:38,12,1,0
BRDA:38,13,0,0
BRDA:38,13,1,0
BRF:24
BRH:0
end_of_record
TN:
SF:services/audit.ts
FN:14,readLog
FN:25,writeLog
FN:30,logEvent
FN:42,logImpersonationStart
FN:51,logImpersonationEnd
FN:60,listAuditLog
FN:64,clearAuditLog
FNF:7
FNH:0
FNDA:0,readLog
FNDA:0,writeLog
FNDA:0,logEvent
FNDA:0,logImpersonationStart
FNDA:0,logImpersonationEnd
FNDA:0,listAuditLog
FNDA:0,clearAuditLog
DA:12,0
DA:15,0
DA:16,0
DA:17,0
DA:18,0
DA:19,0
DA:21,0
DA:26,0
DA:27,0
DA:30,0
DA:31,0
DA:36,0
DA:37,0
DA:38,0
DA:39,0
DA:42,0
DA:43,0
DA:51,0
DA:52,0
DA:60,0
DA:61,0
DA:64,0
DA:65,0
LF:23
LH:0
BRDA:15,0,0,0
BRDA:17,1,0,0
BRDA:26,2,0,0
BRF:3
BRH:0
end_of_record
TN:
SF:services/authGHL.ts
FN:7,loginWithGHL
FNF:1
FNH:0
FNDA:0,loginWithGHL
DA:7,0
DA:8,0
DA:9,0
DA:14,0
DA:15,0
DA:16,0
DA:18,0
DA:20,0
LF:8
LH:0
BRDA:15,0,0,0
BRDA:15,1,0,0
BRDA:15,1,1,0
BRDA:16,2,0,0
BRDA:16,2,1,0
BRDA:20,3,0,0
BRDA:20,3,1,0
BRF:7
BRH:0
end_of_record
TN:
SF:services/clients.ts
FN:33,readStore
FN:45,writeStore
FN:52,listClientsByAgencyEmail
FN:56,(anonymous_3)
FN:59,listClientsByAgency
FN:64,upsertClient
FN:66,(anonymous_6)
FN:82,getClient
FN:91,(anonymous_8)
FN:101,(anonymous_9)
FN:104,(anonymous_10)
FN:108,deleteClient
FN:109,(anonymous_12)
FN:116,getClients
FN:137,setClientGmailTokens
FN:138,(anonymous_15)
FN:145,getClientGmailTokens
FN:146,(anonymous_17)
FNF:18
FNH:0
FNDA:0,readStore
FNDA:0,writeStore
FNDA:0,listClientsByAgencyEmail
FNDA:0,(anonymous_3)
FNDA:0,listClientsByAgency
FNDA:0,upsertClient
FNDA:0,(anonymous_6)
FNDA:0,getClient
FNDA:0,(anonymous_8)
FNDA:0,(anonymous_9)
FNDA:0,(anonymous_10)
FNDA:0,deleteClient
FNDA:0,(anonymous_12)
FNDA:0,getClients
FNDA:0,setClientGmailTokens
FNDA:0,(anonymous_15)
FNDA:0,getClientGmailTokens
FNDA:0,(anonymous_17)
DA:1,0
DA:18,0
DA:20,0
DA:21,0
DA:22,0
DA:24,0
DA:34,0
DA:35,0
DA:36,0
DA:37,0
DA:38,0
DA:39,0
DA:41,0
DA:46,0
DA:47,0
DA:50,0
DA:52,0
DA:53,0
DA:54,0
DA:56,0
DA:59,0
DA:60,0
DA:61,0
DA:62,0
DA:64,0
DA:65,0
DA:66,0
DA:67,0
DA:70,0
DA:72,0
DA:73,0
DA:74,0
DA:75,0
DA:77,0
DA:79,0
DA:80,0
DA:82,0
DA:83,0
DA:84,0
DA:86,0
DA:87,0
DA:88,0
DA:89,0
DA:90,0
DA:91,0
DA:92,0
DA:93,0
DA:94,0
DA:101,0
DA:102,0
DA:103,0
DA:104,0
DA:106,0
DA:108,0
DA:109,0
DA:110,0
DA:111,0
DA:112,0
DA:114,0
DA:116,0
DA:118,0
DA:119,0
DA:120,0
DA:121,0
DA:122,0
DA:123,0
DA:124,0
DA:126,0
DA:128,0
DA:134,0
DA:137,0
DA:138,0
DA:139,0
DA:140,0
DA:141,0
DA:145,0
DA:146,0
DA:147,0
LF:78
LH:0
BRDA:34,0,0,0
BRDA:36,1,0,0
BRDA:39,2,0,0
BRDA:39,2,1,0
BRDA:46,3,0,0
BRDA:53,4,0,0
BRDA:61,5,0,0
BRDA:65,6,0,0
BRDA:65,6,1,0
BRDA:67,7,0,0
BRDA:72,8,0,0
BRDA:72,8,1,0
BRDA:72,8,2,0
BRDA:74,9,0,0
BRDA:74,9,1,0
BRDA:83,10,0,0
BRDA:86,11,0,0
BRDA:89,12,0,0
BRDA:92,13,0,0
BRDA:102,14,0,0
BRDA:106,15,0,0
BRDA:106,15,1,0
BRDA:110,16,0,0
BRDA:118,17,0,0
BRDA:118,17,1,0
BRDA:119,18,0,0
BRDA:122,19,0,0
BRDA:124,20,0,0
BRDA:139,21,0,0
BRDA:147,22,0,0
BRDA:147,22,1,0
BRF:31
BRH:0
end_of_record
TN:
SF:services/commits.ts
FN:25,isoDaysAgo
FN:31,makeRecent
FN:32,(anonymous_11)
FN:44,makeTop
FN:45,(anonymous_13)
FN:65,readStore
FN:77,writeStore
FN:86,listCommits
FN:88,(anonymous_17)
FN:91,(anonymous_18)
FN:95,(anonymous_19)
FN:99,filterCommits
FN:100,(anonymous_21)
FN:107,upsertCommits
FN:113,footballScrapeStatus
FN:117,basketballScrapeStatus
FN:121,listCommitsServer
FN:123,(anonymous_26)
FN:126,(anonymous_27)
FN:130,(anonymous_28)
FN:135,loadFootballFromScrape
FN:138,(anonymous_30)
FN:142,(anonymous_31)
FN:157,(anonymous_32)
FN:165,(anonymous_33)
FN:170,(anonymous_34)
FN:180,loadBasketballFromScrape
FN:183,(anonymous_36)
FN:187,(anonymous_37)
FN:202,(anonymous_38)
FN:210,(anonymous_39)
FN:214,(anonymous_40)
FNF:32
FNH:0
FNDA:0,isoDaysAgo
FNDA:0,makeRecent
FNDA:0,(anonymous_11)
FNDA:0,makeTop
FNDA:0,(anonymous_13)
FNDA:0,readStore
FNDA:0,writeStore
FNDA:0,listCommits
FNDA:0,(anonymous_17)
FNDA:0,(anonymous_18)
FNDA:0,(anonymous_19)
FNDA:0,filterCommits
FNDA:0,(anonymous_21)
FNDA:0,upsertCommits
FNDA:0,footballScrapeStatus
FNDA:0,basketballScrapeStatus
FNDA:0,listCommitsServer
FNDA:0,(anonymous_26)
FNDA:0,(anonymous_27)
FNDA:0,(anonymous_28)
FNDA:0,loadFootballFromScrape
FNDA:0,(anonymous_30)
FNDA:0,(anonymous_31)
FNDA:0,(anonymous_32)
FNDA:0,(anonymous_33)
FNDA:0,(anonymous_34)
FNDA:0,loadBasketballFromScrape
FNDA:0,(anonymous_36)
FNDA:0,(anonymous_37)
FNDA:0,(anonymous_38)
FNDA:0,(anonymous_39)
FNDA:0,(anonymous_40)
DA:18,0
DA:20,0
DA:21,0
DA:22,0
DA:23,0
DA:26,0
DA:27,0
DA:28,0
DA:32,0
DA:45,0
DA:58,0
DA:66,0
DA:67,0
DA:68,0
DA:69,0
DA:70,0
DA:71,0
DA:73,0
DA:78,0
DA:79,0
DA:82,0
DA:83,0
DA:84,0
DA:86,0
DA:87,0
DA:88,0
DA:89,0
DA:90,0
DA:91,0
DA:94,0
DA:95,0
DA:99,0
DA:100,0
DA:101,0
DA:102,0
DA:103,0
DA:107,0
DA:108,0
DA:109,0
DA:110,0
DA:113,0
DA:114,0
DA:117,0
DA:118,0
DA:121,0
DA:123,0
DA:124,0
DA:125,0
DA:126,0
DA:129,0
DA:130,0
DA:136,0
DA:137,0
DA:138,0
DA:139,0
DA:140,0
DA:141,0
DA:142,0
DA:157,0
DA:165,0
DA:166,0
DA:167,0
DA:170,0
DA:171,0
DA:173,0
DA:181,0
DA:182,0
DA:183,0
DA:184,0
DA:185,0
DA:186,0
DA:187,0
DA:202,0
DA:210,0
DA:211,0
DA:212,0
DA:214,0
DA:215,0
DA:217,0
DA:225,0
DA:226,0
LF:81
LH:0
BRDA:53,0,0,0
BRDA:53,0,1,0
BRDA:66,1,0,0
BRDA:68,2,0,0
BRDA:71,3,0,0
BRDA:71,3,1,0
BRDA:78,4,0,0
BRDA:87,5,0,0
BRDA:88,6,0,0
BRDA:88,6,1,0
BRDA:89,7,0,0
BRDA:91,8,0,0
BRDA:91,8,1,0
BRDA:91,9,0,0
BRDA:91,9,1,0
BRDA:95,10,0,0
BRDA:95,10,1,0
BRDA:95,11,0,0
BRDA:95,11,1,0
BRDA:101,12,0,0
BRDA:101,12,1,0
BRDA:101,13,0,0
BRDA:101,13,1,0
BRDA:102,14,0,0
BRDA:102,14,1,0
BRDA:102,15,0,0
BRDA:102,15,1,0
BRDA:103,16,0,0
BRDA:103,16,1,0
BRDA:123,17,0,0
BRDA:123,17,1,0
BRDA:124,18,0,0
BRDA:126,19,0,0
BRDA:126,19,1,0
BRDA:126,20,0,0
BRDA:126,20,1,0
BRDA:130,21,0,0
BRDA:130,21,1,0
BRDA:130,22,0,0
BRDA:130,22,1,0
BRDA:136,23,0,0
BRDA:140,24,0,0
BRDA:140,24,1,0
BRDA:171,25,0,0
BRDA:171,25,1,0
BRDA:181,26,0,0
BRDA:185,27,0,0
BRDA:185,27,1,0
BRDA:215,28,0,0
BRDA:215,28,1,0
BRF:50
BRH:0
end_of_record
TN:
SF:services/commitsScraper.ts
FN:18,cleanName
FN:27,parseSchoolFromHref
FN:33,(anonymous_12)
FN:37,extractImgParam
FN:45,splitSchoolCell
FN:56,scrapeESPNClass
FN:64,(anonymous_16)
FN:100,scrapeFootballTop
FN:111,(anonymous_18)
FN:115,scrapeESPNBasketballClass
FN:123,(anonymous_20)
FN:157,scrapeBasketballTop
FN:168,(anonymous_22)
FNF:13
FNH:0
FNDA:0,cleanName
FNDA:0,parseSchoolFromHref
FNDA:0,(anonymous_12)
FNDA:0,extractImgParam
FNDA:0,splitSchoolCell
FNDA:0,scrapeESPNClass
FNDA:0,(anonymous_16)
FNDA:0,scrapeFootballTop
FNDA:0,(anonymous_18)
FNDA:0,scrapeESPNBasketballClass
FNDA:0,(anonymous_20)
FNDA:0,scrapeBasketballTop
FNDA:0,(anonymous_22)
DA:1,0
DA:3,0
DA:19,0
DA:28,0
DA:29,0
DA:30,0
DA:31,0
DA:33,0
DA:38,0
DA:39,0
DA:40,0
DA:41,0
DA:42,0
DA:46,0
DA:47,0
DA:48,0
DA:51,0
DA:52,0
DA:53,0
DA:57,0
DA:58,0
DA:59,0
DA:60,0
DA:61,0
DA:62,0
DA:64,0
DA:65,0
DA:66,0
DA:67,0
DA:68,0
DA:69,0
DA:72,0
DA:73,0
DA:74,0
DA:75,0
DA:76,0
DA:78,0
DA:79,0
DA:80,0
DA:82,0
DA:83,0
DA:84,0
DA:97,0
DA:100,0
DA:101,0
DA:102,0
DA:103,0
DA:104,0
DA:105,0
DA:106,0
DA:111,0
DA:112,0
DA:116,0
DA:117,0
DA:118,0
DA:119,0
DA:120,0
DA:121,0
DA:123,0
DA:124,0
DA:125,0
DA:126,0
DA:127,0
DA:128,0
DA:129,0
DA:130,0
DA:131,0
DA:132,0
DA:133,0
DA:135,0
DA:136,0
DA:137,0
DA:139,0
DA:140,0
DA:141,0
DA:154,0
DA:157,0
DA:158,0
DA:159,0
DA:160,0
DA:161,0
DA:162,0
DA:163,0
DA:168,0
DA:169,0
LF:85
LH:0
BRDA:28,0,0,0
BRDA:30,1,0,0
BRDA:30,1,1,0
BRDA:38,2,0,0
BRDA:40,3,0,0
BRDA:40,4,0,0
BRDA:40,4,1,0
BRDA:42,5,0,0
BRDA:42,5,1,0
BRDA:42,6,0,0
BRDA:42,6,1,0
BRDA:51,7,0,0
BRDA:52,8,0,0
BRDA:59,9,0,0
BRDA:74,10,0,0
BRDA:74,10,1,0
BRDA:76,11,0,0
BRDA:76,11,1,0
BRDA:76,12,0,0
BRDA:76,12,1,0
BRDA:76,12,2,0
BRDA:78,13,0,0
BRDA:78,13,1,0
BRDA:79,14,0,0
BRDA:79,14,1,0
BRDA:80,15,0,0
BRDA:83,16,0,0
BRDA:85,17,0,0
BRDA:85,17,1,0
BRDA:86,18,0,0
BRDA:86,18,1,0
BRDA:111,19,0,0
BRDA:111,19,1,0
BRDA:111,20,0,0
BRDA:111,20,1,0
BRDA:118,21,0,0
BRDA:131,22,0,0
BRDA:131,22,1,0
BRDA:133,23,0,0
BRDA:133,23,1,0
BRDA:133,24,0,0
BRDA:133,24,1,0
BRDA:133,24,2,0
BRDA:135,25,0,0
BRDA:135,25,1,0
BRDA:136,26,0,0
BRDA:136,26,1,0
BRDA:137,27,0,0
BRDA:140,28,0,0
BRDA:142,29,0,0
BRDA:142,29,1,0
BRDA:143,30,0,0
BRDA:143,30,1,0
BRDA:168,31,0,0
BRDA:168,31,1,0
BRDA:168,32,0,0
BRDA:168,32,1,0
BRF:57
BRH:0
end_of_record
TN:
SF:services/http.ts
FN:5,http
FN:18,(anonymous_1)
FNF:2
FNH:0
FNDA:0,http
FNDA:0,(anonymous_1)
DA:1,0
DA:5,0
DA:6,0
DA:7,0
DA:8,0
DA:17,0
DA:18,0
DA:19,0
DA:21,0
LF:9
LH:0
BRDA:5,0,0,0
BRDA:9,1,0,0
BRDA:9,1,1,0
BRDA:12,2,0,0
BRDA:12,2,1,0
BRDA:14,3,0,0
BRDA:14,3,1,0
BRDA:17,4,0,0
BRDA:19,5,0,0
BRDA:19,5,1,0
BRF:10
BRH:0
end_of_record
TN:
SF:services/lists.ts
FN:23,read
FN:33,write
FN:38,listLists
FN:41,(anonymous_3)
FN:42,(anonymous_4)
FN:45,getList
FN:47,(anonymous_6)
FN:50,saveList
FN:59,updateList
FN:61,(anonymous_9)
FN:70,deleteList
FN:72,(anonymous_11)
FNF:12
FNH:0
FNDA:0,read
FNDA:0,write
FNDA:0,listLists
FNDA:0,(anonymous_3)
FNDA:0,(anonymous_4)
FNDA:0,getList
FNDA:0,(anonymous_6)
FNDA:0,saveList
FNDA:0,updateList
FNDA:0,(anonymous_9)
FNDA:0,deleteList
FNDA:0,(anonymous_11)
DA:1,0
DA:24,0
DA:25,0
DA:26,0
DA:27,0
DA:29,0
DA:34,0
DA:35,0
DA:38,0
DA:39,0
DA:40,0
DA:41,0
DA:42,0
DA:45,0
DA:46,0
DA:47,0
DA:50,0
DA:51,0
DA:52,0
DA:53,0
DA:54,0
DA:55,0
DA:56,0
DA:59,0
DA:60,0
DA:61,0
DA:62,0
DA:63,0
DA:64,0
DA:65,0
DA:66,0
DA:67,0
DA:70,0
DA:71,0
DA:72,0
LF:35
LH:0
BRDA:24,0,0,0
BRDA:27,1,0,0
BRDA:27,1,1,0
BRDA:34,2,0,0
BRDA:47,3,0,0
BRDA:47,3,1,0
BRDA:62,4,0,0
BRF:7
BRH:0
end_of_record
TN:
SF:services/mailStatus.ts
FN:5,read
FN:15,write
FN:20,hasMailed
FN:22,(anonymous_3)
FN:25,markMailed
FN:29,(anonymous_5)
FN:32,(anonymous_6)
FN:39,getMailEntries
FNF:8
FNH:0
FNDA:0,read
FNDA:0,write
FNDA:0,hasMailed
FNDA:0,(anonymous_3)
FNDA:0,markMailed
FNDA:0,(anonymous_5)
FNDA:0,(anonymous_6)
FNDA:0,getMailEntries
DA:1,0
DA:6,0
DA:7,0
DA:8,0
DA:9,0
DA:11,0
DA:16,0
DA:17,0
DA:20,0
DA:21,0
DA:22,0
DA:25,0
DA:26,0
DA:27,0
DA:28,0
DA:29,0
DA:30,0
DA:31,0
DA:32,0
DA:33,0
DA:36,0
DA:39,0
DA:40,0
LF:23
LH:0
BRDA:6,0,0,0
BRDA:9,1,0,0
BRDA:9,1,1,0
BRDA:16,2,0,0
BRDA:22,3,0,0
BRDA:22,3,1,0
BRDA:30,4,0,0
BRDA:30,4,1,0
BRDA:31,5,0,0
BRDA:32,6,0,0
BRDA:32,7,0,0
BRDA:32,7,1,0
BRF:12
BRH:0
end_of_record
TN:
SF:services/notes.ts
FN:15,readStore
FN:26,writeStore
FN:33,listNotes
FN:35,(anonymous_3)
FN:38,createNote
FN:56,updateNote
FN:58,(anonymous_6)
FN:66,deleteNote
FN:69,(anonymous_8)
FNF:9
FNH:0
FNDA:0,readStore
FNDA:0,writeStore
FNDA:0,listNotes
FNDA:0,(anonymous_3)
FNDA:0,createNote
FNDA:0,updateNote
FNDA:0,(anonymous_6)
FNDA:0,deleteNote
FNDA:0,(anonymous_8)
DA:13,0
DA:16,0
DA:17,0
DA:18,0
DA:19,0
DA:20,0
DA:22,0
DA:27,0
DA:28,0
DA:31,0
DA:33,0
DA:34,0
DA:35,0
DA:38,0
DA:39,0
DA:40,0
DA:51,0
DA:52,0
DA:53,0
DA:56,0
DA:57,0
DA:58,0
DA:59,0
DA:60,0
DA:61,0
DA:62,0
DA:63,0
DA:66,0
DA:67,0
DA:68,0
DA:69,0
DA:70,0
DA:71,0
LF:33
LH:0
BRDA:16,0,0,0
BRDA:18,1,0,0
BRDA:27,2,0,0
BRDA:34,3,0,0
BRDA:35,4,0,0
BRDA:35,4,1,0
BRDA:41,5,0,0
BRDA:41,5,1,0
BRDA:47,6,0,0
BRDA:47,6,1,0
BRDA:57,7,0,0
BRDA:58,8,0,0
BRDA:58,8,1,0
BRDA:59,9,0,0
BRDA:67,10,0,0
BRDA:69,11,0,0
BRDA:69,11,1,0
BRDA:70,12,0,0
BRF:18
BRH:0
end_of_record
TN:
SF:services/prompts.ts
FN:13,read
FN:23,write
FN:28,listPrompts
FN:31,(anonymous_3)
FN:32,(anonymous_4)
FN:35,savePrompt
FN:52,deletePrompt
FN:54,(anonymous_7)
FNF:8
FNH:0
FNDA:0,read
FNDA:0,write
FNDA:0,listPrompts
FNDA:0,(anonymous_3)
FNDA:0,(anonymous_4)
FNDA:0,savePrompt
FNDA:0,deletePrompt
FNDA:0,(anonymous_7)
DA:1,0
DA:14,0
DA:15,0
DA:16,0
DA:17,0
DA:19,0
DA:24,0
DA:25,0
DA:28,0
DA:29,0
DA:30,0
DA:31,0
DA:32,0
DA:35,0
DA:36,0
DA:37,0
DA:38,0
DA:39,0
DA:48,0
DA:49,0
DA:52,0
DA:53,0
DA:54,0
LF:23
LH:0
BRDA:14,0,0,0
BRDA:17,1,0,0
BRDA:17,1,1,0
BRDA:24,2,0,0
BRDA:31,3,0,0
BRDA:31,3,1,0
BRDA:31,4,0,0
BRDA:31,4,1,0
BRF:8
BRH:0
end_of_record
TN:
SF:services/recruiter.ts
FN:23,toName
FN:27,listUniversities
FN:38,(anonymous_2)
FN:44,(anonymous_3)
FN:44,(anonymous_4)
FN:70,getUniversityDetails
FN:82,(anonymous_6)
FN:91,(anonymous_7)
FN:110,(anonymous_8)
FNF:9
FNH:0
FNDA:0,toName
FNDA:0,listUniversities
FNDA:0,(anonymous_2)
FNDA:0,(anonymous_3)
FNDA:0,(anonymous_4)
FNDA:0,getUniversityDetails
FNDA:0,(anonymous_6)
FNDA:0,(anonymous_7)
FNDA:0,(anonymous_8)
DA:3,0
DA:5,0
DA:14,0
DA:24,0
DA:27,0
DA:28,0
DA:33,0
DA:35,0
DA:36,0
DA:37,0
DA:38,0
DA:40,0
DA:41,0
DA:43,0
DA:44,0
DA:70,0
DA:71,0
DA:77,0
DA:79,0
DA:80,0
DA:81,0
DA:82,0
DA:84,0
DA:85,0
DA:87,0
DA:88,0
DA:90,0
DA:91,0
DA:92,0
DA:93,0
DA:94,0
DA:95,0
DA:96,0
DA:97,0
DA:98,0
DA:99,0
DA:110,0
DA:112,0
DA:113,0
DA:114,0
DA:115,0
DA:117,0
DA:121,0
DA:123,0
DA:127,0
LF:45
LH:0
BRDA:24,0,0,0
BRDA:24,0,1,0
BRDA:24,0,2,0
BRDA:24,0,3,0
BRDA:37,1,0,0
BRDA:41,2,0,0
BRDA:41,2,1,0
BRDA:44,3,0,0
BRDA:44,3,1,0
BRDA:81,4,0,0
BRDA:85,5,0,0
BRDA:85,5,1,0
BRDA:88,6,0,0
BRDA:88,6,1,0
BRDA:88,7,0,0
BRDA:88,7,1,0
BRDA:90,8,0,0
BRDA:90,8,1,0
BRDA:90,8,2,0
BRDA:91,9,0,0
BRDA:91,9,1,0
BRDA:92,10,0,0
BRDA:92,10,1,0
BRDA:92,10,2,0
BRDA:93,11,0,0
BRDA:93,11,1,0
BRDA:93,11,2,0
BRDA:94,12,0,0
BRDA:94,12,1,0
BRDA:94,12,2,0
BRDA:94,12,3,0
BRDA:95,13,0,0
BRDA:95,13,1,0
BRDA:95,13,2,0
BRDA:96,14,0,0
BRDA:96,14,1,0
BRDA:96,14,2,0
BRDA:96,14,3,0
BRDA:98,15,0,0
BRDA:98,15,1,0
BRDA:104,16,0,0
BRDA:104,16,1,0
BRDA:105,17,0,0
BRDA:105,17,1,0
BRDA:106,18,0,0
BRDA:106,18,1,0
BRDA:112,19,0,0
BRDA:112,19,1,0
BRDA:112,19,2,0
BRDA:112,19,3,0
BRDA:113,20,0,0
BRDA:114,21,0,0
BRDA:114,22,0,0
BRDA:114,22,1,0
BRDA:121,23,0,0
BRDA:121,23,1,0
BRDA:121,23,2,0
BRDA:121,23,3,0
BRDA:121,23,4,0
BRDA:121,23,5,0
BRDA:121,23,6,0
BRDA:123,24,0,0
BRDA:123,24,1,0
BRDA:123,24,2,0
BRDA:124,25,0,0
BRDA:124,25,1,0
BRDA:128,26,0,0
BRDA:128,26,1,0
BRDA:129,27,0,0
BRDA:129,27,1,0
BRDA:129,27,2,0
BRDA:129,27,3,0
BRDA:129,27,4,0
BRDA:131,28,0,0
BRDA:131,28,1,0
BRDA:131,28,2,0
BRDA:133,29,0,0
BRDA:133,29,1,0
BRDA:134,30,0,0
BRDA:134,30,1,0
BRDA:136,31,0,0
BRDA:136,31,1,0
BRF:82
BRH:0
end_of_record
TN:
SF:services/recruiterMeta.ts
FN:1,getDivisions
FN:4,getStates
FN:60,getUniversities
FN:66,getUniversity
FNF:4
FNH:0
FNDA:0,getDivisions
FNDA:0,getStates
FNDA:0,getUniversities
FNDA:0,getUniversity
DA:1,0
DA:2,0
DA:4,0
DA:6,0
DA:60,0
DA:61,0
DA:66,0
DA:76,0
LF:8
LH:0
BRDA:78,0,0,0
BRDA:78,0,1,0
BRF:2
BRH:0
end_of_record
TN:
SF:services/recruitingPeriods.ts
FN:64,readStore
FN:76,writeStore
FN:83,buildFallbackPeriods
FN:93,(anonymous_3)
FN:114,listRecruitingPeriods
FN:116,(anonymous_5)
FN:116,(anonymous_6)
FN:123,upsertRecruitingPeriods
FNF:8
FNH:0
FNDA:0,readStore
FNDA:0,writeStore
FNDA:0,buildFallbackPeriods
FNDA:0,(anonymous_3)
FNDA:0,listRecruitingPeriods
FNDA:0,(anonymous_5)
FNDA:0,(anonymous_6)
FNDA:0,upsertRecruitingPeriods
DA:12,0
DA:14,0
DA:65,0
DA:66,0
DA:67,0
DA:68,0
DA:69,0
DA:70,0
DA:72,0
DA:77,0
DA:78,0
DA:81,0
DA:84,0
DA:85,0
DA:86,0
DA:87,0
DA:88,0
DA:89,0
DA:90,0
DA:91,0
DA:92,0
DA:93,0
DA:94,0
DA:114,0
DA:115,0
DA:116,0
DA:117,0
DA:118,0
DA:120,0
DA:123,0
DA:124,0
DA:125,0
DA:126,0
LF:33
LH:0
BRDA:65,0,0,0
BRDA:67,1,0,0
BRDA:70,2,0,0
BRDA:70,2,1,0
BRDA:77,3,0,0
BRDA:115,4,0,0
BRDA:117,5,0,0
BRF:7
BRH:0
end_of_record
TN:
SF:services/scholarships.ts
FN:5,getScholarships
FN:16,setScholarships
FNF:2
FNH:0
FNDA:0,getScholarships
FNDA:0,setScholarships
DA:1,0
DA:5,0
DA:6,0
DA:7,0
DA:8,0
DA:9,0
DA:10,0
DA:12,0
DA:16,0
DA:17,0
DA:18,0
DA:19,0
DA:20,0
DA:21,0
DA:22,0
LF:15
LH:0
BRDA:6,0,0,0
BRDA:9,1,0,0
BRDA:9,1,1,0
BRDA:10,2,0,0
BRDA:10,2,1,0
BRDA:17,3,0,0
BRDA:20,4,0,0
BRDA:20,4,1,0
BRDA:21,5,0,0
BRDA:21,5,1,0
BRF:10
BRH:0
end_of_record
TN:
SF:services/templates.ts
FN:15,loadAll
FN:24,saveAll
FN:28,uid
FN:32,listTemplates
FN:35,(anonymous_4)
FN:36,(anonymous_5)
FN:39,saveTemplate
FN:46,getTemplate
FN:47,(anonymous_8)
FN:50,escapeRegExp
FN:55,toTemplateHtml
FN:90,applyTemplate
FNF:12
FNH:0
FNDA:0,loadAll
FNDA:0,saveAll
FNDA:0,uid
FNDA:0,listTemplates
FNDA:0,(anonymous_4)
FNDA:0,(anonymous_5)
FNDA:0,saveTemplate
FNDA:0,getTemplate
FNDA:0,(anonymous_8)
FNDA:0,escapeRegExp
FNDA:0,toTemplateHtml
FNDA:0,applyTemplate
DA:13,0
DA:16,0
DA:17,0
DA:18,0
DA:20,0
DA:25,0
DA:29,0
DA:32,0
DA:33,0
DA:34,0
DA:35,0
DA:36,0
DA:39,0
DA:40,0
DA:41,0
DA:42,0
DA:43,0
DA:46,0
DA:47,0
DA:51,0
DA:55,0
DA:66,0
DA:68,0
DA:74,0
DA:75,0
DA:77,0
DA:78,0
DA:80,0
DA:81,0
DA:82,0
DA:83,0
DA:86,0
DA:90,0
DA:101,0
DA:102,0
DA:110,0
DA:111,0
DA:112,0
DA:114,0
LF:39
LH:0
BRDA:18,0,0,0
BRDA:18,0,1,0
BRDA:35,1,0,0
BRDA:35,1,1,0
BRDA:35,2,0,0
BRDA:35,2,1,0
BRDA:74,3,0,0
BRDA:77,4,0,0
BRDA:81,5,0,0
BRDA:81,6,0,0
BRDA:81,6,1,0
BRDA:103,7,0,0
BRDA:103,7,1,0
BRDA:104,8,0,0
BRDA:104,8,1,0
BRDA:105,9,0,0
BRDA:105,9,1,0
BRDA:106,10,0,0
BRDA:106,10,1,0
BRDA:107,11,0,0
BRDA:107,11,1,0
BRDA:108,12,0,0
BRDA:108,12,1,0
BRF:23
BRH:0
end_of_record
TN:
SF:tenancy/TenantContext.tsx
FN:7,TenantProvider
FN:11,useTenant
FNF:2
FNH:0
FNDA:0,TenantProvider
FNDA:0,useTenant
DA:2,0
DA:5,0
DA:7,0
DA:8,0
DA:11,0
DA:12,0
DA:13,0
DA:14,0
LF:8
LH:0
BRDA:13,0,0,0
BRF:1
BRH:0
end_of_record
TN:
SF:tenancy/TenantThemeProvider.tsx
FN:13,TenantThemeProvider
FN:14,(anonymous_2)
FNF:2
FNH:0
FNDA:0,TenantThemeProvider
FNDA:0,(anonymous_2)
DA:2,0
DA:3,0
DA:4,0
DA:6,0
DA:13,0
DA:14,0
DA:15,0
LF:7
LH:0
BRF:0
BRH:0
end_of_record
TN:
SF:tenancy/serverTenant.ts
FN:5,getServerTenant
FNF:1
FNH:0
FNDA:0,getServerTenant
DA:1,0
DA:2,0
DA:3,0
DA:5,0
DA:6,0
DA:7,0
DA:8,0
DA:10,0
DA:11,0
DA:12,0
DA:14,0
DA:15,0
LF:12
LH:0
BRDA:7,0,0,0
BRDA:7,0,1,0
BRDA:8,1,0,0
BRDA:8,1,1,0
BRDA:11,2,0,0
BRF:5
BRH:0
end_of_record
TN:
SF:tenancy/tenantResolver.ts
FN:3,resolveTenantFromHost
FN:13,resolveTenantFromPath
FN:22,ensureKnownTenant
FNF:3
FNH:0
FNDA:0,resolveTenantFromHost
FNDA:0,resolveTenantFromPath
FNDA:0,ensureKnownTenant
DA:1,0
DA:3,0
DA:5,0
DA:6,0
DA:7,0
DA:10,0
DA:13,0
DA:15,0
DA:16,0
DA:17,0
DA:19,0
DA:22,0
DA:23,0
DA:24,0
LF:14
LH:0
BRDA:6,0,0,0
BRDA:16,1,0,0
BRDA:16,2,0,0
BRDA:16,2,1,0
BRDA:24,3,0,0
BRDA:24,3,1,0
BRF:6
BRH:0
end_of_record
TN:
SF:tenancy/themeBuilder.ts
FN:6,createTenantTheme
FNF:1
FNH:0
FNDA:0,createTenantTheme
DA:1,0
DA:3,0
DA:4,0
DA:6,0
DA:7,0
DA:94,0
LF:6
LH:0
BRDA:10,0,0,0
BRDA:10,0,1,0
BRF:2
BRH:0
end_of_record
