TN:
SF:components/Button.tsx
FN:9,Button
FNF:1
FNH:0
FNDA:0,Button
DA:3,0
DA:9,0
DA:10,0
LF:3
LH:0
BRF:0
BRH:0
end_of_record
TN:
SF:config/index.ts
FN:26,getServiceConfig
FN:34,getTenantRegistry
FNF:2
FNH:0
FNDA:0,getServiceConfig
FNDA:0,getTenantRegistry
DA:23,0
DA:24,0
DA:26,0
DA:27,0
DA:29,0
DA:30,0
DA:31,0
DA:34,0
DA:35,0
DA:36,0
DA:68,0
LF:11
LH:0
BRDA:27,0,0,0
BRDA:29,1,0,0
BRDA:29,1,1,0
BRDA:35,2,0,0
BRF:4
BRH:0
end_of_record
TN:
SF:features/agencies/AgencyWizard.tsx
FN:10,BasicInfoStep
FN:11,(anonymous_2)
FN:14,(anonymous_3)
FN:15,(anonymous_4)
FN:16,(anonymous_5)
FN:21,OwnerInfoStep
FN:22,(anonymous_7)
FN:26,(anonymous_8)
FN:27,(anonymous_9)
FN:28,(anonymous_10)
FN:29,(anonymous_11)
FN:37,SystemSettingsStep
FN:38,(anonymous_13)
FN:39,(anonymous_14)
FN:48,(anonymous_15)
FN:57,(anonymous_16)
FN:63,(anonymous_17)
FN:89,(anonymous_18)
FN:96,(anonymous_19)
FN:102,(anonymous_20)
FN:111,(anonymous_21)
FN:118,AgencyWizard
FN:124,(anonymous_23)
FN:130,(anonymous_24)
FN:132,(anonymous_25)
FN:132,(anonymous_26)
FN:137,(anonymous_27)
FNF:27
FNH:0
FNDA:0,BasicInfoStep
FNDA:0,(anonymous_2)
FNDA:0,(anonymous_3)
FNDA:0,(anonymous_4)
FNDA:0,(anonymous_5)
FNDA:0,OwnerInfoStep
FNDA:0,(anonymous_7)
FNDA:0,(anonymous_8)
FNDA:0,(anonymous_9)
FNDA:0,(anonymous_10)
FNDA:0,(anonymous_11)
FNDA:0,SystemSettingsStep
FNDA:0,(anonymous_13)
FNDA:0,(anonymous_14)
FNDA:0,(anonymous_15)
FNDA:0,(anonymous_16)
FNDA:0,(anonymous_17)
FNDA:0,(anonymous_18)
FNDA:0,(anonymous_19)
FNDA:0,(anonymous_20)
FNDA:0,(anonymous_21)
FNDA:0,AgencyWizard
FNDA:0,(anonymous_23)
FNDA:0,(anonymous_24)
FNDA:0,(anonymous_25)
FNDA:0,(anonymous_26)
FNDA:0,(anonymous_27)
DA:2,0
DA:3,0
DA:4,0
DA:5,0
DA:6,0
DA:8,0
DA:11,0
DA:12,0
DA:14,0
DA:15,0
DA:16,0
DA:22,0
DA:23,0
DA:24,0
DA:26,0
DA:27,0
DA:28,0
DA:29,0
DA:38,0
DA:39,0
DA:40,0
DA:47,0
DA:49,0
DA:57,0
DA:58,0
DA:59,0
DA:60,0
DA:62,0
DA:63,0
DA:64,0
DA:66,0
DA:89,0
DA:96,0
DA:102,0
DA:111,0
DA:118,0
DA:119,0
DA:120,0
DA:121,0
DA:122,0
DA:124,0
DA:125,0
DA:126,0
DA:127,0
DA:128,0
DA:130,0
DA:132,0
DA:134,0
DA:138,0
LF:49
LH:0
BRDA:14,0,0,0
BRDA:14,0,1,0
BRDA:15,1,0,0
BRDA:15,1,1,0
BRDA:16,2,0,0
BRDA:16,2,1,0
BRDA:26,3,0,0
BRDA:26,3,1,0
BRDA:27,4,0,0
BRDA:27,4,1,0
BRDA:28,5,0,0
BRDA:28,5,1,0
BRDA:29,6,0,0
BRDA:29,6,1,0
BRDA:31,7,0,0
BRDA:31,7,1,0
BRDA:42,8,0,0
BRDA:42,8,1,0
BRDA:43,9,0,0
BRDA:43,9,1,0
BRDA:51,10,0,0
BRDA:51,10,1,0
BRDA:52,11,0,0
BRDA:52,11,1,0
BRDA:58,12,0,0
BRDA:59,13,0,0
BRDA:59,13,1,0
BRDA:63,14,0,0
BRDA:63,14,1,0
BRDA:79,15,0,0
BRDA:79,15,1,0
BRDA:82,16,0,0
BRDA:82,16,1,0
BRDA:88,17,0,0
BRDA:88,17,1,0
BRDA:89,18,0,0
BRDA:89,18,1,0
BRDA:95,19,0,0
BRDA:95,19,1,0
BRDA:96,20,0,0
BRDA:96,20,1,0
BRDA:102,21,0,0
BRDA:102,21,1,0
BRDA:104,22,0,0
BRDA:104,22,1,0
BRDA:111,23,0,0
BRDA:111,23,1,0
BRDA:125,24,0,0
BRDA:144,25,0,0
BRDA:144,25,1,0
BRDA:145,26,0,0
BRDA:145,26,1,0
BRDA:146,27,0,0
BRDA:146,27,1,0
BRDA:147,28,0,0
BRDA:147,28,1,0
BRDA:153,29,0,0
BRDA:153,29,1,0
BRDA:154,30,0,0
BRDA:154,30,1,0
BRDA:155,31,0,0
BRDA:155,31,1,0
BRDA:159,32,0,0
BRDA:159,32,1,0
BRDA:160,33,0,0
BRDA:160,33,1,0
BRDA:161,34,0,0
BRDA:161,34,1,0
BRDA:162,35,0,0
BRDA:162,35,1,0
BRDA:168,36,0,0
BRDA:168,36,1,0
BRDA:169,37,0,0
BRDA:169,37,1,0
BRDA:172,38,0,0
BRDA:172,38,1,0
BRDA:173,39,0,0
BRDA:173,39,1,0
BRDA:176,40,0,0
BRDA:176,40,1,0
BRDA:189,41,0,0
BRDA:189,41,1,0
BRF:82
BRH:0
end_of_record
TN:
SF:features/ai/AICounselor.tsx
FN:9,AICounselor
FN:15,(anonymous_2)
FN:31,(anonymous_3)
FNF:3
FNH:0
FNDA:0,AICounselor
FNDA:0,(anonymous_2)
FNDA:0,(anonymous_3)
DA:2,0
DA:3,0
DA:4,0
DA:5,0
DA:6,0
DA:7,0
DA:9,0
DA:10,0
DA:11,0
DA:12,0
DA:13,0
DA:15,0
DA:16,0
DA:17,0
DA:18,0
DA:19,0
DA:20,0
DA:21,0
DA:23,0
DA:25,0
DA:29,0
DA:31,0
LF:22
LH:0
BRDA:32,0,0,0
BRDA:32,0,1,0
BRDA:33,1,0,0
BRDA:33,1,1,0
BRDA:36,2,0,0
BRDA:36,2,1,0
BRF:6
BRH:0
end_of_record
TN:
SF:features/ai/AICounselorGate.tsx
FN:6,AICounselorGate
FNF:1
FNH:0
FNDA:0,AICounselorGate
DA:3,0
DA:4,0
DA:6,0
DA:7,0
DA:8,0
DA:9,0
DA:11,0
LF:7
LH:0
BRDA:8,0,0,0
BRF:1
BRH:0
end_of_record
TN:
SF:features/ai/AIScreen.tsx
FN:6,AIScreen
FNF:1
FNH:0
FNDA:0,AIScreen
DA:3,0
DA:4,0
DA:6,0
DA:7,0
LF:4
LH:0
BRF:0
BRH:0
end_of_record
TN:
SF:features/ai/service.ts
FN:10,askCounselor
FNF:1
FNH:0
FNDA:0,askCounselor
DA:1,0
DA:2,0
DA:4,0
DA:10,0
DA:11,0
DA:12,0
LF:6
LH:0
BRF:0
BRH:0
end_of_record
TN:
SF:features/auth/LoginForm.tsx
FN:15,LoginForm
FN:22,(anonymous_2)
FN:60,(anonymous_3)
FN:68,(anonymous_4)
FN:76,(anonymous_5)
FNF:5
FNH:0
FNDA:0,LoginForm
FNDA:0,(anonymous_2)
FNDA:0,(anonymous_3)
FNDA:0,(anonymous_4)
FNDA:0,(anonymous_5)
DA:2,0
DA:3,0
DA:4,0
DA:5,0
DA:6,0
DA:7,0
DA:8,0
DA:15,0
DA:16,0
DA:17,0
DA:18,0
DA:19,0
DA:20,0
DA:22,0
DA:23,0
DA:24,0
DA:25,0
DA:26,0
DA:27,0
DA:28,0
DA:29,0
DA:30,0
DA:31,0
DA:32,0
DA:33,0
DA:34,0
DA:35,0
DA:36,0
DA:37,0
DA:39,0
DA:43,0
DA:60,0
DA:68,0
DA:76,0
LF:34
LH:0
BRDA:25,0,0,0
BRDA:25,0,1,0
BRDA:26,1,0,0
BRDA:29,2,0,0
BRDA:29,2,1,0
BRDA:30,3,0,0
BRDA:31,4,0,0
BRDA:31,4,1,0
BRDA:32,5,0,0
BRDA:34,6,0,0
BRDA:46,7,0,0
BRDA:46,7,1,0
BRDA:46,7,2,0
BRDA:46,7,3,0
BRDA:50,8,0,0
BRDA:50,8,1,0
BRDA:51,9,0,0
BRDA:51,9,1,0
BRDA:52,10,0,0
BRDA:52,10,1,0
BRF:20
BRH:0
end_of_record
TN:
SF:features/auth/service.ts
FN:12,login
FNF:1
FNH:0
FNDA:0,login
DA:1,0
DA:2,0
DA:12,0
DA:13,0
DA:14,0
DA:15,0
DA:17,0
DA:18,0
LF:8
LH:0
BRDA:14,0,0,0
BRF:1
BRH:0
end_of_record
TN:
SF:features/auth/session.tsx
FN:8,SessionProvider
FN:12,(anonymous_2)
FN:18,(anonymous_3)
FN:29,useSession
FNF:4
FNH:0
FNDA:0,SessionProvider
FNDA:0,(anonymous_2)
FNDA:0,(anonymous_3)
FNDA:0,useSession
DA:2,0
DA:6,0
DA:8,0
DA:9,0
DA:10,0
DA:12,0
DA:13,0
DA:14,0
DA:15,0
DA:18,0
DA:19,0
DA:20,0
DA:21,0
DA:22,0
DA:26,0
DA:29,0
DA:30,0
DA:31,0
DA:32,0
LF:19
LH:0
BRDA:13,0,0,0
BRDA:13,0,1,0
BRDA:14,1,0,0
BRDA:20,2,0,0
BRDA:21,3,0,0
BRDA:21,3,1,0
BRDA:31,4,0,0
BRF:7
BRH:0
end_of_record
TN:
SF:features/auth/validators.ts
FN:1,validateEmail
FN:6,validatePassword
FNF:2
FNH:0
FNDA:0,validateEmail
FNDA:0,validatePassword
DA:1,0
DA:2,0
DA:3,0
DA:6,0
DA:7,0
LF:5
LH:0
BRDA:7,0,0,0
BRDA:7,0,1,0
BRF:2
BRH:0
end_of_record
TN:
SF:features/clients/ClientForm.tsx
FN:15,ClientForm
FN:17,(anonymous_2)
FN:20,(anonymous_3)
FN:21,(anonymous_4)
FN:22,(anonymous_5)
FN:23,(anonymous_6)
FN:24,(anonymous_7)
FN:25,(anonymous_8)
FNF:8
FNH:0
FNDA:0,ClientForm
FNDA:0,(anonymous_2)
FNDA:0,(anonymous_3)
FNDA:0,(anonymous_4)
FNDA:0,(anonymous_5)
FNDA:0,(anonymous_6)
FNDA:0,(anonymous_7)
FNDA:0,(anonymous_8)
DA:2,0
DA:3,0
DA:4,0
DA:5,0
DA:7,0
DA:15,0
DA:16,0
DA:17,0
DA:18,0
DA:20,0
DA:21,0
DA:22,0
DA:23,0
DA:24,0
DA:25,0
LF:15
LH:0
BRDA:16,0,0,0
BRDA:16,0,1,0
BRDA:20,1,0,0
BRDA:20,1,1,0
BRDA:21,2,0,0
BRDA:21,2,1,0
BRDA:22,3,0,0
BRDA:22,3,1,0
BRDA:23,4,0,0
BRDA:23,4,1,0
BRDA:24,5,0,0
BRDA:24,5,1,0
BRF:12
BRH:0
end_of_record
TN:
SF:features/clients/ClientWizard.tsx
FN:29,PersonalInfoStep
FN:32,(anonymous_2)
FN:33,(anonymous_3)
FN:34,(anonymous_4)
FN:35,(anonymous_5)
FN:36,(anonymous_6)
FN:37,(anonymous_7)
FN:38,(anonymous_8)
FN:39,(anonymous_9)
FN:40,(anonymous_10)
FN:45,SocialStep
FN:48,(anonymous_12)
FN:49,(anonymous_13)
FN:50,(anonymous_14)
FN:51,(anonymous_15)
FN:56,ContentLinksStep
FN:59,(anonymous_17)
FN:60,(anonymous_18)
FN:61,(anonymous_19)
FN:62,(anonymous_20)
FN:63,(anonymous_21)
FN:68,EventsMetricsStep
FN:72,(anonymous_23)
FN:73,(anonymous_24)
FN:80,(anonymous_25)
FN:84,(anonymous_26)
FN:86,(anonymous_27)
FN:86,(anonymous_28)
FN:92,(anonymous_29)
FN:92,(anonymous_30)
FN:94,(anonymous_31)
FN:94,(anonymous_32)
FN:103,(anonymous_33)
FN:107,(anonymous_34)
FN:109,(anonymous_35)
FN:109,(anonymous_36)
FN:110,(anonymous_37)
FN:110,(anonymous_38)
FN:111,(anonymous_39)
FN:111,(anonymous_40)
FN:120,MotivationStep
FN:122,(anonymous_42)
FN:127,(anonymous_43)
FN:128,(anonymous_44)
FN:134,(anonymous_45)
FN:138,(anonymous_46)
FN:140,(anonymous_47)
FN:140,(anonymous_48)
FN:141,(anonymous_49)
FN:141,(anonymous_50)
FN:142,(anonymous_51)
FN:142,(anonymous_52)
FN:143,(anonymous_53)
FN:143,(anonymous_54)
FN:152,BasicInfoStep
FN:164,(anonymous_56)
FN:168,(anonymous_57)
FN:178,(anonymous_58)
FN:179,(anonymous_59)
FN:191,(anonymous_60)
FN:196,(anonymous_61)
FN:197,(anonymous_62)
FN:198,(anonymous_63)
FN:229,(anonymous_64)
FN:229,(anonymous_65)
FN:239,(anonymous_66)
FN:251,(anonymous_67)
FN:267,ClientWizard
FN:283,(anonymous_69)
FN:285,(anonymous_70)
FN:291,(anonymous_71)
FN:302,(anonymous_72)
FN:311,(anonymous_73)
FN:358,(anonymous_74)
FN:360,(anonymous_75)
FN:360,(anonymous_76)
FN:365,(anonymous_77)
FN:368,(anonymous_78)
FN:384,(anonymous_79)
FN:387,(anonymous_80)
FN:399,(anonymous_81)
FN:399,(anonymous_82)
FN:402,(anonymous_83)
FN:402,(anonymous_84)
FN:405,(anonymous_85)
FN:405,(anonymous_86)
FN:408,(anonymous_87)
FN:408,(anonymous_88)
FN:411,(anonymous_89)
FN:411,(anonymous_90)
FN:474,(anonymous_91)
FN:482,(anonymous_92)
FN:492,(anonymous_93)
FNF:93
FNH:0
FNDA:0,PersonalInfoStep
FNDA:0,(anonymous_2)
FNDA:0,(anonymous_3)
FNDA:0,(anonymous_4)
FNDA:0,(anonymous_5)
FNDA:0,(anonymous_6)
FNDA:0,(anonymous_7)
FNDA:0,(anonymous_8)
FNDA:0,(anonymous_9)
FNDA:0,(anonymous_10)
FNDA:0,SocialStep
FNDA:0,(anonymous_12)
FNDA:0,(anonymous_13)
FNDA:0,(anonymous_14)
FNDA:0,(anonymous_15)
FNDA:0,ContentLinksStep
FNDA:0,(anonymous_17)
FNDA:0,(anonymous_18)
FNDA:0,(anonymous_19)
FNDA:0,(anonymous_20)
FNDA:0,(anonymous_21)
FNDA:0,EventsMetricsStep
FNDA:0,(anonymous_23)
FNDA:0,(anonymous_24)
FNDA:0,(anonymous_25)
FNDA:0,(anonymous_26)
FNDA:0,(anonymous_27)
FNDA:0,(anonymous_28)
FNDA:0,(anonymous_29)
FNDA:0,(anonymous_30)
FNDA:0,(anonymous_31)
FNDA:0,(anonymous_32)
FNDA:0,(anonymous_33)
FNDA:0,(anonymous_34)
FNDA:0,(anonymous_35)
FNDA:0,(anonymous_36)
FNDA:0,(anonymous_37)
FNDA:0,(anonymous_38)
FNDA:0,(anonymous_39)
FNDA:0,(anonymous_40)
FNDA:0,MotivationStep
FNDA:0,(anonymous_42)
FNDA:0,(anonymous_43)
FNDA:0,(anonymous_44)
FNDA:0,(anonymous_45)
FNDA:0,(anonymous_46)
FNDA:0,(anonymous_47)
FNDA:0,(anonymous_48)
FNDA:0,(anonymous_49)
FNDA:0,(anonymous_50)
FNDA:0,(anonymous_51)
FNDA:0,(anonymous_52)
FNDA:0,(anonymous_53)
FNDA:0,(anonymous_54)
FNDA:0,BasicInfoStep
FNDA:0,(anonymous_56)
FNDA:0,(anonymous_57)
FNDA:0,(anonymous_58)
FNDA:0,(anonymous_59)
FNDA:0,(anonymous_60)
FNDA:0,(anonymous_61)
FNDA:0,(anonymous_62)
FNDA:0,(anonymous_63)
FNDA:0,(anonymous_64)
FNDA:0,(anonymous_65)
FNDA:0,(anonymous_66)
FNDA:0,(anonymous_67)
FNDA:0,ClientWizard
FNDA:0,(anonymous_69)
FNDA:0,(anonymous_70)
FNDA:0,(anonymous_71)
FNDA:0,(anonymous_72)
FNDA:0,(anonymous_73)
FNDA:0,(anonymous_74)
FNDA:0,(anonymous_75)
FNDA:0,(anonymous_76)
FNDA:0,(anonymous_77)
FNDA:0,(anonymous_78)
FNDA:0,(anonymous_79)
FNDA:0,(anonymous_80)
FNDA:0,(anonymous_81)
FNDA:0,(anonymous_82)
FNDA:0,(anonymous_83)
FNDA:0,(anonymous_84)
FNDA:0,(anonymous_85)
FNDA:0,(anonymous_86)
FNDA:0,(anonymous_87)
FNDA:0,(anonymous_88)
FNDA:0,(anonymous_89)
FNDA:0,(anonymous_90)
FNDA:0,(anonymous_91)
FNDA:0,(anonymous_92)
FNDA:0,(anonymous_93)
DA:2,0
DA:3,0
DA:4,0
DA:5,0
DA:6,0
DA:7,0
DA:8,0
DA:19,0
DA:30,0
DA:32,0
DA:33,0
DA:34,0
DA:35,0
DA:36,0
DA:37,0
DA:38,0
DA:39,0
DA:40,0
DA:46,0
DA:48,0
DA:49,0
DA:50,0
DA:51,0
DA:57,0
DA:59,0
DA:60,0
DA:61,0
DA:62,0
DA:63,0
DA:69,0
DA:70,0
DA:72,0
DA:73,0
DA:75,0
DA:80,0
DA:85,0
DA:86,0
DA:92,0
DA:94,0
DA:103,0
DA:108,0
DA:109,0
DA:110,0
DA:111,0
DA:121,0
DA:122,0
DA:124,0
DA:127,0
DA:128,0
DA:134,0
DA:139,0
DA:140,0
DA:141,0
DA:142,0
DA:143,0
DA:161,0
DA:162,0
DA:163,0
DA:164,0
DA:165,0
DA:166,0
DA:167,0
DA:168,0
DA:169,0
DA:176,0
DA:178,0
DA:179,0
DA:180,0
DA:181,0
DA:186,0
DA:191,0
DA:196,0
DA:197,0
DA:198,0
DA:229,0
DA:239,0
DA:252,0
DA:267,0
DA:268,0
DA:269,0
DA:270,0
DA:271,0
DA:272,0
DA:278,0
DA:279,0
DA:280,0
DA:281,0
DA:283,0
DA:284,0
DA:285,0
DA:286,0
DA:287,0
DA:289,0
DA:291,0
DA:292,0
DA:293,0
DA:302,0
DA:303,0
DA:304,0
DA:305,0
DA:306,0
DA:307,0
DA:308,0
DA:311,0
DA:313,0
DA:314,0
DA:315,0
DA:316,0
DA:317,0
DA:318,0
DA:320,0
DA:321,0
DA:325,0
DA:326,0
DA:327,0
DA:328,0
DA:329,0
DA:330,0
DA:331,0
DA:333,0
DA:334,0
DA:336,0
DA:342,0
DA:343,0
DA:345,0
DA:346,0
DA:347,0
DA:348,0
DA:349,0
DA:350,0
DA:351,0
DA:353,0
DA:355,0
DA:358,0
DA:360,0
DA:362,0
DA:366,0
DA:368,0
DA:385,0
DA:386,0
DA:387,0
DA:399,0
DA:402,0
DA:405,0
DA:408,0
DA:411,0
DA:475,0
DA:483,0
DA:493,0
LF:149
LH:0
BRDA:32,0,0,0
BRDA:32,0,1,0
BRDA:33,1,0,0
BRDA:33,1,1,0
BRDA:34,2,0,0
BRDA:34,2,1,0
BRDA:35,3,0,0
BRDA:35,3,1,0
BRDA:36,4,0,0
BRDA:36,4,1,0
BRDA:37,5,0,0
BRDA:37,5,1,0
BRDA:38,6,0,0
BRDA:38,6,1,0
BRDA:39,7,0,0
BRDA:39,7,1,0
BRDA:40,8,0,0
BRDA:40,8,1,0
BRDA:48,9,0,0
BRDA:48,9,1,0
BRDA:49,10,0,0
BRDA:49,10,1,0
BRDA:50,11,0,0
BRDA:50,11,1,0
BRDA:51,12,0,0
BRDA:51,12,1,0
BRDA:59,13,0,0
BRDA:59,13,1,0
BRDA:60,14,0,0
BRDA:60,14,1,0
BRDA:61,15,0,0
BRDA:61,15,1,0
BRDA:62,16,0,0
BRDA:62,16,1,0
BRDA:63,17,0,0
BRDA:63,17,1,0
BRDA:69,18,0,0
BRDA:69,18,1,0
BRDA:70,19,0,0
BRDA:70,19,1,0
BRDA:83,20,0,0
BRDA:83,20,1,0
BRDA:86,21,0,0
BRDA:86,21,1,0
BRDA:91,22,0,0
BRDA:91,22,1,0
BRDA:92,23,0,0
BRDA:92,23,1,0
BRDA:106,24,0,0
BRDA:106,24,1,0
BRDA:109,25,0,0
BRDA:109,25,1,0
BRDA:110,26,0,0
BRDA:110,26,1,0
BRDA:121,27,0,0
BRDA:121,27,1,0
BRDA:127,28,0,0
BRDA:127,28,1,0
BRDA:128,29,0,0
BRDA:128,29,1,0
BRDA:137,30,0,0
BRDA:137,30,1,0
BRDA:140,31,0,0
BRDA:140,31,1,0
BRDA:141,32,0,0
BRDA:141,32,1,0
BRDA:142,33,0,0
BRDA:142,33,1,0
BRDA:166,34,0,0
BRDA:190,35,0,0
BRDA:190,35,1,0
BRDA:193,36,0,0
BRDA:193,36,1,0
BRDA:196,37,0,0
BRDA:196,37,1,0
BRDA:197,38,0,0
BRDA:197,38,1,0
BRDA:197,39,0,0
BRDA:197,39,1,0
BRDA:198,40,0,0
BRDA:198,40,1,0
BRDA:198,41,0,0
BRDA:198,41,1,0
BRDA:219,42,0,0
BRDA:219,42,1,0
BRDA:219,43,0,0
BRDA:219,43,1,0
BRDA:220,44,0,0
BRDA:220,44,1,0
BRDA:227,45,0,0
BRDA:227,45,1,0
BRDA:230,46,0,0
BRDA:230,46,1,0
BRDA:235,47,0,0
BRDA:235,47,1,0
BRDA:238,48,0,0
BRDA:238,48,1,0
BRDA:238,48,2,0
BRDA:245,49,0,0
BRDA:245,49,1,0
BRDA:249,50,0,0
BRDA:249,50,1,0
BRDA:267,51,0,0
BRDA:271,52,0,0
BRDA:271,52,1,0
BRDA:273,53,0,0
BRDA:273,53,1,0
BRDA:274,54,0,0
BRDA:274,54,1,0
BRDA:275,55,0,0
BRDA:275,55,1,0
BRDA:276,56,0,0
BRDA:276,56,1,0
BRDA:284,57,0,0
BRDA:286,58,0,0
BRDA:286,59,0,0
BRDA:286,59,1,0
BRDA:286,59,2,0
BRDA:292,60,0,0
BRDA:292,60,1,0
BRDA:292,61,0,0
BRDA:292,61,1,0
BRDA:292,62,0,0
BRDA:292,62,1,0
BRDA:292,63,0,0
BRDA:292,63,1,0
BRDA:294,64,0,0
BRDA:294,64,1,0
BRDA:295,65,0,0
BRDA:295,65,1,0
BRDA:296,66,0,0
BRDA:296,66,1,0
BRDA:304,67,0,0
BRDA:305,68,0,0
BRDA:306,69,0,0
BRDA:307,70,0,0
BRDA:313,71,0,0
BRDA:315,72,0,0
BRDA:315,72,1,0
BRDA:325,73,0,0
BRDA:327,74,0,0
BRDA:327,74,1,0
BRDA:339,75,0,0
BRDA:339,75,1,0
BRDA:342,76,0,0
BRDA:353,77,0,0
BRDA:353,77,1,0
BRDA:367,78,0,0
BRDA:367,78,1,0
BRDA:376,79,0,0
BRDA:376,79,1,0
BRDA:381,80,0,0
BRDA:381,80,1,0
BRDA:386,81,0,0
BRDA:388,82,0,0
BRDA:388,82,1,0
BRDA:389,83,0,0
BRDA:389,83,1,0
BRDA:390,84,0,0
BRDA:390,84,1,0
BRDA:391,85,0,0
BRDA:391,85,1,0
BRDA:398,86,0,0
BRDA:398,86,1,0
BRDA:401,87,0,0
BRDA:401,87,1,0
BRDA:404,88,0,0
BRDA:404,88,1,0
BRDA:407,89,0,0
BRDA:407,89,1,0
BRDA:410,90,0,0
BRDA:410,90,1,0
BRDA:413,91,0,0
BRDA:413,91,1,0
BRDA:429,92,0,0
BRDA:429,92,1,0
BRDA:429,93,0,0
BRDA:429,93,1,0
BRDA:430,94,0,0
BRDA:430,94,1,0
BRDA:435,95,0,0
BRDA:435,95,1,0
BRDA:436,96,0,0
BRDA:436,96,1,0
BRDA:437,97,0,0
BRDA:437,97,1,0
BRDA:443,98,0,0
BRDA:443,98,1,0
BRDA:444,99,0,0
BRDA:444,99,1,0
BRDA:445,100,0,0
BRDA:445,100,1,0
BRDA:446,101,0,0
BRDA:446,101,1,0
BRDA:447,102,0,0
BRDA:447,102,1,0
BRDA:448,103,0,0
BRDA:448,103,1,0
BRDA:449,104,0,0
BRDA:449,104,1,0
BRDA:450,105,0,0
BRDA:450,105,1,0
BRDA:454,106,0,0
BRDA:454,106,1,0
BRDA:455,107,0,0
BRDA:455,107,1,0
BRDA:456,108,0,0
BRDA:456,108,1,0
BRDA:457,109,0,0
BRDA:457,109,1,0
BRDA:461,110,0,0
BRDA:461,110,1,0
BRDA:465,111,0,0
BRDA:465,111,1,0
BRDA:466,112,0,0
BRDA:466,112,1,0
BRDA:467,113,0,0
BRDA:467,113,1,0
BRDA:468,114,0,0
BRDA:468,114,1,0
BRDA:469,115,0,0
BRDA:469,115,1,0
BRDA:473,116,0,0
BRDA:473,116,1,0
BRDA:473,117,0,0
BRDA:473,117,1,0
BRDA:474,118,0,0
BRDA:474,118,1,0
BRDA:475,119,0,0
BRDA:475,119,1,0
BRDA:475,120,0,0
BRDA:475,120,1,0
BRDA:481,121,0,0
BRDA:481,121,1,0
BRDA:481,122,0,0
BRDA:481,122,1,0
BRDA:482,123,0,0
BRDA:482,123,1,0
BRDA:483,124,0,0
BRDA:483,124,1,0
BRDA:483,125,0,0
BRDA:483,125,1,0
BRDA:489,126,0,0
BRDA:489,126,1,0
BRDA:490,127,0,0
BRDA:490,127,1,0
BRDA:491,128,0,0
BRDA:491,128,1,0
BRDA:491,129,0,0
BRDA:491,129,1,0
BRDA:492,130,0,0
BRDA:492,130,1,0
BRDA:494,131,0,0
BRDA:494,131,1,0
BRDA:495,132,0,0
BRDA:495,132,1,0
BRDA:496,133,0,0
BRDA:496,133,1,0
BRDA:512,134,0,0
BRDA:512,134,1,0
BRDA:514,135,0,0
BRDA:514,135,1,0
BRDA:516,136,0,0
BRDA:516,136,1,0
BRDA:517,137,0,0
BRDA:517,137,1,0
BRF:266
BRH:0
end_of_record
TN:
SF:features/clients/ClientsList.tsx
FN:9,ClientsList
FN:14,(anonymous_1)
FN:23,(anonymous_2)
FN:54,(anonymous_3)
FN:58,(anonymous_4)
FN:68,(anonymous_5)
FNF:6
FNH:0
FNDA:0,ClientsList
FNDA:0,(anonymous_1)
FNDA:0,(anonymous_2)
FNDA:0,(anonymous_3)
FNDA:0,(anonymous_4)
FNDA:0,(anonymous_5)
DA:3,0
DA:4,0
DA:5,0
DA:6,0
DA:7,0
DA:9,0
DA:10,0
DA:11,0
DA:12,0
DA:14,0
DA:17,0
DA:24,0
DA:25,0
DA:26,0
DA:27,0
DA:28,0
DA:55,0
DA:58,0
DA:63,0
DA:68,0
LF:20
LH:0
BRDA:11,0,0,0
BRDA:11,0,1,0
BRDA:12,1,0,0
BRDA:14,2,0,0
BRDA:14,2,1,0
BRDA:25,3,0,0
BRDA:25,3,1,0
BRDA:25,4,0,0
BRDA:25,4,1,0
BRDA:25,5,0,0
BRDA:25,5,1,0
BRDA:26,6,0,0
BRDA:26,6,1,0
BRDA:26,6,2,0
BRDA:27,7,0,0
BRDA:27,7,1,0
BRDA:27,7,2,0
BRF:17
BRH:0
end_of_record
TN:
SF:features/coach/CoachRosterTable.tsx
FN:21,CoachRosterTable
FN:31,(anonymous_2)
FN:50,(anonymous_3)
FN:58,(anonymous_4)
FN:72,(anonymous_5)
FN:81,(anonymous_6)
FN:85,(anonymous_7)
FNF:7
FNH:0
FNDA:0,CoachRosterTable
FNDA:0,(anonymous_2)
FNDA:0,(anonymous_3)
FNDA:0,(anonymous_4)
FNDA:0,(anonymous_5)
FNDA:0,(anonymous_6)
FNDA:0,(anonymous_7)
DA:2,0
DA:3,0
DA:4,0
DA:5,0
DA:6,0
DA:7,0
DA:8,0
DA:9,0
DA:10,0
DA:11,0
DA:12,0
DA:13,0
DA:14,0
DA:15,0
DA:16,0
DA:17,0
DA:18,0
DA:19,0
DA:21,0
DA:22,0
DA:23,0
DA:24,0
DA:25,0
DA:27,0
DA:28,0
DA:29,0
DA:31,0
DA:32,0
DA:33,0
DA:34,0
DA:35,0
DA:36,0
DA:39,0
DA:51,0
DA:59,0
DA:60,0
DA:72,0
DA:81,0
DA:85,0
LF:39
LH:0
BRDA:27,0,0,0
BRDA:28,1,0,0
BRDA:29,2,0,0
BRDA:29,2,1,0
BRDA:32,3,0,0
BRDA:32,4,0,0
BRDA:32,4,1,0
BRF:7
BRH:0
end_of_record
TN:
SF:features/coach/service.ts
FN:4,getRoster
FN:15,addNote
FNF:2
FNH:0
FNDA:0,getRoster
FNDA:0,addNote
DA:1,0
DA:2,0
DA:4,0
DA:5,0
DA:8,0
DA:15,0
DA:16,0
DA:17,0
LF:8
LH:0
BRF:0
BRH:0
end_of_record
TN:
SF:features/commits/CommitsSection.tsx
FN:8,fetchCommits
FN:15,CommitsSection
FN:16,(anonymous_3)
FN:17,(anonymous_4)
FN:28,(anonymous_5)
FN:35,(anonymous_6)
FNF:6
FNH:0
FNDA:0,fetchCommits
FNDA:0,CommitsSection
FNDA:0,(anonymous_3)
FNDA:0,(anonymous_4)
FNDA:0,(anonymous_5)
FNDA:0,(anonymous_6)
DA:2,0
DA:3,0
DA:4,0
DA:5,0
DA:6,0
DA:9,0
DA:10,0
DA:11,0
DA:12,0
DA:15,0
DA:16,0
DA:17,0
DA:19,0
DA:26,0
DA:28,0
DA:33,0
DA:35,0
DA:41,0
LF:18
LH:0
BRDA:10,0,0,0
BRDA:12,1,0,0
BRDA:12,1,1,0
BRDA:46,2,0,0
BRDA:46,2,1,0
BRDA:52,3,0,0
BRDA:52,3,1,0
BRF:7
BRH:0
end_of_record
TN:
SF:features/commits/CommitsTable.tsx
FN:6,CommitsTable
FN:31,(anonymous_2)
FN:38,(anonymous_3)
FN:57,(anonymous_4)
FNF:4
FNH:0
FNDA:0,CommitsTable
FNDA:0,(anonymous_2)
FNDA:0,(anonymous_3)
FNDA:0,(anonymous_4)
DA:2,0
DA:3,0
DA:4,0
DA:6,0
DA:17,0
DA:18,0
DA:20,0
DA:22,0
DA:31,0
DA:38,0
DA:58,0
LF:11
LH:0
BRDA:47,0,0,0
BRDA:47,0,1,0
BRDA:52,1,0,0
BRDA:52,1,1,0
BRDA:59,2,0,0
BRDA:59,2,1,0
BRDA:59,3,0,0
BRDA:59,3,1,0
BRDA:61,4,0,0
BRDA:61,4,1,0
BRDA:62,5,0,0
BRDA:62,5,1,0
BRDA:64,6,0,0
BRDA:64,6,1,0
BRDA:65,7,0,0
BRDA:65,7,1,0
BRDA:70,8,0,0
BRDA:70,8,1,0
BRDA:70,9,0,0
BRDA:70,9,1,0
BRDA:71,10,0,0
BRDA:71,10,1,0
BRDA:74,11,0,0
BRDA:74,11,1,0
BRDA:76,12,0,0
BRDA:76,12,1,0
BRF:26
BRH:0
end_of_record
TN:
SF:features/marketing/Hero.tsx
FN:5,Hero
FN:7,(anonymous_1)
FN:12,(anonymous_2)
FNF:3
FNH:0
FNDA:0,Hero
FNDA:0,(anonymous_1)
FNDA:0,(anonymous_2)
DA:3,0
DA:5,0
DA:6,0
DA:7,0
DA:12,0
LF:5
LH:0
BRF:0
BRH:0
end_of_record
TN:
SF:features/marketing/MarketingHeader.tsx
FN:7,MarketingHeader
FNF:1
FNH:0
FNDA:0,MarketingHeader
DA:3,0
DA:4,0
DA:5,0
DA:7,0
DA:8,0
LF:5
LH:0
BRF:0
BRH:0
end_of_record
TN:
SF:features/notes/NotesPanel.tsx
FN:24,NotesPanel
FN:34,(anonymous_2)
FN:40,(anonymous_3)
FN:44,(anonymous_4)
FN:51,(anonymous_5)
FN:69,(anonymous_6)
FN:88,(anonymous_7)
FN:112,(anonymous_8)
FN:115,(anonymous_9)
FN:126,(anonymous_10)
FN:150,(anonymous_11)
FN:158,(anonymous_12)
FN:158,(anonymous_13)
FN:165,(anonymous_14)
FN:165,(anonymous_15)
FN:168,(anonymous_16)
FN:179,(anonymous_17)
FN:179,(anonymous_18)
FN:186,(anonymous_19)
FNF:19
FNH:0
FNDA:0,NotesPanel
FNDA:0,(anonymous_2)
FNDA:0,(anonymous_3)
FNDA:0,(anonymous_4)
FNDA:0,(anonymous_5)
FNDA:0,(anonymous_6)
FNDA:0,(anonymous_7)
FNDA:0,(anonymous_8)
FNDA:0,(anonymous_9)
FNDA:0,(anonymous_10)
FNDA:0,(anonymous_11)
FNDA:0,(anonymous_12)
FNDA:0,(anonymous_13)
FNDA:0,(anonymous_14)
FNDA:0,(anonymous_15)
FNDA:0,(anonymous_16)
FNDA:0,(anonymous_17)
FNDA:0,(anonymous_18)
FNDA:0,(anonymous_19)
DA:2,0
DA:3,0
DA:18,0
DA:19,0
DA:20,0
DA:24,0
DA:25,0
DA:26,0
DA:27,0
DA:29,0
DA:30,0
DA:31,0
DA:32,0
DA:34,0
DA:35,0
DA:36,0
DA:37,0
DA:40,0
DA:41,0
DA:42,0
DA:44,0
DA:45,0
DA:46,0
DA:47,0
DA:48,0
DA:51,0
DA:52,0
DA:53,0
DA:54,0
DA:56,0
DA:57,0
DA:58,0
DA:60,0
DA:62,0
DA:63,0
DA:65,0
DA:69,0
DA:70,0
DA:73,0
DA:89,0
DA:112,0
DA:115,0
DA:126,0
DA:150,0
DA:158,0
DA:165,0
DA:169,0
DA:179,0
DA:186,0
LF:49
LH:0
BRDA:26,0,0,0
BRDA:26,0,1,0
BRDA:46,1,0,0
BRDA:46,1,1,0
BRDA:46,2,0,0
BRDA:46,2,1,0
BRDA:46,3,0,0
BRDA:46,3,1,0
BRDA:52,4,0,0
BRDA:57,5,0,0
BRDA:57,5,1,0
BRDA:65,6,0,0
BRDA:65,6,1,0
BRDA:82,7,0,0
BRDA:82,7,1,0
BRDA:84,8,0,0
BRDA:84,8,1,0
BRDA:97,9,0,0
BRDA:97,9,1,0
BRDA:101,10,0,0
BRDA:101,10,1,0
BRDA:148,11,0,0
BRDA:148,11,1,0
BRDA:157,12,0,0
BRDA:157,12,1,0
BRDA:164,13,0,0
BRDA:164,13,1,0
BRDA:190,14,0,0
BRDA:190,14,1,0
BRDA:193,15,0,0
BRDA:193,15,1,0
BRF:31
BRH:0
end_of_record
TN:
SF:features/notes/useNotes.ts
FN:15,fetchNotes
FN:19,(anonymous_1)
FN:22,createNoteReq
FN:33,updateNoteReq
FN:44,deleteNoteReq
FN:54,useNotes
FN:59,(anonymous_6)
FN:64,(anonymous_7)
FN:66,(anonymous_8)
FN:70,(anonymous_9)
FN:72,(anonymous_10)
FN:76,(anonymous_11)
FN:77,(anonymous_12)
FNF:13
FNH:0
FNDA:0,fetchNotes
FNDA:0,(anonymous_1)
FNDA:0,createNoteReq
FNDA:0,updateNoteReq
FNDA:0,deleteNoteReq
FNDA:0,useNotes
FNDA:0,(anonymous_6)
FNDA:0,(anonymous_7)
FNDA:0,(anonymous_8)
FNDA:0,(anonymous_9)
FNDA:0,(anonymous_10)
FNDA:0,(anonymous_11)
FNDA:0,(anonymous_12)
DA:1,0
DA:16,0
DA:17,0
DA:18,0
DA:19,0
DA:23,0
DA:28,0
DA:29,0
DA:30,0
DA:34,0
DA:39,0
DA:40,0
DA:41,0
DA:45,0
DA:50,0
DA:51,0
DA:54,0
DA:55,0
DA:56,0
DA:57,0
DA:59,0
DA:63,0
DA:65,0
DA:66,0
DA:69,0
DA:71,0
DA:72,0
DA:75,0
DA:76,0
DA:77,0
DA:80,0
LF:31
LH:0
BRDA:17,0,0,0
BRDA:28,1,0,0
BRDA:39,2,0,0
BRDA:50,3,0,0
BRDA:60,4,0,0
BRDA:60,4,1,0
BRDA:82,5,0,0
BRDA:82,5,1,0
BRF:8
BRH:0
end_of_record
TN:
SF:features/paywall/EntitlementGuard.tsx
FN:14,EntitlementGuard
FN:17,(anonymous_2)
FNF:2
FNH:0
FNDA:0,EntitlementGuard
FNDA:0,(anonymous_2)
DA:3,0
DA:4,0
DA:5,0
DA:6,0
DA:14,0
DA:15,0
DA:17,0
DA:19,0
DA:20,0
DA:21,0
DA:22,0
LF:11
LH:0
BRDA:19,0,0,0
BRDA:20,1,0,0
BRDA:21,2,0,0
BRDA:22,3,0,0
BRDA:22,3,1,0
BRF:5
BRH:0
end_of_record
TN:
SF:features/paywall/service.ts
FN:8,getEntitlement
FNF:1
FNH:0
FNDA:0,getEntitlement
DA:1,0
DA:2,0
DA:4,0
DA:8,0
DA:9,0
DA:10,0
LF:6
LH:0
BRF:0
BRH:0
end_of_record
TN:
SF:features/radar/RadarFeedList.tsx
FN:12,RadarFeedList
FN:19,(anonymous_2)
FN:23,(anonymous_3)
FNF:3
FNH:0
FNDA:0,RadarFeedList
FNDA:0,(anonymous_2)
FNDA:0,(anonymous_3)
DA:3,0
DA:4,0
DA:5,0
DA:6,0
DA:8,0
DA:9,0
DA:10,0
DA:12,0
DA:13,0
DA:14,0
DA:15,0
DA:16,0
DA:17,0
DA:20,0
DA:23,0
LF:15
LH:0
BRDA:14,0,0,0
BRDA:15,1,0,0
BRDA:16,2,0,0
BRDA:16,2,1,0
BRF:4
BRH:0
end_of_record
TN:
SF:features/radar/feedService.ts
FN:4,getTrending
FN:15,toggleWatchlist
FNF:2
FNH:0
FNDA:0,getTrending
FNDA:0,toggleWatchlist
DA:1,0
DA:2,0
DA:4,0
DA:5,0
DA:8,0
DA:15,0
DA:16,0
DA:17,0
LF:8
LH:0
BRDA:4,0,0,0
BRF:1
BRH:0
end_of_record
TN:
SF:features/radar/useRadarFeed.ts
FN:4,useRadarFeed
FN:8,(anonymous_1)
FN:11,(anonymous_2)
FN:12,(anonymous_3)
FNF:4
FNH:0
FNDA:0,useRadarFeed
FNDA:0,(anonymous_1)
FNDA:0,(anonymous_2)
FNDA:0,(anonymous_3)
DA:1,0
DA:2,0
DA:4,0
DA:5,0
DA:6,0
DA:8,0
DA:10,0
DA:11,0
DA:13,0
DA:16,0
LF:10
LH:0
BRDA:4,0,0,0
BRF:1
BRH:0
end_of_record
TN:
SF:features/recruiter/DivisionFinder.tsx
FN:6,DivisionFinder
FN:13,(anonymous_2)
FN:14,(anonymous_3)
FN:15,(anonymous_4)
FN:23,(anonymous_5)
FN:26,(anonymous_6)
FN:33,(anonymous_7)
FN:36,(anonymous_8)
FN:39,(anonymous_9)
FNF:9
FNH:0
FNDA:0,DivisionFinder
FNDA:0,(anonymous_2)
FNDA:0,(anonymous_3)
FNDA:0,(anonymous_4)
FNDA:0,(anonymous_5)
FNDA:0,(anonymous_6)
FNDA:0,(anonymous_7)
FNDA:0,(anonymous_8)
FNDA:0,(anonymous_9)
DA:2,0
DA:3,0
DA:4,0
DA:6,0
DA:7,0
DA:8,0
DA:9,0
DA:10,0
DA:11,0
DA:13,0
DA:14,0
DA:15,0
DA:17,0
DA:23,0
DA:26,0
DA:33,0
DA:36,0
DA:40,0
LF:18
LH:0
BRDA:14,0,0,0
BRDA:15,1,0,0
BRDA:15,2,0,0
BRDA:15,2,1,0
BRDA:28,3,0,0
BRDA:28,3,1,0
BRDA:39,4,0,0
BRDA:39,4,1,0
BRDA:39,4,2,0
BRF:9
BRH:0
end_of_record
TN:
SF:features/recruiter/RecruiterSearchList.tsx
FN:17,RecruiterSearchList
FN:33,(anonymous_2)
FN:39,(anonymous_3)
FNF:3
FNH:0
FNDA:0,RecruiterSearchList
FNDA:0,(anonymous_2)
FNDA:0,(anonymous_3)
DA:3,0
DA:4,0
DA:5,0
DA:6,0
DA:7,0
DA:8,0
DA:9,0
DA:10,0
DA:11,0
DA:12,0
DA:17,0
DA:18,0
DA:20,0
DA:21,0
DA:22,0
DA:24,0
DA:34,0
DA:39,0
LF:18
LH:0
BRDA:20,0,0,0
BRDA:21,1,0,0
BRDA:22,2,0,0
BRDA:22,2,1,0
BRDA:38,3,0,0
BRDA:38,3,1,0
BRF:6
BRH:0
end_of_record
TN:
SF:features/recruiter/RecruiterWizard.tsx
FN:16,RecruiterWizard
FN:66,(anonymous_2)
FN:66,(anonymous_3)
FN:67,(anonymous_4)
FN:103,(anonymous_5)
FN:108,(anonymous_6)
FN:115,(anonymous_7)
FN:118,(anonymous_8)
FN:122,(anonymous_9)
FN:122,(anonymous_10)
FN:133,personalizedHtmlForCoach
FN:142,toggleSection
FN:143,(anonymous_13)
FN:145,setField
FN:146,(anonymous_15)
FN:148,buildEmailPreview
FN:150,(anonymous_17)
FN:155,(anonymous_18)
FN:157,(anonymous_19)
FN:179,(anonymous_20)
FN:181,(anonymous_21)
FN:194,(anonymous_22)
FN:197,(anonymous_23)
FN:234,(anonymous_24)
FN:235,onMessage
FN:246,(anonymous_26)
FN:272,(anonymous_27)
FN:275,(anonymous_28)
FN:279,(anonymous_29)
FN:280,(anonymous_30)
FN:281,(anonymous_31)
FN:284,handleConnectGmail
FN:309,handleCreateGmailDraft
FN:353,(anonymous_34)
FN:388,(anonymous_35)
FN:390,(anonymous_36)
FN:393,(anonymous_37)
FN:397,(anonymous_38)
FN:409,handleImproveWithAI
FN:452,generateFullEmailHtml
FN:486,(anonymous_41)
FN:495,(anonymous_42)
FN:507,(anonymous_43)
FN:509,(anonymous_44)
FN:515,(anonymous_45)
FN:521,(anonymous_46)
FN:527,(anonymous_47)
FN:532,(anonymous_48)
FN:533,(anonymous_49)
FN:535,(anonymous_50)
FN:536,(anonymous_51)
FN:548,(anonymous_52)
FN:563,(anonymous_53)
FN:565,(anonymous_54)
FN:565,(anonymous_55)
FN:567,(anonymous_56)
FN:568,(anonymous_57)
FN:571,currentEmailContext
FN:578,(anonymous_59)
FN:584,handleSaveTemplate
FN:600,handleApplyTemplate
FN:601,(anonymous_62)
FN:613,(anonymous_63)
FN:631,(anonymous_64)
FN:635,(anonymous_65)
FN:652,(anonymous_66)
FN:657,(anonymous_67)
FN:667,(anonymous_68)
FN:672,(anonymous_69)
FN:683,(anonymous_70)
FN:686,(anonymous_71)
FN:694,(anonymous_72)
FN:712,(anonymous_73)
FN:724,(anonymous_74)
FN:727,(anonymous_75)
FN:750,(anonymous_76)
FN:752,(anonymous_77)
FN:760,(anonymous_78)
FN:768,(anonymous_79)
FN:777,(anonymous_80)
FN:777,(anonymous_81)
FN:848,(anonymous_82)
FN:853,(anonymous_83)
FN:858,(anonymous_84)
FN:863,(anonymous_85)
FN:868,(anonymous_86)
FN:882,(anonymous_87)
FN:891,(anonymous_88)
FN:891,(anonymous_89)
FN:911,(anonymous_90)
FN:913,(anonymous_91)
FN:915,(anonymous_92)
FN:936,(anonymous_93)
FN:959,(anonymous_94)
FN:1015,(anonymous_95)
FN:1044,(anonymous_96)
FN:1048,(anonymous_97)
FN:1053,(anonymous_98)
FN:1062,(anonymous_99)
FN:1065,(anonymous_100)
FN:1075,(anonymous_101)
FN:1076,(anonymous_102)
FN:1079,(anonymous_103)
FNF:103
FNH:0
FNDA:0,RecruiterWizard
FNDA:0,(anonymous_2)
FNDA:0,(anonymous_3)
FNDA:0,(anonymous_4)
FNDA:0,(anonymous_5)
FNDA:0,(anonymous_6)
FNDA:0,(anonymous_7)
FNDA:0,(anonymous_8)
FNDA:0,(anonymous_9)
FNDA:0,(anonymous_10)
FNDA:0,personalizedHtmlForCoach
FNDA:0,toggleSection
FNDA:0,(anonymous_13)
FNDA:0,setField
FNDA:0,(anonymous_15)
FNDA:0,buildEmailPreview
FNDA:0,(anonymous_17)
FNDA:0,(anonymous_18)
FNDA:0,(anonymous_19)
FNDA:0,(anonymous_20)
FNDA:0,(anonymous_21)
FNDA:0,(anonymous_22)
FNDA:0,(anonymous_23)
FNDA:0,(anonymous_24)
FNDA:0,onMessage
FNDA:0,(anonymous_26)
FNDA:0,(anonymous_27)
FNDA:0,(anonymous_28)
FNDA:0,(anonymous_29)
FNDA:0,(anonymous_30)
FNDA:0,(anonymous_31)
FNDA:0,handleConnectGmail
FNDA:0,handleCreateGmailDraft
FNDA:0,(anonymous_34)
FNDA:0,(anonymous_35)
FNDA:0,(anonymous_36)
FNDA:0,(anonymous_37)
FNDA:0,(anonymous_38)
FNDA:0,handleImproveWithAI
FNDA:0,generateFullEmailHtml
FNDA:0,(anonymous_41)
FNDA:0,(anonymous_42)
FNDA:0,(anonymous_43)
FNDA:0,(anonymous_44)
FNDA:0,(anonymous_45)
FNDA:0,(anonymous_46)
FNDA:0,(anonymous_47)
FNDA:0,(anonymous_48)
FNDA:0,(anonymous_49)
FNDA:0,(anonymous_50)
FNDA:0,(anonymous_51)
FNDA:0,(anonymous_52)
FNDA:0,(anonymous_53)
FNDA:0,(anonymous_54)
FNDA:0,(anonymous_55)
FNDA:0,(anonymous_56)
FNDA:0,(anonymous_57)
FNDA:0,currentEmailContext
FNDA:0,(anonymous_59)
FNDA:0,handleSaveTemplate
FNDA:0,handleApplyTemplate
FNDA:0,(anonymous_62)
FNDA:0,(anonymous_63)
FNDA:0,(anonymous_64)
FNDA:0,(anonymous_65)
FNDA:0,(anonymous_66)
FNDA:0,(anonymous_67)
FNDA:0,(anonymous_68)
FNDA:0,(anonymous_69)
FNDA:0,(anonymous_70)
FNDA:0,(anonymous_71)
FNDA:0,(anonymous_72)
FNDA:0,(anonymous_73)
FNDA:0,(anonymous_74)
FNDA:0,(anonymous_75)
FNDA:0,(anonymous_76)
FNDA:0,(anonymous_77)
FNDA:0,(anonymous_78)
FNDA:0,(anonymous_79)
FNDA:0,(anonymous_80)
FNDA:0,(anonymous_81)
FNDA:0,(anonymous_82)
FNDA:0,(anonymous_83)
FNDA:0,(anonymous_84)
FNDA:0,(anonymous_85)
FNDA:0,(anonymous_86)
FNDA:0,(anonymous_87)
FNDA:0,(anonymous_88)
FNDA:0,(anonymous_89)
FNDA:0,(anonymous_90)
FNDA:0,(anonymous_91)
FNDA:0,(anonymous_92)
FNDA:0,(anonymous_93)
FNDA:0,(anonymous_94)
FNDA:0,(anonymous_95)
FNDA:0,(anonymous_96)
FNDA:0,(anonymous_97)
FNDA:0,(anonymous_98)
FNDA:0,(anonymous_99)
FNDA:0,(anonymous_100)
FNDA:0,(anonymous_101)
FNDA:0,(anonymous_102)
FNDA:0,(anonymous_103)
DA:2,0
DA:3,0
DA:4,0
DA:5,0
DA:6,0
DA:7,0
DA:8,0
DA:9,0
DA:10,0
DA:11,0
DA:12,0
DA:16,0
DA:17,0
DA:18,0
DA:21,0
DA:22,0
DA:25,0
DA:26,0
DA:27,0
DA:28,0
DA:29,0
DA:30,0
DA:31,0
DA:32,0
DA:33,0
DA:36,0
DA:37,0
DA:38,0
DA:41,0
DA:42,0
DA:45,0
DA:57,0
DA:58,0
DA:59,0
DA:60,0
DA:61,0
DA:62,0
DA:63,0
DA:64,0
DA:66,0
DA:67,0
DA:68,0
DA:69,0
DA:103,0
DA:104,0
DA:105,0
DA:106,0
DA:107,0
DA:109,0
DA:113,0
DA:115,0
DA:117,0
DA:118,0
DA:120,0
DA:121,0
DA:122,0
DA:126,0
DA:134,0
DA:135,0
DA:136,0
DA:137,0
DA:139,0
DA:143,0
DA:146,0
DA:149,0
DA:150,0
DA:151,0
DA:152,0
DA:153,0
DA:154,0
DA:155,0
DA:156,0
DA:157,0
DA:158,0
DA:159,0
DA:163,0
DA:164,0
DA:165,0
DA:167,0
DA:168,0
DA:173,0
DA:174,0
DA:179,0
DA:180,0
DA:181,0
DA:182,0
DA:183,0
DA:186,0
DA:189,0
DA:190,0
DA:194,0
DA:196,0
DA:197,0
DA:198,0
DA:199,0
DA:202,0
DA:205,0
DA:206,0
DA:211,0
DA:212,0
DA:218,0
DA:219,0
DA:224,0
DA:225,0
DA:227,0
DA:228,0
DA:229,0
DA:231,0
DA:234,0
DA:236,0
DA:237,0
DA:238,0
DA:239,0
DA:240,0
DA:241,0
DA:242,0
DA:243,0
DA:244,0
DA:246,0
DA:247,0
DA:248,0
DA:249,0
DA:250,0
DA:251,0
DA:258,0
DA:259,0
DA:260,0
DA:265,0
DA:266,0
DA:267,0
DA:268,0
DA:271,0
DA:272,0
DA:275,0
DA:276,0
DA:277,0
DA:278,0
DA:279,0
DA:280,0
DA:281,0
DA:285,0
DA:286,0
DA:287,0
DA:288,0
DA:290,0
DA:291,0
DA:292,0
DA:293,0
DA:294,0
DA:295,0
DA:296,0
DA:297,0
DA:302,0
DA:304,0
DA:305,0
DA:310,0
DA:311,0
DA:312,0
DA:313,0
DA:314,0
DA:315,0
DA:317,0
DA:319,0
DA:320,0
DA:321,0
DA:322,0
DA:323,0
DA:324,0
DA:325,0
DA:331,0
DA:332,0
DA:337,0
DA:338,0
DA:342,0
DA:343,0
DA:344,0
DA:345,0
DA:347,0
DA:348,0
DA:349,0
DA:352,0
DA:353,0
DA:354,0
DA:355,0
DA:360,0
DA:361,0
DA:362,0
DA:364,0
DA:365,0
DA:367,0
DA:368,0
DA:369,0
DA:374,0
DA:375,0
DA:377,0
DA:382,0
DA:383,0
DA:384,0
DA:385,0
DA:388,0
DA:389,0
DA:390,0
DA:392,0
DA:393,0
DA:395,0
DA:397,0
DA:398,0
DA:401,0
DA:404,0
DA:405,0
DA:406,0
DA:407,0
DA:410,0
DA:411,0
DA:412,0
DA:413,0
DA:414,0
DA:415,0
DA:416,0
DA:417,0
DA:418,0
DA:420,0
DA:421,0
DA:422,0
DA:423,0
DA:424,0
DA:425,0
DA:426,0
DA:427,0
DA:429,0
DA:438,0
DA:440,0
DA:441,0
DA:442,0
DA:443,0
DA:444,0
DA:446,0
DA:448,0
DA:453,0
DA:454,0
DA:455,0
DA:456,0
DA:457,0
DA:458,0
DA:461,0
DA:462,0
DA:463,0
DA:464,0
DA:465,0
DA:468,0
DA:470,0
DA:478,0
DA:480,0
DA:481,0
DA:482,0
DA:483,0
DA:486,0
DA:487,0
DA:488,0
DA:489,0
DA:490,0
DA:492,0
DA:495,0
DA:496,0
DA:497,0
DA:498,0
DA:499,0
DA:500,0
DA:502,0
DA:503,0
DA:504,0
DA:507,0
DA:508,0
DA:509,0
DA:510,0
DA:511,0
DA:512,0
DA:513,0
DA:515,0
DA:517,0
DA:521,0
DA:522,0
DA:523,0
DA:524,0
DA:525,0
DA:527,0
DA:528,0
DA:529,0
DA:530,0
DA:531,0
DA:532,0
DA:533,0
DA:535,0
DA:536,0
DA:537,0
DA:538,0
DA:541,0
DA:543,0
DA:548,0
DA:549,0
DA:550,0
DA:551,0
DA:552,0
DA:553,0
DA:554,0
DA:555,0
DA:557,0
DA:559,0
DA:561,0
DA:563,0
DA:565,0
DA:567,0
DA:568,0
DA:572,0
DA:573,0
DA:574,0
DA:575,0
DA:576,0
DA:577,0
DA:578,0
DA:581,0
DA:585,0
DA:586,0
DA:587,0
DA:588,0
DA:589,0
DA:596,0
DA:597,0
DA:601,0
DA:602,0
DA:603,0
DA:604,0
DA:605,0
DA:606,0
DA:607,0
DA:610,0
DA:614,0
DA:631,0
DA:636,0
DA:652,0
DA:658,0
DA:667,0
DA:673,0
DA:684,0
DA:685,0
DA:686,0
DA:687,0
DA:688,0
DA:689,0
DA:690,0
DA:691,0
DA:692,0
DA:693,0
DA:694,0
DA:695,0
DA:698,0
DA:700,0
DA:701,0
DA:702,0
DA:703,0
DA:705,0
DA:706,0
DA:713,0
DA:725,0
DA:727,0
DA:751,0
DA:752,0
DA:753,0
DA:756,0
DA:758,0
DA:760,0
DA:769,0
DA:772,0
DA:773,0
DA:774,0
DA:777,0
DA:848,0
DA:853,0
DA:858,0
DA:863,0
DA:868,0
DA:883,0
DA:884,0
DA:885,0
DA:886,0
DA:887,0
DA:888,0
DA:891,0
DA:912,0
DA:913,0
DA:914,0
DA:915,0
DA:917,0
DA:921,0
DA:923,0
DA:937,0
DA:959,0
DA:1015,0
DA:1045,0
DA:1048,0
DA:1053,0
DA:1063,0
DA:1065,0
DA:1075,0
DA:1077,0
DA:1079,0
LF:406
LH:0
BRDA:66,0,0,0
BRDA:66,0,1,0
BRDA:68,1,0,0
BRDA:68,1,1,0
BRDA:70,2,0,0
BRDA:70,2,1,0
BRDA:71,3,0,0
BRDA:71,3,1,0
BRDA:72,4,0,0
BRDA:72,4,1,0
BRDA:73,5,0,0
BRDA:73,5,1,0
BRDA:74,6,0,0
BRDA:74,6,1,0
BRDA:75,7,0,0
BRDA:75,7,1,0
BRDA:76,8,0,0
BRDA:76,8,1,0
BRDA:76,9,0,0
BRDA:76,9,1,0
BRDA:77,10,0,0
BRDA:77,10,1,0
BRDA:78,11,0,0
BRDA:78,11,1,0
BRDA:79,12,0,0
BRDA:79,12,1,0
BRDA:80,13,0,0
BRDA:80,13,1,0
BRDA:81,14,0,0
BRDA:81,14,1,0
BRDA:82,15,0,0
BRDA:82,15,1,0
BRDA:83,16,0,0
BRDA:83,16,1,0
BRDA:84,17,0,0
BRDA:84,17,1,0
BRDA:85,18,0,0
BRDA:85,18,1,0
BRDA:86,19,0,0
BRDA:86,19,1,0
BRDA:87,20,0,0
BRDA:87,20,1,0
BRDA:88,21,0,0
BRDA:88,21,1,0
BRDA:89,22,0,0
BRDA:89,22,1,0
BRDA:90,23,0,0
BRDA:90,23,1,0
BRDA:91,24,0,0
BRDA:91,24,1,0
BRDA:92,25,0,0
BRDA:92,25,1,0
BRDA:93,26,0,0
BRDA:93,26,1,0
BRDA:94,27,0,0
BRDA:94,27,1,0
BRDA:95,28,0,0
BRDA:95,28,1,0
BRDA:96,29,0,0
BRDA:96,29,1,0
BRDA:97,30,0,0
BRDA:97,30,1,0
BRDA:98,31,0,0
BRDA:98,31,1,0
BRDA:99,32,0,0
BRDA:99,32,1,0
BRDA:100,33,0,0
BRDA:100,33,1,0
BRDA:104,34,0,0
BRDA:104,34,1,0
BRDA:105,35,0,0
BRDA:105,36,0,0
BRDA:105,36,1,0
BRDA:106,37,0,0
BRDA:106,37,1,0
BRDA:110,38,0,0
BRDA:110,38,1,0
BRDA:110,39,0,0
BRDA:110,39,1,0
BRDA:110,40,0,0
BRDA:110,40,1,0
BRDA:110,41,0,0
BRDA:110,41,1,0
BRDA:110,42,0,0
BRDA:110,42,1,0
BRDA:110,43,0,0
BRDA:110,43,1,0
BRDA:113,44,0,0
BRDA:113,44,1,0
BRDA:113,45,0,0
BRDA:113,45,1,0
BRDA:113,46,0,0
BRDA:113,46,1,0
BRDA:113,47,0,0
BRDA:113,47,1,0
BRDA:117,48,0,0
BRDA:117,48,1,0
BRDA:120,49,0,0
BRDA:120,49,1,0
BRDA:120,49,2,0
BRDA:122,50,0,0
BRDA:122,50,1,0
BRDA:122,51,0,0
BRDA:122,51,1,0
BRDA:122,51,2,0
BRDA:126,52,0,0
BRDA:126,52,1,0
BRDA:126,52,2,0
BRDA:126,52,3,0
BRDA:126,52,4,0
BRDA:126,52,5,0
BRDA:134,53,0,0
BRDA:134,53,1,0
BRDA:134,53,2,0
BRDA:136,54,0,0
BRDA:146,55,0,0
BRDA:146,55,1,0
BRDA:149,56,0,0
BRDA:149,56,1,0
BRDA:149,56,2,0
BRDA:152,57,0,0
BRDA:152,57,1,0
BRDA:152,58,0,0
BRDA:152,58,1,0
BRDA:152,59,0,0
BRDA:152,59,1,0
BRDA:153,60,0,0
BRDA:153,60,1,0
BRDA:154,61,0,0
BRDA:155,62,0,0
BRDA:155,62,1,0
BRDA:155,63,0,0
BRDA:155,63,1,0
BRDA:155,63,2,0
BRDA:155,63,3,0
BRDA:156,64,0,0
BRDA:158,65,0,0
BRDA:158,65,1,0
BRDA:163,66,0,0
BRDA:163,67,0,0
BRDA:163,67,1,0
BRDA:167,68,0,0
BRDA:167,69,0,0
BRDA:167,69,1,0
BRDA:167,69,2,0
BRDA:169,70,0,0
BRDA:169,70,1,0
BRDA:170,71,0,0
BRDA:170,71,1,0
BRDA:173,72,0,0
BRDA:179,73,0,0
BRDA:179,73,1,0
BRDA:180,74,0,0
BRDA:180,74,1,0
BRDA:182,75,0,0
BRDA:182,75,1,0
BRDA:189,76,0,0
BRDA:191,77,0,0
BRDA:191,77,1,0
BRDA:192,78,0,0
BRDA:192,78,1,0
BRDA:193,79,0,0
BRDA:193,79,1,0
BRDA:194,80,0,0
BRDA:194,80,1,0
BRDA:194,81,0,0
BRDA:194,81,1,0
BRDA:196,82,0,0
BRDA:196,82,1,0
BRDA:198,83,0,0
BRDA:198,83,1,0
BRDA:205,84,0,0
BRDA:205,85,0,0
BRDA:205,85,1,0
BRDA:205,85,2,0
BRDA:207,86,0,0
BRDA:207,86,1,0
BRDA:208,87,0,0
BRDA:208,87,1,0
BRDA:211,88,0,0
BRDA:211,89,0,0
BRDA:211,89,1,0
BRDA:211,89,2,0
BRDA:211,89,3,0
BRDA:213,90,0,0
BRDA:213,90,1,0
BRDA:214,91,0,0
BRDA:214,91,1,0
BRDA:215,92,0,0
BRDA:215,92,1,0
BRDA:218,93,0,0
BRDA:218,94,0,0
BRDA:218,94,1,0
BRDA:218,94,2,0
BRDA:220,95,0,0
BRDA:220,95,1,0
BRDA:220,96,0,0
BRDA:220,96,1,0
BRDA:220,97,0,0
BRDA:220,97,1,0
BRDA:221,98,0,0
BRDA:221,98,1,0
BRDA:221,99,0,0
BRDA:221,99,1,0
BRDA:221,100,0,0
BRDA:221,100,1,0
BRDA:224,101,0,0
BRDA:224,102,0,0
BRDA:224,102,1,0
BRDA:227,103,0,0
BRDA:227,103,1,0
BRDA:227,104,0,0
BRDA:227,104,1,0
BRDA:227,105,0,0
BRDA:227,105,1,0
BRDA:228,106,0,0
BRDA:228,107,0,0
BRDA:228,107,1,0
BRDA:236,108,0,0
BRDA:237,109,0,0
BRDA:238,110,0,0
BRDA:239,111,0,0
BRDA:239,111,1,0
BRDA:239,111,2,0
BRDA:239,111,3,0
BRDA:244,112,0,0
BRDA:248,113,0,0
BRDA:258,114,0,0
BRDA:258,115,0,0
BRDA:258,115,1,0
BRDA:265,116,0,0
BRDA:276,117,0,0
BRDA:277,118,0,0
BRDA:277,119,0,0
BRDA:277,119,1,0
BRDA:286,120,0,0
BRDA:293,121,0,0
BRDA:295,122,0,0
BRDA:295,122,1,0
BRDA:296,123,0,0
BRDA:296,123,1,0
BRDA:302,124,0,0
BRDA:305,125,0,0
BRDA:305,125,1,0
BRDA:312,126,0,0
BRDA:312,126,1,0
BRDA:312,126,2,0
BRDA:312,126,3,0
BRDA:313,127,0,0
BRDA:323,128,0,0
BRDA:331,129,0,0
BRDA:343,130,0,0
BRDA:347,131,0,0
BRDA:347,131,1,0
BRDA:347,132,0,0
BRDA:347,132,1,0
BRDA:347,133,0,0
BRDA:347,133,1,0
BRDA:348,134,0,0
BRDA:348,134,1,0
BRDA:353,135,0,0
BRDA:353,135,1,0
BRDA:353,136,0,0
BRDA:353,136,1,0
BRDA:358,137,0,0
BRDA:358,137,1,0
BRDA:358,138,0,0
BRDA:358,138,1,0
BRDA:361,139,0,0
BRDA:361,140,0,0
BRDA:361,140,1,0
BRDA:362,141,0,0
BRDA:362,141,1,0
BRDA:364,142,0,0
BRDA:368,143,0,0
BRDA:368,144,0,0
BRDA:368,144,1,0
BRDA:375,145,0,0
BRDA:375,145,1,0
BRDA:388,146,0,0
BRDA:392,147,0,0
BRDA:392,147,1,0
BRDA:398,148,0,0
BRDA:413,149,0,0
BRDA:413,149,1,0
BRDA:415,150,0,0
BRDA:420,151,0,0
BRDA:420,151,1,0
BRDA:420,151,2,0
BRDA:421,152,0,0
BRDA:421,152,1,0
BRDA:421,153,0,0
BRDA:421,153,1,0
BRDA:423,154,0,0
BRDA:423,155,0,0
BRDA:423,155,1,0
BRDA:424,156,0,0
BRDA:424,157,0,0
BRDA:424,157,1,0
BRDA:424,157,2,0
BRDA:425,158,0,0
BRDA:426,159,0,0
BRDA:427,160,0,0
BRDA:427,160,1,0
BRDA:442,161,0,0
BRDA:442,161,1,0
BRDA:446,162,0,0
BRDA:446,162,1,0
BRDA:453,163,0,0
BRDA:453,163,1,0
BRDA:453,163,2,0
BRDA:454,164,0,0
BRDA:454,164,1,0
BRDA:454,165,0,0
BRDA:454,165,1,0
BRDA:455,166,0,0
BRDA:455,166,1,0
BRDA:457,167,0,0
BRDA:462,168,0,0
BRDA:462,169,0,0
BRDA:462,169,1,0
BRDA:463,170,0,0
BRDA:463,171,0,0
BRDA:463,171,1,0
BRDA:463,171,2,0
BRDA:464,172,0,0
BRDA:465,173,0,0
BRDA:468,174,0,0
BRDA:468,174,1,0
BRDA:482,175,0,0
BRDA:482,175,1,0
BRDA:487,176,0,0
BRDA:488,177,0,0
BRDA:496,178,0,0
BRDA:508,179,0,0
BRDA:508,179,1,0
BRDA:508,180,0,0
BRDA:508,180,1,0
BRDA:508,180,2,0
BRDA:509,181,0,0
BRDA:509,181,1,0
BRDA:510,182,0,0
BRDA:510,182,1,0
BRDA:511,183,0,0
BRDA:512,184,0,0
BRDA:512,184,1,0
BRDA:515,185,0,0
BRDA:515,185,1,0
BRDA:522,186,0,0
BRDA:527,187,0,0
BRDA:527,187,1,0
BRDA:528,188,0,0
BRDA:528,188,1,0
BRDA:529,189,0,0
BRDA:529,190,0,0
BRDA:529,190,1,0
BRDA:529,190,2,0
BRDA:530,191,0,0
BRDA:530,191,1,0
BRDA:533,192,0,0
BRDA:533,192,1,0
BRDA:537,193,0,0
BRDA:543,194,0,0
BRDA:543,194,1,0
BRDA:543,194,2,0
BRDA:543,194,3,0
BRDA:543,194,4,0
BRDA:543,194,5,0
BRDA:543,194,6,0
BRDA:543,194,7,0
BRDA:543,194,8,0
BRDA:543,194,9,0
BRDA:545,195,0,0
BRDA:545,195,1,0
BRDA:549,196,0,0
BRDA:557,197,0,0
BRDA:557,197,1,0
BRDA:572,198,0,0
BRDA:572,198,1,0
BRDA:573,199,0,0
BRDA:573,199,1,0
BRDA:575,200,0,0
BRDA:575,200,1,0
BRDA:575,200,2,0
BRDA:575,200,3,0
BRDA:576,201,0,0
BRDA:576,201,1,0
BRDA:576,201,2,0
BRDA:577,202,0,0
BRDA:577,202,1,0
BRDA:578,203,0,0
BRDA:578,203,1,0
BRDA:578,203,2,0
BRDA:578,204,0,0
BRDA:578,204,1,0
BRDA:578,204,2,0
BRDA:585,205,0,0
BRDA:586,206,0,0
BRDA:586,206,1,0
BRDA:592,207,0,0
BRDA:592,207,1,0
BRDA:602,208,0,0
BRDA:606,209,0,0
BRDA:620,210,0,0
BRDA:620,210,1,0
BRDA:625,211,0,0
BRDA:625,211,1,0
BRDA:637,212,0,0
BRDA:637,212,1,0
BRDA:643,213,0,0
BRDA:643,213,1,0
BRDA:668,214,0,0
BRDA:668,214,1,0
BRDA:686,215,0,0
BRDA:686,215,1,0
BRDA:688,216,0,0
BRDA:688,216,1,0
BRDA:694,217,0,0
BRDA:694,217,1,0
BRDA:696,218,0,0
BRDA:696,218,1,0
BRDA:696,219,0,0
BRDA:696,219,1,0
BRDA:696,220,0,0
BRDA:696,220,1,0
BRDA:696,221,0,0
BRDA:696,221,1,0
BRDA:696,222,0,0
BRDA:696,222,1,0
BRDA:696,223,0,0
BRDA:696,223,1,0
BRDA:718,224,0,0
BRDA:718,224,1,0
BRDA:731,225,0,0
BRDA:731,225,1,0
BRDA:744,226,0,0
BRDA:744,226,1,0
BRDA:744,226,2,0
BRDA:744,226,3,0
BRDA:752,227,0,0
BRDA:752,227,1,0
BRDA:754,228,0,0
BRDA:754,228,1,0
BRDA:754,229,0,0
BRDA:754,229,1,0
BRDA:754,230,0,0
BRDA:754,230,1,0
BRDA:754,231,0,0
BRDA:754,231,1,0
BRDA:754,232,0,0
BRDA:754,232,1,0
BRDA:754,233,0,0
BRDA:754,233,1,0
BRDA:768,234,0,0
BRDA:768,234,1,0
BRDA:770,235,0,0
BRDA:770,235,1,0
BRDA:770,236,0,0
BRDA:770,236,1,0
BRDA:770,237,0,0
BRDA:770,237,1,0
BRDA:770,238,0,0
BRDA:770,238,1,0
BRDA:770,239,0,0
BRDA:770,239,1,0
BRDA:770,240,0,0
BRDA:770,240,1,0
BRDA:772,241,0,0
BRDA:772,241,1,0
BRDA:772,242,0,0
BRDA:772,242,1,0
BRDA:773,243,0,0
BRDA:773,243,1,0
BRDA:773,243,2,0
BRDA:773,244,0,0
BRDA:773,244,1,0
BRDA:773,245,0,0
BRDA:773,245,1,0
BRDA:778,246,0,0
BRDA:778,246,1,0
BRDA:778,247,0,0
BRDA:778,247,1,0
BRDA:778,248,0,0
BRDA:778,248,1,0
BRDA:787,249,0,0
BRDA:787,249,1,0
BRDA:787,249,2,0
BRDA:787,249,3,0
BRDA:790,250,0,0
BRDA:790,250,1,0
BRDA:790,250,2,0
BRDA:799,251,0,0
BRDA:799,251,1,0
BRDA:799,252,0,0
BRDA:799,252,1,0
BRDA:802,253,0,0
BRDA:802,253,1,0
BRDA:805,254,0,0
BRDA:805,254,1,0
BRDA:805,254,2,0
BRDA:808,255,0,0
BRDA:808,255,1,0
BRDA:808,255,2,0
BRDA:815,256,0,0
BRDA:815,256,1,0
BRDA:819,257,0,0
BRDA:819,257,1,0
BRDA:823,258,0,0
BRDA:823,258,1,0
BRDA:827,259,0,0
BRDA:827,259,1,0
BRDA:834,260,0,0
BRDA:834,260,1,0
BRDA:838,261,0,0
BRDA:838,261,1,0
BRDA:842,262,0,0
BRDA:842,262,1,0
BRDA:847,263,0,0
BRDA:847,263,1,0
BRDA:852,264,0,0
BRDA:852,264,1,0
BRDA:857,265,0,0
BRDA:857,265,1,0
BRDA:862,266,0,0
BRDA:862,266,1,0
BRDA:862,266,2,0
BRDA:867,267,0,0
BRDA:867,267,1,0
BRDA:867,267,2,0
BRDA:882,268,0,0
BRDA:882,268,1,0
BRDA:884,269,0,0
BRDA:884,269,1,0
BRDA:884,269,2,0
BRDA:885,270,0,0
BRDA:885,270,1,0
BRDA:885,270,2,0
BRDA:886,271,0,0
BRDA:886,271,1,0
BRDA:886,271,2,0
BRDA:887,272,0,0
BRDA:887,272,1,0
BRDA:892,273,0,0
BRDA:892,273,1,0
BRDA:901,274,0,0
BRDA:901,274,1,0
BRDA:904,275,0,0
BRDA:904,275,1,0
BRDA:917,276,0,0
BRDA:917,276,1,0
BRDA:917,276,2,0
BRDA:917,276,3,0
BRDA:917,277,0,0
BRDA:917,277,1,0
BRDA:918,278,0,0
BRDA:918,278,1,0
BRDA:919,279,0,0
BRDA:919,279,1,0
BRDA:920,280,0,0
BRDA:920,280,1,0
BRDA:921,281,0,0
BRDA:921,281,1,0
BRDA:940,282,0,0
BRDA:940,282,1,0
BRDA:940,282,2,0
BRDA:940,283,0,0
BRDA:940,283,1,0
BRDA:940,283,2,0
BRDA:940,284,0,0
BRDA:940,284,1,0
BRDA:940,284,2,0
BRDA:943,285,0,0
BRDA:943,285,1,0
BRDA:946,286,0,0
BRDA:946,286,1,0
BRDA:937,287,0,0
BRDA:937,287,1,0
BRDA:959,288,0,0
BRDA:959,288,1,0
BRDA:965,289,0,0
BRDA:965,289,1,0
BRDA:975,290,0,0
BRDA:975,290,1,0
BRDA:975,290,2,0
BRDA:975,290,3,0
BRDA:976,291,0,0
BRDA:976,291,1,0
BRDA:978,292,0,0
BRDA:978,292,1,0
BRDA:984,293,0,0
BRDA:984,293,1,0
BRDA:990,294,0,0
BRDA:990,294,1,0
BRDA:992,295,0,0
BRDA:992,295,1,0
BRDA:995,296,0,0
BRDA:995,296,1,0
BRDA:997,297,0,0
BRDA:997,297,1,0
BRDA:1001,298,0,0
BRDA:1001,298,1,0
BRDA:1005,299,0,0
BRDA:1005,299,1,0
BRDA:1006,300,0,0
BRDA:1006,300,1,0
BRDA:1009,301,0,0
BRDA:1009,301,1,0
BRDA:1014,302,0,0
BRDA:1014,302,1,0
BRDA:1015,303,0,0
BRDA:1015,303,1,0
BRDA:1016,304,0,0
BRDA:1016,304,1,0
BRDA:1017,305,0,0
BRDA:1017,305,1,0
BRDA:1019,306,0,0
BRDA:1019,306,1,0
BRDA:1034,307,0,0
BRDA:1034,307,1,0
BRDA:1058,308,0,0
BRDA:1058,308,1,0
BRDA:1062,309,0,0
BRDA:1062,309,1,0
BRDA:1062,310,0,0
BRDA:1062,310,1,0
BRDA:1069,311,0,0
BRDA:1069,311,1,0
BRDA:1070,312,0,0
BRDA:1070,312,1,0
BRDA:1070,313,0,0
BRDA:1070,313,1,0
BRDA:1071,314,0,0
BRDA:1071,314,1,0
BRDA:1071,315,0,0
BRDA:1071,315,1,0
BRDA:1072,316,0,0
BRDA:1072,316,1,0
BRDA:1072,317,0,0
BRDA:1072,317,1,0
BRDA:1073,318,0,0
BRDA:1073,318,1,0
BRDA:1073,319,0,0
BRDA:1073,319,1,0
BRDA:1097,320,0,0
BRDA:1097,320,1,0
BRDA:1097,320,2,0
BRDA:1098,321,0,0
BRDA:1098,321,1,0
BRDA:1098,322,0,0
BRDA:1098,322,1,0
BRF:650
BRH:0
end_of_record
TN:
SF:features/recruiter/RecruitingCalendarCard.tsx
FN:25,useRecruitingPeriods
FN:28,(anonymous_2)
FN:37,formatRange
FN:43,getWeekDays
FN:44,(anonymous_5)
FN:52,findDayPeriods
FN:53,(anonymous_7)
FN:62,shortDate
FN:66,RecruitingCalendarCard
FN:80,(anonymous_10)
FN:83,(anonymous_11)
FN:103,(anonymous_12)
FN:124,(anonymous_13)
FNF:13
FNH:0
FNDA:0,useRecruitingPeriods
FNDA:0,(anonymous_2)
FNDA:0,formatRange
FNDA:0,getWeekDays
FNDA:0,(anonymous_5)
FNDA:0,findDayPeriods
FNDA:0,(anonymous_7)
FNDA:0,shortDate
FNDA:0,RecruitingCalendarCard
FNDA:0,(anonymous_10)
FNDA:0,(anonymous_11)
FNDA:0,(anonymous_12)
FNDA:0,(anonymous_13)
DA:2,0
DA:3,0
DA:4,0
DA:5,0
DA:16,0
DA:26,0
DA:29,0
DA:30,0
DA:31,0
DA:32,0
DA:38,0
DA:39,0
DA:40,0
DA:44,0
DA:45,0
DA:46,0
DA:47,0
DA:48,0
DA:53,0
DA:54,0
DA:55,0
DA:56,0
DA:57,0
DA:58,0
DA:63,0
DA:66,0
DA:67,0
DA:68,0
DA:69,0
DA:70,0
DA:71,0
DA:73,0
DA:80,0
DA:84,0
DA:104,0
DA:105,0
DA:106,0
DA:107,0
DA:125,0
DA:126,0
LF:40
LH:0
BRDA:29,0,0,0
BRDA:29,0,1,0
BRDA:30,1,0,0
BRDA:32,2,0,0
BRDA:32,2,1,0
BRDA:40,3,0,0
BRDA:40,3,1,0
BRDA:58,4,0,0
BRDA:58,4,1,0
BRDA:68,5,0,0
BRDA:68,5,1,0
BRDA:69,6,0,0
BRDA:97,7,0,0
BRDA:97,7,1,0
BRDA:99,8,0,0
BRDA:99,8,1,0
BRDA:105,9,0,0
BRDA:105,9,1,0
BRDA:105,10,0,0
BRDA:105,10,1,0
BRDA:117,11,0,0
BRDA:117,11,1,0
BRDA:117,12,0,0
BRDA:117,12,1,0
BRDA:118,13,0,0
BRDA:118,13,1,0
BRDA:118,14,0,0
BRDA:118,14,1,0
BRDA:125,15,0,0
BRDA:125,15,1,0
BRDA:136,16,0,0
BRDA:136,16,1,0
BRDA:141,17,0,0
BRDA:141,17,1,0
BRF:34
BRH:0
end_of_record
TN:
SF:features/recruiter/divisionMapping.ts
FN:32,getSports
FN:36,getSportsForGender
FN:39,(anonymous_2)
FN:40,(anonymous_3)
FN:44,getDivisionsForSport
FN:48,formatSportLabel
FNF:6
FNH:0
FNDA:0,getSports
FNDA:0,getSportsForGender
FNDA:0,(anonymous_2)
FNDA:0,(anonymous_3)
FNDA:0,getDivisionsForSport
FNDA:0,formatSportLabel
DA:1,0
DA:32,0
DA:33,0
DA:36,0
DA:37,0
DA:38,0
DA:39,0
DA:40,0
DA:41,0
DA:44,0
DA:45,0
DA:48,0
DA:51,0
LF:13
LH:0
BRDA:40,0,0,0
BRDA:40,0,1,0
BRDA:45,1,0,0
BRDA:45,1,1,0
BRF:4
BRH:0
end_of_record
TN:
SF:features/recruiter/searchService.ts
FN:12,searchAthletes
FNF:1
FNH:0
FNDA:0,searchAthletes
DA:1,0
DA:2,0
DA:4,0
DA:12,0
DA:13,0
DA:14,0
DA:15,0
DA:16,0
DA:17,0
DA:18,0
LF:10
LH:0
BRDA:15,0,0,0
BRDA:16,1,0,0
BRF:2
BRH:0
end_of_record
TN:
SF:features/recruiter/useRecruiterSearch.ts
FN:4,useRecruiterSearch
FN:7,(anonymous_1)
FNF:2
FNH:0
FNDA:0,useRecruiterSearch
FNDA:0,(anonymous_1)
DA:1,0
DA:2,0
DA:4,0
DA:5,0
DA:7,0
DA:9,0
LF:6
LH:0
BRF:0
BRH:0
end_of_record
TN:
SF:features/settings/SettingsForm.tsx
FN:8,SettingsForm
FN:15,(anonymous_2)
FN:35,(anonymous_3)
FN:36,(anonymous_4)
FNF:4
FNH:0
FNDA:0,SettingsForm
FNDA:0,(anonymous_2)
FNDA:0,(anonymous_3)
FNDA:0,(anonymous_4)
DA:1,0
DA:2,0
DA:3,0
DA:4,0
DA:5,0
DA:6,0
DA:8,0
DA:9,0
DA:10,0
DA:11,0
DA:12,0
DA:13,0
DA:15,0
DA:16,0
DA:17,0
DA:18,0
DA:19,0
DA:20,0
DA:22,0
DA:23,0
DA:24,0
DA:25,0
DA:27,0
DA:29,0
DA:33,0
DA:35,0
DA:36,0
LF:27
LH:0
BRDA:18,0,0,0
BRDA:18,1,0,0
BRDA:18,1,1,0
BRDA:37,2,0,0
BRDA:37,2,1,0
BRDA:38,3,0,0
BRDA:38,3,1,0
BRF:7
BRH:0
end_of_record
TN:
SF:features/settings/service.ts
FN:4,getProfile
FN:15,updateProfile
FNF:2
FNH:0
FNDA:0,getProfile
FNDA:0,updateProfile
DA:1,0
DA:2,0
DA:4,0
DA:5,0
DA:8,0
DA:15,0
DA:16,0
DA:17,0
LF:8
LH:0
BRF:0
BRH:0
end_of_record
TN:
SF:features/social/SocialComposer.tsx
FN:9,SocialComposer
FN:15,(anonymous_2)
FN:31,(anonymous_3)
FNF:3
FNH:0
FNDA:0,SocialComposer
FNDA:0,(anonymous_2)
FNDA:0,(anonymous_3)
DA:2,0
DA:3,0
DA:4,0
DA:5,0
DA:6,0
DA:7,0
DA:9,0
DA:10,0
DA:11,0
DA:12,0
DA:13,0
DA:15,0
DA:16,0
DA:17,0
DA:18,0
DA:19,0
DA:20,0
DA:21,0
DA:23,0
DA:25,0
DA:29,0
DA:31,0
LF:22
LH:0
BRDA:32,0,0,0
BRDA:32,0,1,0
BRDA:33,1,0,0
BRDA:33,1,1,0
BRDA:36,2,0,0
BRDA:36,2,1,0
BRF:6
BRH:0
end_of_record
TN:
SF:features/social/service.ts
FN:10,generateSharePreview
FNF:1
FNH:0
FNDA:0,generateSharePreview
DA:1,0
DA:2,0
DA:4,0
DA:10,0
DA:11,0
DA:12,0
LF:6
LH:0
BRF:0
BRH:0
end_of_record
TN:
SF:features/tasks/TasksPanel.tsx
FN:34,TasksPanel
FN:40,(anonymous_2)
FN:53,(anonymous_3)
FN:64,(anonymous_4)
FN:65,(anonymous_5)
FN:77,(anonymous_6)
FN:97,(anonymous_7)
FN:101,(anonymous_8)
FN:103,(anonymous_9)
FN:124,(anonymous_10)
FN:133,(anonymous_11)
FN:155,(anonymous_12)
FN:158,(anonymous_13)
FN:167,(anonymous_14)
FN:173,(anonymous_15)
FN:179,(anonymous_16)
FN:188,(anonymous_17)
FN:192,(anonymous_18)
FN:203,(anonymous_19)
FN:205,(anonymous_20)
FN:215,(anonymous_21)
FN:225,(anonymous_22)
FNF:22
FNH:0
FNDA:0,TasksPanel
FNDA:0,(anonymous_2)
FNDA:0,(anonymous_3)
FNDA:0,(anonymous_4)
FNDA:0,(anonymous_5)
FNDA:0,(anonymous_6)
FNDA:0,(anonymous_7)
FNDA:0,(anonymous_8)
FNDA:0,(anonymous_9)
FNDA:0,(anonymous_10)
FNDA:0,(anonymous_11)
FNDA:0,(anonymous_12)
FNDA:0,(anonymous_13)
FNDA:0,(anonymous_14)
FNDA:0,(anonymous_15)
FNDA:0,(anonymous_16)
FNDA:0,(anonymous_17)
FNDA:0,(anonymous_18)
FNDA:0,(anonymous_19)
FNDA:0,(anonymous_20)
FNDA:0,(anonymous_21)
FNDA:0,(anonymous_22)
DA:1,0
DA:2,0
DA:17,0
DA:19,0
DA:20,0
DA:21,0
DA:22,0
DA:28,0
DA:34,0
DA:35,0
DA:36,0
DA:37,0
DA:38,0
DA:40,0
DA:44,0
DA:45,0
DA:46,0
DA:47,0
DA:48,0
DA:49,0
DA:50,0
DA:51,0
DA:53,0
DA:54,0
DA:55,0
DA:56,0
DA:57,0
DA:58,0
DA:59,0
DA:60,0
DA:61,0
DA:64,0
DA:65,0
DA:66,0
DA:67,0
DA:68,0
DA:69,0
DA:70,0
DA:71,0
DA:72,0
DA:73,0
DA:74,0
DA:77,0
DA:78,0
DA:79,0
DA:80,0
DA:82,0
DA:83,0
DA:84,0
DA:86,0
DA:94,0
DA:97,0
DA:98,0
DA:101,0
DA:102,0
DA:103,0
DA:104,0
DA:106,0
DA:109,0
DA:125,0
DA:133,0
DA:155,0
DA:158,0
DA:167,0
DA:173,0
DA:179,0
DA:188,0
DA:193,0
DA:203,0
DA:206,0
DA:215,0
DA:225,0
LF:72
LH:0
BRDA:36,0,0,0
BRDA:36,0,1,0
BRDA:41,1,0,0
BRDA:41,1,1,0
BRDA:66,2,0,0
BRDA:69,3,0,0
BRDA:69,3,1,0
BRDA:71,4,0,0
BRDA:71,4,1,0
BRDA:72,5,0,0
BRDA:72,5,1,0
BRDA:78,6,0,0
BRDA:82,7,0,0
BRDA:82,7,1,0
BRDA:83,8,0,0
BRDA:83,8,1,0
BRDA:84,9,0,0
BRDA:84,9,1,0
BRDA:91,10,0,0
BRDA:91,10,1,0
BRDA:91,10,2,0
BRDA:103,11,0,0
BRDA:103,11,1,0
BRDA:104,12,0,0
BRDA:104,12,1,0
BRDA:104,13,0,0
BRDA:104,13,1,0
BRDA:104,14,0,0
BRDA:104,14,1,0
BRDA:118,15,0,0
BRDA:118,15,1,0
BRDA:120,16,0,0
BRDA:120,16,1,0
BRDA:133,17,0,0
BRDA:133,17,1,0
BRDA:134,18,0,0
BRDA:134,18,1,0
BRDA:141,19,0,0
BRDA:141,19,1,0
BRDA:141,20,0,0
BRDA:141,20,1,0
BRDA:148,21,0,0
BRDA:148,21,1,0
BRDA:168,22,0,0
BRDA:168,22,1,0
BRDA:183,23,0,0
BRDA:183,23,1,0
BRDA:192,24,0,0
BRDA:192,24,1,0
BRDA:218,25,0,0
BRDA:218,25,1,0
BRF:51
BRH:0
end_of_record
TN:
SF:features/tasks/useTasks.ts
FN:20,fetchTasks
FN:29,createTaskReq
FN:39,updateTaskReq
FN:49,deleteTaskReq
FN:59,useTasks
FN:66,(anonymous_5)
FN:70,(anonymous_6)
FN:71,(anonymous_7)
FN:75,(anonymous_8)
FN:76,(anonymous_9)
FN:80,(anonymous_10)
FN:81,(anonymous_11)
FNF:12
FNH:0
FNDA:0,fetchTasks
FNDA:0,createTaskReq
FNDA:0,updateTaskReq
FNDA:0,deleteTaskReq
FNDA:0,useTasks
FNDA:0,(anonymous_5)
FNDA:0,(anonymous_6)
FNDA:0,(anonymous_7)
FNDA:0,(anonymous_8)
FNDA:0,(anonymous_9)
FNDA:0,(anonymous_10)
FNDA:0,(anonymous_11)
DA:1,0
DA:21,0
DA:22,0
DA:23,0
DA:24,0
DA:25,0
DA:26,0
DA:30,0
DA:35,0
DA:36,0
DA:40,0
DA:45,0
DA:46,0
DA:50,0
DA:55,0
DA:56,0
DA:59,0
DA:60,0
DA:61,0
DA:63,0
DA:66,0
DA:69,0
DA:70,0
DA:71,0
DA:74,0
DA:75,0
DA:76,0
DA:79,0
DA:80,0
DA:81,0
DA:84,0
LF:31
LH:0
BRDA:23,0,0,0
BRDA:26,1,0,0
BRDA:26,1,1,0
BRDA:35,2,0,0
BRDA:45,3,0,0
BRDA:55,4,0,0
BRDA:61,5,0,0
BRDA:61,5,1,0
BRDA:86,6,0,0
BRDA:86,6,1,0
BRF:10
BRH:0
end_of_record
TN:
SF:features/weightroom/RegistrantFlow.tsx
FN:12,RegistrantFlow
FN:19,(anonymous_2)
FN:35,(anonymous_3)
FN:36,(anonymous_4)
FN:43,(anonymous_5)
FNF:5
FNH:0
FNDA:0,RegistrantFlow
FNDA:0,(anonymous_2)
FNDA:0,(anonymous_3)
FNDA:0,(anonymous_4)
FNDA:0,(anonymous_5)
DA:2,0
DA:3,0
DA:4,0
DA:5,0
DA:6,0
DA:7,0
DA:8,0
DA:9,0
DA:10,0
DA:12,0
DA:13,0
DA:14,0
DA:15,0
DA:16,0
DA:17,0
DA:19,0
DA:20,0
DA:21,0
DA:22,0
DA:23,0
DA:24,0
DA:25,0
DA:27,0
DA:29,0
DA:33,0
DA:35,0
DA:36,0
DA:44,0
LF:28
LH:0
BRDA:37,0,0,0
BRDA:37,0,1,0
BRDA:38,1,0,0
BRDA:38,1,1,0
BRDA:38,1,2,0
BRDA:41,2,0,0
BRDA:41,2,1,0
BRF:7
BRH:0
end_of_record
TN:
SF:features/weightroom/service.ts
FN:10,register
FN:15,getSessions
FNF:2
FNH:0
FNDA:0,register
FNDA:0,getSessions
DA:1,0
DA:2,0
DA:4,0
DA:10,0
DA:11,0
DA:12,0
DA:15,0
DA:16,0
LF:8
LH:0
BRF:0
BRH:0
end_of_record
TN:
SF:services/agencies.ts
FN:3,readStore
FN:14,writeStore
FN:43,(anonymous_2)
FN:52,listAgencies
FN:53,(anonymous_4)
FN:56,getAgencies
FN:60,getAgencyByEmail
FN:61,(anonymous_7)
FN:64,getAgencyById
FN:65,(anonymous_9)
FN:68,getAgencySettings
FN:69,(anonymous_11)
FN:73,updateAgencySettings
FN:74,(anonymous_13)
FN:82,upsertAgency
FN:84,(anonymous_15)
FN:108,deleteAgency
FN:109,(anonymous_17)
FNF:18
FNH:0
FNDA:0,readStore
FNDA:0,writeStore
FNDA:0,(anonymous_2)
FNDA:0,listAgencies
FNDA:0,(anonymous_4)
FNDA:0,getAgencies
FNDA:0,getAgencyByEmail
FNDA:0,(anonymous_7)
FNDA:0,getAgencyById
FNDA:0,(anonymous_9)
FNDA:0,getAgencySettings
FNDA:0,(anonymous_11)
FNDA:0,updateAgencySettings
FNDA:0,(anonymous_13)
FNDA:0,upsertAgency
FNDA:0,(anonymous_15)
FNDA:0,deleteAgency
FNDA:0,(anonymous_17)
DA:1,0
DA:4,0
DA:5,0
DA:6,0
DA:7,0
DA:8,0
DA:10,0
DA:15,0
DA:16,0
DA:37,0
DA:43,0
DA:44,0
DA:45,0
DA:46,0
DA:47,0
DA:50,0
DA:52,0
DA:53,0
DA:56,0
DA:57,0
DA:60,0
DA:61,0
DA:64,0
DA:65,0
DA:68,0
DA:69,0
DA:70,0
DA:73,0
DA:74,0
DA:75,0
DA:76,0
DA:77,0
DA:78,0
DA:82,0
DA:83,0
DA:84,0
DA:85,0
DA:86,0
DA:87,0
DA:88,0
DA:91,0
DA:92,0
DA:104,0
DA:105,0
DA:108,0
DA:109,0
DA:110,0
DA:111,0
DA:112,0
DA:113,0
DA:115,0
LF:51
LH:0
BRDA:4,0,0,0
BRDA:6,1,0,0
BRDA:15,2,0,0
BRDA:45,3,0,0
BRDA:61,4,0,0
BRDA:61,4,1,0
BRDA:65,5,0,0
BRDA:65,5,1,0
BRDA:70,6,0,0
BRDA:70,6,1,0
BRDA:75,7,0,0
BRDA:76,8,0,0
BRDA:76,8,1,0
BRDA:83,9,0,0
BRDA:85,10,0,0
BRDA:101,11,0,0
BRDA:101,11,1,0
BRDA:102,12,0,0
BRDA:102,12,1,0
BRDA:110,13,0,0
BRF:20
BRH:0
end_of_record
TN:
SF:services/aiRecruiter.ts
FN:14,generateIntro
FN:24,(anonymous_1)
FN:34,generateContentDraft
FNF:3
FNH:0
FNDA:0,generateIntro
FNDA:0,(anonymous_1)
FNDA:0,generateContentDraft
DA:3,0
DA:14,0
DA:15,0
DA:23,0
DA:24,0
DA:25,0
DA:27,0
DA:28,0
DA:29,0
DA:31,0
DA:34,0
DA:36,0
LF:12
LH:0
BRDA:23,0,0,0
BRDA:25,1,0,0
BRDA:25,1,1,0
BRDA:28,2,0,0
BRDA:31,3,0,0
BRDA:31,3,1,0
BRF:6
BRH:0
end_of_record
TN:
SF:services/analytics.ts
FN:6,todayISO
FN:10,getOpensClicksByDate
FN:31,setOpensClicks
FNF:3
FNH:0
FNDA:0,todayISO
FNDA:0,getOpensClicksByDate
FNDA:0,setOpensClicks
DA:1,0
DA:7,0
DA:10,0
DA:11,0
DA:12,0
DA:13,0
DA:14,0
DA:15,0
DA:16,0
DA:17,0
DA:18,0
DA:19,0
DA:20,0
DA:21,0
DA:22,0
DA:23,0
DA:25,0
DA:27,0
DA:31,0
DA:32,0
DA:33,0
DA:34,0
DA:35,0
DA:36,0
DA:37,0
DA:38,0
DA:39,0
DA:40,0
LF:28
LH:0
BRDA:6,0,0,0
BRDA:10,1,0,0
BRDA:11,2,0,0
BRDA:14,3,0,0
BRDA:14,3,1,0
BRDA:15,4,0,0
BRDA:15,4,1,0
BRDA:22,5,0,0
BRDA:22,5,1,0
BRDA:23,6,0,0
BRDA:23,6,1,0
BRDA:23,7,0,0
BRDA:23,7,1,0
BRDA:32,8,0,0
BRDA:35,9,0,0
BRDA:35,9,1,0
BRDA:36,10,0,0
BRDA:36,10,1,0
BRDA:37,11,0,0
BRDA:37,11,1,0
BRDA:38,12,0,0
BRDA:38,12,1,0
BRDA:38,13,0,0
BRDA:38,13,1,0
BRF:24
BRH:0
end_of_record
TN:
SF:services/audit.ts
FN:14,readLog
FN:25,writeLog
FN:30,logEvent
FN:42,logImpersonationStart
FN:51,logImpersonationEnd
FN:60,listAuditLog
FN:64,clearAuditLog
FNF:7
FNH:0
FNDA:0,readLog
FNDA:0,writeLog
FNDA:0,logEvent
FNDA:0,logImpersonationStart
FNDA:0,logImpersonationEnd
FNDA:0,listAuditLog
FNDA:0,clearAuditLog
DA:12,0
DA:15,0
DA:16,0
DA:17,0
DA:18,0
DA:19,0
DA:21,0
DA:26,0
DA:27,0
DA:30,0
DA:31,0
DA:36,0
DA:37,0
DA:38,0
DA:39,0
DA:42,0
DA:43,0
DA:51,0
DA:52,0
DA:60,0
DA:61,0
DA:64,0
DA:65,0
LF:23
LH:0
BRDA:15,0,0,0
BRDA:17,1,0,0
BRDA:26,2,0,0
BRF:3
BRH:0
end_of_record
TN:
SF:services/authGHL.ts
FN:7,loginWithGHL
FNF:1
FNH:0
FNDA:0,loginWithGHL
DA:7,0
DA:8,0
DA:9,0
DA:14,0
DA:15,0
DA:16,0
DA:18,0
DA:20,0
LF:8
LH:0
BRDA:15,0,0,0
BRDA:15,1,0,0
BRDA:15,1,1,0
BRDA:16,2,0,0
BRDA:16,2,1,0
BRDA:20,3,0,0
BRDA:20,3,1,0
BRF:7
BRH:0
end_of_record
TN:
SF:services/clients.ts
FN:33,readStore
FN:45,writeStore
FN:52,listClientsByAgencyEmail
FN:56,(anonymous_3)
FN:59,listClientsByAgency
FN:64,upsertClient
FN:66,(anonymous_6)
FN:82,getClient
FN:91,(anonymous_8)
FN:101,(anonymous_9)
FN:104,(anonymous_10)
FN:108,deleteClient
FN:109,(anonymous_12)
FN:116,getClients
FN:137,setClientGmailTokens
FN:138,(anonymous_15)
FN:145,getClientGmailTokens
FN:146,(anonymous_17)
FNF:18
FNH:0
FNDA:0,readStore
FNDA:0,writeStore
FNDA:0,listClientsByAgencyEmail
FNDA:0,(anonymous_3)
FNDA:0,listClientsByAgency
FNDA:0,upsertClient
FNDA:0,(anonymous_6)
FNDA:0,getClient
FNDA:0,(anonymous_8)
FNDA:0,(anonymous_9)
FNDA:0,(anonymous_10)
FNDA:0,deleteClient
FNDA:0,(anonymous_12)
FNDA:0,getClients
FNDA:0,setClientGmailTokens
FNDA:0,(anonymous_15)
FNDA:0,getClientGmailTokens
FNDA:0,(anonymous_17)
DA:1,0
DA:18,0
DA:20,0
DA:21,0
DA:22,0
DA:24,0
DA:34,0
DA:35,0
DA:36,0
DA:37,0
DA:38,0
DA:39,0
DA:41,0
DA:46,0
DA:47,0
DA:50,0
DA:52,0
DA:53,0
DA:54,0
DA:56,0
DA:59,0
DA:60,0
DA:61,0
DA:62,0
DA:64,0
DA:65,0
DA:66,0
DA:67,0
DA:70,0
DA:72,0
DA:73,0
DA:74,0
DA:75,0
DA:77,0
DA:79,0
DA:80,0
DA:82,0
DA:83,0
DA:84,0
DA:86,0
DA:87,0
DA:88,0
DA:89,0
DA:90,0
DA:91,0
DA:92,0
DA:93,0
DA:94,0
DA:101,0
DA:102,0
DA:103,0
DA:104,0
DA:106,0
DA:108,0
DA:109,0
DA:110,0
DA:111,0
DA:112,0
DA:114,0
DA:116,0
DA:118,0
DA:119,0
DA:120,0
DA:121,0
DA:122,0
DA:123,0
DA:124,0
DA:126,0
DA:128,0
DA:134,0
DA:137,0
DA:138,0
DA:139,0
DA:140,0
DA:141,0
DA:145,0
DA:146,0
DA:147,0
LF:78
LH:0
BRDA:34,0,0,0
BRDA:36,1,0,0
BRDA:39,2,0,0
BRDA:39,2,1,0
BRDA:46,3,0,0
BRDA:53,4,0,0
BRDA:61,5,0,0
BRDA:65,6,0,0
BRDA:65,6,1,0
BRDA:67,7,0,0
BRDA:72,8,0,0
BRDA:72,8,1,0
BRDA:72,8,2,0
BRDA:74,9,0,0
BRDA:74,9,1,0
BRDA:83,10,0,0
BRDA:86,11,0,0
BRDA:89,12,0,0
BRDA:92,13,0,0
BRDA:102,14,0,0
BRDA:106,15,0,0
BRDA:106,15,1,0
BRDA:110,16,0,0
BRDA:118,17,0,0
BRDA:118,17,1,0
BRDA:119,18,0,0
BRDA:122,19,0,0
BRDA:124,20,0,0
BRDA:139,21,0,0
BRDA:147,22,0,0
BRDA:147,22,1,0
BRF:31
BRH:0
end_of_record
TN:
SF:services/commits.ts
FN:25,isoDaysAgo
FN:31,makeRecent
FN:32,(anonymous_11)
FN:44,makeTop
FN:45,(anonymous_13)
FN:65,readStore
FN:77,writeStore
FN:86,listCommits
FN:88,(anonymous_17)
FN:91,(anonymous_18)
FN:95,(anonymous_19)
FN:99,filterCommits
FN:100,(anonymous_21)
FN:107,upsertCommits
FN:113,footballScrapeStatus
FN:117,basketballScrapeStatus
FN:121,listCommitsServer
FN:123,(anonymous_26)
FN:126,(anonymous_27)
FN:130,(anonymous_28)
FN:135,loadFootballFromScrape
FN:138,(anonymous_30)
FN:142,(anonymous_31)
FN:157,(anonymous_32)
FN:165,(anonymous_33)
FN:170,(anonymous_34)
FN:180,loadBasketballFromScrape
FN:183,(anonymous_36)
FN:187,(anonymous_37)
FN:202,(anonymous_38)
FN:210,(anonymous_39)
FN:214,(anonymous_40)
FNF:32
FNH:0
FNDA:0,isoDaysAgo
FNDA:0,makeRecent
FNDA:0,(anonymous_11)
FNDA:0,makeTop
FNDA:0,(anonymous_13)
FNDA:0,readStore
FNDA:0,writeStore
FNDA:0,listCommits
FNDA:0,(anonymous_17)
FNDA:0,(anonymous_18)
FNDA:0,(anonymous_19)
FNDA:0,filterCommits
FNDA:0,(anonymous_21)
FNDA:0,upsertCommits
FNDA:0,footballScrapeStatus
FNDA:0,basketballScrapeStatus
FNDA:0,listCommitsServer
FNDA:0,(anonymous_26)
FNDA:0,(anonymous_27)
FNDA:0,(anonymous_28)
FNDA:0,loadFootballFromScrape
FNDA:0,(anonymous_30)
FNDA:0,(anonymous_31)
FNDA:0,(anonymous_32)
FNDA:0,(anonymous_33)
FNDA:0,(anonymous_34)
FNDA:0,loadBasketballFromScrape
FNDA:0,(anonymous_36)
FNDA:0,(anonymous_37)
FNDA:0,(anonymous_38)
FNDA:0,(anonymous_39)
FNDA:0,(anonymous_40)
DA:18,0
DA:20,0
DA:21,0
DA:22,0
DA:23,0
DA:26,0
DA:27,0
DA:28,0
DA:32,0
DA:45,0
DA:58,0
DA:66,0
DA:67,0
DA:68,0
DA:69,0
DA:70,0
DA:71,0
DA:73,0
DA:78,0
DA:79,0
DA:82,0
DA:83,0
DA:84,0
DA:86,0
DA:87,0
DA:88,0
DA:89,0
DA:90,0
DA:91,0
DA:94,0
DA:95,0
DA:99,0
DA:100,0
DA:101,0
DA:102,0
DA:103,0
DA:107,0
DA:108,0
DA:109,0
DA:110,0
DA:113,0
DA:114,0
DA:117,0
DA:118,0
DA:121,0
DA:123,0
DA:124,0
DA:125,0
DA:126,0
DA:129,0
DA:130,0
DA:136,0
DA:137,0
DA:138,0
DA:139,0
DA:140,0
DA:141,0
DA:142,0
DA:157,0
DA:165,0
DA:166,0
DA:167,0
DA:170,0
DA:171,0
DA:173,0
DA:181,0
DA:182,0
DA:183,0
DA:184,0
DA:185,0
DA:186,0
DA:187,0
DA:202,0
DA:210,0
DA:211,0
DA:212,0
DA:214,0
DA:215,0
DA:217,0
DA:225,0
DA:226,0
LF:81
LH:0
BRDA:53,0,0,0
BRDA:53,0,1,0
BRDA:66,1,0,0
BRDA:68,2,0,0
BRDA:71,3,0,0
BRDA:71,3,1,0
BRDA:78,4,0,0
BRDA:87,5,0,0
BRDA:88,6,0,0
BRDA:88,6,1,0
BRDA:89,7,0,0
BRDA:91,8,0,0
BRDA:91,8,1,0
BRDA:91,9,0,0
BRDA:91,9,1,0
BRDA:95,10,0,0
BRDA:95,10,1,0
BRDA:95,11,0,0
BRDA:95,11,1,0
BRDA:101,12,0,0
BRDA:101,12,1,0
BRDA:101,13,0,0
BRDA:101,13,1,0
BRDA:102,14,0,0
BRDA:102,14,1,0
BRDA:102,15,0,0
BRDA:102,15,1,0
BRDA:103,16,0,0
BRDA:103,16,1,0
BRDA:123,17,0,0
BRDA:123,17,1,0
BRDA:124,18,0,0
BRDA:126,19,0,0
BRDA:126,19,1,0
BRDA:126,20,0,0
BRDA:126,20,1,0
BRDA:130,21,0,0
BRDA:130,21,1,0
BRDA:130,22,0,0
BRDA:130,22,1,0
BRDA:136,23,0,0
BRDA:140,24,0,0
BRDA:140,24,1,0
BRDA:171,25,0,0
BRDA:171,25,1,0
BRDA:181,26,0,0
BRDA:185,27,0,0
BRDA:185,27,1,0
BRDA:215,28,0,0
BRDA:215,28,1,0
BRF:50
BRH:0
end_of_record
TN:
SF:services/commitsCache.ts
FN:14,getCachedCommits
FN:30,clearCommitsCache
FN:34,rehydrateCommitsCache
FN:39,(anonymous_3)
FN:39,(anonymous_4)
FNF:5
FNH:0
FNDA:0,getCachedCommits
FNDA:0,clearCommitsCache
FNDA:0,rehydrateCommitsCache
FNDA:0,(anonymous_3)
FNDA:0,(anonymous_4)
DA:1,0
DA:3,0
DA:12,0
DA:14,0
DA:19,0
DA:20,0
DA:21,0
DA:22,0
DA:23,0
DA:25,0
DA:26,0
DA:27,0
DA:30,0
DA:31,0
DA:34,0
DA:35,0
DA:36,0
DA:37,0
DA:38,0
DA:39,0
LF:20
LH:0
BRDA:17,0,0,0
BRDA:22,1,0,0
BRDA:22,2,0,0
BRDA:22,2,1,0
BRF:4
BRH:0
end_of_record
TN:
SF:services/commitsScraper.ts
FN:18,cleanName
FN:27,parseSchoolFromHref
FN:33,(anonymous_12)
FN:37,extractImgParam
FN:45,splitSchoolCell
FN:56,scrapeESPNClass
FN:64,(anonymous_16)
FN:100,scrapeFootballTop
FN:111,(anonymous_18)
FN:115,scrapeESPNBasketballClass
FN:123,(anonymous_20)
FN:157,scrapeBasketballTop
FN:168,(anonymous_22)
FNF:13
FNH:0
FNDA:0,cleanName
FNDA:0,parseSchoolFromHref
FNDA:0,(anonymous_12)
FNDA:0,extractImgParam
FNDA:0,splitSchoolCell
FNDA:0,scrapeESPNClass
FNDA:0,(anonymous_16)
FNDA:0,scrapeFootballTop
FNDA:0,(anonymous_18)
FNDA:0,scrapeESPNBasketballClass
FNDA:0,(anonymous_20)
FNDA:0,scrapeBasketballTop
FNDA:0,(anonymous_22)
DA:1,0
DA:3,0
DA:19,0
DA:28,0
DA:29,0
DA:30,0
DA:31,0
DA:33,0
DA:38,0
DA:39,0
DA:40,0
DA:41,0
DA:42,0
DA:46,0
DA:47,0
DA:48,0
DA:51,0
DA:52,0
DA:53,0
DA:57,0
DA:58,0
DA:59,0
DA:60,0
DA:61,0
DA:62,0
DA:64,0
DA:65,0
DA:66,0
DA:67,0
DA:68,0
DA:69,0
DA:72,0
DA:73,0
DA:74,0
DA:75,0
DA:76,0
DA:78,0
DA:79,0
DA:80,0
DA:82,0
DA:83,0
DA:84,0
DA:97,0
DA:100,0
DA:101,0
DA:102,0
DA:103,0
DA:104,0
DA:105,0
DA:106,0
DA:111,0
DA:112,0
DA:116,0
DA:117,0
DA:118,0
DA:119,0
DA:120,0
DA:121,0
DA:123,0
DA:124,0
DA:125,0
DA:126,0
DA:127,0
DA:128,0
DA:129,0
DA:130,0
DA:131,0
DA:132,0
DA:133,0
DA:135,0
DA:136,0
DA:137,0
DA:139,0
DA:140,0
DA:141,0
DA:154,0
DA:157,0
DA:158,0
DA:159,0
DA:160,0
DA:161,0
DA:162,0
DA:163,0
DA:168,0
DA:169,0
LF:85
LH:0
BRDA:28,0,0,0
BRDA:30,1,0,0
BRDA:30,1,1,0
BRDA:38,2,0,0
BRDA:40,3,0,0
BRDA:40,4,0,0
BRDA:40,4,1,0
BRDA:42,5,0,0
BRDA:42,5,1,0
BRDA:42,6,0,0
BRDA:42,6,1,0
BRDA:51,7,0,0
BRDA:52,8,0,0
BRDA:59,9,0,0
BRDA:74,10,0,0
BRDA:74,10,1,0
BRDA:76,11,0,0
BRDA:76,11,1,0
BRDA:76,12,0,0
BRDA:76,12,1,0
BRDA:76,12,2,0
BRDA:78,13,0,0
BRDA:78,13,1,0
BRDA:79,14,0,0
BRDA:79,14,1,0
BRDA:80,15,0,0
BRDA:83,16,0,0
BRDA:85,17,0,0
BRDA:85,17,1,0
BRDA:86,18,0,0
BRDA:86,18,1,0
BRDA:111,19,0,0
BRDA:111,19,1,0
BRDA:111,20,0,0
BRDA:111,20,1,0
BRDA:118,21,0,0
BRDA:131,22,0,0
BRDA:131,22,1,0
BRDA:133,23,0,0
BRDA:133,23,1,0
BRDA:133,24,0,0
BRDA:133,24,1,0
BRDA:133,24,2,0
BRDA:135,25,0,0
BRDA:135,25,1,0
BRDA:136,26,0,0
BRDA:136,26,1,0
BRDA:137,27,0,0
BRDA:140,28,0,0
BRDA:142,29,0,0
BRDA:142,29,1,0
BRDA:143,30,0,0
BRDA:143,30,1,0
BRDA:168,31,0,0
BRDA:168,31,1,0
BRDA:168,32,0,0
BRDA:168,32,1,0
BRF:57
BRH:0
end_of_record
TN:
SF:services/http.ts
FN:5,http
FN:18,(anonymous_1)
FNF:2
FNH:0
FNDA:0,http
FNDA:0,(anonymous_1)
DA:1,0
DA:5,0
DA:6,0
DA:7,0
DA:8,0
DA:17,0
DA:18,0
DA:19,0
DA:21,0
LF:9
LH:0
BRDA:5,0,0,0
BRDA:9,1,0,0
BRDA:9,1,1,0
BRDA:12,2,0,0
BRDA:12,2,1,0
BRDA:14,3,0,0
BRDA:14,3,1,0
BRDA:17,4,0,0
BRDA:19,5,0,0
BRDA:19,5,1,0
BRF:10
BRH:0
end_of_record
TN:
SF:services/lists.ts
FN:23,read
FN:33,write
FN:38,listLists
FN:41,(anonymous_3)
FN:42,(anonymous_4)
FN:45,getList
FN:47,(anonymous_6)
FN:50,saveList
FN:59,updateList
FN:61,(anonymous_9)
FN:70,deleteList
FN:72,(anonymous_11)
FNF:12
FNH:0
FNDA:0,read
FNDA:0,write
FNDA:0,listLists
FNDA:0,(anonymous_3)
FNDA:0,(anonymous_4)
FNDA:0,getList
FNDA:0,(anonymous_6)
FNDA:0,saveList
FNDA:0,updateList
FNDA:0,(anonymous_9)
FNDA:0,deleteList
FNDA:0,(anonymous_11)
DA:1,0
DA:24,0
DA:25,0
DA:26,0
DA:27,0
DA:29,0
DA:34,0
DA:35,0
DA:38,0
DA:39,0
DA:40,0
DA:41,0
DA:42,0
DA:45,0
DA:46,0
DA:47,0
DA:50,0
DA:51,0
DA:52,0
DA:53,0
DA:54,0
DA:55,0
DA:56,0
DA:59,0
DA:60,0
DA:61,0
DA:62,0
DA:63,0
DA:64,0
DA:65,0
DA:66,0
DA:67,0
DA:70,0
DA:71,0
DA:72,0
LF:35
LH:0
BRDA:24,0,0,0
BRDA:27,1,0,0
BRDA:27,1,1,0
BRDA:34,2,0,0
BRDA:47,3,0,0
BRDA:47,3,1,0
BRDA:62,4,0,0
BRF:7
BRH:0
end_of_record
TN:
SF:services/mailStatus.ts
FN:5,read
FN:15,write
FN:20,hasMailed
FN:22,(anonymous_3)
FN:25,markMailed
FN:29,(anonymous_5)
FN:32,(anonymous_6)
FN:39,getMailEntries
FNF:8
FNH:0
FNDA:0,read
FNDA:0,write
FNDA:0,hasMailed
FNDA:0,(anonymous_3)
FNDA:0,markMailed
FNDA:0,(anonymous_5)
FNDA:0,(anonymous_6)
FNDA:0,getMailEntries
DA:1,0
DA:6,0
DA:7,0
DA:8,0
DA:9,0
DA:11,0
DA:16,0
DA:17,0
DA:20,0
DA:21,0
DA:22,0
DA:25,0
DA:26,0
DA:27,0
DA:28,0
DA:29,0
DA:30,0
DA:31,0
DA:32,0
DA:33,0
DA:36,0
DA:39,0
DA:40,0
LF:23
LH:0
BRDA:6,0,0,0
BRDA:9,1,0,0
BRDA:9,1,1,0
BRDA:16,2,0,0
BRDA:22,3,0,0
BRDA:22,3,1,0
BRDA:30,4,0,0
BRDA:30,4,1,0
BRDA:31,5,0,0
BRDA:32,6,0,0
BRDA:32,7,0,0
BRDA:32,7,1,0
BRF:12
BRH:0
end_of_record
TN:
SF:services/notes.ts
FN:15,readStore
FN:26,writeStore
FN:33,listNotes
FN:35,(anonymous_3)
FN:38,createNote
FN:56,updateNote
FN:58,(anonymous_6)
FN:66,deleteNote
FN:69,(anonymous_8)
FNF:9
FNH:0
FNDA:0,readStore
FNDA:0,writeStore
FNDA:0,listNotes
FNDA:0,(anonymous_3)
FNDA:0,createNote
FNDA:0,updateNote
FNDA:0,(anonymous_6)
FNDA:0,deleteNote
FNDA:0,(anonymous_8)
DA:13,0
DA:16,0
DA:17,0
DA:18,0
DA:19,0
DA:20,0
DA:22,0
DA:27,0
DA:28,0
DA:31,0
DA:33,0
DA:34,0
DA:35,0
DA:38,0
DA:39,0
DA:40,0
DA:51,0
DA:52,0
DA:53,0
DA:56,0
DA:57,0
DA:58,0
DA:59,0
DA:60,0
DA:61,0
DA:62,0
DA:63,0
DA:66,0
DA:67,0
DA:68,0
DA:69,0
DA:70,0
DA:71,0
LF:33
LH:0
BRDA:16,0,0,0
BRDA:18,1,0,0
BRDA:27,2,0,0
BRDA:34,3,0,0
BRDA:35,4,0,0
BRDA:35,4,1,0
BRDA:41,5,0,0
BRDA:41,5,1,0
BRDA:47,6,0,0
BRDA:47,6,1,0
BRDA:57,7,0,0
BRDA:58,8,0,0
BRDA:58,8,1,0
BRDA:59,9,0,0
BRDA:67,10,0,0
BRDA:69,11,0,0
BRDA:69,11,1,0
BRDA:70,12,0,0
BRF:18
BRH:0
end_of_record
TN:
SF:services/prompts.ts
FN:13,read
FN:23,write
FN:28,listPrompts
FN:31,(anonymous_3)
FN:32,(anonymous_4)
FN:35,savePrompt
FN:52,deletePrompt
FN:54,(anonymous_7)
FNF:8
FNH:0
FNDA:0,read
FNDA:0,write
FNDA:0,listPrompts
FNDA:0,(anonymous_3)
FNDA:0,(anonymous_4)
FNDA:0,savePrompt
FNDA:0,deletePrompt
FNDA:0,(anonymous_7)
DA:1,0
DA:14,0
DA:15,0
DA:16,0
DA:17,0
DA:19,0
DA:24,0
DA:25,0
DA:28,0
DA:29,0
DA:30,0
DA:31,0
DA:32,0
DA:35,0
DA:36,0
DA:37,0
DA:38,0
DA:39,0
DA:48,0
DA:49,0
DA:52,0
DA:53,0
DA:54,0
LF:23
LH:0
BRDA:14,0,0,0
BRDA:17,1,0,0
BRDA:17,1,1,0
BRDA:24,2,0,0
BRDA:31,3,0,0
BRDA:31,3,1,0
BRDA:31,4,0,0
BRDA:31,4,1,0
BRF:8
BRH:0
end_of_record
TN:
SF:services/recruiter.ts
FN:23,toName
FN:27,listUniversities
FN:38,(anonymous_2)
FN:44,(anonymous_3)
FN:44,(anonymous_4)
FN:70,getUniversityDetails
FN:82,(anonymous_6)
FN:91,(anonymous_7)
FN:110,(anonymous_8)
FNF:9
FNH:0
FNDA:0,toName
FNDA:0,listUniversities
FNDA:0,(anonymous_2)
FNDA:0,(anonymous_3)
FNDA:0,(anonymous_4)
FNDA:0,getUniversityDetails
FNDA:0,(anonymous_6)
FNDA:0,(anonymous_7)
FNDA:0,(anonymous_8)
DA:3,0
DA:5,0
DA:14,0
DA:24,0
DA:27,0
DA:28,0
DA:33,0
DA:35,0
DA:36,0
DA:37,0
DA:38,0
DA:40,0
DA:41,0
DA:43,0
DA:44,0
DA:70,0
DA:71,0
DA:77,0
DA:79,0
DA:80,0
DA:81,0
DA:82,0
DA:84,0
DA:85,0
DA:87,0
DA:88,0
DA:90,0
DA:91,0
DA:92,0
DA:93,0
DA:94,0
DA:95,0
DA:96,0
DA:97,0
DA:98,0
DA:99,0
DA:110,0
DA:112,0
DA:113,0
DA:114,0
DA:115,0
DA:117,0
DA:121,0
DA:123,0
DA:127,0
LF:45
LH:0
BRDA:24,0,0,0
BRDA:24,0,1,0
BRDA:24,0,2,0
BRDA:24,0,3,0
BRDA:37,1,0,0
BRDA:41,2,0,0
BRDA:41,2,1,0
BRDA:44,3,0,0
BRDA:44,3,1,0
BRDA:81,4,0,0
BRDA:85,5,0,0
BRDA:85,5,1,0
BRDA:88,6,0,0
BRDA:88,6,1,0
BRDA:88,7,0,0
BRDA:88,7,1,0
BRDA:90,8,0,0
BRDA:90,8,1,0
BRDA:90,8,2,0
BRDA:91,9,0,0
BRDA:91,9,1,0
BRDA:92,10,0,0
BRDA:92,10,1,0
BRDA:92,10,2,0
BRDA:93,11,0,0
BRDA:93,11,1,0
BRDA:93,11,2,0
BRDA:94,12,0,0
BRDA:94,12,1,0
BRDA:94,12,2,0
BRDA:94,12,3,0
BRDA:95,13,0,0
BRDA:95,13,1,0
BRDA:95,13,2,0
BRDA:96,14,0,0
BRDA:96,14,1,0
BRDA:96,14,2,0
BRDA:96,14,3,0
BRDA:98,15,0,0
BRDA:98,15,1,0
BRDA:104,16,0,0
BRDA:104,16,1,0
BRDA:105,17,0,0
BRDA:105,17,1,0
BRDA:106,18,0,0
BRDA:106,18,1,0
BRDA:112,19,0,0
BRDA:112,19,1,0
BRDA:112,19,2,0
BRDA:112,19,3,0
BRDA:113,20,0,0
BRDA:114,21,0,0
BRDA:114,22,0,0
BRDA:114,22,1,0
BRDA:121,23,0,0
BRDA:121,23,1,0
BRDA:121,23,2,0
BRDA:121,23,3,0
BRDA:121,23,4,0
BRDA:121,23,5,0
BRDA:121,23,6,0
BRDA:123,24,0,0
BRDA:123,24,1,0
BRDA:123,24,2,0
BRDA:124,25,0,0
BRDA:124,25,1,0
BRDA:128,26,0,0
BRDA:128,26,1,0
BRDA:129,27,0,0
BRDA:129,27,1,0
BRDA:129,27,2,0
BRDA:129,27,3,0
BRDA:129,27,4,0
BRDA:131,28,0,0
BRDA:131,28,1,0
BRDA:131,28,2,0
BRDA:133,29,0,0
BRDA:133,29,1,0
BRDA:134,30,0,0
BRDA:134,30,1,0
BRDA:136,31,0,0
BRDA:136,31,1,0
BRF:82
BRH:0
end_of_record
TN:
SF:services/recruiterMeta.ts
FN:1,getDivisions
FN:4,getStates
FN:60,getUniversities
FN:66,getUniversity
FNF:4
FNH:0
FNDA:0,getDivisions
FNDA:0,getStates
FNDA:0,getUniversities
FNDA:0,getUniversity
DA:1,0
DA:2,0
DA:4,0
DA:6,0
DA:60,0
DA:61,0
DA:66,0
DA:76,0
LF:8
LH:0
BRDA:78,0,0,0
BRDA:78,0,1,0
BRF:2
BRH:0
end_of_record
TN:
SF:services/recruitingPeriods.ts
FN:64,readStore
FN:76,writeStore
FN:83,buildFallbackPeriods
FN:93,(anonymous_3)
FN:114,listRecruitingPeriods
FN:116,(anonymous_5)
FN:116,(anonymous_6)
FN:123,upsertRecruitingPeriods
FNF:8
FNH:0
FNDA:0,readStore
FNDA:0,writeStore
FNDA:0,buildFallbackPeriods
FNDA:0,(anonymous_3)
FNDA:0,listRecruitingPeriods
FNDA:0,(anonymous_5)
FNDA:0,(anonymous_6)
FNDA:0,upsertRecruitingPeriods
DA:12,0
DA:14,0
DA:65,0
DA:66,0
DA:67,0
DA:68,0
DA:69,0
DA:70,0
DA:72,0
DA:77,0
DA:78,0
DA:81,0
DA:84,0
DA:85,0
DA:86,0
DA:87,0
DA:88,0
DA:89,0
DA:90,0
DA:91,0
DA:92,0
DA:93,0
DA:94,0
DA:114,0
DA:115,0
DA:116,0
DA:117,0
DA:118,0
DA:120,0
DA:123,0
DA:124,0
DA:125,0
DA:126,0
LF:33
LH:0
BRDA:65,0,0,0
BRDA:67,1,0,0
BRDA:70,2,0,0
BRDA:70,2,1,0
BRDA:77,3,0,0
BRDA:115,4,0,0
BRDA:117,5,0,0
BRF:7
BRH:0
end_of_record
TN:
SF:services/scholarships.ts
FN:5,getScholarships
FN:16,setScholarships
FNF:2
FNH:0
FNDA:0,getScholarships
FNDA:0,setScholarships
DA:1,0
DA:5,0
DA:6,0
DA:7,0
DA:8,0
DA:9,0
DA:10,0
DA:12,0
DA:16,0
DA:17,0
DA:18,0
DA:19,0
DA:20,0
DA:21,0
DA:22,0
LF:15
LH:0
BRDA:6,0,0,0
BRDA:9,1,0,0
BRDA:9,1,1,0
BRDA:10,2,0,0
BRDA:10,2,1,0
BRDA:17,3,0,0
BRDA:20,4,0,0
BRDA:20,4,1,0
BRDA:21,5,0,0
BRDA:21,5,1,0
BRF:10
BRH:0
end_of_record
TN:
SF:services/tasks.ts
FN:17,readStore
FN:29,writeStore
FN:36,listTasks
FN:39,(anonymous_3)
FN:47,createTask
FN:72,updateTask
FN:73,(anonymous_6)
FN:81,deleteTask
FN:82,(anonymous_8)
FN:89,tasksDueSoon
FN:91,(anonymous_10)
FNF:11
FNH:0
FNDA:0,readStore
FNDA:0,writeStore
FNDA:0,listTasks
FNDA:0,(anonymous_3)
FNDA:0,createTask
FNDA:0,updateTask
FNDA:0,(anonymous_6)
FNDA:0,deleteTask
FNDA:0,(anonymous_8)
FNDA:0,tasksDueSoon
FNDA:0,(anonymous_10)
DA:15,0
DA:18,0
DA:19,0
DA:20,0
DA:21,0
DA:22,0
DA:23,0
DA:25,0
DA:30,0
DA:31,0
DA:34,0
DA:36,0
DA:37,0
DA:38,0
DA:39,0
DA:40,0
DA:41,0
DA:42,0
DA:43,0
DA:47,0
DA:55,0
DA:56,0
DA:67,0
DA:68,0
DA:69,0
DA:72,0
DA:73,0
DA:74,0
DA:75,0
DA:76,0
DA:77,0
DA:78,0
DA:81,0
DA:82,0
DA:83,0
DA:84,0
DA:85,0
DA:89,0
DA:90,0
DA:91,0
LF:40
LH:0
BRDA:18,0,0,0
BRDA:20,1,0,0
BRDA:23,2,0,0
BRDA:23,2,1,0
BRDA:30,3,0,0
BRDA:38,4,0,0
BRDA:40,5,0,0
BRDA:41,6,0,0
BRDA:41,7,0,0
BRDA:41,7,1,0
BRDA:42,8,0,0
BRDA:42,9,0,0
BRDA:42,9,1,0
BRDA:59,10,0,0
BRDA:59,10,1,0
BRDA:62,11,0,0
BRDA:62,11,1,0
BRDA:74,12,0,0
BRDA:83,13,0,0
BRDA:89,14,0,0
BRDA:91,15,0,0
BRDA:91,15,1,0
BRDA:91,15,2,0
BRDA:91,15,3,0
BRF:24
BRH:0
end_of_record
TN:
SF:services/templates.ts
FN:15,loadAll
FN:24,saveAll
FN:28,uid
FN:32,listTemplates
FN:35,(anonymous_4)
FN:36,(anonymous_5)
FN:39,saveTemplate
FN:46,getTemplate
FN:47,(anonymous_8)
FN:50,escapeRegExp
FN:55,toTemplateHtml
FN:90,applyTemplate
FNF:12
FNH:0
FNDA:0,loadAll
FNDA:0,saveAll
FNDA:0,uid
FNDA:0,listTemplates
FNDA:0,(anonymous_4)
FNDA:0,(anonymous_5)
FNDA:0,saveTemplate
FNDA:0,getTemplate
FNDA:0,(anonymous_8)
FNDA:0,escapeRegExp
FNDA:0,toTemplateHtml
FNDA:0,applyTemplate
DA:13,0
DA:16,0
DA:17,0
DA:18,0
DA:20,0
DA:25,0
DA:29,0
DA:32,0
DA:33,0
DA:34,0
DA:35,0
DA:36,0
DA:39,0
DA:40,0
DA:41,0
DA:42,0
DA:43,0
DA:46,0
DA:47,0
DA:51,0
DA:55,0
DA:66,0
DA:68,0
DA:74,0
DA:75,0
DA:77,0
DA:78,0
DA:80,0
DA:81,0
DA:82,0
DA:83,0
DA:86,0
DA:90,0
DA:101,0
DA:102,0
DA:110,0
DA:111,0
DA:112,0
DA:114,0
LF:39
LH:0
BRDA:18,0,0,0
BRDA:18,0,1,0
BRDA:35,1,0,0
BRDA:35,1,1,0
BRDA:35,2,0,0
BRDA:35,2,1,0
BRDA:74,3,0,0
BRDA:77,4,0,0
BRDA:81,5,0,0
BRDA:81,6,0,0
BRDA:81,6,1,0
BRDA:103,7,0,0
BRDA:103,7,1,0
BRDA:104,8,0,0
BRDA:104,8,1,0
BRDA:105,9,0,0
BRDA:105,9,1,0
BRDA:106,10,0,0
BRDA:106,10,1,0
BRDA:107,11,0,0
BRDA:107,11,1,0
BRDA:108,12,0,0
BRDA:108,12,1,0
BRF:23
BRH:0
end_of_record
TN:
SF:tenancy/TenantContext.tsx
FN:7,TenantProvider
FN:11,useTenant
FNF:2
FNH:0
FNDA:0,TenantProvider
FNDA:0,useTenant
DA:2,0
DA:5,0
DA:7,0
DA:8,0
DA:11,0
DA:12,0
DA:13,0
DA:14,0
LF:8
LH:0
BRDA:13,0,0,0
BRF:1
BRH:0
end_of_record
TN:
SF:tenancy/TenantThemeProvider.tsx
FN:13,TenantThemeProvider
FN:14,(anonymous_2)
FNF:2
FNH:0
FNDA:0,TenantThemeProvider
FNDA:0,(anonymous_2)
DA:2,0
DA:3,0
DA:4,0
DA:6,0
DA:13,0
DA:14,0
DA:15,0
LF:7
LH:0
BRF:0
BRH:0
end_of_record
TN:
SF:tenancy/serverTenant.ts
FN:5,getServerTenant
FNF:1
FNH:0
FNDA:0,getServerTenant
DA:1,0
DA:2,0
DA:3,0
DA:5,0
DA:6,0
DA:7,0
DA:8,0
DA:10,0
DA:11,0
DA:12,0
DA:14,0
DA:15,0
LF:12
LH:0
BRDA:7,0,0,0
BRDA:7,0,1,0
BRDA:8,1,0,0
BRDA:8,1,1,0
BRDA:11,2,0,0
BRF:5
BRH:0
end_of_record
TN:
SF:tenancy/tenantResolver.ts
FN:3,resolveTenantFromHost
FN:13,resolveTenantFromPath
FN:22,ensureKnownTenant
FNF:3
FNH:0
FNDA:0,resolveTenantFromHost
FNDA:0,resolveTenantFromPath
FNDA:0,ensureKnownTenant
DA:1,0
DA:3,0
DA:5,0
DA:6,0
DA:7,0
DA:10,0
DA:13,0
DA:15,0
DA:16,0
DA:17,0
DA:19,0
DA:22,0
DA:23,0
DA:24,0
LF:14
LH:0
BRDA:6,0,0,0
BRDA:16,1,0,0
BRDA:16,2,0,0
BRDA:16,2,1,0
BRDA:24,3,0,0
BRDA:24,3,1,0
BRF:6
BRH:0
end_of_record
TN:
SF:tenancy/themeBuilder.ts
FN:6,createTenantTheme
FNF:1
FNH:0
FNDA:0,createTenantTheme
DA:1,0
DA:3,0
DA:4,0
DA:6,0
DA:7,0
DA:94,0
LF:6
LH:0
BRDA:10,0,0,0
BRDA:10,0,1,0
BRF:2
BRH:0
end_of_record
